[0.050s] Invoking command in '/home/alexander/moveit2_ws/build/moveit_setup_srdf_plugins': AMENT_PREFIX_PATH=/home/alexander/moveit2_ws/install/moveit_setup_framework:/home/alexander/moveit2_ws/install/moveit_ros_visualization:/home/alexander/moveit2_ws/install/moveit_ros_planning_interface:/home/alexander/moveit2_ws/install/moveit_ros_move_group:/home/alexander/moveit2_ws/install/moveit_ros_warehouse:/home/alexander/moveit2_ws/install/moveit_ros_robot_interaction:/home/alexander/moveit2_ws/install/moveit_kinematics:/home/alexander/moveit2_ws/install/moveit_ros_planning:/home/alexander/moveit2_ws/install/moveit_ros_occupancy_map_monitor:/home/alexander/moveit2_ws/install/moveit_core:/home/alexander/moveit2_ws/install/moveit_common:${AMENT_PREFIX_PATH} CMAKE_PREFIX_PATH=/home/alexander/moveit2_ws/install/moveit_setup_framework:/home/alexander/moveit2_ws/install/moveit_ros_visualization:/home/alexander/moveit2_ws/install/moveit_ros_planning_interface:/home/alexander/moveit2_ws/install/moveit_ros_move_group:/home/alexander/moveit2_ws/install/moveit_ros_warehouse:/home/alexander/moveit2_ws/install/moveit_ros_robot_interaction:/home/alexander/moveit2_ws/install/moveit_kinematics:/home/alexander/moveit2_ws/install/moveit_ros_planning:/home/alexander/moveit2_ws/install/moveit_ros_occupancy_map_monitor:/home/alexander/moveit2_ws/install/moveit_core:/home/alexander/moveit2_ws/install/moveit_common:/opt/ros/humble LD_LIBRARY_PATH=/home/alexander/moveit2_ws/install/moveit_setup_framework/lib:/home/alexander/moveit2_ws/install/moveit_ros_visualization/lib:/home/alexander/moveit2_ws/install/moveit_ros_planning_interface/lib:/home/alexander/moveit2_ws/install/moveit_ros_move_group/lib:/home/alexander/moveit2_ws/install/moveit_ros_warehouse/lib:/home/alexander/moveit2_ws/install/moveit_ros_robot_interaction/lib:/home/alexander/moveit2_ws/install/moveit_kinematics/lib:/home/alexander/moveit2_ws/install/moveit_ros_planning/lib:/home/alexander/moveit2_ws/install/moveit_ros_occupancy_map_monitor/lib:/home/alexander/moveit2_ws/install/moveit_core/lib:${LD_LIBRARY_PATH} PATH=/home/alexander/moveit2_ws/install/moveit_core/bin:${PATH} /usr/bin/cmake --build /home/alexander/moveit2_ws/build/moveit_setup_srdf_plugins -- -j14 -l14
[0.192s] [35m[1mConsolidate compiler generated dependencies of target gtest_main[0m
[0.200s] [35m[1mConsolidate compiler generated dependencies of target gtest[0m
[0.203s] [35m[1mConsolidate compiler generated dependencies of target moveit_setup_srdf_plugins[0m
[0.240s] [  6%] Built target gtest_main
[0.240s] [  8%] Built target gtest
[0.332s] [ 10%] [32mBuilding CXX object CMakeFiles/moveit_setup_srdf_plugins.dir/src/compute_default_collisions.cpp.o[0m
[0.365s] [ 12%] [32mBuilding CXX object CMakeFiles/moveit_setup_srdf_plugins.dir/src/end_effectors.cpp.o[0m
[0.365s] [ 16%] [32mBuilding CXX object CMakeFiles/moveit_setup_srdf_plugins.dir/src/end_effectors_widget.cpp.o[0m
[0.376s] [ 14%] [32mBuilding CXX object CMakeFiles/moveit_setup_srdf_plugins.dir/src/default_collisions.cpp.o[0m
[0.376s] [ 20%] [32mBuilding CXX object CMakeFiles/moveit_setup_srdf_plugins.dir/src/default_collisions_widget.cpp.o[0m
[0.376s] [ 20%] [32mBuilding CXX object CMakeFiles/moveit_setup_srdf_plugins.dir/src/group_edit_widget.cpp.o[0m
[0.389s] [ 22%] [32mBuilding CXX object CMakeFiles/moveit_setup_srdf_plugins.dir/src/passive_joints_widget.cpp.o[0m
[0.389s] [ 25%] [32mBuilding CXX object CMakeFiles/moveit_setup_srdf_plugins.dir/src/planning_groups.cpp.o[0m
[0.400s] [ 27%] [32mBuilding CXX object CMakeFiles/moveit_setup_srdf_plugins.dir/src/robot_poses.cpp.o[0m
[0.402s] [ 29%] [32mBuilding CXX object CMakeFiles/moveit_setup_srdf_plugins.dir/src/kinematic_chain_widget.cpp.o[0m
[0.425s] [ 31%] [32mBuilding CXX object CMakeFiles/moveit_setup_srdf_plugins.dir/src/planning_groups_widget.cpp.o[0m
[0.426s] [ 33%] [32mBuilding CXX object CMakeFiles/moveit_setup_srdf_plugins.dir/src/robot_poses_widget.cpp.o[0m
[0.426s] [ 35%] [32mBuilding CXX object CMakeFiles/moveit_setup_srdf_plugins.dir/src/passive_joints.cpp.o[0m
[0.582s] [ 37%] [32mBuilding CXX object CMakeFiles/moveit_setup_srdf_plugins.dir/src/rotated_header_view.cpp.o[0m
[15.234s] gmake[2]: *** [CMakeFiles/moveit_setup_srdf_plugins.dir/build.make:162: CMakeFiles/moveit_setup_srdf_plugins.dir/src/default_collisions.cpp.o] Interrupt
[15.234s] gmake[2]: *** [CMakeFiles/moveit_setup_srdf_plugins.dir/build.make:274: CMakeFiles/moveit_setup_srdf_plugins.dir/src/passive_joints_widget.cpp.o] Interrupt
[15.236s] gmake[2]: *** [CMakeFiles/moveit_setup_srdf_plugins.dir/build.make:288: CMakeFiles/moveit_setup_srdf_plugins.dir/src/planning_groups.cpp.o] Interrupt
[15.237s] gmake[2]: *** [CMakeFiles/moveit_setup_srdf_plugins.dir/build.make:302: CMakeFiles/moveit_setup_srdf_plugins.dir/src/planning_groups_widget.cpp.o] Interrupt
[15.238s] gmake[2]: *** [CMakeFiles/moveit_setup_srdf_plugins.dir/build.make:316: CMakeFiles/moveit_setup_srdf_plugins.dir/src/robot_poses.cpp.o] Interrupt
[15.238s] gmake[2]: *** [CMakeFiles/moveit_setup_srdf_plugins.dir/build.make:330: CMakeFiles/moveit_setup_srdf_plugins.dir/src/robot_poses_widget.cpp.o] Interrupt
[15.238s] gmake[2]: *** [CMakeFiles/moveit_setup_srdf_plugins.dir/build.make:260: CMakeFiles/moveit_setup_srdf_plugins.dir/src/passive_joints.cpp.o] Interrupt
[15.257s] gmake[2]: *** [CMakeFiles/moveit_setup_srdf_plugins.dir/build.make:176: CMakeFiles/moveit_setup_srdf_plugins.dir/src/default_collisions_widget.cpp.o] Interrupt
[15.257s] gmake[2]: *** [CMakeFiles/moveit_setup_srdf_plugins.dir/build.make:218: CMakeFiles/moveit_setup_srdf_plugins.dir/src/group_edit_widget.cpp.o] Interrupt
[15.257s] gmake[2]: *** [CMakeFiles/moveit_setup_srdf_plugins.dir/build.make:204: CMakeFiles/moveit_setup_srdf_plugins.dir/src/end_effectors_widget.cpp.o] Interrupt
[15.265s] gmake[2]: *** [CMakeFiles/moveit_setup_srdf_plugins.dir/build.make:344: CMakeFiles/moveit_setup_srdf_plugins.dir/src/rotated_header_view.cpp.o] Interrupt
[15.265s] gmake[2]: *** [CMakeFiles/moveit_setup_srdf_plugins.dir/build.make:190: CMakeFiles/moveit_setup_srdf_plugins.dir/src/end_effectors.cpp.o] Interrupt
[15.265s] gmake[2]: *** [CMakeFiles/moveit_setup_srdf_plugins.dir/build.make:148: CMakeFiles/moveit_setup_srdf_plugins.dir/src/compute_default_collisions.cpp.o] Interrupt
[15.266s] gmake[2]: *** [CMakeFiles/moveit_setup_srdf_plugins.dir/build.make:246: CMakeFiles/moveit_setup_srdf_plugins.dir/src/kinematic_chain_widget.cpp.o] Interrupt
[15.266s] gmake[1]: *** [CMakeFiles/Makefile2:157: CMakeFiles/moveit_setup_srdf_plugins.dir/all] Interrupt
[15.266s] gmake: *** [Makefile:146: all] Interrupt
[15.288s] Invoked command in '/home/alexander/moveit2_ws/build/moveit_setup_srdf_plugins' returned '-2': AMENT_PREFIX_PATH=/home/alexander/moveit2_ws/install/moveit_setup_framework:/home/alexander/moveit2_ws/install/moveit_ros_visualization:/home/alexander/moveit2_ws/install/moveit_ros_planning_interface:/home/alexander/moveit2_ws/install/moveit_ros_move_group:/home/alexander/moveit2_ws/install/moveit_ros_warehouse:/home/alexander/moveit2_ws/install/moveit_ros_robot_interaction:/home/alexander/moveit2_ws/install/moveit_kinematics:/home/alexander/moveit2_ws/install/moveit_ros_planning:/home/alexander/moveit2_ws/install/moveit_ros_occupancy_map_monitor:/home/alexander/moveit2_ws/install/moveit_core:/home/alexander/moveit2_ws/install/moveit_common:${AMENT_PREFIX_PATH} CMAKE_PREFIX_PATH=/home/alexander/moveit2_ws/install/moveit_setup_framework:/home/alexander/moveit2_ws/install/moveit_ros_visualization:/home/alexander/moveit2_ws/install/moveit_ros_planning_interface:/home/alexander/moveit2_ws/install/moveit_ros_move_group:/home/alexander/moveit2_ws/install/moveit_ros_warehouse:/home/alexander/moveit2_ws/install/moveit_ros_robot_interaction:/home/alexander/moveit2_ws/install/moveit_kinematics:/home/alexander/moveit2_ws/install/moveit_ros_planning:/home/alexander/moveit2_ws/install/moveit_ros_occupancy_map_monitor:/home/alexander/moveit2_ws/install/moveit_core:/home/alexander/moveit2_ws/install/moveit_common:/opt/ros/humble LD_LIBRARY_PATH=/home/alexander/moveit2_ws/install/moveit_setup_framework/lib:/home/alexander/moveit2_ws/install/moveit_ros_visualization/lib:/home/alexander/moveit2_ws/install/moveit_ros_planning_interface/lib:/home/alexander/moveit2_ws/install/moveit_ros_move_group/lib:/home/alexander/moveit2_ws/install/moveit_ros_warehouse/lib:/home/alexander/moveit2_ws/install/moveit_ros_robot_interaction/lib:/home/alexander/moveit2_ws/install/moveit_kinematics/lib:/home/alexander/moveit2_ws/install/moveit_ros_planning/lib:/home/alexander/moveit2_ws/install/moveit_ros_occupancy_map_monitor/lib:/home/alexander/moveit2_ws/install/moveit_core/lib:${LD_LIBRARY_PATH} PATH=/home/alexander/moveit2_ws/install/moveit_core/bin:${PATH} /usr/bin/cmake --build /home/alexander/moveit2_ws/build/moveit_setup_srdf_plugins -- -j14 -l14
