[0.011s] Invoking command in '/home/alexander/moveit2_ws/build/moveit_common': CMAKE_PREFIX_PATH=/opt/ros/humble /usr/bin/cmake --build /home/alexander/moveit2_ws/build/moveit_common -- -j14 -l14
[0.046s] Invoked command in '/home/alexander/moveit2_ws/build/moveit_common' returned '0': CMAKE_PREFIX_PATH=/opt/ros/humble /usr/bin/cmake --build /home/alexander/moveit2_ws/build/moveit_common -- -j14 -l14
[0.062s] Invoking command in '/home/alexander/moveit2_ws/build/moveit_common': CMAKE_PREFIX_PATH=/opt/ros/humble /usr/bin/cmake --install /home/alexander/moveit2_ws/build/moveit_common
[0.071s] -- Install configuration: "Release"
[0.071s] -- Up-to-date: /home/alexander/moveit2_ws/install/moveit_common/share/ament_index/resource_index/package_run_dependencies/moveit_common
[0.071s] -- Up-to-date: /home/alexander/moveit2_ws/install/moveit_common/share/ament_index/resource_index/parent_prefix_path/moveit_common
[0.071s] -- Up-to-date: /home/alexander/moveit2_ws/install/moveit_common/share/moveit_common/environment/ament_prefix_path.sh
[0.071s] -- Up-to-date: /home/alexander/moveit2_ws/install/moveit_common/share/moveit_common/environment/ament_prefix_path.dsv
[0.071s] -- Up-to-date: /home/alexander/moveit2_ws/install/moveit_common/share/moveit_common/environment/path.sh
[0.071s] -- Up-to-date: /home/alexander/moveit2_ws/install/moveit_common/share/moveit_common/environment/path.dsv
[0.072s] -- Up-to-date: /home/alexander/moveit2_ws/install/moveit_common/share/moveit_common/local_setup.bash
[0.072s] -- Up-to-date: /home/alexander/moveit2_ws/install/moveit_common/share/moveit_common/local_setup.sh
[0.072s] -- Up-to-date: /home/alexander/moveit2_ws/install/moveit_common/share/moveit_common/local_setup.zsh
[0.072s] -- Up-to-date: /home/alexander/moveit2_ws/install/moveit_common/share/moveit_common/local_setup.dsv
[0.072s] -- Installing: /home/alexander/moveit2_ws/install/moveit_common/share/moveit_common/package.dsv
[0.074s] -- Up-to-date: /home/alexander/moveit2_ws/install/moveit_common/share/ament_index/resource_index/packages/moveit_common
[0.074s] -- Up-to-date: /home/alexander/moveit2_ws/install/moveit_common/share/moveit_common/cmake/moveit_common-extras.cmake
[0.074s] -- Up-to-date: /home/alexander/moveit2_ws/install/moveit_common/share/moveit_common/cmake/moveit_commonConfig.cmake
[0.074s] -- Up-to-date: /home/alexander/moveit2_ws/install/moveit_common/share/moveit_common/cmake/moveit_commonConfig-version.cmake
[0.074s] -- Up-to-date: /home/alexander/moveit2_ws/install/moveit_common/share/moveit_common/package.xml
[0.074s] -- Up-to-date: /home/alexander/moveit2_ws/install/moveit_common/share/moveit_common/cmake
[0.074s] -- Up-to-date: /home/alexander/moveit2_ws/install/moveit_common/share/moveit_common/cmake/moveit_package.cmake
[0.076s] Invoked command in '/home/alexander/moveit2_ws/build/moveit_common' returned '0': CMAKE_PREFIX_PATH=/opt/ros/humble /usr/bin/cmake --install /home/alexander/moveit2_ws/build/moveit_common
