[0.029s] Invoking command in '/home/alexander/moveit2_ws/build/moveit_setup_app_plugins': AMENT_PREFIX_PATH=/home/alexander/moveit2_ws/install/moveit_setup_framework:/home/alexander/moveit2_ws/install/moveit_ros_visualization:/home/alexander/moveit2_ws/install/moveit_ros_planning_interface:/home/alexander/moveit2_ws/install/moveit_ros_move_group:/home/alexander/moveit2_ws/install/moveit_ros_warehouse:/home/alexander/moveit2_ws/install/moveit_ros_robot_interaction:/home/alexander/moveit2_ws/install/moveit_kinematics:/home/alexander/moveit2_ws/install/moveit_ros_planning:/home/alexander/moveit2_ws/install/moveit_ros_occupancy_map_monitor:/home/alexander/moveit2_ws/install/moveit_core:/home/alexander/moveit2_ws/install/moveit_configs_utils:/home/alexander/moveit2_ws/install/moveit_common:${AMENT_PREFIX_PATH} CMAKE_PREFIX_PATH=/home/alexander/moveit2_ws/install/moveit_setup_framework:/home/alexander/moveit2_ws/install/moveit_ros_visualization:/home/alexander/moveit2_ws/install/moveit_ros_planning_interface:/home/alexander/moveit2_ws/install/moveit_ros_move_group:/home/alexander/moveit2_ws/install/moveit_ros_warehouse:/home/alexander/moveit2_ws/install/moveit_ros_robot_interaction:/home/alexander/moveit2_ws/install/moveit_kinematics:/home/alexander/moveit2_ws/install/moveit_ros_planning:/home/alexander/moveit2_ws/install/moveit_ros_occupancy_map_monitor:/home/alexander/moveit2_ws/install/moveit_core:/home/alexander/moveit2_ws/install/moveit_common:/opt/ros/humble LD_LIBRARY_PATH=/home/alexander/moveit2_ws/install/moveit_setup_framework/lib:/home/alexander/moveit2_ws/install/moveit_ros_visualization/lib:/home/alexander/moveit2_ws/install/moveit_ros_planning_interface/lib:/home/alexander/moveit2_ws/install/moveit_ros_move_group/lib:/home/alexander/moveit2_ws/install/moveit_ros_warehouse/lib:/home/alexander/moveit2_ws/install/moveit_ros_robot_interaction/lib:/home/alexander/moveit2_ws/install/moveit_kinematics/lib:/home/alexander/moveit2_ws/install/moveit_ros_planning/lib:/home/alexander/moveit2_ws/install/moveit_ros_occupancy_map_monitor/lib:/home/alexander/moveit2_ws/install/moveit_core/lib:${LD_LIBRARY_PATH} PATH=/home/alexander/moveit2_ws/install/moveit_core/bin:${PATH} PYTHONPATH=/home/alexander/moveit2_ws/install/moveit_configs_utils/lib/python3.10/site-packages:${PYTHONPATH} /usr/bin/cmake --build /home/alexander/moveit2_ws/build/moveit_setup_app_plugins -- -j14 -l14
[0.080s] [  4%] [34m[1mAutomatic MOC for target gtest[0m
[0.081s] [  8%] [34m[1mAutomatic MOC for target gtest_main[0m
[0.087s] [ 12%] [34m[1mAutomatic MOC for target moveit_setup_app_plugins[0m
[0.099s] [ 12%] Built target gtest_autogen
[0.099s] [ 12%] Built target gtest_main_autogen
[0.106s] [ 12%] Built target moveit_setup_app_plugins_autogen
[0.116s] [ 24%] Built target gtest
[0.117s] [ 36%] Built target gtest_main
[0.135s] [ 44%] [32mBuilding CXX object CMakeFiles/moveit_setup_app_plugins.dir/src/perception_widget.cpp.o[0m
[0.136s] [ 44%] [32mBuilding CXX object CMakeFiles/moveit_setup_app_plugins.dir/include/moveit_setup_app_plugins/moc_perception_widget.cpp.o[0m
[0.136s] [ 48%] [32mBuilding CXX object CMakeFiles/moveit_setup_app_plugins.dir/src/launches_widget.cpp.o[0m
[0.136s] [ 52%] [32mBuilding CXX object CMakeFiles/moveit_setup_app_plugins.dir/include/moveit_setup_app_plugins/moc_launches_widget.cpp.o[0m
[14.446s] [ 56%] [32m[1mLinking CXX shared library libmoveit_setup_app_plugins.so[0m
[14.988s] [ 84%] Built target moveit_setup_app_plugins
[15.006s] [ 88%] [34m[1mAutomatic MOC for target test_perception[0m
[15.055s] [ 88%] Built target test_perception_autogen
[15.076s] [ 96%] [32mBuilding CXX object CMakeFiles/test_perception.dir/test/test_perception.cpp.o[0m
[15.076s] [ 96%] [32mBuilding CXX object CMakeFiles/test_perception.dir/test_perception_autogen/mocs_compilation.cpp.o[0m
[21.113s] [100%] [32m[1mLinking CXX executable test_perception[0m
[21.628s] [100%] Built target test_perception
[21.638s] Invoked command in '/home/alexander/moveit2_ws/build/moveit_setup_app_plugins' returned '0': AMENT_PREFIX_PATH=/home/alexander/moveit2_ws/install/moveit_setup_framework:/home/alexander/moveit2_ws/install/moveit_ros_visualization:/home/alexander/moveit2_ws/install/moveit_ros_planning_interface:/home/alexander/moveit2_ws/install/moveit_ros_move_group:/home/alexander/moveit2_ws/install/moveit_ros_warehouse:/home/alexander/moveit2_ws/install/moveit_ros_robot_interaction:/home/alexander/moveit2_ws/install/moveit_kinematics:/home/alexander/moveit2_ws/install/moveit_ros_planning:/home/alexander/moveit2_ws/install/moveit_ros_occupancy_map_monitor:/home/alexander/moveit2_ws/install/moveit_core:/home/alexander/moveit2_ws/install/moveit_configs_utils:/home/alexander/moveit2_ws/install/moveit_common:${AMENT_PREFIX_PATH} CMAKE_PREFIX_PATH=/home/alexander/moveit2_ws/install/moveit_setup_framework:/home/alexander/moveit2_ws/install/moveit_ros_visualization:/home/alexander/moveit2_ws/install/moveit_ros_planning_interface:/home/alexander/moveit2_ws/install/moveit_ros_move_group:/home/alexander/moveit2_ws/install/moveit_ros_warehouse:/home/alexander/moveit2_ws/install/moveit_ros_robot_interaction:/home/alexander/moveit2_ws/install/moveit_kinematics:/home/alexander/moveit2_ws/install/moveit_ros_planning:/home/alexander/moveit2_ws/install/moveit_ros_occupancy_map_monitor:/home/alexander/moveit2_ws/install/moveit_core:/home/alexander/moveit2_ws/install/moveit_common:/opt/ros/humble LD_LIBRARY_PATH=/home/alexander/moveit2_ws/install/moveit_setup_framework/lib:/home/alexander/moveit2_ws/install/moveit_ros_visualization/lib:/home/alexander/moveit2_ws/install/moveit_ros_planning_interface/lib:/home/alexander/moveit2_ws/install/moveit_ros_move_group/lib:/home/alexander/moveit2_ws/install/moveit_ros_warehouse/lib:/home/alexander/moveit2_ws/install/moveit_ros_robot_interaction/lib:/home/alexander/moveit2_ws/install/moveit_kinematics/lib:/home/alexander/moveit2_ws/install/moveit_ros_planning/lib:/home/alexander/moveit2_ws/install/moveit_ros_occupancy_map_monitor/lib:/home/alexander/moveit2_ws/install/moveit_core/lib:${LD_LIBRARY_PATH} PATH=/home/alexander/moveit2_ws/install/moveit_core/bin:${PATH} PYTHONPATH=/home/alexander/moveit2_ws/install/moveit_configs_utils/lib/python3.10/site-packages:${PYTHONPATH} /usr/bin/cmake --build /home/alexander/moveit2_ws/build/moveit_setup_app_plugins -- -j14 -l14
[21.675s] Invoking command in '/home/alexander/moveit2_ws/build/moveit_setup_app_plugins': AMENT_PREFIX_PATH=/home/alexander/moveit2_ws/install/moveit_setup_framework:/home/alexander/moveit2_ws/install/moveit_ros_visualization:/home/alexander/moveit2_ws/install/moveit_ros_planning_interface:/home/alexander/moveit2_ws/install/moveit_ros_move_group:/home/alexander/moveit2_ws/install/moveit_ros_warehouse:/home/alexander/moveit2_ws/install/moveit_ros_robot_interaction:/home/alexander/moveit2_ws/install/moveit_kinematics:/home/alexander/moveit2_ws/install/moveit_ros_planning:/home/alexander/moveit2_ws/install/moveit_ros_occupancy_map_monitor:/home/alexander/moveit2_ws/install/moveit_core:/home/alexander/moveit2_ws/install/moveit_configs_utils:/home/alexander/moveit2_ws/install/moveit_common:${AMENT_PREFIX_PATH} CMAKE_PREFIX_PATH=/home/alexander/moveit2_ws/install/moveit_setup_framework:/home/alexander/moveit2_ws/install/moveit_ros_visualization:/home/alexander/moveit2_ws/install/moveit_ros_planning_interface:/home/alexander/moveit2_ws/install/moveit_ros_move_group:/home/alexander/moveit2_ws/install/moveit_ros_warehouse:/home/alexander/moveit2_ws/install/moveit_ros_robot_interaction:/home/alexander/moveit2_ws/install/moveit_kinematics:/home/alexander/moveit2_ws/install/moveit_ros_planning:/home/alexander/moveit2_ws/install/moveit_ros_occupancy_map_monitor:/home/alexander/moveit2_ws/install/moveit_core:/home/alexander/moveit2_ws/install/moveit_common:/opt/ros/humble LD_LIBRARY_PATH=/home/alexander/moveit2_ws/install/moveit_setup_framework/lib:/home/alexander/moveit2_ws/install/moveit_ros_visualization/lib:/home/alexander/moveit2_ws/install/moveit_ros_planning_interface/lib:/home/alexander/moveit2_ws/install/moveit_ros_move_group/lib:/home/alexander/moveit2_ws/install/moveit_ros_warehouse/lib:/home/alexander/moveit2_ws/install/moveit_ros_robot_interaction/lib:/home/alexander/moveit2_ws/install/moveit_kinematics/lib:/home/alexander/moveit2_ws/install/moveit_ros_planning/lib:/home/alexander/moveit2_ws/install/moveit_ros_occupancy_map_monitor/lib:/home/alexander/moveit2_ws/install/moveit_core/lib:${LD_LIBRARY_PATH} PATH=/home/alexander/moveit2_ws/install/moveit_core/bin:${PATH} PYTHONPATH=/home/alexander/moveit2_ws/install/moveit_configs_utils/lib/python3.10/site-packages:${PYTHONPATH} /usr/bin/cmake --install /home/alexander/moveit2_ws/build/moveit_setup_app_plugins
[21.681s] -- Install configuration: "Release"
[21.682s] -- Installing: /home/alexander/moveit2_ws/install/moveit_setup_app_plugins/share/moveit_setup_app_plugins/templates
[21.683s] -- Installing: /home/alexander/moveit2_ws/install/moveit_setup_app_plugins/share/moveit_setup_app_plugins/templates/config
[21.683s] -- Installing: /home/alexander/moveit2_ws/install/moveit_setup_app_plugins/share/moveit_setup_app_plugins/templates/config/moveit.rviz
[21.683s] -- Installing: /home/alexander/moveit2_ws/install/moveit_setup_app_plugins/share/moveit_setup_app_plugins/templates/config/sensors_3d.yaml
[21.684s] -- Installing: /home/alexander/moveit2_ws/install/moveit_setup_app_plugins/share/moveit_setup_app_plugins/templates/launch
[21.684s] -- Installing: /home/alexander/moveit2_ws/install/moveit_setup_app_plugins/share/moveit_setup_app_plugins/templates/launch/generic.launch.py.template
[21.684s] -- Installing: /home/alexander/moveit2_ws/install/moveit_setup_app_plugins/lib/libmoveit_setup_app_plugins.so
[21.685s] -- Set runtime path of "/home/alexander/moveit2_ws/install/moveit_setup_app_plugins/lib/libmoveit_setup_app_plugins.so" to ""
[21.685s] -- Installing: /home/alexander/moveit2_ws/install/moveit_setup_app_plugins/share/moveit_setup_app_plugins/moveit_setup_framework_plugins.xml
[21.686s] -- Installing: /home/alexander/moveit2_ws/install/moveit_setup_app_plugins/include/moveit_setup_app_plugins
[21.686s] -- Installing: /home/alexander/moveit2_ws/install/moveit_setup_app_plugins/include/moveit_setup_app_plugins/moveit_setup_app_plugins
[21.686s] -- Installing: /home/alexander/moveit2_ws/install/moveit_setup_app_plugins/include/moveit_setup_app_plugins/moveit_setup_app_plugins/launch_bundle.hpp
[21.686s] -- Installing: /home/alexander/moveit2_ws/install/moveit_setup_app_plugins/include/moveit_setup_app_plugins/moveit_setup_app_plugins/perception_widget.hpp
[21.686s] -- Installing: /home/alexander/moveit2_ws/install/moveit_setup_app_plugins/include/moveit_setup_app_plugins/moveit_setup_app_plugins/launches_widget.hpp
[21.687s] -- Installing: /home/alexander/moveit2_ws/install/moveit_setup_app_plugins/include/moveit_setup_app_plugins/moveit_setup_app_plugins/perception_config.hpp
[21.687s] -- Installing: /home/alexander/moveit2_ws/install/moveit_setup_app_plugins/include/moveit_setup_app_plugins/moveit_setup_app_plugins/perception.hpp
[21.687s] -- Installing: /home/alexander/moveit2_ws/install/moveit_setup_app_plugins/include/moveit_setup_app_plugins/moveit_setup_app_plugins/launches_config.hpp
[21.687s] -- Installing: /home/alexander/moveit2_ws/install/moveit_setup_app_plugins/include/moveit_setup_app_plugins/moveit_setup_app_plugins/launches.hpp
[21.687s] -- Installing: /home/alexander/moveit2_ws/install/moveit_setup_app_plugins/share/moveit_setup_app_plugins/environment/library_path.sh
[21.687s] -- Installing: /home/alexander/moveit2_ws/install/moveit_setup_app_plugins/share/moveit_setup_app_plugins/environment/library_path.dsv
[21.687s] -- Up-to-date: /home/alexander/moveit2_ws/install/moveit_setup_app_plugins/share/moveit_setup_app_plugins/moveit_setup_framework_plugins.xml
[21.688s] -- Installing: /home/alexander/moveit2_ws/install/moveit_setup_app_plugins/share/ament_index/resource_index/package_run_dependencies/moveit_setup_app_plugins
[21.688s] -- Installing: /home/alexander/moveit2_ws/install/moveit_setup_app_plugins/share/ament_index/resource_index/parent_prefix_path/moveit_setup_app_plugins
[21.688s] -- Installing: /home/alexander/moveit2_ws/install/moveit_setup_app_plugins/share/moveit_setup_app_plugins/environment/ament_prefix_path.sh
[21.688s] -- Installing: /home/alexander/moveit2_ws/install/moveit_setup_app_plugins/share/moveit_setup_app_plugins/environment/ament_prefix_path.dsv
[21.689s] -- Installing: /home/alexander/moveit2_ws/install/moveit_setup_app_plugins/share/moveit_setup_app_plugins/environment/path.sh
[21.689s] -- Installing: /home/alexander/moveit2_ws/install/moveit_setup_app_plugins/share/moveit_setup_app_plugins/environment/path.dsv
[21.689s] -- Installing: /home/alexander/moveit2_ws/install/moveit_setup_app_plugins/share/moveit_setup_app_plugins/local_setup.bash
[21.690s] -- Installing: /home/alexander/moveit2_ws/install/moveit_setup_app_plugins/share/moveit_setup_app_plugins/local_setup.sh
[21.690s] -- Installing: /home/alexander/moveit2_ws/install/moveit_setup_app_plugins/share/moveit_setup_app_plugins/local_setup.zsh
[21.691s] -- Installing: /home/alexander/moveit2_ws/install/moveit_setup_app_plugins/share/moveit_setup_app_plugins/local_setup.dsv
[21.691s] -- Installing: /home/alexander/moveit2_ws/install/moveit_setup_app_plugins/share/moveit_setup_app_plugins/package.dsv
[21.692s] -- Installing: /home/alexander/moveit2_ws/install/moveit_setup_app_plugins/share/ament_index/resource_index/packages/moveit_setup_app_plugins
[21.692s] -- Installing: /home/alexander/moveit2_ws/install/moveit_setup_app_plugins/share/ament_index/resource_index/moveit_setup_framework__pluginlib__plugin/moveit_setup_app_plugins
[21.693s] -- Installing: /home/alexander/moveit2_ws/install/moveit_setup_app_plugins/share/moveit_setup_app_plugins/cmake/moveit_setup_app_pluginsTargetsExport.cmake
[21.693s] -- Installing: /home/alexander/moveit2_ws/install/moveit_setup_app_plugins/share/moveit_setup_app_plugins/cmake/moveit_setup_app_pluginsTargetsExport-release.cmake
[21.693s] -- Installing: /home/alexander/moveit2_ws/install/moveit_setup_app_plugins/share/moveit_setup_app_plugins/cmake/ament_cmake_export_targets-extras.cmake
[21.693s] -- Installing: /home/alexander/moveit2_ws/install/moveit_setup_app_plugins/share/moveit_setup_app_plugins/cmake/moveit_setup_app_pluginsConfig.cmake
[21.694s] -- Installing: /home/alexander/moveit2_ws/install/moveit_setup_app_plugins/share/moveit_setup_app_plugins/cmake/moveit_setup_app_pluginsConfig-version.cmake
[21.694s] -- Installing: /home/alexander/moveit2_ws/install/moveit_setup_app_plugins/share/moveit_setup_app_plugins/package.xml
[21.696s] Invoked command in '/home/alexander/moveit2_ws/build/moveit_setup_app_plugins' returned '0': AMENT_PREFIX_PATH=/home/alexander/moveit2_ws/install/moveit_setup_framework:/home/alexander/moveit2_ws/install/moveit_ros_visualization:/home/alexander/moveit2_ws/install/moveit_ros_planning_interface:/home/alexander/moveit2_ws/install/moveit_ros_move_group:/home/alexander/moveit2_ws/install/moveit_ros_warehouse:/home/alexander/moveit2_ws/install/moveit_ros_robot_interaction:/home/alexander/moveit2_ws/install/moveit_kinematics:/home/alexander/moveit2_ws/install/moveit_ros_planning:/home/alexander/moveit2_ws/install/moveit_ros_occupancy_map_monitor:/home/alexander/moveit2_ws/install/moveit_core:/home/alexander/moveit2_ws/install/moveit_configs_utils:/home/alexander/moveit2_ws/install/moveit_common:${AMENT_PREFIX_PATH} CMAKE_PREFIX_PATH=/home/alexander/moveit2_ws/install/moveit_setup_framework:/home/alexander/moveit2_ws/install/moveit_ros_visualization:/home/alexander/moveit2_ws/install/moveit_ros_planning_interface:/home/alexander/moveit2_ws/install/moveit_ros_move_group:/home/alexander/moveit2_ws/install/moveit_ros_warehouse:/home/alexander/moveit2_ws/install/moveit_ros_robot_interaction:/home/alexander/moveit2_ws/install/moveit_kinematics:/home/alexander/moveit2_ws/install/moveit_ros_planning:/home/alexander/moveit2_ws/install/moveit_ros_occupancy_map_monitor:/home/alexander/moveit2_ws/install/moveit_core:/home/alexander/moveit2_ws/install/moveit_common:/opt/ros/humble LD_LIBRARY_PATH=/home/alexander/moveit2_ws/install/moveit_setup_framework/lib:/home/alexander/moveit2_ws/install/moveit_ros_visualization/lib:/home/alexander/moveit2_ws/install/moveit_ros_planning_interface/lib:/home/alexander/moveit2_ws/install/moveit_ros_move_group/lib:/home/alexander/moveit2_ws/install/moveit_ros_warehouse/lib:/home/alexander/moveit2_ws/install/moveit_ros_robot_interaction/lib:/home/alexander/moveit2_ws/install/moveit_kinematics/lib:/home/alexander/moveit2_ws/install/moveit_ros_planning/lib:/home/alexander/moveit2_ws/install/moveit_ros_occupancy_map_monitor/lib:/home/alexander/moveit2_ws/install/moveit_core/lib:${LD_LIBRARY_PATH} PATH=/home/alexander/moveit2_ws/install/moveit_core/bin:${PATH} PYTHONPATH=/home/alexander/moveit2_ws/install/moveit_configs_utils/lib/python3.10/site-packages:${PYTHONPATH} /usr/bin/cmake --install /home/alexander/moveit2_ws/build/moveit_setup_app_plugins
