[0.069s] Invoking command in '/home/alexander/moveit2_ws/build/moveit_setup_assistant': AMENT_PREFIX_PATH=/home/alexander/moveit2_ws/install/moveit_setup_srdf_plugins:/home/alexander/moveit2_ws/install/moveit_setup_core_plugins:/home/alexander/moveit2_ws/install/moveit_setup_controllers:/home/alexander/moveit2_ws/install/moveit_setup_app_plugins:/home/alexander/moveit2_ws/install/moveit_setup_framework:/home/alexander/moveit2_ws/install/moveit_ros_visualization:/home/alexander/moveit2_ws/install/moveit_ros_planning_interface:/home/alexander/moveit2_ws/install/moveit_ros_move_group:/home/alexander/moveit2_ws/install/moveit_ros_warehouse:/home/alexander/moveit2_ws/install/moveit_ros_robot_interaction:/home/alexander/moveit2_ws/install/moveit_kinematics:/home/alexander/moveit2_ws/install/moveit_ros_planning:/home/alexander/moveit2_ws/install/moveit_ros_occupancy_map_monitor:/home/alexander/moveit2_ws/install/moveit_core:/home/alexander/moveit2_ws/install/moveit_configs_utils:/home/alexander/moveit2_ws/install/moveit_common:${AMENT_PREFIX_PATH} CMAKE_PREFIX_PATH=/home/alexander/moveit2_ws/install/moveit_setup_srdf_plugins:/home/alexander/moveit2_ws/install/moveit_setup_core_plugins:/home/alexander/moveit2_ws/install/moveit_setup_controllers:/home/alexander/moveit2_ws/install/moveit_setup_app_plugins:/home/alexander/moveit2_ws/install/moveit_setup_framework:/home/alexander/moveit2_ws/install/moveit_ros_visualization:/home/alexander/moveit2_ws/install/moveit_ros_planning_interface:/home/alexander/moveit2_ws/install/moveit_ros_move_group:/home/alexander/moveit2_ws/install/moveit_ros_warehouse:/home/alexander/moveit2_ws/install/moveit_ros_robot_interaction:/home/alexander/moveit2_ws/install/moveit_kinematics:/home/alexander/moveit2_ws/install/moveit_ros_planning:/home/alexander/moveit2_ws/install/moveit_ros_occupancy_map_monitor:/home/alexander/moveit2_ws/install/moveit_core:/home/alexander/moveit2_ws/install/moveit_common:/opt/ros/humble LD_LIBRARY_PATH=/home/alexander/moveit2_ws/install/moveit_setup_srdf_plugins/lib:/home/alexander/moveit2_ws/install/moveit_setup_core_plugins/lib:/home/alexander/moveit2_ws/install/moveit_setup_controllers/lib:/home/alexander/moveit2_ws/install/moveit_setup_app_plugins/lib:/home/alexander/moveit2_ws/install/moveit_setup_framework/lib:/home/alexander/moveit2_ws/install/moveit_ros_visualization/lib:/home/alexander/moveit2_ws/install/moveit_ros_planning_interface/lib:/home/alexander/moveit2_ws/install/moveit_ros_move_group/lib:/home/alexander/moveit2_ws/install/moveit_ros_warehouse/lib:/home/alexander/moveit2_ws/install/moveit_ros_robot_interaction/lib:/home/alexander/moveit2_ws/install/moveit_kinematics/lib:/home/alexander/moveit2_ws/install/moveit_ros_planning/lib:/home/alexander/moveit2_ws/install/moveit_ros_occupancy_map_monitor/lib:/home/alexander/moveit2_ws/install/moveit_core/lib:${LD_LIBRARY_PATH} PATH=/home/alexander/moveit2_ws/install/moveit_core/bin:${PATH} PYTHONPATH=/home/alexander/moveit2_ws/install/moveit_configs_utils/lib/python3.10/site-packages:${PYTHONPATH} /usr/bin/cmake /home/alexander/moveit2_ws/src/moveit2-main/moveit_setup_assistant/moveit_setup_assistant -DCMAKE_BUILD_TYPE=Release -DCMAKE_INSTALL_PREFIX=/home/alexander/moveit2_ws/install/moveit_setup_assistant
[0.143s] -- The CXX compiler identification is GNU 11.4.0
[0.155s] -- Detecting CXX compiler ABI info
[0.215s] -- Detecting CXX compiler ABI info - done
[0.221s] -- Check for working CXX compiler: /usr/bin/c++ - skipped
[0.222s] -- Detecting CXX compile features
[0.223s] -- Detecting CXX compile features - done
[0.225s] -- Found moveit_common: 2.9.0 (/home/alexander/moveit2_ws/install/moveit_common/share/moveit_common/cmake)
[0.236s] -- Found ament_cmake: 1.3.8 (/opt/ros/humble/share/ament_cmake/cmake)
[0.358s] -- Found Python3: /usr/bin/python3 (found version "3.10.12") found components: Interpreter 
[0.512s] -- Found libdw: /usr/lib/x86_64-linux-gnu/libdw.so  
[0.518s] -- Could NOT find libbfd (missing: LIBBFD_LIBRARY LIBBFD_INCLUDE_DIR) 
[0.518s] -- BACKWARD_HAS_UNWIND=1
[0.518s] -- BACKWARD_HAS_BACKTRACE=0
[0.518s] -- BACKWARD_HAS_BACKTRACE_SYMBOL=0
[0.518s] -- BACKWARD_HAS_DW=1
[0.518s] -- BACKWARD_HAS_BFD=0
[0.518s] -- Found Backward: /opt/ros/humble/share/backward_ros/cmake  
[0.522s] -- Found ament_index_cpp: 1.4.0 (/opt/ros/humble/share/ament_index_cpp/cmake)
[0.546s] -- Found Boost: /usr/lib/x86_64-linux-gnu/cmake/Boost-1.74.0/BoostConfig.cmake (found version "1.74.0") found components: program_options 
[0.547s] -- Found moveit_setup_framework: 2.9.0 (/home/alexander/moveit2_ws/install/moveit_setup_framework/share/moveit_setup_framework/cmake)
[0.610s] -- Found rosidl_generator_c: 3.1.5 (/opt/ros/humble/share/rosidl_generator_c/cmake)
[0.617s] -- Found rosidl_adapter: 3.1.5 (/opt/ros/humble/share/rosidl_adapter/cmake)
[0.633s] -- Found rosidl_generator_cpp: 3.1.5 (/opt/ros/humble/share/rosidl_generator_cpp/cmake)
[0.652s] -- Using all available rosidl_typesupport_c: rosidl_typesupport_fastrtps_c;rosidl_typesupport_introspection_c
[0.676s] -- Using all available rosidl_typesupport_cpp: rosidl_typesupport_fastrtps_cpp;rosidl_typesupport_introspection_cpp
[0.757s] -- Found rmw_implementation_cmake: 6.1.1 (/opt/ros/humble/share/rmw_implementation_cmake/cmake)
[0.762s] -- Found rmw_fastrtps_cpp: 6.2.6 (/opt/ros/humble/share/rmw_fastrtps_cpp/cmake)
[0.862s] -- Found OpenSSL: /usr/lib/x86_64-linux-gnu/libcrypto.so (found version "3.0.2")  
[0.883s] -- Found FastRTPS: /opt/ros/humble/include  
[0.919s] -- Using RMW implementation 'rmw_fastrtps_cpp' as default
[0.939s] -- Looking for C++ include pthread.h
[1.022s] -- Looking for C++ include pthread.h - found
[1.022s] -- Performing Test CMAKE_HAVE_LIBC_PTHREAD
[1.117s] -- Performing Test CMAKE_HAVE_LIBC_PTHREAD - Success
[1.117s] -- Found Threads: TRUE  
[1.327s] -- Found Boost: /usr/lib/x86_64-linux-gnu/cmake/Boost-1.74.0/BoostConfig.cmake (found version "1.74.0") found components: chrono date_time filesystem iostreams program_options regex serialization system thread 
[1.376s] -- Found parameter_traits: 0.3.8 (/opt/ros/humble/share/parameter_traits/cmake)
[1.394s] -- Found Eigen3: TRUE (found version "3.4.0") 
[1.398s] -- Found rclcpp_lifecycle: 16.0.8 (/opt/ros/humble/share/rclcpp_lifecycle/cmake)
[1.451s] -- Found Boost: /usr/lib/x86_64-linux-gnu/cmake/Boost-1.74.0/BoostConfig.cmake (found version "1.74.0") found components: filesystem 
[1.576s] -- library: /usr/lib/x86_64-linux-gnu/libcurl.so
[1.823s] -- Ensuring Eigen3 include directory is part of orocos-kdl CMake target
[2.775s] -- Found Boost: /usr/lib/x86_64-linux-gnu/cmake/Boost-1.74.0/BoostConfig.cmake (found version "1.74.0") found components: system filesystem date_time program_options thread chrono 
[3.338s] -- Found Boost: /usr/lib/x86_64-linux-gnu/cmake/Boost-1.74.0/BoostConfig.cmake (found version "1.74.0") found components: thread date_time system filesystem 
[3.414s] -- Found Boost: /usr/lib/x86_64-linux-gnu/cmake/Boost-1.74.0/BoostConfig.cmake (found version "1.74.0") found components: date_time filesystem program_options system thread 
[3.575s] -- Found Boost: /usr/lib/x86_64-linux-gnu/cmake/Boost-1.74.0/BoostConfig.cmake (found version "1.74.0") found components: thread system filesystem regex date_time program_options 
[3.766s] -- Found Boost: /usr/lib/x86_64-linux-gnu/cmake/Boost-1.74.0/BoostConfig.cmake (found version "1.74.0") found components: system filesystem date_time program_options thread 
[4.438s] -- Setting OGRE_DIR to: '/opt/ros/humble/share/rviz_ogre_vendor/cmake/../../../opt/rviz_ogre_vendor/lib/OGRE/cmake'
[4.441s] -- Found OGRE
[4.441s] --   static     : OFF
[4.441s] --   components : HLMS;MeshLodGenerator;Overlay;Paging;Property;RTShaderSystem;Terrain;Volume
[4.441s] --   plugins    : Plugin_BSPSceneManager;Plugin_OctreeSceneManager;Plugin_PCZSceneManager;Plugin_ParticleFX;RenderSystem_GL;RenderSystem_GL3Plus;Codec_STBI
[4.441s] --   media      : /opt/ros/humble/opt/rviz_ogre_vendor/share/OGRE/Media
[4.441s] -- OGRE_LIBRARIES: OgreHLMS;OgreMeshLodGenerator;OgreOverlay;OgrePaging;OgreProperty;OgreRTShaderSystem;OgreTerrain;OgreVolume;OgreMain
[4.441s] -- OGRE_LIBRARY_DIRS: /opt/ros/humble/opt/rviz_ogre_vendor/lib
[4.441s] -- OGRE_PLUGINS: Plugin_BSPSceneManager;Plugin_OctreeSceneManager;Plugin_PCZSceneManager;Plugin_ParticleFX;RenderSystem_GL;RenderSystem_GL3Plus;Codec_STBI
[4.441s] -- OGRE_PLUGIN_DIR: /opt/ros/humble/opt/rviz_ogre_vendor/lib/OGRE
[4.441s] -- rviz_ogre_vendor::OgreOverlay for IMPORTED_LOCATION_RELEASE: /opt/ros/humble/opt/rviz_ogre_vendor/lib/libOgreOverlay.so
[4.441s] -- rviz_ogre_vendor::OgreOverlay for IMPORTED_LOCATION_DEBUG: /opt/ros/humble/opt/rviz_ogre_vendor/lib/libOgreOverlay.so
[4.441s] -- rviz_ogre_vendor::OgreMain for IMPORTED_LOCATION_RELEASE: /opt/ros/humble/opt/rviz_ogre_vendor/lib/libOgreMain.so
[4.441s] -- rviz_ogre_vendor::OgreMain for IMPORTED_LOCATION_DEBUG: /opt/ros/humble/opt/rviz_ogre_vendor/lib/libOgreMain.so
[4.461s] -- Found ZLIB: /usr/lib/x86_64-linux-gnu/libz.so (found version "1.2.11") 
[4.466s] -- Found OpenGL: /usr/lib/x86_64-linux-gnu/libOpenGL.so   
[4.550s] -- Found X11: /usr/include   
[4.550s] -- Looking for XOpenDisplay in /usr/lib/x86_64-linux-gnu/libX11.so;/usr/lib/x86_64-linux-gnu/libXext.so
[4.644s] -- Looking for XOpenDisplay in /usr/lib/x86_64-linux-gnu/libX11.so;/usr/lib/x86_64-linux-gnu/libXext.so - found
[4.644s] -- Looking for gethostbyname
[4.724s] -- Looking for gethostbyname - found
[4.724s] -- Looking for connect
[4.815s] -- Looking for connect - found
[4.816s] -- Looking for remove
[4.903s] -- Looking for remove - found
[4.904s] -- Looking for shmat
[4.989s] -- Looking for shmat - found
[4.990s] -- Looking for IceConnectionNumber in ICE
[5.078s] -- Looking for IceConnectionNumber in ICE - found
[5.079s] -- rviz_ogre_vendor::RenderSystem_GL for IMPORTED_LOCATION_RELEASE: _render_system_gl_static_library_abs-NOTFOUND
[5.079s] -- rviz_ogre_vendor::RenderSystem_GL for IMPORTED_LOCATION_DEBUG: _render_system_gl_static_library_abs-NOTFOUND
[5.594s] -- Found moveit_setup_srdf_plugins: 2.9.0 (/home/alexander/moveit2_ws/install/moveit_setup_srdf_plugins/share/moveit_setup_srdf_plugins/cmake)
[5.610s] -- Configuring done
[5.686s] -- Generating done
[5.688s] -- Build files have been written to: /home/alexander/moveit2_ws/build/moveit_setup_assistant
[5.700s] Invoked command in '/home/alexander/moveit2_ws/build/moveit_setup_assistant' returned '0': AMENT_PREFIX_PATH=/home/alexander/moveit2_ws/install/moveit_setup_srdf_plugins:/home/alexander/moveit2_ws/install/moveit_setup_core_plugins:/home/alexander/moveit2_ws/install/moveit_setup_controllers:/home/alexander/moveit2_ws/install/moveit_setup_app_plugins:/home/alexander/moveit2_ws/install/moveit_setup_framework:/home/alexander/moveit2_ws/install/moveit_ros_visualization:/home/alexander/moveit2_ws/install/moveit_ros_planning_interface:/home/alexander/moveit2_ws/install/moveit_ros_move_group:/home/alexander/moveit2_ws/install/moveit_ros_warehouse:/home/alexander/moveit2_ws/install/moveit_ros_robot_interaction:/home/alexander/moveit2_ws/install/moveit_kinematics:/home/alexander/moveit2_ws/install/moveit_ros_planning:/home/alexander/moveit2_ws/install/moveit_ros_occupancy_map_monitor:/home/alexander/moveit2_ws/install/moveit_core:/home/alexander/moveit2_ws/install/moveit_configs_utils:/home/alexander/moveit2_ws/install/moveit_common:${AMENT_PREFIX_PATH} CMAKE_PREFIX_PATH=/home/alexander/moveit2_ws/install/moveit_setup_srdf_plugins:/home/alexander/moveit2_ws/install/moveit_setup_core_plugins:/home/alexander/moveit2_ws/install/moveit_setup_controllers:/home/alexander/moveit2_ws/install/moveit_setup_app_plugins:/home/alexander/moveit2_ws/install/moveit_setup_framework:/home/alexander/moveit2_ws/install/moveit_ros_visualization:/home/alexander/moveit2_ws/install/moveit_ros_planning_interface:/home/alexander/moveit2_ws/install/moveit_ros_move_group:/home/alexander/moveit2_ws/install/moveit_ros_warehouse:/home/alexander/moveit2_ws/install/moveit_ros_robot_interaction:/home/alexander/moveit2_ws/install/moveit_kinematics:/home/alexander/moveit2_ws/install/moveit_ros_planning:/home/alexander/moveit2_ws/install/moveit_ros_occupancy_map_monitor:/home/alexander/moveit2_ws/install/moveit_core:/home/alexander/moveit2_ws/install/moveit_common:/opt/ros/humble LD_LIBRARY_PATH=/home/alexander/moveit2_ws/install/moveit_setup_srdf_plugins/lib:/home/alexander/moveit2_ws/install/moveit_setup_core_plugins/lib:/home/alexander/moveit2_ws/install/moveit_setup_controllers/lib:/home/alexander/moveit2_ws/install/moveit_setup_app_plugins/lib:/home/alexander/moveit2_ws/install/moveit_setup_framework/lib:/home/alexander/moveit2_ws/install/moveit_ros_visualization/lib:/home/alexander/moveit2_ws/install/moveit_ros_planning_interface/lib:/home/alexander/moveit2_ws/install/moveit_ros_move_group/lib:/home/alexander/moveit2_ws/install/moveit_ros_warehouse/lib:/home/alexander/moveit2_ws/install/moveit_ros_robot_interaction/lib:/home/alexander/moveit2_ws/install/moveit_kinematics/lib:/home/alexander/moveit2_ws/install/moveit_ros_planning/lib:/home/alexander/moveit2_ws/install/moveit_ros_occupancy_map_monitor/lib:/home/alexander/moveit2_ws/install/moveit_core/lib:${LD_LIBRARY_PATH} PATH=/home/alexander/moveit2_ws/install/moveit_core/bin:${PATH} PYTHONPATH=/home/alexander/moveit2_ws/install/moveit_configs_utils/lib/python3.10/site-packages:${PYTHONPATH} /usr/bin/cmake /home/alexander/moveit2_ws/src/moveit2-main/moveit_setup_assistant/moveit_setup_assistant -DCMAKE_BUILD_TYPE=Release -DCMAKE_INSTALL_PREFIX=/home/alexander/moveit2_ws/install/moveit_setup_assistant
[5.702s] Invoking command in '/home/alexander/moveit2_ws/build/moveit_setup_assistant': AMENT_PREFIX_PATH=/home/alexander/moveit2_ws/install/moveit_setup_srdf_plugins:/home/alexander/moveit2_ws/install/moveit_setup_core_plugins:/home/alexander/moveit2_ws/install/moveit_setup_controllers:/home/alexander/moveit2_ws/install/moveit_setup_app_plugins:/home/alexander/moveit2_ws/install/moveit_setup_framework:/home/alexander/moveit2_ws/install/moveit_ros_visualization:/home/alexander/moveit2_ws/install/moveit_ros_planning_interface:/home/alexander/moveit2_ws/install/moveit_ros_move_group:/home/alexander/moveit2_ws/install/moveit_ros_warehouse:/home/alexander/moveit2_ws/install/moveit_ros_robot_interaction:/home/alexander/moveit2_ws/install/moveit_kinematics:/home/alexander/moveit2_ws/install/moveit_ros_planning:/home/alexander/moveit2_ws/install/moveit_ros_occupancy_map_monitor:/home/alexander/moveit2_ws/install/moveit_core:/home/alexander/moveit2_ws/install/moveit_configs_utils:/home/alexander/moveit2_ws/install/moveit_common:${AMENT_PREFIX_PATH} CMAKE_PREFIX_PATH=/home/alexander/moveit2_ws/install/moveit_setup_srdf_plugins:/home/alexander/moveit2_ws/install/moveit_setup_core_plugins:/home/alexander/moveit2_ws/install/moveit_setup_controllers:/home/alexander/moveit2_ws/install/moveit_setup_app_plugins:/home/alexander/moveit2_ws/install/moveit_setup_framework:/home/alexander/moveit2_ws/install/moveit_ros_visualization:/home/alexander/moveit2_ws/install/moveit_ros_planning_interface:/home/alexander/moveit2_ws/install/moveit_ros_move_group:/home/alexander/moveit2_ws/install/moveit_ros_warehouse:/home/alexander/moveit2_ws/install/moveit_ros_robot_interaction:/home/alexander/moveit2_ws/install/moveit_kinematics:/home/alexander/moveit2_ws/install/moveit_ros_planning:/home/alexander/moveit2_ws/install/moveit_ros_occupancy_map_monitor:/home/alexander/moveit2_ws/install/moveit_core:/home/alexander/moveit2_ws/install/moveit_common:/opt/ros/humble LD_LIBRARY_PATH=/home/alexander/moveit2_ws/install/moveit_setup_srdf_plugins/lib:/home/alexander/moveit2_ws/install/moveit_setup_core_plugins/lib:/home/alexander/moveit2_ws/install/moveit_setup_controllers/lib:/home/alexander/moveit2_ws/install/moveit_setup_app_plugins/lib:/home/alexander/moveit2_ws/install/moveit_setup_framework/lib:/home/alexander/moveit2_ws/install/moveit_ros_visualization/lib:/home/alexander/moveit2_ws/install/moveit_ros_planning_interface/lib:/home/alexander/moveit2_ws/install/moveit_ros_move_group/lib:/home/alexander/moveit2_ws/install/moveit_ros_warehouse/lib:/home/alexander/moveit2_ws/install/moveit_ros_robot_interaction/lib:/home/alexander/moveit2_ws/install/moveit_kinematics/lib:/home/alexander/moveit2_ws/install/moveit_ros_planning/lib:/home/alexander/moveit2_ws/install/moveit_ros_occupancy_map_monitor/lib:/home/alexander/moveit2_ws/install/moveit_core/lib:${LD_LIBRARY_PATH} PATH=/home/alexander/moveit2_ws/install/moveit_core/bin:${PATH} PYTHONPATH=/home/alexander/moveit2_ws/install/moveit_configs_utils/lib/python3.10/site-packages:${PYTHONPATH} /usr/bin/cmake --build /home/alexander/moveit2_ws/build/moveit_setup_assistant -- -j14 -l14
[5.745s] [  7%] [34m[1mAutomatic MOC for target moveit_setup_assistant_updater[0m
[5.746s] [ 14%] [34m[1mAutomatic MOC for target moveit_setup_assistant[0m
[5.786s] [ 14%] Built target moveit_setup_assistant_updater_autogen
[5.787s] [ 14%] Built target moveit_setup_assistant_autogen
[5.796s] [ 21%] [34m[1mGenerating include/moveit_setup_assistant/moc_setup_assistant_widget.cpp[0m
[5.796s] [ 28%] [34m[1mGenerating include/moveit_setup_assistant/moc_navigation_widget.cpp[0m
[5.804s] [ 35%] [32mBuilding CXX object CMakeFiles/moveit_setup_assistant_updater.dir/src/collisions_updater.cpp.o[0m
[5.805s] [ 42%] [32mBuilding CXX object CMakeFiles/moveit_setup_assistant_updater.dir/moveit_setup_assistant_updater_autogen/mocs_compilation.cpp.o[0m
[5.815s] [ 50%] [32mBuilding CXX object CMakeFiles/moveit_setup_assistant.dir/src/main.cpp.o[0m
[5.815s] [ 57%] [32mBuilding CXX object CMakeFiles/moveit_setup_assistant.dir/moveit_setup_assistant_autogen/mocs_compilation.cpp.o[0m
[5.815s] [ 64%] [32mBuilding CXX object CMakeFiles/moveit_setup_assistant.dir/src/setup_assistant_widget.cpp.o[0m
[5.816s] [ 71%] [32mBuilding CXX object CMakeFiles/moveit_setup_assistant.dir/include/moveit_setup_assistant/moc_navigation_widget.cpp.o[0m
[5.818s] [ 78%] [32mBuilding CXX object CMakeFiles/moveit_setup_assistant.dir/src/navigation_widget.cpp.o[0m
[5.818s] [ 85%] [32mBuilding CXX object CMakeFiles/moveit_setup_assistant.dir/include/moveit_setup_assistant/moc_setup_assistant_widget.cpp.o[0m
[17.761s] [ 92%] [32m[1mLinking CXX executable collisions_updater[0m
[18.346s] [ 92%] Built target moveit_setup_assistant_updater
[19.610s] [100%] [32m[1mLinking CXX executable moveit_setup_assistant[0m
[20.382s] [100%] Built target moveit_setup_assistant
[20.393s] Invoked command in '/home/alexander/moveit2_ws/build/moveit_setup_assistant' returned '0': AMENT_PREFIX_PATH=/home/alexander/moveit2_ws/install/moveit_setup_srdf_plugins:/home/alexander/moveit2_ws/install/moveit_setup_core_plugins:/home/alexander/moveit2_ws/install/moveit_setup_controllers:/home/alexander/moveit2_ws/install/moveit_setup_app_plugins:/home/alexander/moveit2_ws/install/moveit_setup_framework:/home/alexander/moveit2_ws/install/moveit_ros_visualization:/home/alexander/moveit2_ws/install/moveit_ros_planning_interface:/home/alexander/moveit2_ws/install/moveit_ros_move_group:/home/alexander/moveit2_ws/install/moveit_ros_warehouse:/home/alexander/moveit2_ws/install/moveit_ros_robot_interaction:/home/alexander/moveit2_ws/install/moveit_kinematics:/home/alexander/moveit2_ws/install/moveit_ros_planning:/home/alexander/moveit2_ws/install/moveit_ros_occupancy_map_monitor:/home/alexander/moveit2_ws/install/moveit_core:/home/alexander/moveit2_ws/install/moveit_configs_utils:/home/alexander/moveit2_ws/install/moveit_common:${AMENT_PREFIX_PATH} CMAKE_PREFIX_PATH=/home/alexander/moveit2_ws/install/moveit_setup_srdf_plugins:/home/alexander/moveit2_ws/install/moveit_setup_core_plugins:/home/alexander/moveit2_ws/install/moveit_setup_controllers:/home/alexander/moveit2_ws/install/moveit_setup_app_plugins:/home/alexander/moveit2_ws/install/moveit_setup_framework:/home/alexander/moveit2_ws/install/moveit_ros_visualization:/home/alexander/moveit2_ws/install/moveit_ros_planning_interface:/home/alexander/moveit2_ws/install/moveit_ros_move_group:/home/alexander/moveit2_ws/install/moveit_ros_warehouse:/home/alexander/moveit2_ws/install/moveit_ros_robot_interaction:/home/alexander/moveit2_ws/install/moveit_kinematics:/home/alexander/moveit2_ws/install/moveit_ros_planning:/home/alexander/moveit2_ws/install/moveit_ros_occupancy_map_monitor:/home/alexander/moveit2_ws/install/moveit_core:/home/alexander/moveit2_ws/install/moveit_common:/opt/ros/humble LD_LIBRARY_PATH=/home/alexander/moveit2_ws/install/moveit_setup_srdf_plugins/lib:/home/alexander/moveit2_ws/install/moveit_setup_core_plugins/lib:/home/alexander/moveit2_ws/install/moveit_setup_controllers/lib:/home/alexander/moveit2_ws/install/moveit_setup_app_plugins/lib:/home/alexander/moveit2_ws/install/moveit_setup_framework/lib:/home/alexander/moveit2_ws/install/moveit_ros_visualization/lib:/home/alexander/moveit2_ws/install/moveit_ros_planning_interface/lib:/home/alexander/moveit2_ws/install/moveit_ros_move_group/lib:/home/alexander/moveit2_ws/install/moveit_ros_warehouse/lib:/home/alexander/moveit2_ws/install/moveit_ros_robot_interaction/lib:/home/alexander/moveit2_ws/install/moveit_kinematics/lib:/home/alexander/moveit2_ws/install/moveit_ros_planning/lib:/home/alexander/moveit2_ws/install/moveit_ros_occupancy_map_monitor/lib:/home/alexander/moveit2_ws/install/moveit_core/lib:${LD_LIBRARY_PATH} PATH=/home/alexander/moveit2_ws/install/moveit_core/bin:${PATH} PYTHONPATH=/home/alexander/moveit2_ws/install/moveit_configs_utils/lib/python3.10/site-packages:${PYTHONPATH} /usr/bin/cmake --build /home/alexander/moveit2_ws/build/moveit_setup_assistant -- -j14 -l14
[20.433s] Invoking command in '/home/alexander/moveit2_ws/build/moveit_setup_assistant': AMENT_PREFIX_PATH=/home/alexander/moveit2_ws/install/moveit_setup_srdf_plugins:/home/alexander/moveit2_ws/install/moveit_setup_core_plugins:/home/alexander/moveit2_ws/install/moveit_setup_controllers:/home/alexander/moveit2_ws/install/moveit_setup_app_plugins:/home/alexander/moveit2_ws/install/moveit_setup_framework:/home/alexander/moveit2_ws/install/moveit_ros_visualization:/home/alexander/moveit2_ws/install/moveit_ros_planning_interface:/home/alexander/moveit2_ws/install/moveit_ros_move_group:/home/alexander/moveit2_ws/install/moveit_ros_warehouse:/home/alexander/moveit2_ws/install/moveit_ros_robot_interaction:/home/alexander/moveit2_ws/install/moveit_kinematics:/home/alexander/moveit2_ws/install/moveit_ros_planning:/home/alexander/moveit2_ws/install/moveit_ros_occupancy_map_monitor:/home/alexander/moveit2_ws/install/moveit_core:/home/alexander/moveit2_ws/install/moveit_configs_utils:/home/alexander/moveit2_ws/install/moveit_common:${AMENT_PREFIX_PATH} CMAKE_PREFIX_PATH=/home/alexander/moveit2_ws/install/moveit_setup_srdf_plugins:/home/alexander/moveit2_ws/install/moveit_setup_core_plugins:/home/alexander/moveit2_ws/install/moveit_setup_controllers:/home/alexander/moveit2_ws/install/moveit_setup_app_plugins:/home/alexander/moveit2_ws/install/moveit_setup_framework:/home/alexander/moveit2_ws/install/moveit_ros_visualization:/home/alexander/moveit2_ws/install/moveit_ros_planning_interface:/home/alexander/moveit2_ws/install/moveit_ros_move_group:/home/alexander/moveit2_ws/install/moveit_ros_warehouse:/home/alexander/moveit2_ws/install/moveit_ros_robot_interaction:/home/alexander/moveit2_ws/install/moveit_kinematics:/home/alexander/moveit2_ws/install/moveit_ros_planning:/home/alexander/moveit2_ws/install/moveit_ros_occupancy_map_monitor:/home/alexander/moveit2_ws/install/moveit_core:/home/alexander/moveit2_ws/install/moveit_common:/opt/ros/humble LD_LIBRARY_PATH=/home/alexander/moveit2_ws/install/moveit_setup_srdf_plugins/lib:/home/alexander/moveit2_ws/install/moveit_setup_core_plugins/lib:/home/alexander/moveit2_ws/install/moveit_setup_controllers/lib:/home/alexander/moveit2_ws/install/moveit_setup_app_plugins/lib:/home/alexander/moveit2_ws/install/moveit_setup_framework/lib:/home/alexander/moveit2_ws/install/moveit_ros_visualization/lib:/home/alexander/moveit2_ws/install/moveit_ros_planning_interface/lib:/home/alexander/moveit2_ws/install/moveit_ros_move_group/lib:/home/alexander/moveit2_ws/install/moveit_ros_warehouse/lib:/home/alexander/moveit2_ws/install/moveit_ros_robot_interaction/lib:/home/alexander/moveit2_ws/install/moveit_kinematics/lib:/home/alexander/moveit2_ws/install/moveit_ros_planning/lib:/home/alexander/moveit2_ws/install/moveit_ros_occupancy_map_monitor/lib:/home/alexander/moveit2_ws/install/moveit_core/lib:${LD_LIBRARY_PATH} PATH=/home/alexander/moveit2_ws/install/moveit_core/bin:${PATH} PYTHONPATH=/home/alexander/moveit2_ws/install/moveit_configs_utils/lib/python3.10/site-packages:${PYTHONPATH} /usr/bin/cmake --install /home/alexander/moveit2_ws/build/moveit_setup_assistant
[20.440s] -- Install configuration: "Release"
[20.440s] -- Installing: /home/alexander/moveit2_ws/install/moveit_setup_assistant/lib/moveit_setup_assistant/moveit_setup_assistant
[20.441s] -- Set runtime path of "/home/alexander/moveit2_ws/install/moveit_setup_assistant/lib/moveit_setup_assistant/moveit_setup_assistant" to ""
[20.441s] -- Installing: /home/alexander/moveit2_ws/install/moveit_setup_assistant/lib/moveit_setup_assistant/collisions_updater
[20.441s] -- Set runtime path of "/home/alexander/moveit2_ws/install/moveit_setup_assistant/lib/moveit_setup_assistant/collisions_updater" to ""
[20.441s] -- Installing: /home/alexander/moveit2_ws/install/moveit_setup_assistant/include/moveit_setup_assistant
[20.441s] -- Installing: /home/alexander/moveit2_ws/install/moveit_setup_assistant/include/moveit_setup_assistant/moveit_setup_assistant
[20.441s] -- Installing: /home/alexander/moveit2_ws/install/moveit_setup_assistant/include/moveit_setup_assistant/moveit_setup_assistant/navigation_widget.hpp
[20.441s] -- Installing: /home/alexander/moveit2_ws/install/moveit_setup_assistant/include/moveit_setup_assistant/moveit_setup_assistant/setup_assistant_widget.hpp
[20.441s] -- Installing: /home/alexander/moveit2_ws/install/moveit_setup_assistant/share/moveit_setup_assistant/launch
[20.442s] -- Installing: /home/alexander/moveit2_ws/install/moveit_setup_assistant/share/moveit_setup_assistant/launch/setup_assistant.launch.py
[20.442s] -- Installing: /home/alexander/moveit2_ws/install/moveit_setup_assistant/share/moveit_setup_assistant/resources
[20.443s] -- Installing: /home/alexander/moveit2_ws/install/moveit_setup_assistant/share/moveit_setup_assistant/resources/MoveIt_Setup_Assistant2.png
[20.443s] -- Installing: /home/alexander/moveit2_ws/install/moveit_setup_assistant/share/moveit_setup_assistant/environment/library_path.sh
[20.443s] -- Installing: /home/alexander/moveit2_ws/install/moveit_setup_assistant/share/moveit_setup_assistant/environment/library_path.dsv
[20.444s] -- Installing: /home/alexander/moveit2_ws/install/moveit_setup_assistant/share/ament_index/resource_index/package_run_dependencies/moveit_setup_assistant
[20.444s] -- Installing: /home/alexander/moveit2_ws/install/moveit_setup_assistant/share/ament_index/resource_index/parent_prefix_path/moveit_setup_assistant
[20.444s] -- Installing: /home/alexander/moveit2_ws/install/moveit_setup_assistant/share/moveit_setup_assistant/environment/ament_prefix_path.sh
[20.444s] -- Installing: /home/alexander/moveit2_ws/install/moveit_setup_assistant/share/moveit_setup_assistant/environment/ament_prefix_path.dsv
[20.444s] -- Installing: /home/alexander/moveit2_ws/install/moveit_setup_assistant/share/moveit_setup_assistant/environment/path.sh
[20.445s] -- Installing: /home/alexander/moveit2_ws/install/moveit_setup_assistant/share/moveit_setup_assistant/environment/path.dsv
[20.445s] -- Installing: /home/alexander/moveit2_ws/install/moveit_setup_assistant/share/moveit_setup_assistant/local_setup.bash
[20.445s] -- Installing: /home/alexander/moveit2_ws/install/moveit_setup_assistant/share/moveit_setup_assistant/local_setup.sh
[20.445s] -- Installing: /home/alexander/moveit2_ws/install/moveit_setup_assistant/share/moveit_setup_assistant/local_setup.zsh
[20.445s] -- Installing: /home/alexander/moveit2_ws/install/moveit_setup_assistant/share/moveit_setup_assistant/local_setup.dsv
[20.445s] -- Installing: /home/alexander/moveit2_ws/install/moveit_setup_assistant/share/moveit_setup_assistant/package.dsv
[20.445s] -- Installing: /home/alexander/moveit2_ws/install/moveit_setup_assistant/share/ament_index/resource_index/packages/moveit_setup_assistant
[20.445s] -- Installing: /home/alexander/moveit2_ws/install/moveit_setup_assistant/share/moveit_setup_assistant/cmake/moveit_setup_assistantTargetsExport.cmake
[20.445s] -- Installing: /home/alexander/moveit2_ws/install/moveit_setup_assistant/share/moveit_setup_assistant/cmake/moveit_setup_assistantTargetsExport-release.cmake
[20.445s] -- Installing: /home/alexander/moveit2_ws/install/moveit_setup_assistant/share/moveit_setup_assistant/cmake/ament_cmake_export_include_directories-extras.cmake
[20.445s] -- Installing: /home/alexander/moveit2_ws/install/moveit_setup_assistant/share/moveit_setup_assistant/cmake/ament_cmake_export_targets-extras.cmake
[20.445s] -- Installing: /home/alexander/moveit2_ws/install/moveit_setup_assistant/share/moveit_setup_assistant/cmake/ament_cmake_export_dependencies-extras.cmake
[20.445s] -- Installing: /home/alexander/moveit2_ws/install/moveit_setup_assistant/share/moveit_setup_assistant/cmake/moveit_setup_assistantConfig.cmake
[20.445s] -- Installing: /home/alexander/moveit2_ws/install/moveit_setup_assistant/share/moveit_setup_assistant/cmake/moveit_setup_assistantConfig-version.cmake
[20.445s] -- Installing: /home/alexander/moveit2_ws/install/moveit_setup_assistant/share/moveit_setup_assistant/package.xml
[20.451s] Invoked command in '/home/alexander/moveit2_ws/build/moveit_setup_assistant' returned '0': AMENT_PREFIX_PATH=/home/alexander/moveit2_ws/install/moveit_setup_srdf_plugins:/home/alexander/moveit2_ws/install/moveit_setup_core_plugins:/home/alexander/moveit2_ws/install/moveit_setup_controllers:/home/alexander/moveit2_ws/install/moveit_setup_app_plugins:/home/alexander/moveit2_ws/install/moveit_setup_framework:/home/alexander/moveit2_ws/install/moveit_ros_visualization:/home/alexander/moveit2_ws/install/moveit_ros_planning_interface:/home/alexander/moveit2_ws/install/moveit_ros_move_group:/home/alexander/moveit2_ws/install/moveit_ros_warehouse:/home/alexander/moveit2_ws/install/moveit_ros_robot_interaction:/home/alexander/moveit2_ws/install/moveit_kinematics:/home/alexander/moveit2_ws/install/moveit_ros_planning:/home/alexander/moveit2_ws/install/moveit_ros_occupancy_map_monitor:/home/alexander/moveit2_ws/install/moveit_core:/home/alexander/moveit2_ws/install/moveit_configs_utils:/home/alexander/moveit2_ws/install/moveit_common:${AMENT_PREFIX_PATH} CMAKE_PREFIX_PATH=/home/alexander/moveit2_ws/install/moveit_setup_srdf_plugins:/home/alexander/moveit2_ws/install/moveit_setup_core_plugins:/home/alexander/moveit2_ws/install/moveit_setup_controllers:/home/alexander/moveit2_ws/install/moveit_setup_app_plugins:/home/alexander/moveit2_ws/install/moveit_setup_framework:/home/alexander/moveit2_ws/install/moveit_ros_visualization:/home/alexander/moveit2_ws/install/moveit_ros_planning_interface:/home/alexander/moveit2_ws/install/moveit_ros_move_group:/home/alexander/moveit2_ws/install/moveit_ros_warehouse:/home/alexander/moveit2_ws/install/moveit_ros_robot_interaction:/home/alexander/moveit2_ws/install/moveit_kinematics:/home/alexander/moveit2_ws/install/moveit_ros_planning:/home/alexander/moveit2_ws/install/moveit_ros_occupancy_map_monitor:/home/alexander/moveit2_ws/install/moveit_core:/home/alexander/moveit2_ws/install/moveit_common:/opt/ros/humble LD_LIBRARY_PATH=/home/alexander/moveit2_ws/install/moveit_setup_srdf_plugins/lib:/home/alexander/moveit2_ws/install/moveit_setup_core_plugins/lib:/home/alexander/moveit2_ws/install/moveit_setup_controllers/lib:/home/alexander/moveit2_ws/install/moveit_setup_app_plugins/lib:/home/alexander/moveit2_ws/install/moveit_setup_framework/lib:/home/alexander/moveit2_ws/install/moveit_ros_visualization/lib:/home/alexander/moveit2_ws/install/moveit_ros_planning_interface/lib:/home/alexander/moveit2_ws/install/moveit_ros_move_group/lib:/home/alexander/moveit2_ws/install/moveit_ros_warehouse/lib:/home/alexander/moveit2_ws/install/moveit_ros_robot_interaction/lib:/home/alexander/moveit2_ws/install/moveit_kinematics/lib:/home/alexander/moveit2_ws/install/moveit_ros_planning/lib:/home/alexander/moveit2_ws/install/moveit_ros_occupancy_map_monitor/lib:/home/alexander/moveit2_ws/install/moveit_core/lib:${LD_LIBRARY_PATH} PATH=/home/alexander/moveit2_ws/install/moveit_core/bin:${PATH} PYTHONPATH=/home/alexander/moveit2_ws/install/moveit_configs_utils/lib/python3.10/site-packages:${PYTHONPATH} /usr/bin/cmake --install /home/alexander/moveit2_ws/build/moveit_setup_assistant
