[0.009s] Invoking command in '/home/alexander/moveit2_ws/build/moveit_common': CMAKE_PREFIX_PATH=${CMAKE_PREFIX_PATH}:/home/alexander/moveit2_ws/install/moveit_configs_utils:/opt/ros/humble /usr/bin/cmake /home/alexander/moveit2_ws/src/moveit2-main/moveit_common -DCMAKE_INSTALL_PREFIX=/home/alexander/moveit2_ws/install/moveit_common
[0.020s] -- Found ament_cmake: 1.3.8 (/opt/ros/humble/share/ament_cmake/cmake)
[0.174s] -- Configuring done
[0.177s] -- Generating done
[0.178s] -- Build files have been written to: /home/alexander/moveit2_ws/build/moveit_common
[0.179s] Invoked command in '/home/alexander/moveit2_ws/build/moveit_common' returned '0': CMAKE_PREFIX_PATH=${CMAKE_PREFIX_PATH}:/home/alexander/moveit2_ws/install/moveit_configs_utils:/opt/ros/humble /usr/bin/cmake /home/alexander/moveit2_ws/src/moveit2-main/moveit_common -DCMAKE_INSTALL_PREFIX=/home/alexander/moveit2_ws/install/moveit_common
[0.181s] Invoking command in '/home/alexander/moveit2_ws/build/moveit_common': CMAKE_PREFIX_PATH=${CMAKE_PREFIX_PATH}:/home/alexander/moveit2_ws/install/moveit_configs_utils:/opt/ros/humble /usr/bin/cmake --build /home/alexander/moveit2_ws/build/moveit_common -- -j14 -l14
[0.222s] Invoked command in '/home/alexander/moveit2_ws/build/moveit_common' returned '0': CMAKE_PREFIX_PATH=${CMAKE_PREFIX_PATH}:/home/alexander/moveit2_ws/install/moveit_configs_utils:/opt/ros/humble /usr/bin/cmake --build /home/alexander/moveit2_ws/build/moveit_common -- -j14 -l14
[0.245s] Invoking command in '/home/alexander/moveit2_ws/build/moveit_common': CMAKE_PREFIX_PATH=${CMAKE_PREFIX_PATH}:/home/alexander/moveit2_ws/install/moveit_configs_utils:/opt/ros/humble /usr/bin/cmake --install /home/alexander/moveit2_ws/build/moveit_common
[0.253s] -- Install configuration: "Release"
[0.253s] -- Up-to-date: /home/alexander/moveit2_ws/install/moveit_common/share/ament_index/resource_index/package_run_dependencies/moveit_common
[0.253s] -- Installing: /home/alexander/moveit2_ws/install/moveit_common/share/ament_index/resource_index/parent_prefix_path/moveit_common
[0.253s] -- Up-to-date: /home/alexander/moveit2_ws/install/moveit_common/share/moveit_common/environment/ament_prefix_path.sh
[0.253s] -- Installing: /home/alexander/moveit2_ws/install/moveit_common/share/moveit_common/environment/ament_prefix_path.dsv
[0.253s] -- Up-to-date: /home/alexander/moveit2_ws/install/moveit_common/share/moveit_common/environment/path.sh
[0.253s] -- Installing: /home/alexander/moveit2_ws/install/moveit_common/share/moveit_common/environment/path.dsv
[0.254s] -- Up-to-date: /home/alexander/moveit2_ws/install/moveit_common/share/moveit_common/local_setup.bash
[0.254s] -- Up-to-date: /home/alexander/moveit2_ws/install/moveit_common/share/moveit_common/local_setup.sh
[0.254s] -- Up-to-date: /home/alexander/moveit2_ws/install/moveit_common/share/moveit_common/local_setup.zsh
[0.254s] -- Installing: /home/alexander/moveit2_ws/install/moveit_common/share/moveit_common/local_setup.dsv
[0.254s] -- Installing: /home/alexander/moveit2_ws/install/moveit_common/share/moveit_common/package.dsv
[0.254s] -- Up-to-date: /home/alexander/moveit2_ws/install/moveit_common/share/ament_index/resource_index/packages/moveit_common
[0.254s] -- Up-to-date: /home/alexander/moveit2_ws/install/moveit_common/share/moveit_common/cmake/moveit_common-extras.cmake
[0.254s] -- Up-to-date: /home/alexander/moveit2_ws/install/moveit_common/share/moveit_common/cmake/moveit_commonConfig.cmake
[0.254s] -- Up-to-date: /home/alexander/moveit2_ws/install/moveit_common/share/moveit_common/cmake/moveit_commonConfig-version.cmake
[0.254s] -- Up-to-date: /home/alexander/moveit2_ws/install/moveit_common/share/moveit_common/package.xml
[0.254s] -- Up-to-date: /home/alexander/moveit2_ws/install/moveit_common/share/moveit_common/cmake
[0.254s] -- Up-to-date: /home/alexander/moveit2_ws/install/moveit_common/share/moveit_common/cmake/moveit_package.cmake
[0.256s] Invoked command in '/home/alexander/moveit2_ws/build/moveit_common' returned '0': CMAKE_PREFIX_PATH=${CMAKE_PREFIX_PATH}:/home/alexander/moveit2_ws/install/moveit_configs_utils:/opt/ros/humble /usr/bin/cmake --install /home/alexander/moveit2_ws/build/moveit_common
