[0.038s] Invoking command in '/home/alexander/moveit2_ws/build/moveit_setup_framework': AMENT_PREFIX_PATH=/home/alexander/moveit2_ws/install/moveit_ros_visualization:/home/alexander/moveit2_ws/install/moveit_ros_planning_interface:/home/alexander/moveit2_ws/install/moveit_ros_move_group:/home/alexander/moveit2_ws/install/moveit_ros_warehouse:/home/alexander/moveit2_ws/install/moveit_ros_robot_interaction:/home/alexander/moveit2_ws/install/moveit_kinematics:/home/alexander/moveit2_ws/install/moveit_ros_planning:/home/alexander/moveit2_ws/install/moveit_ros_occupancy_map_monitor:/home/alexander/moveit2_ws/install/moveit_core:/home/alexander/moveit2_ws/install/moveit_common:${AMENT_PREFIX_PATH} CMAKE_PREFIX_PATH=/home/alexander/moveit2_ws/install/moveit_ros_visualization:/home/alexander/moveit2_ws/install/moveit_ros_planning_interface:/home/alexander/moveit2_ws/install/moveit_ros_move_group:/home/alexander/moveit2_ws/install/moveit_ros_warehouse:/home/alexander/moveit2_ws/install/moveit_ros_robot_interaction:/home/alexander/moveit2_ws/install/moveit_kinematics:/home/alexander/moveit2_ws/install/moveit_ros_planning:/home/alexander/moveit2_ws/install/moveit_ros_occupancy_map_monitor:/home/alexander/moveit2_ws/install/moveit_core:/home/alexander/moveit2_ws/install/moveit_common:/opt/ros/humble LD_LIBRARY_PATH=/home/alexander/moveit2_ws/install/moveit_ros_visualization/lib:/home/alexander/moveit2_ws/install/moveit_ros_planning_interface/lib:/home/alexander/moveit2_ws/install/moveit_ros_move_group/lib:/home/alexander/moveit2_ws/install/moveit_ros_warehouse/lib:/home/alexander/moveit2_ws/install/moveit_ros_robot_interaction/lib:/home/alexander/moveit2_ws/install/moveit_kinematics/lib:/home/alexander/moveit2_ws/install/moveit_ros_planning/lib:/home/alexander/moveit2_ws/install/moveit_ros_occupancy_map_monitor/lib:/home/alexander/moveit2_ws/install/moveit_core/lib:${LD_LIBRARY_PATH} PATH=/home/alexander/moveit2_ws/install/moveit_core/bin:${PATH} /usr/bin/cmake --build /home/alexander/moveit2_ws/build/moveit_setup_framework -- -j14 -l14
[0.196s] [35m[1mConsolidate compiler generated dependencies of target moveit_setup_framework[0m
[0.256s] [100%] Built target moveit_setup_framework
[0.267s] Invoked command in '/home/alexander/moveit2_ws/build/moveit_setup_framework' returned '0': AMENT_PREFIX_PATH=/home/alexander/moveit2_ws/install/moveit_ros_visualization:/home/alexander/moveit2_ws/install/moveit_ros_planning_interface:/home/alexander/moveit2_ws/install/moveit_ros_move_group:/home/alexander/moveit2_ws/install/moveit_ros_warehouse:/home/alexander/moveit2_ws/install/moveit_ros_robot_interaction:/home/alexander/moveit2_ws/install/moveit_kinematics:/home/alexander/moveit2_ws/install/moveit_ros_planning:/home/alexander/moveit2_ws/install/moveit_ros_occupancy_map_monitor:/home/alexander/moveit2_ws/install/moveit_core:/home/alexander/moveit2_ws/install/moveit_common:${AMENT_PREFIX_PATH} CMAKE_PREFIX_PATH=/home/alexander/moveit2_ws/install/moveit_ros_visualization:/home/alexander/moveit2_ws/install/moveit_ros_planning_interface:/home/alexander/moveit2_ws/install/moveit_ros_move_group:/home/alexander/moveit2_ws/install/moveit_ros_warehouse:/home/alexander/moveit2_ws/install/moveit_ros_robot_interaction:/home/alexander/moveit2_ws/install/moveit_kinematics:/home/alexander/moveit2_ws/install/moveit_ros_planning:/home/alexander/moveit2_ws/install/moveit_ros_occupancy_map_monitor:/home/alexander/moveit2_ws/install/moveit_core:/home/alexander/moveit2_ws/install/moveit_common:/opt/ros/humble LD_LIBRARY_PATH=/home/alexander/moveit2_ws/install/moveit_ros_visualization/lib:/home/alexander/moveit2_ws/install/moveit_ros_planning_interface/lib:/home/alexander/moveit2_ws/install/moveit_ros_move_group/lib:/home/alexander/moveit2_ws/install/moveit_ros_warehouse/lib:/home/alexander/moveit2_ws/install/moveit_ros_robot_interaction/lib:/home/alexander/moveit2_ws/install/moveit_kinematics/lib:/home/alexander/moveit2_ws/install/moveit_ros_planning/lib:/home/alexander/moveit2_ws/install/moveit_ros_occupancy_map_monitor/lib:/home/alexander/moveit2_ws/install/moveit_core/lib:${LD_LIBRARY_PATH} PATH=/home/alexander/moveit2_ws/install/moveit_core/bin:${PATH} /usr/bin/cmake --build /home/alexander/moveit2_ws/build/moveit_setup_framework -- -j14 -l14
[0.309s] Invoking command in '/home/alexander/moveit2_ws/build/moveit_setup_framework': AMENT_PREFIX_PATH=/home/alexander/moveit2_ws/install/moveit_ros_visualization:/home/alexander/moveit2_ws/install/moveit_ros_planning_interface:/home/alexander/moveit2_ws/install/moveit_ros_move_group:/home/alexander/moveit2_ws/install/moveit_ros_warehouse:/home/alexander/moveit2_ws/install/moveit_ros_robot_interaction:/home/alexander/moveit2_ws/install/moveit_kinematics:/home/alexander/moveit2_ws/install/moveit_ros_planning:/home/alexander/moveit2_ws/install/moveit_ros_occupancy_map_monitor:/home/alexander/moveit2_ws/install/moveit_core:/home/alexander/moveit2_ws/install/moveit_common:${AMENT_PREFIX_PATH} CMAKE_PREFIX_PATH=/home/alexander/moveit2_ws/install/moveit_ros_visualization:/home/alexander/moveit2_ws/install/moveit_ros_planning_interface:/home/alexander/moveit2_ws/install/moveit_ros_move_group:/home/alexander/moveit2_ws/install/moveit_ros_warehouse:/home/alexander/moveit2_ws/install/moveit_ros_robot_interaction:/home/alexander/moveit2_ws/install/moveit_kinematics:/home/alexander/moveit2_ws/install/moveit_ros_planning:/home/alexander/moveit2_ws/install/moveit_ros_occupancy_map_monitor:/home/alexander/moveit2_ws/install/moveit_core:/home/alexander/moveit2_ws/install/moveit_common:/opt/ros/humble LD_LIBRARY_PATH=/home/alexander/moveit2_ws/install/moveit_ros_visualization/lib:/home/alexander/moveit2_ws/install/moveit_ros_planning_interface/lib:/home/alexander/moveit2_ws/install/moveit_ros_move_group/lib:/home/alexander/moveit2_ws/install/moveit_ros_warehouse/lib:/home/alexander/moveit2_ws/install/moveit_ros_robot_interaction/lib:/home/alexander/moveit2_ws/install/moveit_kinematics/lib:/home/alexander/moveit2_ws/install/moveit_ros_planning/lib:/home/alexander/moveit2_ws/install/moveit_ros_occupancy_map_monitor/lib:/home/alexander/moveit2_ws/install/moveit_core/lib:${LD_LIBRARY_PATH} PATH=/home/alexander/moveit2_ws/install/moveit_core/bin:${PATH} /usr/bin/cmake --install /home/alexander/moveit2_ws/build/moveit_setup_framework
[0.316s] -- Install configuration: "Release"
[0.316s] -- Up-to-date: /home/alexander/moveit2_ws/install/moveit_setup_framework/include/moveit_setup_framework
[0.316s] -- Up-to-date: /home/alexander/moveit2_ws/install/moveit_setup_framework/include/moveit_setup_framework/moveit_setup_framework
[0.317s] -- Up-to-date: /home/alexander/moveit2_ws/install/moveit_setup_framework/include/moveit_setup_framework/moveit_setup_framework/utilities.hpp
[0.317s] -- Up-to-date: /home/alexander/moveit2_ws/install/moveit_setup_framework/include/moveit_setup_framework/moveit_setup_framework/templates.hpp
[0.317s] -- Up-to-date: /home/alexander/moveit2_ws/install/moveit_setup_framework/include/moveit_setup_framework/moveit_setup_framework/generated_file.hpp
[0.317s] -- Up-to-date: /home/alexander/moveit2_ws/install/moveit_setup_framework/include/moveit_setup_framework/moveit_setup_framework/data
[0.317s] -- Up-to-date: /home/alexander/moveit2_ws/install/moveit_setup_framework/include/moveit_setup_framework/moveit_setup_framework/data/urdf_config.hpp
[0.317s] -- Up-to-date: /home/alexander/moveit2_ws/install/moveit_setup_framework/include/moveit_setup_framework/moveit_setup_framework/data/srdf_config.hpp
[0.317s] -- Up-to-date: /home/alexander/moveit2_ws/install/moveit_setup_framework/include/moveit_setup_framework/moveit_setup_framework/data/package_settings_config.hpp
[0.317s] -- Up-to-date: /home/alexander/moveit2_ws/install/moveit_setup_framework/include/moveit_setup_framework/moveit_setup_framework/data_warehouse.hpp
[0.317s] -- Up-to-date: /home/alexander/moveit2_ws/install/moveit_setup_framework/include/moveit_setup_framework/moveit_setup_framework/setup_step.hpp
[0.317s] -- Up-to-date: /home/alexander/moveit2_ws/install/moveit_setup_framework/include/moveit_setup_framework/moveit_setup_framework/generated_time.hpp
[0.317s] -- Up-to-date: /home/alexander/moveit2_ws/install/moveit_setup_framework/include/moveit_setup_framework/moveit_setup_framework/qt
[0.317s] -- Up-to-date: /home/alexander/moveit2_ws/install/moveit_setup_framework/include/moveit_setup_framework/moveit_setup_framework/qt/xml_syntax_highlighter.hpp
[0.317s] -- Up-to-date: /home/alexander/moveit2_ws/install/moveit_setup_framework/include/moveit_setup_framework/moveit_setup_framework/qt/double_list_widget.hpp
[0.317s] -- Up-to-date: /home/alexander/moveit2_ws/install/moveit_setup_framework/include/moveit_setup_framework/moveit_setup_framework/qt/setup_step_widget.hpp
[0.317s] -- Up-to-date: /home/alexander/moveit2_ws/install/moveit_setup_framework/include/moveit_setup_framework/moveit_setup_framework/qt/helper_widgets.hpp
[0.317s] -- Up-to-date: /home/alexander/moveit2_ws/install/moveit_setup_framework/include/moveit_setup_framework/moveit_setup_framework/qt/rviz_panel.hpp
[0.317s] -- Up-to-date: /home/alexander/moveit2_ws/install/moveit_setup_framework/include/moveit_setup_framework/moveit_setup_framework/config.hpp
[0.317s] -- Up-to-date: /home/alexander/moveit2_ws/install/moveit_setup_framework/include/moveit_setup_framework/moveit_setup_framework/testing_utils.hpp
[0.318s] -- Up-to-date: /home/alexander/moveit2_ws/install/moveit_setup_framework/share/moveit_setup_framework/moveit_setup_framework_plugins.xml
[0.318s] -- Up-to-date: /home/alexander/moveit2_ws/install/moveit_setup_framework/share/moveit_setup_framework/templates
[0.318s] -- Up-to-date: /home/alexander/moveit2_ws/install/moveit_setup_framework/share/moveit_setup_framework/templates/CMakeLists.txt
[0.318s] -- Up-to-date: /home/alexander/moveit2_ws/install/moveit_setup_framework/share/moveit_setup_framework/templates/config
[0.319s] -- Up-to-date: /home/alexander/moveit2_ws/install/moveit_setup_framework/share/moveit_setup_framework/templates/config/pilz_cartesian_limits.yaml
[0.319s] -- Up-to-date: /home/alexander/moveit2_ws/install/moveit_setup_framework/share/moveit_setup_framework/templates/package.xml.template
[0.319s] -- Up-to-date: /home/alexander/moveit2_ws/install/moveit_setup_framework/share/moveit_setup_framework/environment/library_path.sh
[0.319s] -- Up-to-date: /home/alexander/moveit2_ws/install/moveit_setup_framework/share/moveit_setup_framework/environment/library_path.dsv
[0.320s] -- Up-to-date: /home/alexander/moveit2_ws/install/moveit_setup_framework/lib/libmoveit_setup_framework.so
[0.320s] -- Up-to-date: /home/alexander/moveit2_ws/install/moveit_setup_framework/share/moveit_setup_framework/moveit_setup_framework_plugins.xml
[0.321s] -- Up-to-date: /home/alexander/moveit2_ws/install/moveit_setup_framework/share/ament_index/resource_index/package_run_dependencies/moveit_setup_framework
[0.321s] -- Up-to-date: /home/alexander/moveit2_ws/install/moveit_setup_framework/share/ament_index/resource_index/parent_prefix_path/moveit_setup_framework
[0.321s] -- Up-to-date: /home/alexander/moveit2_ws/install/moveit_setup_framework/share/moveit_setup_framework/environment/ament_prefix_path.sh
[0.321s] -- Up-to-date: /home/alexander/moveit2_ws/install/moveit_setup_framework/share/moveit_setup_framework/environment/ament_prefix_path.dsv
[0.321s] -- Up-to-date: /home/alexander/moveit2_ws/install/moveit_setup_framework/share/moveit_setup_framework/environment/path.sh
[0.321s] -- Up-to-date: /home/alexander/moveit2_ws/install/moveit_setup_framework/share/moveit_setup_framework/environment/path.dsv
[0.321s] -- Up-to-date: /home/alexander/moveit2_ws/install/moveit_setup_framework/share/moveit_setup_framework/local_setup.bash
[0.321s] -- Up-to-date: /home/alexander/moveit2_ws/install/moveit_setup_framework/share/moveit_setup_framework/local_setup.sh
[0.321s] -- Up-to-date: /home/alexander/moveit2_ws/install/moveit_setup_framework/share/moveit_setup_framework/local_setup.zsh
[0.321s] -- Up-to-date: /home/alexander/moveit2_ws/install/moveit_setup_framework/share/moveit_setup_framework/local_setup.dsv
[0.322s] -- Installing: /home/alexander/moveit2_ws/install/moveit_setup_framework/share/moveit_setup_framework/package.dsv
[0.322s] -- Up-to-date: /home/alexander/moveit2_ws/install/moveit_setup_framework/share/ament_index/resource_index/packages/moveit_setup_framework
[0.322s] -- Up-to-date: /home/alexander/moveit2_ws/install/moveit_setup_framework/share/ament_index/resource_index/moveit_setup_framework__pluginlib__plugin/moveit_setup_framework
[0.323s] -- Up-to-date: /home/alexander/moveit2_ws/install/moveit_setup_framework/share/moveit_setup_framework/cmake/moveit_setup_frameworkTargetsExport.cmake
[0.323s] -- Up-to-date: /home/alexander/moveit2_ws/install/moveit_setup_framework/share/moveit_setup_framework/cmake/moveit_setup_frameworkTargetsExport-release.cmake
[0.323s] -- Up-to-date: /home/alexander/moveit2_ws/install/moveit_setup_framework/share/moveit_setup_framework/cmake/ament_cmake_export_targets-extras.cmake
[0.323s] -- Up-to-date: /home/alexander/moveit2_ws/install/moveit_setup_framework/share/moveit_setup_framework/cmake/ament_cmake_export_dependencies-extras.cmake
[0.324s] -- Up-to-date: /home/alexander/moveit2_ws/install/moveit_setup_framework/share/moveit_setup_framework/cmake/moveit_setup_frameworkConfig.cmake
[0.324s] -- Up-to-date: /home/alexander/moveit2_ws/install/moveit_setup_framework/share/moveit_setup_framework/cmake/moveit_setup_frameworkConfig-version.cmake
[0.324s] -- Up-to-date: /home/alexander/moveit2_ws/install/moveit_setup_framework/share/moveit_setup_framework/package.xml
[0.326s] Invoked command in '/home/alexander/moveit2_ws/build/moveit_setup_framework' returned '0': AMENT_PREFIX_PATH=/home/alexander/moveit2_ws/install/moveit_ros_visualization:/home/alexander/moveit2_ws/install/moveit_ros_planning_interface:/home/alexander/moveit2_ws/install/moveit_ros_move_group:/home/alexander/moveit2_ws/install/moveit_ros_warehouse:/home/alexander/moveit2_ws/install/moveit_ros_robot_interaction:/home/alexander/moveit2_ws/install/moveit_kinematics:/home/alexander/moveit2_ws/install/moveit_ros_planning:/home/alexander/moveit2_ws/install/moveit_ros_occupancy_map_monitor:/home/alexander/moveit2_ws/install/moveit_core:/home/alexander/moveit2_ws/install/moveit_common:${AMENT_PREFIX_PATH} CMAKE_PREFIX_PATH=/home/alexander/moveit2_ws/install/moveit_ros_visualization:/home/alexander/moveit2_ws/install/moveit_ros_planning_interface:/home/alexander/moveit2_ws/install/moveit_ros_move_group:/home/alexander/moveit2_ws/install/moveit_ros_warehouse:/home/alexander/moveit2_ws/install/moveit_ros_robot_interaction:/home/alexander/moveit2_ws/install/moveit_kinematics:/home/alexander/moveit2_ws/install/moveit_ros_planning:/home/alexander/moveit2_ws/install/moveit_ros_occupancy_map_monitor:/home/alexander/moveit2_ws/install/moveit_core:/home/alexander/moveit2_ws/install/moveit_common:/opt/ros/humble LD_LIBRARY_PATH=/home/alexander/moveit2_ws/install/moveit_ros_visualization/lib:/home/alexander/moveit2_ws/install/moveit_ros_planning_interface/lib:/home/alexander/moveit2_ws/install/moveit_ros_move_group/lib:/home/alexander/moveit2_ws/install/moveit_ros_warehouse/lib:/home/alexander/moveit2_ws/install/moveit_ros_robot_interaction/lib:/home/alexander/moveit2_ws/install/moveit_kinematics/lib:/home/alexander/moveit2_ws/install/moveit_ros_planning/lib:/home/alexander/moveit2_ws/install/moveit_ros_occupancy_map_monitor/lib:/home/alexander/moveit2_ws/install/moveit_core/lib:${LD_LIBRARY_PATH} PATH=/home/alexander/moveit2_ws/install/moveit_core/bin:${PATH} /usr/bin/cmake --install /home/alexander/moveit2_ws/build/moveit_setup_framework
