[0.008s] Invoking command in '/home/alexander/moveit2_ws/build/moveit_planners_stomp': AMENT_PREFIX_PATH=/home/alexander/moveit2_ws/install/moveit_core:/home/alexander/moveit2_ws/install/moveit_common:${AMENT_PREFIX_PATH} CMAKE_PREFIX_PATH=/home/alexander/moveit2_ws/install/moveit_core:/home/alexander/moveit2_ws/install/moveit_common:/opt/ros/humble LD_LIBRARY_PATH=/home/alexander/moveit2_ws/install/moveit_core/lib:${LD_LIBRARY_PATH} PATH=/home/alexander/moveit2_ws/install/moveit_core/bin:${PATH} /usr/bin/cmake --build /home/alexander/moveit2_ws/build/moveit_planners_stomp -- -j14 -l14
[0.054s] [  8%] Built target stomp_moveit_parameters
[0.055s] [ 33%] Built target gtest
[0.055s] [ 41%] Built target gtest_main
[0.072s] [ 58%] Built target test_noise_generator
[0.076s] [ 75%] Built target test_cost_functions
[0.077s] [100%] Built target stomp_moveit_plugin
[0.087s] Invoked command in '/home/alexander/moveit2_ws/build/moveit_planners_stomp' returned '0': AMENT_PREFIX_PATH=/home/alexander/moveit2_ws/install/moveit_core:/home/alexander/moveit2_ws/install/moveit_common:${AMENT_PREFIX_PATH} CMAKE_PREFIX_PATH=/home/alexander/moveit2_ws/install/moveit_core:/home/alexander/moveit2_ws/install/moveit_common:/opt/ros/humble LD_LIBRARY_PATH=/home/alexander/moveit2_ws/install/moveit_core/lib:${LD_LIBRARY_PATH} PATH=/home/alexander/moveit2_ws/install/moveit_core/bin:${PATH} /usr/bin/cmake --build /home/alexander/moveit2_ws/build/moveit_planners_stomp -- -j14 -l14
[0.139s] Invoking command in '/home/alexander/moveit2_ws/build/moveit_planners_stomp': AMENT_PREFIX_PATH=/home/alexander/moveit2_ws/install/moveit_core:/home/alexander/moveit2_ws/install/moveit_common:${AMENT_PREFIX_PATH} CMAKE_PREFIX_PATH=/home/alexander/moveit2_ws/install/moveit_core:/home/alexander/moveit2_ws/install/moveit_common:/opt/ros/humble LD_LIBRARY_PATH=/home/alexander/moveit2_ws/install/moveit_core/lib:${LD_LIBRARY_PATH} PATH=/home/alexander/moveit2_ws/install/moveit_core/bin:${PATH} /usr/bin/cmake --install /home/alexander/moveit2_ws/build/moveit_planners_stomp
[0.144s] -- Install configuration: "Release"
[0.144s] -- Up-to-date: /home/alexander/moveit2_ws/install/moveit_planners_stomp/include/stomp_moveit_parameters
[0.144s] -- Up-to-date: /home/alexander/moveit2_ws/install/moveit_planners_stomp/include/stomp_moveit_parameters/stomp_moveit_parameters.hpp
[0.144s] -- Up-to-date: /home/alexander/moveit2_ws/install/moveit_planners_stomp/share/moveit_planners_stomp/stomp_moveit_plugin_description.xml
[0.144s] -- Up-to-date: /home/alexander/moveit2_ws/install/moveit_planners_stomp/lib/libstomp_moveit_plugin.so
[0.145s] -- Up-to-date: /home/alexander/moveit2_ws/install/moveit_planners_stomp/share/moveit_planners_stomp/environment/library_path.sh
[0.145s] -- Up-to-date: /home/alexander/moveit2_ws/install/moveit_planners_stomp/share/moveit_planners_stomp/environment/library_path.dsv
[0.145s] -- Up-to-date: /home/alexander/moveit2_ws/install/moveit_planners_stomp/share/ament_index/resource_index/package_run_dependencies/moveit_planners_stomp
[0.145s] -- Up-to-date: /home/alexander/moveit2_ws/install/moveit_planners_stomp/share/ament_index/resource_index/parent_prefix_path/moveit_planners_stomp
[0.145s] -- Up-to-date: /home/alexander/moveit2_ws/install/moveit_planners_stomp/share/moveit_planners_stomp/environment/ament_prefix_path.sh
[0.145s] -- Up-to-date: /home/alexander/moveit2_ws/install/moveit_planners_stomp/share/moveit_planners_stomp/environment/ament_prefix_path.dsv
[0.145s] -- Up-to-date: /home/alexander/moveit2_ws/install/moveit_planners_stomp/share/moveit_planners_stomp/environment/path.sh
[0.145s] -- Up-to-date: /home/alexander/moveit2_ws/install/moveit_planners_stomp/share/moveit_planners_stomp/environment/path.dsv
[0.145s] -- Up-to-date: /home/alexander/moveit2_ws/install/moveit_planners_stomp/share/moveit_planners_stomp/local_setup.bash
[0.145s] -- Up-to-date: /home/alexander/moveit2_ws/install/moveit_planners_stomp/share/moveit_planners_stomp/local_setup.sh
[0.145s] -- Up-to-date: /home/alexander/moveit2_ws/install/moveit_planners_stomp/share/moveit_planners_stomp/local_setup.zsh
[0.145s] -- Up-to-date: /home/alexander/moveit2_ws/install/moveit_planners_stomp/share/moveit_planners_stomp/local_setup.dsv
[0.146s] -- Installing: /home/alexander/moveit2_ws/install/moveit_planners_stomp/share/moveit_planners_stomp/package.dsv
[0.146s] -- Up-to-date: /home/alexander/moveit2_ws/install/moveit_planners_stomp/share/ament_index/resource_index/packages/moveit_planners_stomp
[0.146s] -- Up-to-date: /home/alexander/moveit2_ws/install/moveit_planners_stomp/share/ament_index/resource_index/moveit_core__pluginlib__plugin/moveit_planners_stomp
[0.146s] -- Up-to-date: /home/alexander/moveit2_ws/install/moveit_planners_stomp/share/moveit_planners_stomp/cmake/moveit_planners_stompTargetsExport.cmake
[0.146s] -- Up-to-date: /home/alexander/moveit2_ws/install/moveit_planners_stomp/share/moveit_planners_stomp/cmake/moveit_planners_stompTargetsExport-release.cmake
[0.146s] -- Up-to-date: /home/alexander/moveit2_ws/install/moveit_planners_stomp/share/moveit_planners_stomp/cmake/ament_cmake_export_targets-extras.cmake
[0.146s] -- Up-to-date: /home/alexander/moveit2_ws/install/moveit_planners_stomp/share/moveit_planners_stomp/cmake/ament_cmake_export_dependencies-extras.cmake
[0.147s] -- Up-to-date: /home/alexander/moveit2_ws/install/moveit_planners_stomp/share/moveit_planners_stomp/cmake/moveit_planners_stompConfig.cmake
[0.147s] -- Up-to-date: /home/alexander/moveit2_ws/install/moveit_planners_stomp/share/moveit_planners_stomp/cmake/moveit_planners_stompConfig-version.cmake
[0.147s] -- Up-to-date: /home/alexander/moveit2_ws/install/moveit_planners_stomp/share/moveit_planners_stomp/package.xml
[0.149s] Invoked command in '/home/alexander/moveit2_ws/build/moveit_planners_stomp' returned '0': AMENT_PREFIX_PATH=/home/alexander/moveit2_ws/install/moveit_core:/home/alexander/moveit2_ws/install/moveit_common:${AMENT_PREFIX_PATH} CMAKE_PREFIX_PATH=/home/alexander/moveit2_ws/install/moveit_core:/home/alexander/moveit2_ws/install/moveit_common:/opt/ros/humble LD_LIBRARY_PATH=/home/alexander/moveit2_ws/install/moveit_core/lib:${LD_LIBRARY_PATH} PATH=/home/alexander/moveit2_ws/install/moveit_core/bin:${PATH} /usr/bin/cmake --install /home/alexander/moveit2_ws/build/moveit_planners_stomp
