[0.463s] Invoking command in '/home/alexander/moveit2_ws/src/moveit2-main/moveit_configs_utils': PYTHONPATH=/home/alexander/moveit2_ws/build/moveit_configs_utils/prefix_override:/home/alexander/moveit2_ws/install/moveit_configs_utils/lib/python3.10/site-packages:${PYTHONPATH} /usr/bin/python3 -W ignore:setup.py install is deprecated setup.py egg_info --egg-base ../../../build/moveit_configs_utils build --build-base /home/alexander/moveit2_ws/build/moveit_configs_utils/build install --record /home/alexander/moveit2_ws/build/moveit_configs_utils/install.log --single-version-externally-managed install_data
[0.633s] running egg_info
[0.633s] writing ../../../build/moveit_configs_utils/moveit_configs_utils.egg-info/PKG-INFO
[0.634s] writing dependency_links to ../../../build/moveit_configs_utils/moveit_configs_utils.egg-info/dependency_links.txt
[0.634s] writing entry points to ../../../build/moveit_configs_utils/moveit_configs_utils.egg-info/entry_points.txt
[0.634s] writing requirements to ../../../build/moveit_configs_utils/moveit_configs_utils.egg-info/requires.txt
[0.634s] writing top-level names to ../../../build/moveit_configs_utils/moveit_configs_utils.egg-info/top_level.txt
[0.636s] reading manifest file '../../../build/moveit_configs_utils/moveit_configs_utils.egg-info/SOURCES.txt'
[0.636s] writing manifest file '../../../build/moveit_configs_utils/moveit_configs_utils.egg-info/SOURCES.txt'
[0.636s] running build
[0.637s] running build_py
[0.637s] running install
[0.637s] running install_lib
[0.640s] running install_data
[0.640s] running install_egg_info
[0.642s] removing '/home/alexander/moveit2_ws/install/moveit_configs_utils/lib/python3.10/site-packages/moveit_configs_utils-2.9.0-py3.10.egg-info' (and everything under it)
[0.642s] Copying ../../../build/moveit_configs_utils/moveit_configs_utils.egg-info to /home/alexander/moveit2_ws/install/moveit_configs_utils/lib/python3.10/site-packages/moveit_configs_utils-2.9.0-py3.10.egg-info
[0.642s] running install_scripts
[0.656s] writing list of installed files to '/home/alexander/moveit2_ws/build/moveit_configs_utils/install.log'
[0.678s] Invoked command in '/home/alexander/moveit2_ws/src/moveit2-main/moveit_configs_utils' returned '0': PYTHONPATH=/home/alexander/moveit2_ws/build/moveit_configs_utils/prefix_override:/home/alexander/moveit2_ws/install/moveit_configs_utils/lib/python3.10/site-packages:${PYTHONPATH} /usr/bin/python3 -W ignore:setup.py install is deprecated setup.py egg_info --egg-base ../../../build/moveit_configs_utils build --build-base /home/alexander/moveit2_ws/build/moveit_configs_utils/build install --record /home/alexander/moveit2_ws/build/moveit_configs_utils/install.log --single-version-externally-managed install_data
