[  3%] [34m[1mAutomatic MOC for target gtest_main[0m
[  6%] [34m[1mAutomatic MOC for target gtest[0m
[  9%] [34m[1mAutomatic MOC for target moveit_setup_controllers[0m
[  9%] Built target gtest_main_autogen
[  9%] Built target moveit_setup_controllers_autogen
[  9%] Built target gtest_autogen
[35m[1mConsolidate compiler generated dependencies of target gtest_main[0m
[35m[1mConsolidate compiler generated dependencies of target gtest[0m
[35m[1mConsolidate compiler generated dependencies of target moveit_setup_controllers[0m
[ 18%] Built target gtest_main
[ 21%] [32mBuilding CXX object CMakeFiles/moveit_setup_controllers.dir/src/control_xacro_config.cpp.o[0m
[ 24%] [32mBuilding CXX object CMakeFiles/moveit_setup_controllers.dir/src/controller_edit_widget.cpp.o[0m
[ 27%] [32mBuilding CXX object CMakeFiles/moveit_setup_controllers.dir/src/controllers.cpp.o[0m
[ 33%] [32m[1mLinking CXX static library libgtest.a[0m
[ 33%] [32mBuilding CXX object CMakeFiles/moveit_setup_controllers.dir/src/controllers_widget.cpp.o[0m
[ 36%] [32mBuilding CXX object CMakeFiles/moveit_setup_controllers.dir/src/moveit_controllers_widget.cpp.o[0m
[ 39%] [32mBuilding CXX object CMakeFiles/moveit_setup_controllers.dir/src/controllers_config.cpp.o[0m
[ 42%] [32mBuilding CXX object CMakeFiles/moveit_setup_controllers.dir/src/moveit_controllers_config.cpp.o[0m
[ 45%] [32mBuilding CXX object CMakeFiles/moveit_setup_controllers.dir/src/ros2_controllers_widget.cpp.o[0m
[ 48%] [32mBuilding CXX object CMakeFiles/moveit_setup_controllers.dir/src/ros2_controllers_config.cpp.o[0m
[ 51%] [32mBuilding CXX object CMakeFiles/moveit_setup_controllers.dir/src/urdf_modifications_widget.cpp.o[0m
[ 54%] [32mBuilding CXX object CMakeFiles/moveit_setup_controllers.dir/include/moveit_setup_controllers/moc_controllers_widget.cpp.o[0m
[ 57%] [32mBuilding CXX object CMakeFiles/moveit_setup_controllers.dir/src/urdf_modifications.cpp.o[0m
[ 60%] [32mBuilding CXX object CMakeFiles/moveit_setup_controllers.dir/include/moveit_setup_controllers/moc_controller_edit_widget.cpp.o[0m
[ 66%] Built target gtest
[ 69%] [32mBuilding CXX object CMakeFiles/moveit_setup_controllers.dir/include/moveit_setup_controllers/moc_urdf_modifications_widget.cpp.o[0m
gmake[2]: *** [CMakeFiles/moveit_setup_controllers.dir/build.make:284: CMakeFiles/moveit_setup_controllers.dir/include/moveit_setup_controllers/moc_controllers_widget.cpp.o] Interrupt
gmake[2]: *** [CMakeFiles/moveit_setup_controllers.dir/build.make:186: CMakeFiles/moveit_setup_controllers.dir/src/moveit_controllers_config.cpp.o] Interrupt
gmake[2]: *** [CMakeFiles/moveit_setup_controllers.dir/build.make:242: CMakeFiles/moveit_setup_controllers.dir/src/urdf_modifications.cpp.o] Interrupt
gmake[2]: *** [CMakeFiles/moveit_setup_controllers.dir/build.make:270: CMakeFiles/moveit_setup_controllers.dir/include/moveit_setup_controllers/moc_controller_edit_widget.cpp.o] Interrupt
gmake[2]: *** [CMakeFiles/moveit_setup_controllers.dir/build.make:298: CMakeFiles/moveit_setup_controllers.dir/include/moveit_setup_controllers/moc_urdf_modifications_widget.cpp.o] Interrupt
gmake[2]: *** [CMakeFiles/moveit_setup_controllers.dir/build.make:102: CMakeFiles/moveit_setup_controllers.dir/src/control_xacro_config.cpp.o] Interrupt
gmake[2]: *** [CMakeFiles/moveit_setup_controllers.dir/build.make:256: CMakeFiles/moveit_setup_controllers.dir/src/urdf_modifications_widget.cpp.o] Interrupt
gmake[2]: *** [CMakeFiles/moveit_setup_controllers.dir/build.make:214: CMakeFiles/moveit_setup_controllers.dir/src/ros2_controllers_config.cpp.o] Interrupt
gmake[2]: *** [CMakeFiles/moveit_setup_controllers.dir/build.make:228: CMakeFiles/moveit_setup_controllers.dir/src/ros2_controllers_widget.cpp.o] Interrupt
gmake[2]: *** [CMakeFiles/moveit_setup_controllers.dir/build.make:200: CMakeFiles/moveit_setup_controllers.dir/src/moveit_controllers_widget.cpp.o] Interrupt
gmake[2]: *** [CMakeFiles/moveit_setup_controllers.dir/build.make:130: CMakeFiles/moveit_setup_controllers.dir/src/controllers.cpp.o] Interrupt
gmake[2]: *** [CMakeFiles/moveit_setup_controllers.dir/build.make:116: CMakeFiles/moveit_setup_controllers.dir/src/controller_edit_widget.cpp.o] Interrupt
gmake[2]: *** [CMakeFiles/moveit_setup_controllers.dir/build.make:158: CMakeFiles/moveit_setup_controllers.dir/src/controllers_config.cpp.o] Interrupt
gmake[2]: *** wait: No child processes.  Stop.
gmake[2]: *** Waiting for unfinished jobs....
gmake[2]: *** wait: No child processes.  Stop.
gmake[1]: *** [CMakeFiles/Makefile2:161: CMakeFiles/moveit_setup_controllers.dir/all] Error 2
gmake: *** [Makefile:146: all] Interrupt
