[0.040s] Invoking command in '/home/alexander/moveit2_ws/build/moveit_setup_controllers': AMENT_PREFIX_PATH=/home/alexander/moveit2_ws/install/moveit_setup_framework:/home/alexander/moveit2_ws/install/moveit_ros_visualization:/home/alexander/moveit2_ws/install/moveit_ros_planning_interface:/home/alexander/moveit2_ws/install/moveit_ros_move_group:/home/alexander/moveit2_ws/install/moveit_ros_warehouse:/home/alexander/moveit2_ws/install/moveit_ros_robot_interaction:/home/alexander/moveit2_ws/install/moveit_kinematics:/home/alexander/moveit2_ws/install/moveit_ros_planning:/home/alexander/moveit2_ws/install/moveit_ros_occupancy_map_monitor:/home/alexander/moveit2_ws/install/moveit_core:/home/alexander/moveit2_ws/install/moveit_configs_utils:/home/alexander/moveit2_ws/install/moveit_common:${AMENT_PREFIX_PATH} CMAKE_PREFIX_PATH=/home/alexander/moveit2_ws/install/moveit_setup_framework:/home/alexander/moveit2_ws/install/moveit_ros_visualization:/home/alexander/moveit2_ws/install/moveit_ros_planning_interface:/home/alexander/moveit2_ws/install/moveit_ros_move_group:/home/alexander/moveit2_ws/install/moveit_ros_warehouse:/home/alexander/moveit2_ws/install/moveit_ros_robot_interaction:/home/alexander/moveit2_ws/install/moveit_kinematics:/home/alexander/moveit2_ws/install/moveit_ros_planning:/home/alexander/moveit2_ws/install/moveit_ros_occupancy_map_monitor:/home/alexander/moveit2_ws/install/moveit_core:/home/alexander/moveit2_ws/install/moveit_common:/opt/ros/humble LD_LIBRARY_PATH=/home/alexander/moveit2_ws/install/moveit_setup_framework/lib:/home/alexander/moveit2_ws/install/moveit_ros_visualization/lib:/home/alexander/moveit2_ws/install/moveit_ros_planning_interface/lib:/home/alexander/moveit2_ws/install/moveit_ros_move_group/lib:/home/alexander/moveit2_ws/install/moveit_ros_warehouse/lib:/home/alexander/moveit2_ws/install/moveit_ros_robot_interaction/lib:/home/alexander/moveit2_ws/install/moveit_kinematics/lib:/home/alexander/moveit2_ws/install/moveit_ros_planning/lib:/home/alexander/moveit2_ws/install/moveit_ros_occupancy_map_monitor/lib:/home/alexander/moveit2_ws/install/moveit_core/lib:${LD_LIBRARY_PATH} PATH=/home/alexander/moveit2_ws/install/moveit_core/bin:${PATH} PYTHONPATH=/home/alexander/moveit2_ws/install/moveit_configs_utils/lib/python3.10/site-packages:${PYTHONPATH} /usr/bin/cmake --build /home/alexander/moveit2_ws/build/moveit_setup_controllers -- -j14 -l14
[0.189s] [  3%] [34m[1mAutomatic MOC for target gtest_main[0m
[0.206s] [  6%] [34m[1mAutomatic MOC for target gtest[0m
[0.207s] [  9%] [34m[1mAutomatic MOC for target moveit_setup_controllers[0m
[0.258s] [  9%] Built target gtest_main_autogen
[0.288s] [  9%] Built target moveit_setup_controllers_autogen
[0.305s] [  9%] Built target gtest_autogen
[0.396s] [35m[1mConsolidate compiler generated dependencies of target gtest_main[0m
[0.409s] [35m[1mConsolidate compiler generated dependencies of target gtest[0m
[0.482s] [35m[1mConsolidate compiler generated dependencies of target moveit_setup_controllers[0m
[0.540s] [ 18%] Built target gtest_main
[0.588s] [ 21%] [32mBuilding CXX object CMakeFiles/moveit_setup_controllers.dir/src/control_xacro_config.cpp.o[0m
[0.606s] [ 24%] [32mBuilding CXX object CMakeFiles/moveit_setup_controllers.dir/src/controller_edit_widget.cpp.o[0m
[0.627s] [ 27%] [32mBuilding CXX object CMakeFiles/moveit_setup_controllers.dir/src/controllers.cpp.o[0m
[0.645s] [ 33%] [32m[1mLinking CXX static library libgtest.a[0m
[0.645s] [ 33%] [32mBuilding CXX object CMakeFiles/moveit_setup_controllers.dir/src/controllers_widget.cpp.o[0m
[0.663s] [ 36%] [32mBuilding CXX object CMakeFiles/moveit_setup_controllers.dir/src/moveit_controllers_widget.cpp.o[0m
[0.748s] [ 39%] [32mBuilding CXX object CMakeFiles/moveit_setup_controllers.dir/src/controllers_config.cpp.o[0m
[0.755s] [ 42%] [32mBuilding CXX object CMakeFiles/moveit_setup_controllers.dir/src/moveit_controllers_config.cpp.o[0m
[0.764s] [ 45%] [32mBuilding CXX object CMakeFiles/moveit_setup_controllers.dir/src/ros2_controllers_widget.cpp.o[0m
[0.772s] [ 48%] [32mBuilding CXX object CMakeFiles/moveit_setup_controllers.dir/src/ros2_controllers_config.cpp.o[0m
[0.828s] [ 51%] [32mBuilding CXX object CMakeFiles/moveit_setup_controllers.dir/src/urdf_modifications_widget.cpp.o[0m
[0.849s] [ 54%] [32mBuilding CXX object CMakeFiles/moveit_setup_controllers.dir/include/moveit_setup_controllers/moc_controllers_widget.cpp.o[0m
[0.877s] [ 57%] [32mBuilding CXX object CMakeFiles/moveit_setup_controllers.dir/src/urdf_modifications.cpp.o[0m
[1.011s] [ 60%] [32mBuilding CXX object CMakeFiles/moveit_setup_controllers.dir/include/moveit_setup_controllers/moc_controller_edit_widget.cpp.o[0m
[6.355s] [ 66%] Built target gtest
[6.527s] [ 69%] [32mBuilding CXX object CMakeFiles/moveit_setup_controllers.dir/include/moveit_setup_controllers/moc_urdf_modifications_widget.cpp.o[0m
[15.248s] gmake[2]: *** [CMakeFiles/moveit_setup_controllers.dir/build.make:284: CMakeFiles/moveit_setup_controllers.dir/include/moveit_setup_controllers/moc_controllers_widget.cpp.o] Interrupt
[15.249s] gmake[2]: *** [CMakeFiles/moveit_setup_controllers.dir/build.make:186: CMakeFiles/moveit_setup_controllers.dir/src/moveit_controllers_config.cpp.o] Interrupt
[15.249s] gmake[2]: *** [CMakeFiles/moveit_setup_controllers.dir/build.make:242: CMakeFiles/moveit_setup_controllers.dir/src/urdf_modifications.cpp.o] Interrupt
[15.256s] gmake[2]: *** [CMakeFiles/moveit_setup_controllers.dir/build.make:270: CMakeFiles/moveit_setup_controllers.dir/include/moveit_setup_controllers/moc_controller_edit_widget.cpp.o] Interrupt
[15.257s] gmake[2]: *** [CMakeFiles/moveit_setup_controllers.dir/build.make:298: CMakeFiles/moveit_setup_controllers.dir/include/moveit_setup_controllers/moc_urdf_modifications_widget.cpp.o] Interrupt
[15.261s] gmake[2]: *** [CMakeFiles/moveit_setup_controllers.dir/build.make:102: CMakeFiles/moveit_setup_controllers.dir/src/control_xacro_config.cpp.o] Interrupt
[15.263s] gmake[2]: *** [CMakeFiles/moveit_setup_controllers.dir/build.make:256: CMakeFiles/moveit_setup_controllers.dir/src/urdf_modifications_widget.cpp.o] Interrupt
[15.263s] gmake[2]: *** [CMakeFiles/moveit_setup_controllers.dir/build.make:214: CMakeFiles/moveit_setup_controllers.dir/src/ros2_controllers_config.cpp.o] Interrupt
[15.263s] gmake[2]: *** [CMakeFiles/moveit_setup_controllers.dir/build.make:228: CMakeFiles/moveit_setup_controllers.dir/src/ros2_controllers_widget.cpp.o] Interrupt
[15.263s] gmake[2]: *** [CMakeFiles/moveit_setup_controllers.dir/build.make:200: CMakeFiles/moveit_setup_controllers.dir/src/moveit_controllers_widget.cpp.o] Interrupt
[15.271s] gmake[2]: *** [CMakeFiles/moveit_setup_controllers.dir/build.make:130: CMakeFiles/moveit_setup_controllers.dir/src/controllers.cpp.o] Interrupt
[15.271s] gmake[2]: *** [CMakeFiles/moveit_setup_controllers.dir/build.make:116: CMakeFiles/moveit_setup_controllers.dir/src/controller_edit_widget.cpp.o] Interrupt
[15.271s] gmake[2]: *** [CMakeFiles/moveit_setup_controllers.dir/build.make:158: CMakeFiles/moveit_setup_controllers.dir/src/controllers_config.cpp.o] Interrupt
[15.272s] gmake[2]: *** wait: No child processes.  Stop.
[15.272s] gmake[2]: *** Waiting for unfinished jobs....
[15.272s] gmake[2]: *** wait: No child processes.  Stop.
[15.274s] gmake[1]: *** [CMakeFiles/Makefile2:161: CMakeFiles/moveit_setup_controllers.dir/all] Error 2
[15.274s] gmake: *** [Makefile:146: all] Interrupt
[15.293s] Invoked command in '/home/alexander/moveit2_ws/build/moveit_setup_controllers' returned '-2': AMENT_PREFIX_PATH=/home/alexander/moveit2_ws/install/moveit_setup_framework:/home/alexander/moveit2_ws/install/moveit_ros_visualization:/home/alexander/moveit2_ws/install/moveit_ros_planning_interface:/home/alexander/moveit2_ws/install/moveit_ros_move_group:/home/alexander/moveit2_ws/install/moveit_ros_warehouse:/home/alexander/moveit2_ws/install/moveit_ros_robot_interaction:/home/alexander/moveit2_ws/install/moveit_kinematics:/home/alexander/moveit2_ws/install/moveit_ros_planning:/home/alexander/moveit2_ws/install/moveit_ros_occupancy_map_monitor:/home/alexander/moveit2_ws/install/moveit_core:/home/alexander/moveit2_ws/install/moveit_configs_utils:/home/alexander/moveit2_ws/install/moveit_common:${AMENT_PREFIX_PATH} CMAKE_PREFIX_PATH=/home/alexander/moveit2_ws/install/moveit_setup_framework:/home/alexander/moveit2_ws/install/moveit_ros_visualization:/home/alexander/moveit2_ws/install/moveit_ros_planning_interface:/home/alexander/moveit2_ws/install/moveit_ros_move_group:/home/alexander/moveit2_ws/install/moveit_ros_warehouse:/home/alexander/moveit2_ws/install/moveit_ros_robot_interaction:/home/alexander/moveit2_ws/install/moveit_kinematics:/home/alexander/moveit2_ws/install/moveit_ros_planning:/home/alexander/moveit2_ws/install/moveit_ros_occupancy_map_monitor:/home/alexander/moveit2_ws/install/moveit_core:/home/alexander/moveit2_ws/install/moveit_common:/opt/ros/humble LD_LIBRARY_PATH=/home/alexander/moveit2_ws/install/moveit_setup_framework/lib:/home/alexander/moveit2_ws/install/moveit_ros_visualization/lib:/home/alexander/moveit2_ws/install/moveit_ros_planning_interface/lib:/home/alexander/moveit2_ws/install/moveit_ros_move_group/lib:/home/alexander/moveit2_ws/install/moveit_ros_warehouse/lib:/home/alexander/moveit2_ws/install/moveit_ros_robot_interaction/lib:/home/alexander/moveit2_ws/install/moveit_kinematics/lib:/home/alexander/moveit2_ws/install/moveit_ros_planning/lib:/home/alexander/moveit2_ws/install/moveit_ros_occupancy_map_monitor/lib:/home/alexander/moveit2_ws/install/moveit_core/lib:${LD_LIBRARY_PATH} PATH=/home/alexander/moveit2_ws/install/moveit_core/bin:${PATH} PYTHONPATH=/home/alexander/moveit2_ws/install/moveit_configs_utils/lib/python3.10/site-packages:${PYTHONPATH} /usr/bin/cmake --build /home/alexander/moveit2_ws/build/moveit_setup_controllers -- -j14 -l14
