[0.291s] Invoking command in '/home/alexander/moveit2_ws/build/arduinobot_description': CMAKE_PREFIX_PATH=${CMAKE_PREFIX_PATH}:/home/alexander/moveit2_ws/install/moveit_configs_utils:/home/alexander/ws_moveit/install/moveit_configs_utils:/opt/ros/humble /usr/bin/cmake /home/alexander/moveit2_ws/src/arduinobot_description -DCMAKE_BUILD_TYPE=Release -DCMAKE_INSTALL_PREFIX=/home/alexander/moveit2_ws/install/arduinobot_description
[0.364s] -- The C compiler identification is GNU 11.4.0
[0.425s] -- The CXX compiler identification is GNU 11.4.0
[0.437s] -- Detecting C compiler ABI info
[0.551s] -- Detecting C compiler ABI info - done
[0.551s] -- Check for working C compiler: /usr/bin/cc - skipped
[0.551s] -- Detecting C compile features
[0.551s] -- Detecting C compile features - done
[0.551s] -- Detecting CXX compiler ABI info
[0.676s] -- Detecting CXX compiler ABI info - done
[0.676s] -- Check for working CXX compiler: /usr/bin/c++ - skipped
[0.676s] -- Detecting CXX compile features
[0.676s] -- Detecting CXX compile features - done
[0.685s] -- Found ament_cmake: 1.3.8 (/opt/ros/humble/share/ament_cmake/cmake)
[0.923s] -- Found Python3: /usr/bin/python3 (found version "3.10.12") found components: Interpreter 
[1.112s] -- Found ament_lint_auto: 0.12.10 (/opt/ros/humble/share/ament_lint_auto/cmake)
[1.220s] -- Added test 'lint_cmake' to check CMake code style
[1.229s] -- Added test 'xmllint' to check XML markup files
[1.229s] -- Configuring done
[1.233s] -- Generating done
[1.235s] -- Build files have been written to: /home/alexander/moveit2_ws/build/arduinobot_description
[1.240s] Invoked command in '/home/alexander/moveit2_ws/build/arduinobot_description' returned '0': CMAKE_PREFIX_PATH=${CMAKE_PREFIX_PATH}:/home/alexander/moveit2_ws/install/moveit_configs_utils:/home/alexander/ws_moveit/install/moveit_configs_utils:/opt/ros/humble /usr/bin/cmake /home/alexander/moveit2_ws/src/arduinobot_description -DCMAKE_BUILD_TYPE=Release -DCMAKE_INSTALL_PREFIX=/home/alexander/moveit2_ws/install/arduinobot_description
[1.241s] Invoking command in '/home/alexander/moveit2_ws/build/arduinobot_description': CMAKE_PREFIX_PATH=${CMAKE_PREFIX_PATH}:/home/alexander/moveit2_ws/install/moveit_configs_utils:/home/alexander/ws_moveit/install/moveit_configs_utils:/opt/ros/humble /usr/bin/cmake --build /home/alexander/moveit2_ws/build/arduinobot_description -- -j14 -l14
[1.303s] Invoked command in '/home/alexander/moveit2_ws/build/arduinobot_description' returned '0': CMAKE_PREFIX_PATH=${CMAKE_PREFIX_PATH}:/home/alexander/moveit2_ws/install/moveit_configs_utils:/home/alexander/ws_moveit/install/moveit_configs_utils:/opt/ros/humble /usr/bin/cmake --build /home/alexander/moveit2_ws/build/arduinobot_description -- -j14 -l14
[1.350s] Invoking command in '/home/alexander/moveit2_ws/build/arduinobot_description': CMAKE_PREFIX_PATH=${CMAKE_PREFIX_PATH}:/home/alexander/moveit2_ws/install/moveit_configs_utils:/home/alexander/ws_moveit/install/moveit_configs_utils:/opt/ros/humble /usr/bin/cmake --install /home/alexander/moveit2_ws/build/arduinobot_description
[1.357s] -- Install configuration: "Release"
[1.358s] -- Installing: /home/alexander/moveit2_ws/install/arduinobot_description/share/arduinobot_description/meshes
[1.358s] -- Installing: /home/alexander/moveit2_ws/install/arduinobot_description/share/arduinobot_description/meshes/arduinobot_meshes.zip
[1.358s] -- Installing: /home/alexander/moveit2_ws/install/arduinobot_description/share/arduinobot_description/meshes/arduinobot_meshes.zip/STL Gazebo
[1.358s] -- Installing: /home/alexander/moveit2_ws/install/arduinobot_description/share/arduinobot_description/meshes/arduinobot_meshes.zip/STL Gazebo/link.STL
[1.359s] -- Installing: /home/alexander/moveit2_ws/install/arduinobot_description/share/arduinobot_description/meshes/arduinobot_meshes.zip/STL Gazebo/triangular_link.STL
[1.360s] -- Installing: /home/alexander/moveit2_ws/install/arduinobot_description/share/arduinobot_description/meshes/arduinobot_meshes.zip/STL Gazebo/plate.STL
[1.367s] -- Installing: /home/alexander/moveit2_ws/install/arduinobot_description/share/arduinobot_description/meshes/arduinobot_meshes.zip/STL Gazebo/claw_support.STL
[1.367s] -- Installing: /home/alexander/moveit2_ws/install/arduinobot_description/share/arduinobot_description/meshes/arduinobot_meshes.zip/STL Gazebo/horizontal_arm.STL
[1.370s] -- Installing: /home/alexander/moveit2_ws/install/arduinobot_description/share/arduinobot_description/meshes/arduinobot_meshes.zip/STL Gazebo/vertical_drive_arm.STL
[1.371s] -- Installing: /home/alexander/moveit2_ws/install/arduinobot_description/share/arduinobot_description/meshes/arduinobot_meshes.zip/STL Gazebo/left_finger.STL
[1.371s] -- Installing: /home/alexander/moveit2_ws/install/arduinobot_description/share/arduinobot_description/meshes/arduinobot_meshes.zip/STL Gazebo/round_plate.STL
[1.371s] -- Installing: /home/alexander/moveit2_ws/install/arduinobot_description/share/arduinobot_description/meshes/arduinobot_meshes.zip/STL Gazebo/basement.STL
[1.372s] -- Installing: /home/alexander/moveit2_ws/install/arduinobot_description/share/arduinobot_description/meshes/arduinobot_meshes.zip/STL Gazebo/base_plate.STL
[1.375s] -- Installing: /home/alexander/moveit2_ws/install/arduinobot_description/share/arduinobot_description/meshes/arduinobot_meshes.zip/STL Gazebo/right_finger.STL
[1.375s] -- Installing: /home/alexander/moveit2_ws/install/arduinobot_description/share/arduinobot_description/meshes/arduinobot_meshes.zip/STL Gazebo/servo_plate.STL
[1.376s] -- Installing: /home/alexander/moveit2_ws/install/arduinobot_description/share/arduinobot_description/meshes/arduinobot_meshes.zip/STL Gazebo/forward_drive_arm.STL
[1.379s] -- Installing: /home/alexander/moveit2_ws/install/arduinobot_description/share/arduinobot_description/meshes/link.STL
[1.380s] -- Installing: /home/alexander/moveit2_ws/install/arduinobot_description/share/arduinobot_description/meshes/arduinobot_meshes.zip.zip
[1.385s] -- Installing: /home/alexander/moveit2_ws/install/arduinobot_description/share/arduinobot_description/meshes/triangular_link.STL
[1.386s] -- Installing: /home/alexander/moveit2_ws/install/arduinobot_description/share/arduinobot_description/meshes/plate.STL
[1.389s] -- Installing: /home/alexander/moveit2_ws/install/arduinobot_description/share/arduinobot_description/meshes/claw_support.STL
[1.390s] -- Installing: /home/alexander/moveit2_ws/install/arduinobot_description/share/arduinobot_description/meshes/horizontal_arm.STL
[1.393s] -- Installing: /home/alexander/moveit2_ws/install/arduinobot_description/share/arduinobot_description/meshes/vertical_drive_arm.STL
[1.394s] -- Installing: /home/alexander/moveit2_ws/install/arduinobot_description/share/arduinobot_description/meshes/left_finger.STL
[1.394s] -- Installing: /home/alexander/moveit2_ws/install/arduinobot_description/share/arduinobot_description/meshes/round_plate.STL
[1.395s] -- Installing: /home/alexander/moveit2_ws/install/arduinobot_description/share/arduinobot_description/meshes/basement.STL
[1.396s] -- Installing: /home/alexander/moveit2_ws/install/arduinobot_description/share/arduinobot_description/meshes/base_plate.STL
[1.398s] -- Installing: /home/alexander/moveit2_ws/install/arduinobot_description/share/arduinobot_description/meshes/right_finger.STL
[1.399s] -- Installing: /home/alexander/moveit2_ws/install/arduinobot_description/share/arduinobot_description/meshes/servo_plate.STL
[1.399s] -- Installing: /home/alexander/moveit2_ws/install/arduinobot_description/share/arduinobot_description/meshes/forward_drive_arm.STL
[1.402s] -- Installing: /home/alexander/moveit2_ws/install/arduinobot_description/share/arduinobot_description/urdf
[1.402s] -- Installing: /home/alexander/moveit2_ws/install/arduinobot_description/share/arduinobot_description/urdf/arduinobot_ros2_control.xacro
[1.402s] -- Installing: /home/alexander/moveit2_ws/install/arduinobot_description/share/arduinobot_description/urdf/arduinobot.urdf
[1.402s] -- Installing: /home/alexander/moveit2_ws/install/arduinobot_description/share/arduinobot_description/urdf/arduinobot_gazebo.xacro
[1.402s] -- Installing: /home/alexander/moveit2_ws/install/arduinobot_description/share/arduinobot_description/urdf/arduinobot.urdf.xacro
[1.403s] -- Installing: /home/alexander/moveit2_ws/install/arduinobot_description/share/ament_index/resource_index/package_run_dependencies/arduinobot_description
[1.403s] -- Installing: /home/alexander/moveit2_ws/install/arduinobot_description/share/ament_index/resource_index/parent_prefix_path/arduinobot_description
[1.403s] -- Installing: /home/alexander/moveit2_ws/install/arduinobot_description/share/arduinobot_description/environment/ament_prefix_path.sh
[1.403s] -- Installing: /home/alexander/moveit2_ws/install/arduinobot_description/share/arduinobot_description/environment/ament_prefix_path.dsv
[1.403s] -- Installing: /home/alexander/moveit2_ws/install/arduinobot_description/share/arduinobot_description/environment/path.sh
[1.404s] -- Installing: /home/alexander/moveit2_ws/install/arduinobot_description/share/arduinobot_description/environment/path.dsv
[1.404s] -- Installing: /home/alexander/moveit2_ws/install/arduinobot_description/share/arduinobot_description/local_setup.bash
[1.404s] -- Installing: /home/alexander/moveit2_ws/install/arduinobot_description/share/arduinobot_description/local_setup.sh
[1.404s] -- Installing: /home/alexander/moveit2_ws/install/arduinobot_description/share/arduinobot_description/local_setup.zsh
[1.404s] -- Installing: /home/alexander/moveit2_ws/install/arduinobot_description/share/arduinobot_description/local_setup.dsv
[1.404s] -- Installing: /home/alexander/moveit2_ws/install/arduinobot_description/share/arduinobot_description/package.dsv
[1.404s] -- Installing: /home/alexander/moveit2_ws/install/arduinobot_description/share/ament_index/resource_index/packages/arduinobot_description
[1.404s] -- Installing: /home/alexander/moveit2_ws/install/arduinobot_description/share/arduinobot_description/cmake/arduinobot_descriptionConfig.cmake
[1.404s] -- Installing: /home/alexander/moveit2_ws/install/arduinobot_description/share/arduinobot_description/cmake/arduinobot_descriptionConfig-version.cmake
[1.404s] -- Installing: /home/alexander/moveit2_ws/install/arduinobot_description/share/arduinobot_description/package.xml
[1.406s] Invoked command in '/home/alexander/moveit2_ws/build/arduinobot_description' returned '0': CMAKE_PREFIX_PATH=${CMAKE_PREFIX_PATH}:/home/alexander/moveit2_ws/install/moveit_configs_utils:/home/alexander/ws_moveit/install/moveit_configs_utils:/opt/ros/humble /usr/bin/cmake --install /home/alexander/moveit2_ws/build/arduinobot_description
