[0.291s] Invoking command in '/home/alexander/moveit2_ws/build/moveit_resources_prbt_support': CMAKE_PREFIX_PATH=${CMAKE_PREFIX_PATH}:/home/alexander/moveit2_ws/install/moveit_configs_utils:/home/alexander/ws_moveit/install/moveit_configs_utils:/opt/ros/humble /usr/bin/cmake /home/alexander/moveit2_ws/src/moveit2-main/moveit_planners/test_configs/prbt_support -DCMAKE_BUILD_TYPE=Release -DCMAKE_INSTALL_PREFIX=/home/alexander/moveit2_ws/install/moveit_resources_prbt_support
[0.359s] -- The C compiler identification is GNU 11.4.0
[0.439s] -- The CXX compiler identification is GNU 11.4.0
[0.447s] -- Detecting C compiler ABI info
[0.551s] -- Detecting C compiler ABI info - done
[0.556s] -- Check for working C compiler: /usr/bin/cc - skipped
[0.556s] -- Detecting C compile features
[0.556s] -- Detecting C compile features - done
[0.559s] -- Detecting CXX compiler ABI info
[0.674s] -- Detecting CXX compiler ABI info - done
[0.684s] -- Check for working CXX compiler: /usr/bin/c++ - skipped
[0.684s] -- Detecting CXX compile features
[0.684s] -- Detecting CXX compile features - done
[0.692s] -- Found ament_cmake: 1.3.8 (/opt/ros/humble/share/ament_cmake/cmake)
[0.912s] -- Found Python3: /usr/bin/python3 (found version "3.10.12") found components: Interpreter 
[1.166s] -- Configuring done
[1.167s] -- Generating done
[1.168s] -- Build files have been written to: /home/alexander/moveit2_ws/build/moveit_resources_prbt_support
[1.181s] Invoked command in '/home/alexander/moveit2_ws/build/moveit_resources_prbt_support' returned '0': CMAKE_PREFIX_PATH=${CMAKE_PREFIX_PATH}:/home/alexander/moveit2_ws/install/moveit_configs_utils:/home/alexander/ws_moveit/install/moveit_configs_utils:/opt/ros/humble /usr/bin/cmake /home/alexander/moveit2_ws/src/moveit2-main/moveit_planners/test_configs/prbt_support -DCMAKE_BUILD_TYPE=Release -DCMAKE_INSTALL_PREFIX=/home/alexander/moveit2_ws/install/moveit_resources_prbt_support
[1.183s] Invoking command in '/home/alexander/moveit2_ws/build/moveit_resources_prbt_support': CMAKE_PREFIX_PATH=${CMAKE_PREFIX_PATH}:/home/alexander/moveit2_ws/install/moveit_configs_utils:/home/alexander/ws_moveit/install/moveit_configs_utils:/opt/ros/humble /usr/bin/cmake --build /home/alexander/moveit2_ws/build/moveit_resources_prbt_support -- -j14 -l14
[1.240s] Invoked command in '/home/alexander/moveit2_ws/build/moveit_resources_prbt_support' returned '0': CMAKE_PREFIX_PATH=${CMAKE_PREFIX_PATH}:/home/alexander/moveit2_ws/install/moveit_configs_utils:/home/alexander/ws_moveit/install/moveit_configs_utils:/opt/ros/humble /usr/bin/cmake --build /home/alexander/moveit2_ws/build/moveit_resources_prbt_support -- -j14 -l14
[1.285s] Invoking command in '/home/alexander/moveit2_ws/build/moveit_resources_prbt_support': CMAKE_PREFIX_PATH=${CMAKE_PREFIX_PATH}:/home/alexander/moveit2_ws/install/moveit_configs_utils:/home/alexander/ws_moveit/install/moveit_configs_utils:/opt/ros/humble /usr/bin/cmake --install /home/alexander/moveit2_ws/build/moveit_resources_prbt_support
[1.297s] -- Install configuration: "Release"
[1.297s] -- Installing: /home/alexander/moveit2_ws/install/moveit_resources_prbt_support/share/ament_index/resource_index/package_run_dependencies/moveit_resources_prbt_support
[1.297s] -- Installing: /home/alexander/moveit2_ws/install/moveit_resources_prbt_support/share/ament_index/resource_index/parent_prefix_path/moveit_resources_prbt_support
[1.297s] -- Installing: /home/alexander/moveit2_ws/install/moveit_resources_prbt_support/share/moveit_resources_prbt_support/environment/ament_prefix_path.sh
[1.297s] -- Installing: /home/alexander/moveit2_ws/install/moveit_resources_prbt_support/share/moveit_resources_prbt_support/environment/ament_prefix_path.dsv
[1.298s] -- Installing: /home/alexander/moveit2_ws/install/moveit_resources_prbt_support/share/moveit_resources_prbt_support/environment/path.sh
[1.298s] -- Installing: /home/alexander/moveit2_ws/install/moveit_resources_prbt_support/share/moveit_resources_prbt_support/environment/path.dsv
[1.298s] -- Installing: /home/alexander/moveit2_ws/install/moveit_resources_prbt_support/share/moveit_resources_prbt_support/local_setup.bash
[1.298s] -- Installing: /home/alexander/moveit2_ws/install/moveit_resources_prbt_support/share/moveit_resources_prbt_support/local_setup.sh
[1.298s] -- Installing: /home/alexander/moveit2_ws/install/moveit_resources_prbt_support/share/moveit_resources_prbt_support/local_setup.zsh
[1.298s] -- Installing: /home/alexander/moveit2_ws/install/moveit_resources_prbt_support/share/moveit_resources_prbt_support/local_setup.dsv
[1.298s] -- Installing: /home/alexander/moveit2_ws/install/moveit_resources_prbt_support/share/moveit_resources_prbt_support/package.dsv
[1.298s] -- Installing: /home/alexander/moveit2_ws/install/moveit_resources_prbt_support/share/ament_index/resource_index/packages/moveit_resources_prbt_support
[1.298s] -- Installing: /home/alexander/moveit2_ws/install/moveit_resources_prbt_support/share/moveit_resources_prbt_support/cmake/moveit_resources_prbt_supportConfig.cmake
[1.298s] -- Installing: /home/alexander/moveit2_ws/install/moveit_resources_prbt_support/share/moveit_resources_prbt_support/cmake/moveit_resources_prbt_supportConfig-version.cmake
[1.298s] -- Installing: /home/alexander/moveit2_ws/install/moveit_resources_prbt_support/share/moveit_resources_prbt_support/package.xml
[1.298s] -- Installing: /home/alexander/moveit2_ws/install/moveit_resources_prbt_support/share/moveit_resources_prbt_support/urdf
[1.299s] -- Installing: /home/alexander/moveit2_ws/install/moveit_resources_prbt_support/share/moveit_resources_prbt_support/urdf/prbt_macro.xacro
[1.299s] -- Installing: /home/alexander/moveit2_ws/install/moveit_resources_prbt_support/share/moveit_resources_prbt_support/urdf/prbt.ros2_control.xacro
[1.299s] -- Installing: /home/alexander/moveit2_ws/install/moveit_resources_prbt_support/share/moveit_resources_prbt_support/urdf/simple_gripper_brackets.urdf.xacro
[1.299s] -- Installing: /home/alexander/moveit2_ws/install/moveit_resources_prbt_support/share/moveit_resources_prbt_support/urdf/prbt.xacro
[1.299s] -- Installing: /home/alexander/moveit2_ws/install/moveit_resources_prbt_support/share/moveit_resources_prbt_support/meshes
[1.299s] -- Installing: /home/alexander/moveit2_ws/install/moveit_resources_prbt_support/share/moveit_resources_prbt_support/meshes/flange.dae
[1.299s] -- Installing: /home/alexander/moveit2_ws/install/moveit_resources_prbt_support/share/moveit_resources_prbt_support/meshes/flange.stl
[1.299s] -- Installing: /home/alexander/moveit2_ws/install/moveit_resources_prbt_support/share/moveit_resources_prbt_support/meshes/link_1.stl
[1.299s] -- Installing: /home/alexander/moveit2_ws/install/moveit_resources_prbt_support/share/moveit_resources_prbt_support/meshes/link_3.dae
[1.299s] -- Installing: /home/alexander/moveit2_ws/install/moveit_resources_prbt_support/share/moveit_resources_prbt_support/meshes/link_4.stl
[1.299s] -- Installing: /home/alexander/moveit2_ws/install/moveit_resources_prbt_support/share/moveit_resources_prbt_support/meshes/link_2.stl
[1.299s] -- Installing: /home/alexander/moveit2_ws/install/moveit_resources_prbt_support/share/moveit_resources_prbt_support/meshes/link_5.stl
[1.299s] -- Installing: /home/alexander/moveit2_ws/install/moveit_resources_prbt_support/share/moveit_resources_prbt_support/meshes/link_3.stl
[1.299s] -- Installing: /home/alexander/moveit2_ws/install/moveit_resources_prbt_support/share/moveit_resources_prbt_support/meshes/foot.dae
[1.300s] -- Installing: /home/alexander/moveit2_ws/install/moveit_resources_prbt_support/share/moveit_resources_prbt_support/meshes/link_5.dae
[1.301s] -- Installing: /home/alexander/moveit2_ws/install/moveit_resources_prbt_support/share/moveit_resources_prbt_support/meshes/link_1.dae
[1.301s] -- Installing: /home/alexander/moveit2_ws/install/moveit_resources_prbt_support/share/moveit_resources_prbt_support/meshes/foot.stl
[1.301s] -- Installing: /home/alexander/moveit2_ws/install/moveit_resources_prbt_support/share/moveit_resources_prbt_support/meshes/link_4.dae
[1.302s] -- Installing: /home/alexander/moveit2_ws/install/moveit_resources_prbt_support/share/moveit_resources_prbt_support/meshes/link_2.dae
[1.304s] -- Installing: /home/alexander/moveit2_ws/install/moveit_resources_prbt_support/share/moveit_resources_prbt_support/config
[1.304s] -- Installing: /home/alexander/moveit2_ws/install/moveit_resources_prbt_support/share/moveit_resources_prbt_support/config/prbt_0_1.dcf
[1.305s] -- Installing: /home/alexander/moveit2_ws/install/moveit_resources_prbt_support/share/moveit_resources_prbt_support/config/manipulator_controller.yaml
[1.305s] -- Installing: /home/alexander/moveit2_ws/install/moveit_resources_prbt_support/share/moveit_resources_prbt_support/config/manipulator_driver.yaml
[1.311s] Invoked command in '/home/alexander/moveit2_ws/build/moveit_resources_prbt_support' returned '0': CMAKE_PREFIX_PATH=${CMAKE_PREFIX_PATH}:/home/alexander/moveit2_ws/install/moveit_configs_utils:/home/alexander/ws_moveit/install/moveit_configs_utils:/opt/ros/humble /usr/bin/cmake --install /home/alexander/moveit2_ws/build/moveit_resources_prbt_support
