[0.012s] Invoking command in '/home/alexander/moveit2_ws/build/moveit_core': AMENT_PREFIX_PATH=/home/alexander/moveit2_ws/install/moveit_resources_panda_moveit_config:/home/alexander/moveit2_ws/install/moveit_resources_pr2_description:/home/alexander/moveit2_ws/install/moveit_resources_panda_description:${AMENT_PREFIX_PATH} CMAKE_PREFIX_PATH=/home/alexander/moveit2_ws/install/moveit_resources_panda_moveit_config:/home/alexander/moveit2_ws/install/moveit_resources_pr2_description:/home/alexander/moveit2_ws/install/moveit_resources_panda_description:/home/alexander/moveit2_ws/install/moveit_common:/home/alexander/moveit2_ws/install/pilz_industrial_motion_planner_testutils:/home/alexander/moveit2_ws/install/panda_moveit_config:/home/alexander/moveit2_ws/install/moveit_runtime:/home/alexander/moveit2_ws/install/moveit:/home/alexander/moveit2_ws/install/moveit_planners:/home/alexander/moveit2_ws/install/pilz_industrial_motion_planner:/home/alexander/moveit2_ws/install/moveit_ros_control_interface:/home/alexander/moveit2_ws/install/moveit_plugins:/home/alexander/moveit2_ws/install/moveit_simple_controller_manager:/home/alexander/moveit2_ws/install/moveit_setup_assistant:/home/alexander/moveit2_ws/install/moveit_setup_srdf_plugins:/home/alexander/moveit2_ws/install/moveit_setup_core_plugins:/home/alexander/moveit2_ws/install/moveit_setup_controllers:/home/alexander/moveit2_ws/install/moveit_setup_app_plugins:/home/alexander/moveit2_ws/install/moveit_setup_framework:/home/alexander/moveit2_ws/install/moveit_servo:/home/alexander/moveit2_ws/install/moveit_ros:/home/alexander/moveit2_ws/install/moveit_ros_visualization:/home/alexander/moveit2_ws/install/moveit_py:/home/alexander/moveit2_ws/install/moveit_hybrid_planning:/home/alexander/moveit2_ws/install/moveit_ros_planning_interface:/home/alexander/moveit2_ws/install/moveit_ros_benchmarks:/home/alexander/moveit2_ws/install/moveit_ros_warehouse:/home/alexander/moveit2_ws/install/moveit_ros_robot_interaction:/home/alexander/moveit2_ws/install/moveit_ros_perception:/home/alexander/moveit2_ws/install/moveit_resources_prbt_pg70_support:/home/alexander/moveit2_ws/install/moveit_resources_prbt_moveit_config:/home/alexander/moveit2_ws/install/moveit_ros_move_group:/home/alexander/moveit2_ws/install/moveit_planners_ompl:/home/alexander/moveit2_ws/install/moveit_kinematics:/home/alexander/moveit2_ws/install/moveit_ros_planning:/home/alexander/moveit2_ws/install/moveit_ros_occupancy_map_monitor:/home/alexander/moveit2_ws/install/moveit_resources_prbt_support:/home/alexander/moveit2_ws/install/moveit_resources_prbt_ikfast_manipulator_plugin:/home/alexander/moveit2_ws/install/moveit_planners_stomp:/home/alexander/moveit2_ws/install/moveit_planners_chomp:/home/alexander/moveit2_ws/install/chomp_motion_planner:/home/alexander/moveit2_ws/install/moveit_core:/home/alexander/moveit2_ws/install/arduinobot_description:/home/alexander/moveit2_ws/install/moveit_configs_utils:/opt/ros/humble /usr/bin/cmake /home/alexander/moveit2_ws/src/moveit2-main/moveit_core -DCMAKE_INSTALL_PREFIX=/home/alexander/moveit2_ws/install/moveit_core
[0.028s] -- Found moveit_common: 2.9.0 (/home/alexander/moveit2_ws/install/moveit_common/share/moveit_common/cmake)
[0.028s] -- Found ament_cmake: 1.3.8 (/opt/ros/humble/share/ament_cmake/cmake)
[0.204s] -- Could NOT find libbfd (missing: LIBBFD_LIBRARY LIBBFD_INCLUDE_DIR) 
[0.204s] -- BACKWARD_HAS_UNWIND=1
[0.204s] -- BACKWARD_HAS_BACKTRACE=0
[0.204s] -- BACKWARD_HAS_BACKTRACE_SYMBOL=0
[0.204s] -- BACKWARD_HAS_DW=1
[0.204s] -- BACKWARD_HAS_BFD=0
[0.204s] -- Found Backward: /opt/ros/humble/share/backward_ros/cmake  
[0.205s] -- Found angles: 1.15.0 (/opt/ros/humble/share/angles/cmake)
[0.217s] -- Found common_interfaces: 4.2.3 (/opt/ros/humble/share/common_interfaces/cmake)
[0.217s] -- Found eigen_stl_containers: 1.0.0 (/opt/ros/humble/share/eigen_stl_containers/cmake)
[0.218s] -- Found eigen3_cmake_module: 0.1.1 (/opt/ros/humble/share/eigen3_cmake_module/cmake)
[0.220s] -- Found generate_parameter_library: 0.3.8 (/opt/ros/humble/share/generate_parameter_library/cmake)
[0.220s] -- Found parameter_traits: 0.3.8 (/opt/ros/humble/share/parameter_traits/cmake)
[0.236s] -- Found rosidl_generator_c: 3.1.5 (/opt/ros/humble/share/rosidl_generator_c/cmake)
[0.237s] -- Found rosidl_adapter: 3.1.5 (/opt/ros/humble/share/rosidl_adapter/cmake)
[0.240s] -- Found rosidl_generator_cpp: 3.1.5 (/opt/ros/humble/share/rosidl_generator_cpp/cmake)
[0.249s] -- Using all available rosidl_typesupport_c: rosidl_typesupport_fastrtps_c;rosidl_typesupport_introspection_c
[0.261s] -- Using all available rosidl_typesupport_cpp: rosidl_typesupport_fastrtps_cpp;rosidl_typesupport_introspection_cpp
[0.303s] -- Found rmw_implementation_cmake: 6.1.1 (/opt/ros/humble/share/rmw_implementation_cmake/cmake)
[0.305s] -- Found rmw_fastrtps_cpp: 6.2.6 (/opt/ros/humble/share/rmw_fastrtps_cpp/cmake)
[0.403s] -- Using RMW implementation 'rmw_fastrtps_cpp' as default
[0.541s] -- Found rclcpp_lifecycle: 16.0.8 (/opt/ros/humble/share/rclcpp_lifecycle/cmake)
[0.567s] -- Found geometric_shapes: 2.1.3 (/opt/ros/humble/share/geometric_shapes/cmake)
[0.570s] -- Found Boost: /usr/lib/x86_64-linux-gnu/cmake/Boost-1.74.0/BoostConfig.cmake (found version "1.74.0") found components: filesystem 
[0.639s] -- library: /usr/lib/x86_64-linux-gnu/libcurl.so
[0.831s] -- Found kdl_parser: 2.6.4 (/opt/ros/humble/share/kdl_parser/cmake)
[0.833s] -- Ensuring Eigen3 include directory is part of orocos-kdl CMake target
[0.844s] -- Found moveit_msgs: 2.4.0 (/home/alexander/ws_moveit/install/moveit_msgs/share/moveit_msgs/cmake)
[1.270s] -- Found pluginlib: 5.1.0 (/opt/ros/humble/share/pluginlib/cmake)
[1.286s] -- Found srdfdom: 2.0.4 (/opt/ros/humble/share/srdfdom/cmake)
[1.293s] -- Found tf2_eigen: 0.25.6 (/opt/ros/humble/share/tf2_eigen/cmake)
[1.482s] -- Found tf2_geometry_msgs: 0.25.6 (/opt/ros/humble/share/tf2_geometry_msgs/cmake)
[1.489s] -- Found tf2_kdl: 0.25.6 (/opt/ros/humble/share/tf2_kdl/cmake)
[1.514s] -- Found Boost: /usr/lib/x86_64-linux-gnu/cmake/Boost-1.74.0/BoostConfig.cmake (found version "1.74.0") found components: chrono date_time filesystem iostreams program_options regex serialization system thread 
[1.539s] -- Found ament_cmake_gtest: 1.3.8 (/opt/ros/humble/share/ament_cmake_gtest/cmake)
[1.541s] -- Found gtest sources under '/opt/ros/humble/src/gtest_vendor': C++ tests using 'Google Test' will be built
[1.558s] -- Found gtest sources under '/opt/ros/humble/src/gtest_vendor': C++ tests using 'Google Test' will be built
[1.577s] -- Found gtest sources under '/opt/ros/humble/src/gtest_vendor': C++ tests using 'Google Test' will be built
[1.591s] -- Found ament_cmake_gtest: 1.3.8 (/opt/ros/humble/share/ament_cmake_gtest/cmake)
[1.591s] -- Found gtest sources under '/opt/ros/humble/src/gtest_vendor': C++ tests using 'Google Test' will be built
[1.607s] -- Found ament_cmake_gmock: 1.3.8 (/opt/ros/humble/share/ament_cmake_gmock/cmake)
[1.613s] -- Found gmock sources under '/opt/ros/humble/src/gmock_vendor': C++ tests using 'Google Mock' will be built
[1.617s] -- Found ament_cmake_gtest: 1.3.8 (/opt/ros/humble/share/ament_cmake_gtest/cmake)
[1.617s] -- Found gtest sources under '/opt/ros/humble/src/gtest_vendor': C++ tests using 'Google Test' will be built
[1.631s] -- Found ament_cmake_gtest: 1.3.8 (/opt/ros/humble/share/ament_cmake_gtest/cmake)
[1.632s] -- Found gtest sources under '/opt/ros/humble/src/gtest_vendor': C++ tests using 'Google Test' will be built
[1.658s] -- Found ament_cmake_gtest: 1.3.8 (/opt/ros/humble/share/ament_cmake_gtest/cmake)
[1.659s] -- Found gtest sources under '/opt/ros/humble/src/gtest_vendor': C++ tests using 'Google Test' will be built
[1.688s] -- Found ament_cmake_gtest: 1.3.8 (/opt/ros/humble/share/ament_cmake_gtest/cmake)
[1.688s] -- Found gtest sources under '/opt/ros/humble/src/gtest_vendor': C++ tests using 'Google Test' will be built
[1.710s] -- Found ament_cmake_gtest: 1.3.8 (/opt/ros/humble/share/ament_cmake_gtest/cmake)
[1.710s] -- Found gtest sources under '/opt/ros/humble/src/gtest_vendor': C++ tests using 'Google Test' will be built
[1.728s] -- Found ament_cmake_gtest: 1.3.8 (/opt/ros/humble/share/ament_cmake_gtest/cmake)
[1.728s] -- Found gtest sources under '/opt/ros/humble/src/gtest_vendor': C++ tests using 'Google Test' will be built
[1.741s] -- Found ament_cmake_google_benchmark: 1.3.8 (/opt/ros/humble/share/ament_cmake_google_benchmark/cmake)
[1.745s] -- Found ament_cmake_gtest: 1.3.8 (/opt/ros/humble/share/ament_cmake_gtest/cmake)
[1.747s] -- Found gtest sources under '/opt/ros/humble/src/gtest_vendor': C++ tests using 'Google Test' will be built
[1.754s] -- Performance tests are disabled by default, so Google Benchmark tests will be skipped. To enable these tests, set the CMake variable 'AMENT_RUN_PERFORMANCE_TESTS'.
[1.760s] -- Found gtest sources under '/opt/ros/humble/src/gtest_vendor': C++ tests using 'Google Test' will be built
[1.770s] -- Found ament_cmake_google_benchmark: 1.3.8 (/opt/ros/humble/share/ament_cmake_google_benchmark/cmake)
[1.771s] -- Found ament_cmake_gtest: 1.3.8 (/opt/ros/humble/share/ament_cmake_gtest/cmake)
[1.772s] -- Found gtest sources under '/opt/ros/humble/src/gtest_vendor': C++ tests using 'Google Test' will be built
[1.775s] -- Performance tests are disabled by default, so Google Benchmark tests will be skipped. To enable these tests, set the CMake variable 'AMENT_RUN_PERFORMANCE_TESTS'.
[1.787s] -- Found ament_cmake_gtest: 1.3.8 (/opt/ros/humble/share/ament_cmake_gtest/cmake)
[1.788s] -- Found gtest sources under '/opt/ros/humble/src/gtest_vendor': C++ tests using 'Google Test' will be built
[1.808s] -- Found launch_testing_ament_cmake: 1.0.5 (/opt/ros/humble/share/launch_testing_ament_cmake/cmake)
[1.809s] -- Found python_cmake_module: 0.10.0 (/opt/ros/humble/share/python_cmake_module/cmake)
[1.836s] -- Using PYTHON_EXECUTABLE: /usr/bin/python3
[1.836s] -- Using PYTHON_INCLUDE_DIRS: /usr/include/python3.10
[1.836s] -- Using PYTHON_LIBRARIES: /usr/lib/x86_64-linux-gnu/libpython3.10.so
[1.844s] --  *** Building MoveIt 2.9.0 devel ***
[1.855s] -- Configuring done
[2.419s] -- Generating done
[2.434s] -- Build files have been written to: /home/alexander/moveit2_ws/build/moveit_core
[2.471s] Invoked command in '/home/alexander/moveit2_ws/build/moveit_core' returned '0': AMENT_PREFIX_PATH=/home/alexander/moveit2_ws/install/moveit_resources_panda_moveit_config:/home/alexander/moveit2_ws/install/moveit_resources_pr2_description:/home/alexander/moveit2_ws/install/moveit_resources_panda_description:${AMENT_PREFIX_PATH} CMAKE_PREFIX_PATH=/home/alexander/moveit2_ws/install/moveit_resources_panda_moveit_config:/home/alexander/moveit2_ws/install/moveit_resources_pr2_description:/home/alexander/moveit2_ws/install/moveit_resources_panda_description:/home/alexander/moveit2_ws/install/moveit_common:/home/alexander/moveit2_ws/install/pilz_industrial_motion_planner_testutils:/home/alexander/moveit2_ws/install/panda_moveit_config:/home/alexander/moveit2_ws/install/moveit_runtime:/home/alexander/moveit2_ws/install/moveit:/home/alexander/moveit2_ws/install/moveit_planners:/home/alexander/moveit2_ws/install/pilz_industrial_motion_planner:/home/alexander/moveit2_ws/install/moveit_ros_control_interface:/home/alexander/moveit2_ws/install/moveit_plugins:/home/alexander/moveit2_ws/install/moveit_simple_controller_manager:/home/alexander/moveit2_ws/install/moveit_setup_assistant:/home/alexander/moveit2_ws/install/moveit_setup_srdf_plugins:/home/alexander/moveit2_ws/install/moveit_setup_core_plugins:/home/alexander/moveit2_ws/install/moveit_setup_controllers:/home/alexander/moveit2_ws/install/moveit_setup_app_plugins:/home/alexander/moveit2_ws/install/moveit_setup_framework:/home/alexander/moveit2_ws/install/moveit_servo:/home/alexander/moveit2_ws/install/moveit_ros:/home/alexander/moveit2_ws/install/moveit_ros_visualization:/home/alexander/moveit2_ws/install/moveit_py:/home/alexander/moveit2_ws/install/moveit_hybrid_planning:/home/alexander/moveit2_ws/install/moveit_ros_planning_interface:/home/alexander/moveit2_ws/install/moveit_ros_benchmarks:/home/alexander/moveit2_ws/install/moveit_ros_warehouse:/home/alexander/moveit2_ws/install/moveit_ros_robot_interaction:/home/alexander/moveit2_ws/install/moveit_ros_perception:/home/alexander/moveit2_ws/install/moveit_resources_prbt_pg70_support:/home/alexander/moveit2_ws/install/moveit_resources_prbt_moveit_config:/home/alexander/moveit2_ws/install/moveit_ros_move_group:/home/alexander/moveit2_ws/install/moveit_planners_ompl:/home/alexander/moveit2_ws/install/moveit_kinematics:/home/alexander/moveit2_ws/install/moveit_ros_planning:/home/alexander/moveit2_ws/install/moveit_ros_occupancy_map_monitor:/home/alexander/moveit2_ws/install/moveit_resources_prbt_support:/home/alexander/moveit2_ws/install/moveit_resources_prbt_ikfast_manipulator_plugin:/home/alexander/moveit2_ws/install/moveit_planners_stomp:/home/alexander/moveit2_ws/install/moveit_planners_chomp:/home/alexander/moveit2_ws/install/chomp_motion_planner:/home/alexander/moveit2_ws/install/moveit_core:/home/alexander/moveit2_ws/install/arduinobot_description:/home/alexander/moveit2_ws/install/moveit_configs_utils:/opt/ros/humble /usr/bin/cmake /home/alexander/moveit2_ws/src/moveit2-main/moveit_core -DCMAKE_INSTALL_PREFIX=/home/alexander/moveit2_ws/install/moveit_core
[2.473s] Invoking command in '/home/alexander/moveit2_ws/build/moveit_core': AMENT_PREFIX_PATH=/home/alexander/moveit2_ws/install/moveit_resources_panda_moveit_config:/home/alexander/moveit2_ws/install/moveit_resources_pr2_description:/home/alexander/moveit2_ws/install/moveit_resources_panda_description:${AMENT_PREFIX_PATH} CMAKE_PREFIX_PATH=/home/alexander/moveit2_ws/install/moveit_resources_panda_moveit_config:/home/alexander/moveit2_ws/install/moveit_resources_pr2_description:/home/alexander/moveit2_ws/install/moveit_resources_panda_description:/home/alexander/moveit2_ws/install/moveit_common:/home/alexander/moveit2_ws/install/pilz_industrial_motion_planner_testutils:/home/alexander/moveit2_ws/install/panda_moveit_config:/home/alexander/moveit2_ws/install/moveit_runtime:/home/alexander/moveit2_ws/install/moveit:/home/alexander/moveit2_ws/install/moveit_planners:/home/alexander/moveit2_ws/install/pilz_industrial_motion_planner:/home/alexander/moveit2_ws/install/moveit_ros_control_interface:/home/alexander/moveit2_ws/install/moveit_plugins:/home/alexander/moveit2_ws/install/moveit_simple_controller_manager:/home/alexander/moveit2_ws/install/moveit_setup_assistant:/home/alexander/moveit2_ws/install/moveit_setup_srdf_plugins:/home/alexander/moveit2_ws/install/moveit_setup_core_plugins:/home/alexander/moveit2_ws/install/moveit_setup_controllers:/home/alexander/moveit2_ws/install/moveit_setup_app_plugins:/home/alexander/moveit2_ws/install/moveit_setup_framework:/home/alexander/moveit2_ws/install/moveit_servo:/home/alexander/moveit2_ws/install/moveit_ros:/home/alexander/moveit2_ws/install/moveit_ros_visualization:/home/alexander/moveit2_ws/install/moveit_py:/home/alexander/moveit2_ws/install/moveit_hybrid_planning:/home/alexander/moveit2_ws/install/moveit_ros_planning_interface:/home/alexander/moveit2_ws/install/moveit_ros_benchmarks:/home/alexander/moveit2_ws/install/moveit_ros_warehouse:/home/alexander/moveit2_ws/install/moveit_ros_robot_interaction:/home/alexander/moveit2_ws/install/moveit_ros_perception:/home/alexander/moveit2_ws/install/moveit_resources_prbt_pg70_support:/home/alexander/moveit2_ws/install/moveit_resources_prbt_moveit_config:/home/alexander/moveit2_ws/install/moveit_ros_move_group:/home/alexander/moveit2_ws/install/moveit_planners_ompl:/home/alexander/moveit2_ws/install/moveit_kinematics:/home/alexander/moveit2_ws/install/moveit_ros_planning:/home/alexander/moveit2_ws/install/moveit_ros_occupancy_map_monitor:/home/alexander/moveit2_ws/install/moveit_resources_prbt_support:/home/alexander/moveit2_ws/install/moveit_resources_prbt_ikfast_manipulator_plugin:/home/alexander/moveit2_ws/install/moveit_planners_stomp:/home/alexander/moveit2_ws/install/moveit_planners_chomp:/home/alexander/moveit2_ws/install/chomp_motion_planner:/home/alexander/moveit2_ws/install/moveit_core:/home/alexander/moveit2_ws/install/arduinobot_description:/home/alexander/moveit2_ws/install/moveit_configs_utils:/opt/ros/humble /usr/bin/cmake --build /home/alexander/moveit2_ws/build/moveit_core -- -j14 -l14
[2.530s] [35m[1mConsolidate compiler generated dependencies of target moveit_utils[0m
[2.530s] [35m[1mConsolidate compiler generated dependencies of target gmock[0m
[2.531s] [35m[1mConsolidate compiler generated dependencies of target gtest[0m
[2.531s] [35m[1mConsolidate compiler generated dependencies of target gtest_main[0m
[2.535s] [35m[1mConsolidate compiler generated dependencies of target gmock_main[0m
[2.542s] [35m[1mConsolidate compiler generated dependencies of target moveit_smoothing_base[0m
[2.549s] [  1%] Built target moveit_butterworth_filter_parameters
[2.551s] [  1%] [32mBuilding CXX object utils/CMakeFiles/moveit_utils.dir/src/lexical_casts.cpp.o[0m
[2.552s] [  2%] [32mBuilding CXX object utils/CMakeFiles/moveit_utils.dir/src/message_checks.cpp.o[0m
[2.552s] [  3%] Built target gtest
[2.552s] [  3%] [32mBuilding CXX object utils/CMakeFiles/moveit_utils.dir/src/rclcpp_utils.cpp.o[0m
[2.554s] [  4%] [32mBuilding CXX object utils/CMakeFiles/moveit_utils.dir/src/logger.cpp.o[0m
[2.555s] [  5%] [34m[1mGenerate version header[0m
[2.556s] [  7%] Built target gmock
[2.561s] [  8%] Built target gtest_main
[2.562s] [  9%] Built target moveit_acceleration_filter_parameters
[2.565s] [ 10%] Built target gmock_main
[2.573s] [ 11%] Built target moveit_smoothing_base
[2.593s] [ 12%] [34m[1mGenerating version.h[0m
[2.604s] [ 12%] Built target version_h
[2.626s] [35m[1mConsolidate compiler generated dependencies of target moveit_version[0m
[2.639s] [ 13%] [32mBuilding CXX object version/CMakeFiles/moveit_version.dir/version.cpp.o[0m
[2.846s] [ 14%] [32m[1mLinking CXX executable moveit_version[0m
[2.918s] [ 14%] Built target moveit_version
[5.245s] [ 14%] [32m[1mLinking CXX shared library libmoveit_utils.so[0m
[5.362s] [ 14%] Built target moveit_utils
[5.373s] [35m[1mConsolidate compiler generated dependencies of target moveit_exceptions[0m
[5.374s] [35m[1mConsolidate compiler generated dependencies of target moveit_transforms[0m
[5.375s] [35m[1mConsolidate compiler generated dependencies of target logger_dut[0m
[5.377s] [35m[1mConsolidate compiler generated dependencies of target moveit_distance_field[0m
[5.394s] [ 15%] [32m[1mLinking CXX shared library libmoveit_exceptions.so[0m
[5.406s] [ 15%] [32m[1mLinking CXX executable logger_dut[0m
[5.420s] [ 16%] [32m[1mLinking CXX shared library libmoveit_transforms.so[0m
[5.422s] [ 16%] [32m[1mLinking CXX shared library libmoveit_distance_field.so[0m
[5.539s] [ 17%] Built target moveit_exceptions
[5.560s] [35m[1mConsolidate compiler generated dependencies of target moveit_robot_model[0m
[5.563s] [ 18%] Built target logger_dut
[5.583s] [ 19%] Built target moveit_transforms
[5.600s] [ 20%] [32mBuilding CXX object robot_model/CMakeFiles/moveit_robot_model.dir/src/fixed_joint_model.cpp.o[0m
[5.605s] [ 20%] [32mBuilding CXX object robot_model/CMakeFiles/moveit_robot_model.dir/src/joint_model_group.cpp.o[0m
[5.605s] [35m[1mConsolidate compiler generated dependencies of target test_transforms[0m
[5.610s] [ 20%] [32mBuilding CXX object robot_model/CMakeFiles/moveit_robot_model.dir/src/planar_joint_model.cpp.o[0m
[5.610s] [ 21%] [32mBuilding CXX object robot_model/CMakeFiles/moveit_robot_model.dir/src/aabb.cpp.o[0m
[5.610s] [ 22%] [32mBuilding CXX object robot_model/CMakeFiles/moveit_robot_model.dir/src/prismatic_joint_model.cpp.o[0m
[5.610s] [ 23%] [32mBuilding CXX object robot_model/CMakeFiles/moveit_robot_model.dir/src/link_model.cpp.o[0m
[5.610s] [ 24%] [32mBuilding CXX object robot_model/CMakeFiles/moveit_robot_model.dir/src/joint_model.cpp.o[0m
[5.611s] [ 24%] [32mBuilding CXX object robot_model/CMakeFiles/moveit_robot_model.dir/src/floating_joint_model.cpp.o[0m
[5.617s] [ 25%] [32mBuilding CXX object robot_model/CMakeFiles/moveit_robot_model.dir/src/revolute_joint_model.cpp.o[0m
[5.620s] [ 25%] [32mBuilding CXX object robot_model/CMakeFiles/moveit_robot_model.dir/src/robot_model.cpp.o[0m
[5.624s] [ 27%] Built target moveit_distance_field
[5.632s] [ 28%] [32m[1mLinking CXX executable test_transforms[0m
[5.641s] [35m[1mConsolidate compiler generated dependencies of target test_voxel_grid[0m
[5.645s] [35m[1mConsolidate compiler generated dependencies of target test_distance_field[0m
[5.684s] [ 29%] [32m[1mLinking CXX executable test_voxel_grid[0m
[5.692s] [ 30%] [32m[1mLinking CXX executable test_distance_field[0m
[5.904s] [ 30%] Built target test_voxel_grid
[5.943s] [ 30%] Built target test_transforms
[6.045s] [ 30%] Built target test_distance_field
[13.663s] [ 31%] [32m[1mLinking CXX shared library libmoveit_robot_model.so[0m
[13.783s] [ 31%] Built target moveit_robot_model
[13.794s] [35m[1mConsolidate compiler generated dependencies of target moveit_kinematics_base[0m
[13.794s] [35m[1mConsolidate compiler generated dependencies of target moveit_butterworth_filter[0m
[13.813s] [ 32%] [32mBuilding CXX object kinematics_base/CMakeFiles/moveit_kinematics_base.dir/src/kinematics_base.cpp.o[0m
[13.819s] [ 33%] [32m[1mLinking CXX shared library libmoveit_butterworth_filter.so[0m
[13.958s] [ 33%] Built target moveit_butterworth_filter
[13.970s] [35m[1mConsolidate compiler generated dependencies of target test_butterworth_filter[0m
[13.989s] [ 34%] [32m[1mLinking CXX executable test_butterworth_filter[0m
[14.122s] [ 34%] Built target test_butterworth_filter
[17.436s] [ 34%] [32m[1mLinking CXX shared library libmoveit_kinematics_base.so[0m
[17.545s] [ 34%] Built target moveit_kinematics_base
[17.563s] [35m[1mConsolidate compiler generated dependencies of target moveit_test_utils[0m
[17.565s] [35m[1mConsolidate compiler generated dependencies of target moveit_robot_state[0m
[17.597s] [ 34%] [32m[1mLinking CXX shared library libmoveit_test_utils.so[0m
[17.602s] [ 35%] [32m[1mLinking CXX shared library libmoveit_robot_state.so[0m
[17.751s] [ 36%] Built target moveit_test_utils
[17.761s] [35m[1mConsolidate compiler generated dependencies of target test_robot_model[0m
[17.776s] [ 38%] Built target moveit_robot_state
[17.789s] [ 39%] [32m[1mLinking CXX executable test_robot_model[0m
[17.795s] [35m[1mConsolidate compiler generated dependencies of target moveit_dynamics_solver[0m
[17.796s] [35m[1mConsolidate compiler generated dependencies of target test_robot_state_complex[0m
[17.796s] [35m[1mConsolidate compiler generated dependencies of target moveit_acceleration_filter[0m
[17.797s] [35m[1mConsolidate compiler generated dependencies of target moveit_kinematics_metrics[0m
[17.797s] [35m[1mConsolidate compiler generated dependencies of target moveit_robot_trajectory[0m
[17.800s] [35m[1mConsolidate compiler generated dependencies of target test_aabb[0m
[17.802s] [35m[1mConsolidate compiler generated dependencies of target test_robot_state[0m
[17.804s] [35m[1mConsolidate compiler generated dependencies of target test_cartesian_interpolator[0m
[17.805s] [35m[1mConsolidate compiler generated dependencies of target robot_state_benchmark[0m
[17.806s] [35m[1mConsolidate compiler generated dependencies of target moveit_collision_detection[0m
[17.821s] [ 39%] [32m[1mLinking CXX shared library libmoveit_dynamics_solver.so[0m
[17.827s] [ 41%] [32m[1mLinking CXX executable test_aabb[0m
[17.827s] [ 41%] [32m[1mLinking CXX shared library libmoveit_kinematics_metrics.so[0m
[17.828s] [ 42%] [32m[1mLinking CXX shared library libmoveit_robot_trajectory.so[0m
[17.828s] [ 42%] [32m[1mLinking CXX shared library libmoveit_acceleration_filter.so[0m
[17.828s] [ 42%] [32m[1mLinking CXX executable test_robot_state[0m
[17.831s] [ 42%] [32m[1mLinking CXX executable test_robot_state_complex[0m
[17.832s] [ 43%] [32m[1mLinking CXX executable robot_state_benchmark[0m
[17.832s] [ 44%] [32m[1mLinking CXX executable test_cartesian_interpolator[0m
[17.865s] [ 44%] [32m[1mLinking CXX shared library libmoveit_collision_detection.so[0m
[18.080s] [ 45%] Built target moveit_dynamics_solver
[18.140s] [ 46%] Built target moveit_kinematics_metrics
[18.148s] [ 46%] Built target moveit_robot_trajectory
[18.150s] [ 47%] Built target moveit_acceleration_filter
[18.167s] [35m[1mConsolidate compiler generated dependencies of target moveit_trajectory_processing[0m
[18.170s] [35m[1mConsolidate compiler generated dependencies of target test_acceleration_filter[0m
[18.176s] [35m[1mConsolidate compiler generated dependencies of target test_robot_trajectory[0m
[18.220s] [ 47%] [32m[1mLinking CXX shared library libmoveit_trajectory_processing.so[0m
[18.220s] [ 47%] [32m[1mLinking CXX executable test_robot_trajectory[0m
[18.231s] [ 47%] [32m[1mLinking CXX executable test_acceleration_filter[0m
[18.256s] [ 52%] Built target moveit_collision_detection
[18.259s] [ 52%] Built target test_robot_model
[18.276s] [35m[1mConsolidate compiler generated dependencies of target test_world[0m
[18.276s] [35m[1mConsolidate compiler generated dependencies of target moveit_collision_detection_fcl[0m
[18.281s] [35m[1mConsolidate compiler generated dependencies of target test_world_diff[0m
[18.291s] [35m[1mConsolidate compiler generated dependencies of target moveit_collision_detection_bullet[0m
[18.302s] [35m[1mConsolidate compiler generated dependencies of target test_all_valid[0m
[18.306s] [ 52%] [32m[1mLinking CXX executable test_world[0m
[18.309s] [ 52%] [32m[1mLinking CXX executable test_world_diff[0m
[18.314s] [ 52%] Built target robot_state_benchmark
[18.314s] [ 52%] Built target test_aabb
[18.319s] [ 54%] [32m[1mLinking CXX shared library libmoveit_collision_detection_fcl.so[0m
[18.319s] [ 54%] Built target test_robot_state
[18.322s] [ 54%] Built target test_cartesian_interpolator
[18.326s] [ 55%] Built target test_robot_state_complex
[18.335s] [ 55%] [32m[1mLinking CXX executable test_all_valid[0m
[18.347s] [ 56%] [32m[1mLinking CXX shared library libmoveit_collision_detection_bullet.so[0m
[18.492s] [ 58%] Built target moveit_trajectory_processing
[18.509s] [35m[1mConsolidate compiler generated dependencies of target robot_trajectory_benchmark[0m
[18.519s] [35m[1mConsolidate compiler generated dependencies of target test_time_optimal_trajectory_generation[0m
[18.529s] [35m[1mConsolidate compiler generated dependencies of target test_ruckig_traj_smoothing[0m
[18.542s] [ 59%] [32m[1mLinking CXX executable robot_trajectory_benchmark[0m
[18.550s] [ 60%] [32m[1mLinking CXX executable test_time_optimal_trajectory_generation[0m
[18.565s] [ 61%] [32m[1mLinking CXX executable test_ruckig_traj_smoothing[0m
[18.651s] [ 62%] Built target test_robot_trajectory
[18.652s] [ 63%] Built target moveit_collision_detection_fcl
[18.669s] [35m[1mConsolidate compiler generated dependencies of target test_fcl_collision_detection_panda[0m
[18.669s] [ 64%] Built target test_acceleration_filter
[18.671s] [35m[1mConsolidate compiler generated dependencies of target test_fcl_collision_detection[0m
[18.673s] [35m[1mConsolidate compiler generated dependencies of target test_fcl_collision_env[0m
[18.674s] [35m[1mConsolidate compiler generated dependencies of target moveit_kinematic_constraints[0m
[18.676s] [ 68%] Built target moveit_collision_detection_bullet
[18.685s] [ 69%] Built target test_world_diff
[18.687s] [ 70%] Built target test_world
[18.694s] [35m[1mConsolidate compiler generated dependencies of target test_bullet_continuous_collision_checking[0m
[18.694s] [35m[1mConsolidate compiler generated dependencies of target test_bullet_collision_detection_panda[0m
[18.703s] [ 71%] Built target test_all_valid
[18.703s] [35m[1mConsolidate compiler generated dependencies of target test_bullet_collision_detection[0m
[18.720s] [ 71%] [32m[1mLinking CXX executable test_fcl_collision_detection[0m
[18.721s] [ 71%] [32m[1mLinking CXX executable test_fcl_collision_detection_panda[0m
[18.728s] [ 71%] [32m[1mLinking CXX executable test_fcl_collision_env[0m
[18.729s] [ 71%] [32m[1mLinking CXX shared library libmoveit_kinematic_constraints.so[0m
[18.731s] [ 72%] [32m[1mLinking CXX executable test_bullet_continuous_collision_checking[0m
[18.743s] [ 72%] [32m[1mLinking CXX executable test_bullet_collision_detection[0m
[18.747s] [ 73%] [32m[1mLinking CXX executable test_bullet_collision_detection_panda[0m
[19.024s] [ 73%] Built target robot_trajectory_benchmark
[19.165s] [ 74%] Built target moveit_kinematic_constraints
[19.197s] [35m[1mConsolidate compiler generated dependencies of target test_constraints[0m
[19.197s] [35m[1mConsolidate compiler generated dependencies of target moveit_planning_scene[0m
[19.233s] [35m[1mConsolidate compiler generated dependencies of target test_orientation_constraints[0m
[19.245s] [ 75%] Built target test_ruckig_traj_smoothing
[19.271s] [ 75%] [32m[1mLinking CXX shared library libmoveit_planning_scene.so[0m
[19.273s] [ 75%] Built target test_time_optimal_trajectory_generation
[19.273s] [ 76%] [32m[1mLinking CXX executable test_orientation_constraints[0m
[19.287s] [ 77%] [32m[1mLinking CXX executable test_constraints[0m
[19.299s] [ 78%] Built target test_fcl_collision_detection_panda
[19.299s] [ 79%] Built target test_fcl_collision_env
[19.299s] [ 80%] Built target test_bullet_collision_detection_panda
[19.363s] [ 80%] Built target test_bullet_continuous_collision_checking
[19.407s] [ 81%] Built target test_bullet_collision_detection
[19.425s] [ 82%] Built target test_fcl_collision_detection
[19.580s] [ 83%] Built target moveit_planning_scene
[19.604s] [35m[1mConsolidate compiler generated dependencies of target collision_detector_bullet_plugin[0m
[19.606s] [35m[1mConsolidate compiler generated dependencies of target collision_detector_fcl_plugin[0m
[19.608s] [35m[1mConsolidate compiler generated dependencies of target test_multi_threaded[0m
[19.608s] [35m[1mConsolidate compiler generated dependencies of target test_collision_objects[0m
[19.609s] [35m[1mConsolidate compiler generated dependencies of target moveit_planning_interface[0m
[19.610s] [35m[1mConsolidate compiler generated dependencies of target test_planning_scene[0m
[19.610s] [35m[1mConsolidate compiler generated dependencies of target moveit_collision_distance_field[0m
[19.610s] [35m[1mConsolidate compiler generated dependencies of target moveit_constraint_samplers[0m
[19.644s] [ 84%] [32m[1mLinking CXX executable test_multi_threaded[0m
[19.648s] [ 84%] [32m[1mLinking CXX executable test_collision_objects[0m
[19.653s] [ 85%] [32m[1mLinking CXX shared library libcollision_detector_bullet_plugin.so[0m
[19.655s] [ 86%] [32m[1mLinking CXX executable test_planning_scene[0m
[19.658s] [ 87%] [32m[1mLinking CXX shared library libcollision_detector_fcl_plugin.so[0m
[19.661s] [ 87%] [32mBuilding CXX object planning_interface/CMakeFiles/moveit_planning_interface.dir/src/planning_interface.cpp.o[0m
[19.661s] [ 88%] [32mBuilding CXX object planning_interface/CMakeFiles/moveit_planning_interface.dir/src/planning_response.cpp.o[0m
[19.673s] [ 89%] [32m[1mLinking CXX shared library libmoveit_constraint_samplers.so[0m
[19.691s] [ 90%] [32m[1mLinking CXX shared library libmoveit_collision_distance_field.so[0m
[19.735s] [ 90%] Built target test_orientation_constraints
[19.793s] [ 90%] Built target test_constraints
[19.941s] [ 90%] Built target collision_detector_bullet_plugin
[19.949s] [ 90%] Built target collision_detector_fcl_plugin
[20.008s] [ 92%] Built target moveit_constraint_samplers
[20.034s] [ 94%] Built target moveit_collision_distance_field
[20.034s] [35m[1mConsolidate compiler generated dependencies of target test_constraint_samplers[0m
[20.055s] [35m[1mConsolidate compiler generated dependencies of target test_collision_distance_field[0m
[20.075s] [ 95%] Built target test_multi_threaded
[20.085s] [ 96%] [32m[1mLinking CXX executable test_constraint_samplers[0m
[20.089s] [ 96%] [32m[1mLinking CXX executable test_collision_distance_field[0m
[20.100s] [ 97%] Built target test_collision_objects
[20.109s] [ 97%] Built target test_planning_scene
[20.398s] [ 98%] Built target test_collision_distance_field
[20.468s] [100%] Built target test_constraint_samplers
[26.750s] [100%] [32m[1mLinking CXX shared library libmoveit_planning_interface.so[0m
[26.879s] [100%] Built target moveit_planning_interface
[26.894s] Invoked command in '/home/alexander/moveit2_ws/build/moveit_core' returned '0': AMENT_PREFIX_PATH=/home/alexander/moveit2_ws/install/moveit_resources_panda_moveit_config:/home/alexander/moveit2_ws/install/moveit_resources_pr2_description:/home/alexander/moveit2_ws/install/moveit_resources_panda_description:${AMENT_PREFIX_PATH} CMAKE_PREFIX_PATH=/home/alexander/moveit2_ws/install/moveit_resources_panda_moveit_config:/home/alexander/moveit2_ws/install/moveit_resources_pr2_description:/home/alexander/moveit2_ws/install/moveit_resources_panda_description:/home/alexander/moveit2_ws/install/moveit_common:/home/alexander/moveit2_ws/install/pilz_industrial_motion_planner_testutils:/home/alexander/moveit2_ws/install/panda_moveit_config:/home/alexander/moveit2_ws/install/moveit_runtime:/home/alexander/moveit2_ws/install/moveit:/home/alexander/moveit2_ws/install/moveit_planners:/home/alexander/moveit2_ws/install/pilz_industrial_motion_planner:/home/alexander/moveit2_ws/install/moveit_ros_control_interface:/home/alexander/moveit2_ws/install/moveit_plugins:/home/alexander/moveit2_ws/install/moveit_simple_controller_manager:/home/alexander/moveit2_ws/install/moveit_setup_assistant:/home/alexander/moveit2_ws/install/moveit_setup_srdf_plugins:/home/alexander/moveit2_ws/install/moveit_setup_core_plugins:/home/alexander/moveit2_ws/install/moveit_setup_controllers:/home/alexander/moveit2_ws/install/moveit_setup_app_plugins:/home/alexander/moveit2_ws/install/moveit_setup_framework:/home/alexander/moveit2_ws/install/moveit_servo:/home/alexander/moveit2_ws/install/moveit_ros:/home/alexander/moveit2_ws/install/moveit_ros_visualization:/home/alexander/moveit2_ws/install/moveit_py:/home/alexander/moveit2_ws/install/moveit_hybrid_planning:/home/alexander/moveit2_ws/install/moveit_ros_planning_interface:/home/alexander/moveit2_ws/install/moveit_ros_benchmarks:/home/alexander/moveit2_ws/install/moveit_ros_warehouse:/home/alexander/moveit2_ws/install/moveit_ros_robot_interaction:/home/alexander/moveit2_ws/install/moveit_ros_perception:/home/alexander/moveit2_ws/install/moveit_resources_prbt_pg70_support:/home/alexander/moveit2_ws/install/moveit_resources_prbt_moveit_config:/home/alexander/moveit2_ws/install/moveit_ros_move_group:/home/alexander/moveit2_ws/install/moveit_planners_ompl:/home/alexander/moveit2_ws/install/moveit_kinematics:/home/alexander/moveit2_ws/install/moveit_ros_planning:/home/alexander/moveit2_ws/install/moveit_ros_occupancy_map_monitor:/home/alexander/moveit2_ws/install/moveit_resources_prbt_support:/home/alexander/moveit2_ws/install/moveit_resources_prbt_ikfast_manipulator_plugin:/home/alexander/moveit2_ws/install/moveit_planners_stomp:/home/alexander/moveit2_ws/install/moveit_planners_chomp:/home/alexander/moveit2_ws/install/chomp_motion_planner:/home/alexander/moveit2_ws/install/moveit_core:/home/alexander/moveit2_ws/install/arduinobot_description:/home/alexander/moveit2_ws/install/moveit_configs_utils:/opt/ros/humble /usr/bin/cmake --build /home/alexander/moveit2_ws/build/moveit_core -- -j14 -l14
[26.983s] Invoking command in '/home/alexander/moveit2_ws/build/moveit_core': AMENT_PREFIX_PATH=/home/alexander/moveit2_ws/install/moveit_resources_panda_moveit_config:/home/alexander/moveit2_ws/install/moveit_resources_pr2_description:/home/alexander/moveit2_ws/install/moveit_resources_panda_description:${AMENT_PREFIX_PATH} CMAKE_PREFIX_PATH=/home/alexander/moveit2_ws/install/moveit_resources_panda_moveit_config:/home/alexander/moveit2_ws/install/moveit_resources_pr2_description:/home/alexander/moveit2_ws/install/moveit_resources_panda_description:/home/alexander/moveit2_ws/install/moveit_common:/home/alexander/moveit2_ws/install/pilz_industrial_motion_planner_testutils:/home/alexander/moveit2_ws/install/panda_moveit_config:/home/alexander/moveit2_ws/install/moveit_runtime:/home/alexander/moveit2_ws/install/moveit:/home/alexander/moveit2_ws/install/moveit_planners:/home/alexander/moveit2_ws/install/pilz_industrial_motion_planner:/home/alexander/moveit2_ws/install/moveit_ros_control_interface:/home/alexander/moveit2_ws/install/moveit_plugins:/home/alexander/moveit2_ws/install/moveit_simple_controller_manager:/home/alexander/moveit2_ws/install/moveit_setup_assistant:/home/alexander/moveit2_ws/install/moveit_setup_srdf_plugins:/home/alexander/moveit2_ws/install/moveit_setup_core_plugins:/home/alexander/moveit2_ws/install/moveit_setup_controllers:/home/alexander/moveit2_ws/install/moveit_setup_app_plugins:/home/alexander/moveit2_ws/install/moveit_setup_framework:/home/alexander/moveit2_ws/install/moveit_servo:/home/alexander/moveit2_ws/install/moveit_ros:/home/alexander/moveit2_ws/install/moveit_ros_visualization:/home/alexander/moveit2_ws/install/moveit_py:/home/alexander/moveit2_ws/install/moveit_hybrid_planning:/home/alexander/moveit2_ws/install/moveit_ros_planning_interface:/home/alexander/moveit2_ws/install/moveit_ros_benchmarks:/home/alexander/moveit2_ws/install/moveit_ros_warehouse:/home/alexander/moveit2_ws/install/moveit_ros_robot_interaction:/home/alexander/moveit2_ws/install/moveit_ros_perception:/home/alexander/moveit2_ws/install/moveit_resources_prbt_pg70_support:/home/alexander/moveit2_ws/install/moveit_resources_prbt_moveit_config:/home/alexander/moveit2_ws/install/moveit_ros_move_group:/home/alexander/moveit2_ws/install/moveit_planners_ompl:/home/alexander/moveit2_ws/install/moveit_kinematics:/home/alexander/moveit2_ws/install/moveit_ros_planning:/home/alexander/moveit2_ws/install/moveit_ros_occupancy_map_monitor:/home/alexander/moveit2_ws/install/moveit_resources_prbt_support:/home/alexander/moveit2_ws/install/moveit_resources_prbt_ikfast_manipulator_plugin:/home/alexander/moveit2_ws/install/moveit_planners_stomp:/home/alexander/moveit2_ws/install/moveit_planners_chomp:/home/alexander/moveit2_ws/install/chomp_motion_planner:/home/alexander/moveit2_ws/install/moveit_core:/home/alexander/moveit2_ws/install/arduinobot_description:/home/alexander/moveit2_ws/install/moveit_configs_utils:/opt/ros/humble /usr/bin/cmake --install /home/alexander/moveit2_ws/build/moveit_core
[26.992s] -- Install configuration: "Release"
[26.993s] -- Up-to-date: /home/alexander/moveit2_ws/install/moveit_core/include/moveit_core
[26.993s] -- Up-to-date: /home/alexander/moveit2_ws/install/moveit_core/include/moveit_core/moveit
[26.993s] -- Up-to-date: /home/alexander/moveit2_ws/install/moveit_core/include/moveit_core/moveit/collision_detection_bullet
[26.993s] -- Up-to-date: /home/alexander/moveit2_ws/install/moveit_core/include/moveit_core/moveit/collision_detection_bullet/collision_detector_allocator_bullet.h
[26.993s] -- Up-to-date: /home/alexander/moveit2_ws/install/moveit_core/include/moveit_core/moveit/collision_detection_bullet/collision_detector_bullet_plugin_loader.h
[26.993s] -- Up-to-date: /home/alexander/moveit2_ws/install/moveit_core/include/moveit_core/moveit/collision_detection_bullet/collision_env_bullet.h
[26.993s] -- Up-to-date: /home/alexander/moveit2_ws/install/moveit_core/include/moveit_core/moveit/collision_detection_bullet/bullet_integration
[26.993s] -- Up-to-date: /home/alexander/moveit2_ws/install/moveit_core/include/moveit_core/moveit/collision_detection_bullet/bullet_integration/bullet_bvh_manager.h
[26.993s] -- Up-to-date: /home/alexander/moveit2_ws/install/moveit_core/include/moveit_core/moveit/collision_detection_bullet/bullet_integration/bullet_discrete_bvh_manager.h
[26.993s] -- Up-to-date: /home/alexander/moveit2_ws/install/moveit_core/include/moveit_core/moveit/collision_detection_bullet/bullet_integration/contact_checker_common.h
[26.993s] -- Up-to-date: /home/alexander/moveit2_ws/install/moveit_core/include/moveit_core/moveit/collision_detection_bullet/bullet_integration/basic_types.h
[26.993s] -- Up-to-date: /home/alexander/moveit2_ws/install/moveit_core/include/moveit_core/moveit/collision_detection_bullet/bullet_integration/ros_bullet_utils.h
[26.994s] -- Up-to-date: /home/alexander/moveit2_ws/install/moveit_core/include/moveit_core/moveit/collision_detection_bullet/bullet_integration/bullet_utils.h
[26.994s] -- Up-to-date: /home/alexander/moveit2_ws/install/moveit_core/include/moveit_core/moveit/collision_detection_bullet/bullet_integration/bullet_cast_bvh_manager.h
[26.994s] -- Up-to-date: /home/alexander/moveit2_ws/install/moveit_core/include/moveit_core/moveit_collision_detection_bullet_export.h
[26.994s] -- Up-to-date: /home/alexander/moveit2_ws/install/moveit_core/include/moveit_core
[26.994s] -- Up-to-date: /home/alexander/moveit2_ws/install/moveit_core/include/moveit_core/moveit
[26.994s] -- Up-to-date: /home/alexander/moveit2_ws/install/moveit_core/include/moveit_core/moveit/collision_detection_fcl
[26.994s] -- Up-to-date: /home/alexander/moveit2_ws/install/moveit_core/include/moveit_core/moveit/collision_detection_fcl/collision_env_fcl.h
[26.995s] -- Up-to-date: /home/alexander/moveit2_ws/install/moveit_core/include/moveit_core/moveit/collision_detection_fcl/collision_detector_fcl_plugin_loader.h
[26.995s] -- Up-to-date: /home/alexander/moveit2_ws/install/moveit_core/include/moveit_core/moveit/collision_detection_fcl/fcl_compat.h
[26.995s] -- Up-to-date: /home/alexander/moveit2_ws/install/moveit_core/include/moveit_core/moveit/collision_detection_fcl/collision_common.h
[26.995s] -- Up-to-date: /home/alexander/moveit2_ws/install/moveit_core/include/moveit_core/moveit/collision_detection_fcl/collision_detector_allocator_fcl.h
[26.995s] -- Up-to-date: /home/alexander/moveit2_ws/install/moveit_core/include/moveit_core/moveit_collision_detection_fcl_export.h
[26.995s] -- Up-to-date: /home/alexander/moveit2_ws/install/moveit_core/include/moveit_core
[26.995s] -- Up-to-date: /home/alexander/moveit2_ws/install/moveit_core/include/moveit_core/moveit
[26.995s] -- Up-to-date: /home/alexander/moveit2_ws/install/moveit_core/include/moveit_core/moveit/collision_detection
[26.995s] -- Up-to-date: /home/alexander/moveit2_ws/install/moveit_core/include/moveit_core/moveit/collision_detection/collision_env.h
[26.995s] -- Up-to-date: /home/alexander/moveit2_ws/install/moveit_core/include/moveit_core/moveit/collision_detection/test_collision_common_panda.h
[26.995s] -- Up-to-date: /home/alexander/moveit2_ws/install/moveit_core/include/moveit_core/moveit/collision_detection/collision_plugin_cache.h
[26.995s] -- Up-to-date: /home/alexander/moveit2_ws/install/moveit_core/include/moveit_core/moveit/collision_detection/occupancy_map.h
[26.996s] -- Up-to-date: /home/alexander/moveit2_ws/install/moveit_core/include/moveit_core/moveit/collision_detection/collision_plugin.h
[26.996s] -- Up-to-date: /home/alexander/moveit2_ws/install/moveit_core/include/moveit_core/moveit/collision_detection/collision_detector_allocator.h
[26.996s] -- Up-to-date: /home/alexander/moveit2_ws/install/moveit_core/include/moveit_core/moveit/collision_detection/collision_octomap_filter.h
[26.996s] -- Up-to-date: /home/alexander/moveit2_ws/install/moveit_core/include/moveit_core/moveit/collision_detection/test_collision_common_pr2.h
[26.996s] -- Up-to-date: /home/alexander/moveit2_ws/install/moveit_core/include/moveit_core/moveit/collision_detection/allvalid
[26.996s] -- Up-to-date: /home/alexander/moveit2_ws/install/moveit_core/include/moveit_core/moveit/collision_detection/allvalid/collision_env_allvalid.h
[26.996s] -- Up-to-date: /home/alexander/moveit2_ws/install/moveit_core/include/moveit_core/moveit/collision_detection/allvalid/collision_detector_allocator_allvalid.h
[26.996s] -- Up-to-date: /home/alexander/moveit2_ws/install/moveit_core/include/moveit_core/moveit/collision_detection/collision_common.h
[26.996s] -- Up-to-date: /home/alexander/moveit2_ws/install/moveit_core/include/moveit_core/moveit/collision_detection/collision_matrix.h
[26.996s] -- Up-to-date: /home/alexander/moveit2_ws/install/moveit_core/include/moveit_core/moveit/collision_detection/world.h
[26.996s] -- Up-to-date: /home/alexander/moveit2_ws/install/moveit_core/include/moveit_core/moveit/collision_detection/world_diff.h
[26.996s] -- Up-to-date: /home/alexander/moveit2_ws/install/moveit_core/include/moveit_core/moveit/collision_detection/collision_tools.h
[26.996s] -- Up-to-date: /home/alexander/moveit2_ws/install/moveit_core/include/moveit_core/moveit_collision_detection_export.h
[26.996s] -- Up-to-date: /home/alexander/moveit2_ws/install/moveit_core/include/moveit_core
[26.996s] -- Up-to-date: /home/alexander/moveit2_ws/install/moveit_core/include/moveit_core/moveit
[26.996s] -- Up-to-date: /home/alexander/moveit2_ws/install/moveit_core/include/moveit_core/moveit/collision_distance_field
[26.996s] -- Up-to-date: /home/alexander/moveit2_ws/install/moveit_core/include/moveit_core/moveit/collision_distance_field/collision_detector_allocator_distance_field.h
[26.996s] -- Up-to-date: /home/alexander/moveit2_ws/install/moveit_core/include/moveit_core/moveit/collision_distance_field/collision_env_distance_field.h
[26.996s] -- Up-to-date: /home/alexander/moveit2_ws/install/moveit_core/include/moveit_core/moveit/collision_distance_field/collision_env_hybrid.h
[26.996s] -- Up-to-date: /home/alexander/moveit2_ws/install/moveit_core/include/moveit_core/moveit/collision_distance_field/collision_common_distance_field.h
[26.996s] -- Up-to-date: /home/alexander/moveit2_ws/install/moveit_core/include/moveit_core/moveit/collision_distance_field/collision_detector_allocator_hybrid.h
[26.997s] -- Up-to-date: /home/alexander/moveit2_ws/install/moveit_core/include/moveit_core/moveit/collision_distance_field/collision_distance_field_types.h
[26.997s] -- Up-to-date: /home/alexander/moveit2_ws/install/moveit_core/include/moveit_core/moveit_collision_distance_field_export.h
[26.997s] -- Up-to-date: /home/alexander/moveit2_ws/install/moveit_core/include/moveit_core
[26.997s] -- Up-to-date: /home/alexander/moveit2_ws/install/moveit_core/include/moveit_core/moveit
[26.997s] -- Up-to-date: /home/alexander/moveit2_ws/install/moveit_core/include/moveit_core/moveit/constraint_samplers
[26.997s] -- Up-to-date: /home/alexander/moveit2_ws/install/moveit_core/include/moveit_core/moveit/constraint_samplers/union_constraint_sampler.h
[26.997s] -- Up-to-date: /home/alexander/moveit2_ws/install/moveit_core/include/moveit_core/moveit/constraint_samplers/constraint_sampler.h
[26.997s] -- Up-to-date: /home/alexander/moveit2_ws/install/moveit_core/include/moveit_core/moveit/constraint_samplers/constraint_sampler_allocator.h
[26.997s] -- Up-to-date: /home/alexander/moveit2_ws/install/moveit_core/include/moveit_core/moveit/constraint_samplers/constraint_sampler_manager.h
[26.997s] -- Up-to-date: /home/alexander/moveit2_ws/install/moveit_core/include/moveit_core/moveit/constraint_samplers/constraint_sampler_tools.h
[26.997s] -- Up-to-date: /home/alexander/moveit2_ws/install/moveit_core/include/moveit_core/moveit/constraint_samplers/default_constraint_samplers.h
[26.997s] -- Up-to-date: /home/alexander/moveit2_ws/install/moveit_core/include/moveit_core
[26.997s] -- Up-to-date: /home/alexander/moveit2_ws/install/moveit_core/include/moveit_core/moveit
[26.997s] -- Up-to-date: /home/alexander/moveit2_ws/install/moveit_core/include/moveit_core/moveit/controller_manager
[26.997s] -- Up-to-date: /home/alexander/moveit2_ws/install/moveit_core/include/moveit_core/moveit/controller_manager/controller_manager.h
[26.997s] -- Up-to-date: /home/alexander/moveit2_ws/install/moveit_core/include/moveit_core
[26.997s] -- Up-to-date: /home/alexander/moveit2_ws/install/moveit_core/include/moveit_core/moveit
[26.997s] -- Up-to-date: /home/alexander/moveit2_ws/install/moveit_core/include/moveit_core/moveit/distance_field
[26.997s] -- Up-to-date: /home/alexander/moveit2_ws/install/moveit_core/include/moveit_core/moveit/distance_field/voxel_grid.h
[26.997s] -- Up-to-date: /home/alexander/moveit2_ws/install/moveit_core/include/moveit_core/moveit/distance_field/find_internal_points.h
[26.997s] -- Up-to-date: /home/alexander/moveit2_ws/install/moveit_core/include/moveit_core/moveit/distance_field/distance_field.h
[26.997s] -- Up-to-date: /home/alexander/moveit2_ws/install/moveit_core/include/moveit_core/moveit/distance_field/propagation_distance_field.h
[26.997s] -- Up-to-date: /home/alexander/moveit2_ws/install/moveit_core/include/moveit_core
[26.997s] -- Up-to-date: /home/alexander/moveit2_ws/install/moveit_core/include/moveit_core/moveit
[26.997s] -- Up-to-date: /home/alexander/moveit2_ws/install/moveit_core/include/moveit_core/moveit/dynamics_solver
[26.997s] -- Up-to-date: /home/alexander/moveit2_ws/install/moveit_core/include/moveit_core/moveit/dynamics_solver/dynamics_solver.h
[26.997s] -- Up-to-date: /home/alexander/moveit2_ws/install/moveit_core/include/moveit_core
[26.998s] -- Up-to-date: /home/alexander/moveit2_ws/install/moveit_core/include/moveit_core/moveit
[26.998s] -- Up-to-date: /home/alexander/moveit2_ws/install/moveit_core/include/moveit_core/moveit/exceptions
[26.998s] -- Up-to-date: /home/alexander/moveit2_ws/install/moveit_core/include/moveit_core/moveit/exceptions/exceptions.h
[26.998s] -- Up-to-date: /home/alexander/moveit2_ws/install/moveit_core/include/moveit_core
[26.998s] -- Up-to-date: /home/alexander/moveit2_ws/install/moveit_core/include/moveit_core/moveit
[26.998s] -- Up-to-date: /home/alexander/moveit2_ws/install/moveit_core/include/moveit_core/moveit/kinematic_constraints
[26.998s] -- Up-to-date: /home/alexander/moveit2_ws/install/moveit_core/include/moveit_core/moveit/kinematic_constraints/utils.h
[26.998s] -- Up-to-date: /home/alexander/moveit2_ws/install/moveit_core/include/moveit_core/moveit/kinematic_constraints/kinematic_constraint.h
[26.998s] -- Up-to-date: /home/alexander/moveit2_ws/install/moveit_core/include/moveit_core
[26.998s] -- Up-to-date: /home/alexander/moveit2_ws/install/moveit_core/include/moveit_core/moveit
[26.998s] -- Up-to-date: /home/alexander/moveit2_ws/install/moveit_core/include/moveit_core/moveit/kinematics_base
[26.998s] -- Up-to-date: /home/alexander/moveit2_ws/install/moveit_core/include/moveit_core/moveit/kinematics_base/kinematics_base.h
[26.998s] -- Up-to-date: /home/alexander/moveit2_ws/install/moveit_core/include/moveit_core/moveit_kinematics_base_export.h
[26.998s] -- Up-to-date: /home/alexander/moveit2_ws/install/moveit_core/include/moveit_core
[26.998s] -- Up-to-date: /home/alexander/moveit2_ws/install/moveit_core/include/moveit_core/moveit
[26.998s] -- Up-to-date: /home/alexander/moveit2_ws/install/moveit_core/include/moveit_core/moveit/kinematics_metrics
[26.998s] -- Up-to-date: /home/alexander/moveit2_ws/install/moveit_core/include/moveit_core/moveit/kinematics_metrics/kinematics_metrics.h
[26.998s] -- Up-to-date: /home/alexander/moveit2_ws/install/moveit_core/include/moveit_core
[26.998s] -- Up-to-date: /home/alexander/moveit2_ws/install/moveit_core/include/moveit_core/moveit
[26.998s] -- Up-to-date: /home/alexander/moveit2_ws/install/moveit_core/include/moveit_core/moveit/macros
[26.998s] -- Up-to-date: /home/alexander/moveit2_ws/install/moveit_core/include/moveit_core/moveit/macros/declare_ptr.h
[26.998s] -- Up-to-date: /home/alexander/moveit2_ws/install/moveit_core/include/moveit_core/moveit/macros/class_forward.h
[26.999s] -- Up-to-date: /home/alexander/moveit2_ws/install/moveit_core/include/moveit_core/moveit/macros/console_colors.h
[26.999s] -- Up-to-date: /home/alexander/moveit2_ws/install/moveit_core/include/moveit_core/moveit/macros/deprecation.h
[26.999s] -- Up-to-date: /home/alexander/moveit2_ws/install/moveit_core/include/moveit_butterworth_filter_parameters
[26.999s] -- Up-to-date: /home/alexander/moveit2_ws/install/moveit_core/include/moveit_butterworth_filter_parameters/moveit_butterworth_filter_parameters.hpp
[26.999s] -- Up-to-date: /home/alexander/moveit2_ws/install/moveit_core/include/moveit_acceleration_filter_parameters
[26.999s] -- Up-to-date: /home/alexander/moveit2_ws/install/moveit_core/include/moveit_acceleration_filter_parameters/moveit_acceleration_filter_parameters.hpp
[26.999s] -- Up-to-date: /home/alexander/moveit2_ws/install/moveit_core/include/moveit_core
[26.999s] -- Up-to-date: /home/alexander/moveit2_ws/install/moveit_core/include/moveit_core/moveit
[26.999s] -- Up-to-date: /home/alexander/moveit2_ws/install/moveit_core/include/moveit_core/moveit/online_signal_smoothing
[26.999s] -- Up-to-date: /home/alexander/moveit2_ws/install/moveit_core/include/moveit_core/moveit/online_signal_smoothing/acceleration_filter.h
[26.999s] -- Up-to-date: /home/alexander/moveit2_ws/install/moveit_core/include/moveit_core/moveit/online_signal_smoothing/smoothing_base_class.h
[26.999s] -- Up-to-date: /home/alexander/moveit2_ws/install/moveit_core/include/moveit_core/moveit/online_signal_smoothing/butterworth_filter.h
[26.999s] -- Up-to-date: /home/alexander/moveit2_ws/install/moveit_core/include/moveit_core/moveit_smoothing_base_export.h
[26.999s] -- Up-to-date: /home/alexander/moveit2_ws/install/moveit_core/include/moveit_core/moveit_butterworth_filter_export.h
[26.999s] -- Up-to-date: /home/alexander/moveit2_ws/install/moveit_core/include/moveit_core/moveit_acceleration_filter_export.h
[26.999s] -- Up-to-date: /home/alexander/moveit2_ws/install/moveit_core/include/moveit_core
[26.999s] -- Up-to-date: /home/alexander/moveit2_ws/install/moveit_core/include/moveit_core/moveit
[26.999s] -- Up-to-date: /home/alexander/moveit2_ws/install/moveit_core/include/moveit_core/moveit/planning_interface
[26.999s] -- Up-to-date: /home/alexander/moveit2_ws/install/moveit_core/include/moveit_core/moveit/planning_interface/planning_request_adapter.h
[26.999s] -- Up-to-date: /home/alexander/moveit2_ws/install/moveit_core/include/moveit_core/moveit/planning_interface/planning_response.h
[26.999s] -- Up-to-date: /home/alexander/moveit2_ws/install/moveit_core/include/moveit_core/moveit/planning_interface/planning_request.h
[26.999s] -- Up-to-date: /home/alexander/moveit2_ws/install/moveit_core/include/moveit_core/moveit/planning_interface/planning_response_adapter.h
[26.999s] -- Up-to-date: /home/alexander/moveit2_ws/install/moveit_core/include/moveit_core/moveit/planning_interface/planning_interface.h
[26.999s] -- Up-to-date: /home/alexander/moveit2_ws/install/moveit_core/include/moveit_core
[26.999s] -- Up-to-date: /home/alexander/moveit2_ws/install/moveit_core/include/moveit_core/moveit
[26.999s] -- Up-to-date: /home/alexander/moveit2_ws/install/moveit_core/include/moveit_core/moveit/planning_scene
[26.999s] -- Up-to-date: /home/alexander/moveit2_ws/install/moveit_core/include/moveit_core/moveit/planning_scene/planning_scene.h
[26.999s] -- Up-to-date: /home/alexander/moveit2_ws/install/moveit_core/include/moveit_core/moveit_planning_scene_export.h
[26.999s] -- Up-to-date: /home/alexander/moveit2_ws/install/moveit_core/include/moveit_core
[26.999s] -- Up-to-date: /home/alexander/moveit2_ws/install/moveit_core/include/moveit_core/moveit
[27.000s] -- Up-to-date: /home/alexander/moveit2_ws/install/moveit_core/include/moveit_core/moveit/robot_model
[27.000s] -- Up-to-date: /home/alexander/moveit2_ws/install/moveit_core/include/moveit_core/moveit/robot_model/link_model.h
[27.000s] -- Up-to-date: /home/alexander/moveit2_ws/install/moveit_core/include/moveit_core/moveit/robot_model/joint_model_group.h
[27.000s] -- Up-to-date: /home/alexander/moveit2_ws/install/moveit_core/include/moveit_core/moveit/robot_model/fixed_joint_model.h
[27.000s] -- Up-to-date: /home/alexander/moveit2_ws/install/moveit_core/include/moveit_core/moveit/robot_model/planar_joint_model.h
[27.000s] -- Up-to-date: /home/alexander/moveit2_ws/install/moveit_core/include/moveit_core/moveit/robot_model/floating_joint_model.h
[27.000s] -- Up-to-date: /home/alexander/moveit2_ws/install/moveit_core/include/moveit_core/moveit/robot_model/revolute_joint_model.h
[27.000s] -- Up-to-date: /home/alexander/moveit2_ws/install/moveit_core/include/moveit_core/moveit/robot_model/joint_model.h
[27.000s] -- Up-to-date: /home/alexander/moveit2_ws/install/moveit_core/include/moveit_core/moveit/robot_model/prismatic_joint_model.h
[27.000s] -- Up-to-date: /home/alexander/moveit2_ws/install/moveit_core/include/moveit_core/moveit/robot_model/aabb.h
[27.000s] -- Up-to-date: /home/alexander/moveit2_ws/install/moveit_core/include/moveit_core/moveit/robot_model/robot_model.h
[27.000s] -- Up-to-date: /home/alexander/moveit2_ws/install/moveit_core/include/moveit_core
[27.000s] -- Up-to-date: /home/alexander/moveit2_ws/install/moveit_core/include/moveit_core/moveit
[27.000s] -- Up-to-date: /home/alexander/moveit2_ws/install/moveit_core/include/moveit_core/moveit/robot_state
[27.000s] -- Up-to-date: /home/alexander/moveit2_ws/install/moveit_core/include/moveit_core/moveit/robot_state/robot_state.h
[27.000s] -- Up-to-date: /home/alexander/moveit2_ws/install/moveit_core/include/moveit_core/moveit/robot_state/attached_body.h
[27.000s] -- Up-to-date: /home/alexander/moveit2_ws/install/moveit_core/include/moveit_core/moveit/robot_state/cartesian_interpolator.h
[27.000s] -- Up-to-date: /home/alexander/moveit2_ws/install/moveit_core/include/moveit_core/moveit/robot_state/conversions.h
[27.000s] -- Up-to-date: /home/alexander/moveit2_ws/install/moveit_core/include/moveit_core
[27.000s] -- Up-to-date: /home/alexander/moveit2_ws/install/moveit_core/include/moveit_core/moveit
[27.000s] -- Up-to-date: /home/alexander/moveit2_ws/install/moveit_core/include/moveit_core/moveit/robot_trajectory
[27.000s] -- Up-to-date: /home/alexander/moveit2_ws/install/moveit_core/include/moveit_core/moveit/robot_trajectory/robot_trajectory.h
[27.000s] -- Up-to-date: /home/alexander/moveit2_ws/install/moveit_core/include/moveit_core
[27.000s] -- Up-to-date: /home/alexander/moveit2_ws/install/moveit_core/include/moveit_core/moveit
[27.001s] -- Up-to-date: /home/alexander/moveit2_ws/install/moveit_core/include/moveit_core/moveit/trajectory_processing
[27.001s] -- Up-to-date: /home/alexander/moveit2_ws/install/moveit_core/include/moveit_core/moveit/trajectory_processing/trajectory_tools.h
[27.001s] -- Up-to-date: /home/alexander/moveit2_ws/install/moveit_core/include/moveit_core/moveit/trajectory_processing/ruckig_traj_smoothing.h
[27.001s] -- Up-to-date: /home/alexander/moveit2_ws/install/moveit_core/include/moveit_core/moveit/trajectory_processing/time_parameterization.h
[27.001s] -- Up-to-date: /home/alexander/moveit2_ws/install/moveit_core/include/moveit_core/moveit/trajectory_processing/time_optimal_trajectory_generation.h
[27.001s] -- Up-to-date: /home/alexander/moveit2_ws/install/moveit_core/include/moveit_core
[27.001s] -- Up-to-date: /home/alexander/moveit2_ws/install/moveit_core/include/moveit_core/moveit
[27.001s] -- Up-to-date: /home/alexander/moveit2_ws/install/moveit_core/include/moveit_core/moveit/transforms
[27.001s] -- Up-to-date: /home/alexander/moveit2_ws/install/moveit_core/include/moveit_core/moveit/transforms/transforms.h
[27.001s] -- Up-to-date: /home/alexander/moveit2_ws/install/moveit_core/include/moveit_core
[27.001s] -- Up-to-date: /home/alexander/moveit2_ws/install/moveit_core/include/moveit_core/moveit
[27.001s] -- Up-to-date: /home/alexander/moveit2_ws/install/moveit_core/include/moveit_core/moveit/utils
[27.001s] -- Up-to-date: /home/alexander/moveit2_ws/install/moveit_core/include/moveit_core/moveit/utils/moveit_error_code.h
[27.001s] -- Up-to-date: /home/alexander/moveit2_ws/install/moveit_core/include/moveit_core/moveit/utils/logger.hpp
[27.001s] -- Up-to-date: /home/alexander/moveit2_ws/install/moveit_core/include/moveit_core/moveit/utils/eigen_test_utils.h
[27.001s] -- Up-to-date: /home/alexander/moveit2_ws/install/moveit_core/include/moveit_core/moveit/utils/rclcpp_utils.h
[27.001s] -- Up-to-date: /home/alexander/moveit2_ws/install/moveit_core/include/moveit_core/moveit/utils/message_checks.h
[27.001s] -- Up-to-date: /home/alexander/moveit2_ws/install/moveit_core/include/moveit_core/moveit/utils/lexical_casts.h
[27.001s] -- Up-to-date: /home/alexander/moveit2_ws/install/moveit_core/include/moveit_core/moveit/utils/robot_model_test_utils.h
[27.001s] -- Installing: /home/alexander/moveit2_ws/install/moveit_core/lib/moveit_core/logger_dut
[27.001s] -- Set runtime path of "/home/alexander/moveit2_ws/install/moveit_core/lib/moveit_core/logger_dut" to ""
[27.002s] -- Installing: /home/alexander/moveit2_ws/install/moveit_core/include/moveit_core/moveit/version.h
[27.002s] -- Installing: /home/alexander/moveit2_ws/install/moveit_core/bin/moveit_version
[27.002s] -- Installing: /home/alexander/moveit2_ws/install/moveit_core/lib/libcollision_detector_bullet_plugin.so.2.9.0
[27.002s] -- Set runtime path of "/home/alexander/moveit2_ws/install/moveit_core/lib/libcollision_detector_bullet_plugin.so.2.9.0" to ""
[27.002s] -- Up-to-date: /home/alexander/moveit2_ws/install/moveit_core/lib/libcollision_detector_bullet_plugin.so
[27.002s] -- Installing: /home/alexander/moveit2_ws/install/moveit_core/lib/libcollision_detector_fcl_plugin.so.2.9.0
[27.002s] -- Set runtime path of "/home/alexander/moveit2_ws/install/moveit_core/lib/libcollision_detector_fcl_plugin.so.2.9.0" to ""
[27.002s] -- Up-to-date: /home/alexander/moveit2_ws/install/moveit_core/lib/libcollision_detector_fcl_plugin.so
[27.002s] -- Installing: /home/alexander/moveit2_ws/install/moveit_core/lib/libmoveit_acceleration_filter.so.2.9.0
[27.002s] -- Set runtime path of "/home/alexander/moveit2_ws/install/moveit_core/lib/libmoveit_acceleration_filter.so.2.9.0" to ""
[27.002s] -- Up-to-date: /home/alexander/moveit2_ws/install/moveit_core/lib/libmoveit_acceleration_filter.so
[27.002s] -- Installing: /home/alexander/moveit2_ws/install/moveit_core/lib/libmoveit_butterworth_filter.so.2.9.0
[27.002s] -- Set runtime path of "/home/alexander/moveit2_ws/install/moveit_core/lib/libmoveit_butterworth_filter.so.2.9.0" to ""
[27.002s] -- Up-to-date: /home/alexander/moveit2_ws/install/moveit_core/lib/libmoveit_butterworth_filter.so
[27.002s] -- Installing: /home/alexander/moveit2_ws/install/moveit_core/lib/libmoveit_collision_detection.so.2.9.0
[27.002s] -- Set runtime path of "/home/alexander/moveit2_ws/install/moveit_core/lib/libmoveit_collision_detection.so.2.9.0" to ""
[27.002s] -- Up-to-date: /home/alexander/moveit2_ws/install/moveit_core/lib/libmoveit_collision_detection.so
[27.002s] -- Installing: /home/alexander/moveit2_ws/install/moveit_core/lib/libmoveit_collision_detection_bullet.so.2.9.0
[27.002s] -- Set runtime path of "/home/alexander/moveit2_ws/install/moveit_core/lib/libmoveit_collision_detection_bullet.so.2.9.0" to ""
[27.002s] -- Up-to-date: /home/alexander/moveit2_ws/install/moveit_core/lib/libmoveit_collision_detection_bullet.so
[27.002s] -- Installing: /home/alexander/moveit2_ws/install/moveit_core/lib/libmoveit_collision_detection_fcl.so.2.9.0
[27.002s] -- Set runtime path of "/home/alexander/moveit2_ws/install/moveit_core/lib/libmoveit_collision_detection_fcl.so.2.9.0" to ""
[27.002s] -- Up-to-date: /home/alexander/moveit2_ws/install/moveit_core/lib/libmoveit_collision_detection_fcl.so
[27.002s] -- Installing: /home/alexander/moveit2_ws/install/moveit_core/lib/libmoveit_collision_distance_field.so.2.9.0
[27.002s] -- Set runtime path of "/home/alexander/moveit2_ws/install/moveit_core/lib/libmoveit_collision_distance_field.so.2.9.0" to ""
[27.002s] -- Up-to-date: /home/alexander/moveit2_ws/install/moveit_core/lib/libmoveit_collision_distance_field.so
[27.002s] -- Installing: /home/alexander/moveit2_ws/install/moveit_core/lib/libmoveit_constraint_samplers.so.2.9.0
[27.003s] -- Set runtime path of "/home/alexander/moveit2_ws/install/moveit_core/lib/libmoveit_constraint_samplers.so.2.9.0" to ""
[27.003s] -- Up-to-date: /home/alexander/moveit2_ws/install/moveit_core/lib/libmoveit_constraint_samplers.so
[27.003s] -- Installing: /home/alexander/moveit2_ws/install/moveit_core/lib/libmoveit_distance_field.so.2.9.0
[27.003s] -- Set runtime path of "/home/alexander/moveit2_ws/install/moveit_core/lib/libmoveit_distance_field.so.2.9.0" to ""
[27.003s] -- Up-to-date: /home/alexander/moveit2_ws/install/moveit_core/lib/libmoveit_distance_field.so
[27.003s] -- Installing: /home/alexander/moveit2_ws/install/moveit_core/lib/libmoveit_dynamics_solver.so.2.9.0
[27.003s] -- Set runtime path of "/home/alexander/moveit2_ws/install/moveit_core/lib/libmoveit_dynamics_solver.so.2.9.0" to ""
[27.003s] -- Up-to-date: /home/alexander/moveit2_ws/install/moveit_core/lib/libmoveit_dynamics_solver.so
[27.003s] -- Installing: /home/alexander/moveit2_ws/install/moveit_core/lib/libmoveit_exceptions.so.2.9.0
[27.003s] -- Set runtime path of "/home/alexander/moveit2_ws/install/moveit_core/lib/libmoveit_exceptions.so.2.9.0" to ""
[27.003s] -- Up-to-date: /home/alexander/moveit2_ws/install/moveit_core/lib/libmoveit_exceptions.so
[27.003s] -- Installing: /home/alexander/moveit2_ws/install/moveit_core/lib/libmoveit_kinematic_constraints.so.2.9.0
[27.003s] -- Set runtime path of "/home/alexander/moveit2_ws/install/moveit_core/lib/libmoveit_kinematic_constraints.so.2.9.0" to ""
[27.003s] -- Up-to-date: /home/alexander/moveit2_ws/install/moveit_core/lib/libmoveit_kinematic_constraints.so
[27.004s] -- Installing: /home/alexander/moveit2_ws/install/moveit_core/lib/libmoveit_kinematics_base.so
[27.004s] -- Set runtime path of "/home/alexander/moveit2_ws/install/moveit_core/lib/libmoveit_kinematics_base.so" to ""
[27.004s] -- Installing: /home/alexander/moveit2_ws/install/moveit_core/lib/libmoveit_kinematics_metrics.so.2.9.0
[27.004s] -- Set runtime path of "/home/alexander/moveit2_ws/install/moveit_core/lib/libmoveit_kinematics_metrics.so.2.9.0" to ""
[27.004s] -- Up-to-date: /home/alexander/moveit2_ws/install/moveit_core/lib/libmoveit_kinematics_metrics.so
[27.004s] -- Installing: /home/alexander/moveit2_ws/install/moveit_core/lib/libmoveit_planning_interface.so.2.9.0
[27.005s] -- Set runtime path of "/home/alexander/moveit2_ws/install/moveit_core/lib/libmoveit_planning_interface.so.2.9.0" to ""
[27.005s] -- Up-to-date: /home/alexander/moveit2_ws/install/moveit_core/lib/libmoveit_planning_interface.so
[27.005s] -- Installing: /home/alexander/moveit2_ws/install/moveit_core/lib/libmoveit_planning_scene.so.2.9.0
[27.005s] -- Set runtime path of "/home/alexander/moveit2_ws/install/moveit_core/lib/libmoveit_planning_scene.so.2.9.0" to ""
[27.005s] -- Up-to-date: /home/alexander/moveit2_ws/install/moveit_core/lib/libmoveit_planning_scene.so
[27.005s] -- Installing: /home/alexander/moveit2_ws/install/moveit_core/lib/libmoveit_robot_model.so.2.9.0
[27.006s] -- Set runtime path of "/home/alexander/moveit2_ws/install/moveit_core/lib/libmoveit_robot_model.so.2.9.0" to ""
[27.006s] -- Up-to-date: /home/alexander/moveit2_ws/install/moveit_core/lib/libmoveit_robot_model.so
[27.006s] -- Installing: /home/alexander/moveit2_ws/install/moveit_core/lib/libmoveit_robot_state.so.2.9.0
[27.007s] -- Set runtime path of "/home/alexander/moveit2_ws/install/moveit_core/lib/libmoveit_robot_state.so.2.9.0" to ""
[27.007s] -- Up-to-date: /home/alexander/moveit2_ws/install/moveit_core/lib/libmoveit_robot_state.so
[27.007s] -- Installing: /home/alexander/moveit2_ws/install/moveit_core/lib/libmoveit_robot_trajectory.so.2.9.0
[27.008s] -- Set runtime path of "/home/alexander/moveit2_ws/install/moveit_core/lib/libmoveit_robot_trajectory.so.2.9.0" to ""
[27.008s] -- Up-to-date: /home/alexander/moveit2_ws/install/moveit_core/lib/libmoveit_robot_trajectory.so
[27.008s] -- Up-to-date: /home/alexander/moveit2_ws/install/moveit_core/lib/libmoveit_smoothing_base.so.2.9.0
[27.008s] -- Up-to-date: /home/alexander/moveit2_ws/install/moveit_core/lib/libmoveit_smoothing_base.so
[27.008s] -- Installing: /home/alexander/moveit2_ws/install/moveit_core/lib/libmoveit_test_utils.so.2.9.0
[27.009s] -- Set runtime path of "/home/alexander/moveit2_ws/install/moveit_core/lib/libmoveit_test_utils.so.2.9.0" to ""
[27.009s] -- Up-to-date: /home/alexander/moveit2_ws/install/moveit_core/lib/libmoveit_test_utils.so
[27.009s] -- Installing: /home/alexander/moveit2_ws/install/moveit_core/lib/libmoveit_trajectory_processing.so.2.9.0
[27.010s] -- Set runtime path of "/home/alexander/moveit2_ws/install/moveit_core/lib/libmoveit_trajectory_processing.so.2.9.0" to ""
[27.010s] -- Up-to-date: /home/alexander/moveit2_ws/install/moveit_core/lib/libmoveit_trajectory_processing.so
[27.010s] -- Installing: /home/alexander/moveit2_ws/install/moveit_core/lib/libmoveit_transforms.so.2.9.0
[27.010s] -- Set runtime path of "/home/alexander/moveit2_ws/install/moveit_core/lib/libmoveit_transforms.so.2.9.0" to ""
[27.010s] -- Up-to-date: /home/alexander/moveit2_ws/install/moveit_core/lib/libmoveit_transforms.so
[27.010s] -- Installing: /home/alexander/moveit2_ws/install/moveit_core/lib/libmoveit_utils.so.2.9.0
[27.011s] -- Set runtime path of "/home/alexander/moveit2_ws/install/moveit_core/lib/libmoveit_utils.so.2.9.0" to ""
[27.011s] -- Up-to-date: /home/alexander/moveit2_ws/install/moveit_core/lib/libmoveit_utils.so
[27.011s] -- Up-to-date: /home/alexander/moveit2_ws/install/moveit_core/share/moveit_core/environment/library_path.sh
[27.011s] -- Installing: /home/alexander/moveit2_ws/install/moveit_core/share/moveit_core/environment/library_path.dsv
[27.011s] -- Up-to-date: /home/alexander/moveit2_ws/install/moveit_core/share/moveit_core/collision_detector_fcl_description.xml
[27.011s] -- Up-to-date: /home/alexander/moveit2_ws/install/moveit_core/share/moveit_core/collision_detector_bullet_description.xml
[27.011s] -- Up-to-date: /home/alexander/moveit2_ws/install/moveit_core/share/moveit_core/filter_plugin_butterworth.xml
[27.011s] -- Up-to-date: /home/alexander/moveit2_ws/install/moveit_core/share/moveit_core/filter_plugin_acceleration.xml
[27.011s] -- Up-to-date: /home/alexander/moveit2_ws/install/moveit_core/share/ament_index/resource_index/package_run_dependencies/moveit_core
[27.011s] -- Installing: /home/alexander/moveit2_ws/install/moveit_core/share/ament_index/resource_index/parent_prefix_path/moveit_core
[27.011s] -- Up-to-date: /home/alexander/moveit2_ws/install/moveit_core/share/moveit_core/environment/ament_prefix_path.sh
[27.011s] -- Installing: /home/alexander/moveit2_ws/install/moveit_core/share/moveit_core/environment/ament_prefix_path.dsv
[27.011s] -- Up-to-date: /home/alexander/moveit2_ws/install/moveit_core/share/moveit_core/environment/path.sh
[27.011s] -- Installing: /home/alexander/moveit2_ws/install/moveit_core/share/moveit_core/environment/path.dsv
[27.012s] -- Up-to-date: /home/alexander/moveit2_ws/install/moveit_core/share/moveit_core/local_setup.bash
[27.012s] -- Up-to-date: /home/alexander/moveit2_ws/install/moveit_core/share/moveit_core/local_setup.sh
[27.012s] -- Up-to-date: /home/alexander/moveit2_ws/install/moveit_core/share/moveit_core/local_setup.zsh
[27.012s] -- Installing: /home/alexander/moveit2_ws/install/moveit_core/share/moveit_core/local_setup.dsv
[27.012s] -- Installing: /home/alexander/moveit2_ws/install/moveit_core/share/moveit_core/package.dsv
[27.012s] -- Up-to-date: /home/alexander/moveit2_ws/install/moveit_core/share/ament_index/resource_index/packages/moveit_core
[27.012s] -- Up-to-date: /home/alexander/moveit2_ws/install/moveit_core/share/ament_index/resource_index/moveit_core__pluginlib__plugin/moveit_core
[27.012s] -- Up-to-date: /home/alexander/moveit2_ws/install/moveit_core/share/moveit_core/cmake/moveit_coreTargetsExport.cmake
[27.012s] -- Up-to-date: /home/alexander/moveit2_ws/install/moveit_core/share/moveit_core/cmake/moveit_coreTargetsExport-release.cmake
[27.012s] -- Up-to-date: /home/alexander/moveit2_ws/install/moveit_core/share/moveit_core/cmake/ConfigExtras.cmake
[27.012s] -- Up-to-date: /home/alexander/moveit2_ws/install/moveit_core/share/moveit_core/cmake/ament_cmake_export_targets-extras.cmake
[27.012s] -- Up-to-date: /home/alexander/moveit2_ws/install/moveit_core/share/moveit_core/cmake/ament_cmake_export_dependencies-extras.cmake
[27.012s] -- Up-to-date: /home/alexander/moveit2_ws/install/moveit_core/share/moveit_core/cmake/moveit_coreConfig.cmake
[27.012s] -- Up-to-date: /home/alexander/moveit2_ws/install/moveit_core/share/moveit_core/cmake/moveit_coreConfig-version.cmake
[27.012s] -- Up-to-date: /home/alexander/moveit2_ws/install/moveit_core/share/moveit_core/package.xml
[27.014s] Invoked command in '/home/alexander/moveit2_ws/build/moveit_core' returned '0': AMENT_PREFIX_PATH=/home/alexander/moveit2_ws/install/moveit_resources_panda_moveit_config:/home/alexander/moveit2_ws/install/moveit_resources_pr2_description:/home/alexander/moveit2_ws/install/moveit_resources_panda_description:${AMENT_PREFIX_PATH} CMAKE_PREFIX_PATH=/home/alexander/moveit2_ws/install/moveit_resources_panda_moveit_config:/home/alexander/moveit2_ws/install/moveit_resources_pr2_description:/home/alexander/moveit2_ws/install/moveit_resources_panda_description:/home/alexander/moveit2_ws/install/moveit_common:/home/alexander/moveit2_ws/install/pilz_industrial_motion_planner_testutils:/home/alexander/moveit2_ws/install/panda_moveit_config:/home/alexander/moveit2_ws/install/moveit_runtime:/home/alexander/moveit2_ws/install/moveit:/home/alexander/moveit2_ws/install/moveit_planners:/home/alexander/moveit2_ws/install/pilz_industrial_motion_planner:/home/alexander/moveit2_ws/install/moveit_ros_control_interface:/home/alexander/moveit2_ws/install/moveit_plugins:/home/alexander/moveit2_ws/install/moveit_simple_controller_manager:/home/alexander/moveit2_ws/install/moveit_setup_assistant:/home/alexander/moveit2_ws/install/moveit_setup_srdf_plugins:/home/alexander/moveit2_ws/install/moveit_setup_core_plugins:/home/alexander/moveit2_ws/install/moveit_setup_controllers:/home/alexander/moveit2_ws/install/moveit_setup_app_plugins:/home/alexander/moveit2_ws/install/moveit_setup_framework:/home/alexander/moveit2_ws/install/moveit_servo:/home/alexander/moveit2_ws/install/moveit_ros:/home/alexander/moveit2_ws/install/moveit_ros_visualization:/home/alexander/moveit2_ws/install/moveit_py:/home/alexander/moveit2_ws/install/moveit_hybrid_planning:/home/alexander/moveit2_ws/install/moveit_ros_planning_interface:/home/alexander/moveit2_ws/install/moveit_ros_benchmarks:/home/alexander/moveit2_ws/install/moveit_ros_warehouse:/home/alexander/moveit2_ws/install/moveit_ros_robot_interaction:/home/alexander/moveit2_ws/install/moveit_ros_perception:/home/alexander/moveit2_ws/install/moveit_resources_prbt_pg70_support:/home/alexander/moveit2_ws/install/moveit_resources_prbt_moveit_config:/home/alexander/moveit2_ws/install/moveit_ros_move_group:/home/alexander/moveit2_ws/install/moveit_planners_ompl:/home/alexander/moveit2_ws/install/moveit_kinematics:/home/alexander/moveit2_ws/install/moveit_ros_planning:/home/alexander/moveit2_ws/install/moveit_ros_occupancy_map_monitor:/home/alexander/moveit2_ws/install/moveit_resources_prbt_support:/home/alexander/moveit2_ws/install/moveit_resources_prbt_ikfast_manipulator_plugin:/home/alexander/moveit2_ws/install/moveit_planners_stomp:/home/alexander/moveit2_ws/install/moveit_planners_chomp:/home/alexander/moveit2_ws/install/chomp_motion_planner:/home/alexander/moveit2_ws/install/moveit_core:/home/alexander/moveit2_ws/install/arduinobot_description:/home/alexander/moveit2_ws/install/moveit_configs_utils:/opt/ros/humble /usr/bin/cmake --install /home/alexander/moveit2_ws/build/moveit_core
