-- Found moveit_common: 2.9.0 (/home/alexander/moveit2_ws/install/moveit_common/share/moveit_common/cmake)
-- Found ament_cmake: 1.3.8 (/opt/ros/humble/share/ament_cmake/cmake)
-- Could NOT find libbfd (missing: LIBBFD_LIBRARY LIBBFD_INCLUDE_DIR) 
-- BACKWARD_HAS_UNWIND=1
-- BACKWARD_HAS_BACKTRACE=0
-- BACKWARD_HAS_BACKTRACE_SYMBOL=0
-- BACKWARD_HAS_DW=1
-- BACKWARD_HAS_BFD=0
-- Found Backward: /opt/ros/humble/share/backward_ros/cmake  
-- Found ament_index_cpp: 1.4.0 (/opt/ros/humble/share/ament_index_cpp/cmake)
-- Found generate_parameter_library: 0.3.8 (/opt/ros/humble/share/generate_parameter_library/cmake)
-- Found parameter_traits: 0.3.8 (/opt/ros/humble/share/parameter_traits/cmake)
-- Found rosidl_generator_c: 3.1.5 (/opt/ros/humble/share/rosidl_generator_c/cmake)
-- Found rosidl_adapter: 3.1.5 (/opt/ros/humble/share/rosidl_adapter/cmake)
-- Found rosidl_generator_cpp: 3.1.5 (/opt/ros/humble/share/rosidl_generator_cpp/cmake)
-- Using all available rosidl_typesupport_c: rosidl_typesupport_fastrtps_c;rosidl_typesupport_introspection_c
-- Using all available rosidl_typesupport_cpp: rosidl_typesupport_fastrtps_cpp;rosidl_typesupport_introspection_cpp
-- Found rmw_implementation_cmake: 6.1.1 (/opt/ros/humble/share/rmw_implementation_cmake/cmake)
-- Found rmw_fastrtps_cpp: 6.2.6 (/opt/ros/humble/share/rmw_fastrtps_cpp/cmake)
-- Using RMW implementation 'rmw_fastrtps_cpp' as default
-- Found rclcpp_lifecycle: 16.0.8 (/opt/ros/humble/share/rclcpp_lifecycle/cmake)
-- Found message_filters: 4.3.3 (/opt/ros/humble/share/message_filters/cmake)
-- Found moveit_core: 2.9.0 (/home/alexander/moveit2_ws/install/moveit_core/share/moveit_core/cmake)
-- Found Boost: /usr/lib/x86_64-linux-gnu/cmake/Boost-1.74.0/BoostConfig.cmake (found version "1.74.0") found components: chrono date_time filesystem iostreams program_options regex serialization system thread 
-- Found Boost: /usr/lib/x86_64-linux-gnu/cmake/Boost-1.74.0/BoostConfig.cmake (found version "1.74.0") found components: filesystem 
-- library: /usr/lib/x86_64-linux-gnu/libcurl.so
-- Ensuring Eigen3 include directory is part of orocos-kdl CMake target
-- Found moveit_ros_occupancy_map_monitor: 2.9.0 (/home/alexander/moveit2_ws/install/moveit_ros_occupancy_map_monitor/share/moveit_ros_occupancy_map_monitor/cmake)
-- Found Boost: /usr/lib/x86_64-linux-gnu/cmake/Boost-1.74.0/BoostConfig.cmake (found version "1.74.0") found components: system filesystem date_time program_options thread chrono 
-- Found ament_cmake_gtest: 1.3.8 (/opt/ros/humble/share/ament_cmake_gtest/cmake)
-- Found gtest sources under '/opt/ros/humble/src/gtest_vendor': C++ tests using 'Google Test' will be built
-- Found ament_cmake_gtest: 1.3.8 (/opt/ros/humble/share/ament_cmake_gtest/cmake)
-- Found ament_cmake_gmock: 1.3.8 (/opt/ros/humble/share/ament_cmake_gmock/cmake)
-- Found ros_testing: 0.4.0 (/opt/ros/humble/share/ros_testing/cmake)
-- Found launch_testing_ament_cmake: 1.0.5 (/opt/ros/humble/share/launch_testing_ament_cmake/cmake)
-- Found python_cmake_module: 0.10.0 (/opt/ros/humble/share/python_cmake_module/cmake)
-- Using PYTHON_EXECUTABLE: /usr/bin/python3
-- Using PYTHON_INCLUDE_DIRS: /usr/include/python3.10
-- Using PYTHON_LIBRARIES: /usr/lib/x86_64-linux-gnu/libpython3.10.so
-- Found gmock sources under '/opt/ros/humble/src/gmock_vendor': C++ tests using 'Google Mock' will be built
-- Found gtest sources under '/opt/ros/humble/src/gtest_vendor': C++ tests using 'Google Test' will be built
-- Found launch_testing_ament_cmake: 1.0.5 (/opt/ros/humble/share/launch_testing_ament_cmake/cmake)
-- Found python_cmake_module: 0.10.0 (/opt/ros/humble/share/python_cmake_module/cmake)
-- Using PYTHON_EXECUTABLE: /usr/bin/python3
-- Using PYTHON_INCLUDE_DIRS: /usr/include/python3.10
-- Using PYTHON_LIBRARIES: /usr/lib/x86_64-linux-gnu/libpython3.10.so
-- Configuring done
-- Generating done
-- Build files have been written to: /home/alexander/moveit2_ws/build/moveit_ros_planning
[35m[1mConsolidate compiler generated dependencies of target gtest[0m
[35m[1mConsolidate compiler generated dependencies of target gmock[0m
[35m[1mConsolidate compiler generated dependencies of target moveit_rdf_loader[0m
[35m[1mConsolidate compiler generated dependencies of target srdf_publisher[0m
[35m[1mConsolidate compiler generated dependencies of target gmock_main[0m
[35m[1mConsolidate compiler generated dependencies of target gtest_main[0m
[35m[1mConsolidate compiler generated dependencies of target srdf_publisher_node[0m
[35m[1mConsolidate compiler generated dependencies of target moveit_collision_plugin_loader[0m
[35m[1mConsolidate compiler generated dependencies of target moveit_pipeline_test_plugins[0m
[  1%] Built target planning_pipeline_parameters
[  2%] Built target default_request_adapter_parameters
[  4%] Built target gtest
[  8%] Built target gmock
[  9%] Built target kinematics_parameters
[ 10%] [32m[1mLinking CXX shared library libmoveit_rdf_loader.so[0m
[ 13%] Built target gtest_main
[ 14%] Built target default_response_adapter_parameters
[ 16%] Built target gmock_main
[35m[1mConsolidate compiler generated dependencies of target moveit_planning_pipeline[0m
[ 18%] [32m[1mLinking CXX shared library libmoveit_pipeline_test_plugins.so[0m
[ 21%] Built target srdf_publisher_node
[ 22%] Built target srdf_publisher
[35m[1mConsolidate compiler generated dependencies of target moveit_default_planning_request_adapter_plugins[0m
[ 24%] [32m[1mLinking CXX shared library libmoveit_collision_plugin_loader.so[0m
[35m[1mConsolidate compiler generated dependencies of target moveit_default_planning_response_adapter_plugins[0m
[ 25%] [32mBuilding CXX object planning_pipeline/CMakeFiles/moveit_planning_pipeline.dir/src/planning_pipeline.cpp.o[0m
[ 26%] [32m[1mLinking CXX shared library libmoveit_default_planning_request_adapter_plugins.so[0m
[ 27%] [32m[1mLinking CXX shared library libmoveit_default_planning_response_adapter_plugins.so[0m
[ 28%] Built target moveit_pipeline_test_plugins
[ 30%] Built target moveit_collision_plugin_loader
[ 32%] Built target moveit_rdf_loader
[35m[1mConsolidate compiler generated dependencies of target moveit_constraint_sampler_manager_loader[0m
[ 38%] Built target moveit_default_planning_request_adapter_plugins
[35m[1mConsolidate compiler generated dependencies of target moveit_kinematics_plugin_loader[0m
[ 39%] [32m[1mLinking CXX shared library libmoveit_constraint_sampler_manager_loader.so[0m
[ 40%] [32m[1mLinking CXX shared library libmoveit_kinematics_plugin_loader.so[0m
[ 45%] Built target moveit_default_planning_response_adapter_plugins
[ 46%] Built target moveit_constraint_sampler_manager_loader
[ 48%] Built target moveit_kinematics_plugin_loader
[35m[1mConsolidate compiler generated dependencies of target moveit_robot_model_loader[0m
[ 49%] [32mBuilding CXX object robot_model_loader/CMakeFiles/moveit_robot_model_loader.dir/src/robot_model_loader.cpp.o[0m
[ 50%] [32m[1mLinking CXX shared library libmoveit_robot_model_loader.so[0m
[ 50%] Built target moveit_robot_model_loader
[35m[1mConsolidate compiler generated dependencies of target moveit_print_planning_model_info[0m
[35m[1mConsolidate compiler generated dependencies of target moveit_planning_scene_monitor[0m
[ 51%] [32m[1mLinking CXX executable moveit_print_planning_model_info[0m
[ 54%] [32mBuilding CXX object planning_scene_monitor/CMakeFiles/moveit_planning_scene_monitor.dir/src/current_state_monitor_middleware_handle.cpp.o[0m
[ 54%] [32mBuilding CXX object planning_scene_monitor/CMakeFiles/moveit_planning_scene_monitor.dir/src/planning_scene_monitor.cpp.o[0m
[ 55%] [32mBuilding CXX object planning_scene_monitor/CMakeFiles/moveit_planning_scene_monitor.dir/src/current_state_monitor.cpp.o[0m
[ 56%] [32mBuilding CXX object planning_scene_monitor/CMakeFiles/moveit_planning_scene_monitor.dir/src/trajectory_monitor.cpp.o[0m
[ 57%] [32mBuilding CXX object planning_scene_monitor/CMakeFiles/moveit_planning_scene_monitor.dir/src/trajectory_monitor_middleware_handle.cpp.o[0m
[ 59%] Built target moveit_print_planning_model_info
[ 60%] [32m[1mLinking CXX shared library libmoveit_planning_pipeline.so[0m
[ 60%] Built target moveit_planning_pipeline
[35m[1mConsolidate compiler generated dependencies of target moveit_planning_pipeline_test[0m
[35m[1mConsolidate compiler generated dependencies of target moveit_planning_pipeline_interfaces[0m
[ 61%] [32mBuilding CXX object planning_pipeline/CMakeFiles/moveit_planning_pipeline_test.dir/test/planning_pipeline_tests.cpp.o[0m
[ 62%] [32mBuilding CXX object planning_pipeline_interfaces/CMakeFiles/moveit_planning_pipeline_interfaces.dir/src/solution_selection_functions.cpp.o[0m
[ 63%] [32mBuilding CXX object planning_pipeline_interfaces/CMakeFiles/moveit_planning_pipeline_interfaces.dir/src/planning_pipeline_interfaces.cpp.o[0m
[ 65%] [32mBuilding CXX object planning_pipeline_interfaces/CMakeFiles/moveit_planning_pipeline_interfaces.dir/src/stopping_criterion_function.cpp.o[0m
[ 66%] [32mBuilding CXX object planning_pipeline_interfaces/CMakeFiles/moveit_planning_pipeline_interfaces.dir/src/plan_responses_container.cpp.o[0m
[ 67%] [32m[1mLinking CXX shared library libmoveit_planning_pipeline_interfaces.so[0m
[ 67%] Built target moveit_planning_pipeline_interfaces
[ 68%] [32m[1mLinking CXX executable moveit_planning_pipeline_test[0m
[ 68%] Built target moveit_planning_pipeline_test
[ 69%] [32m[1mLinking CXX shared library libmoveit_planning_scene_monitor.so[0m
[ 69%] Built target moveit_planning_scene_monitor
[35m[1mConsolidate compiler generated dependencies of target moveit_print_planning_scene_info[0m
[35m[1mConsolidate compiler generated dependencies of target moveit_evaluate_collision_checking_speed[0m
[35m[1mConsolidate compiler generated dependencies of target moveit_visualize_robot_collision_volume[0m
[35m[1mConsolidate compiler generated dependencies of target moveit_display_random_state[0m
[35m[1mConsolidate compiler generated dependencies of target trajectory_monitor_tests[0m
[35m[1mConsolidate compiler generated dependencies of target moveit_trajectory_execution_manager[0m
[35m[1mConsolidate compiler generated dependencies of target moveit_publish_scene_from_text[0m
[35m[1mConsolidate compiler generated dependencies of target demo_scene[0m
[35m[1mConsolidate compiler generated dependencies of target planning_scene_monitor_test[0m
[35m[1mConsolidate compiler generated dependencies of target current_state_monitor_tests[0m
[ 71%] [32m[1mLinking CXX executable moveit_display_random_state[0m
[ 73%] [32mBuilding CXX object trajectory_execution_manager/CMakeFiles/moveit_trajectory_execution_manager.dir/src/trajectory_execution_manager.cpp.o[0m
[ 73%] [32m[1mLinking CXX executable moveit_print_planning_scene_info[0m
[ 74%] [32m[1mLinking CXX executable moveit_visualize_robot_collision_volume[0m
[ 75%] [32m[1mLinking CXX executable moveit_evaluate_collision_checking_speed[0m
[ 78%] [32mBuilding CXX object planning_scene_monitor/CMakeFiles/demo_scene.dir/demos/demo_scene.cpp.o[0m
[ 78%] [32m[1mLinking CXX executable moveit_publish_scene_from_text[0m
[ 79%] [32m[1mLinking CXX executable trajectory_monitor_tests[0m
[ 80%] [32mBuilding CXX object planning_scene_monitor/CMakeFiles/planning_scene_monitor_test.dir/test/planning_scene_monitor_test.cpp.o[0m
[ 81%] [32m[1mLinking CXX executable current_state_monitor_tests[0m
[ 83%] Built target moveit_display_random_state
[ 84%] Built target moveit_print_planning_scene_info
[ 85%] Built target moveit_evaluate_collision_checking_speed
[ 86%] Built target moveit_visualize_robot_collision_volume
[ 87%] Built target moveit_publish_scene_from_text
[ 89%] Built target trajectory_monitor_tests
[ 90%] Built target current_state_monitor_tests
[ 91%] [32m[1mLinking CXX executable demo_scene[0m
[ 92%] [32m[1mLinking CXX executable planning_scene_monitor_test[0m
[ 92%] Built target demo_scene
[ 92%] Built target planning_scene_monitor_test
[ 93%] [32m[1mLinking CXX shared library libmoveit_trajectory_execution_manager.so[0m
[ 93%] Built target moveit_trajectory_execution_manager
[35m[1mConsolidate compiler generated dependencies of target moveit_plan_execution[0m
[35m[1mConsolidate compiler generated dependencies of target moveit_cpp[0m
[ 95%] [32m[1mLinking CXX shared library libmoveit_plan_execution.so[0m
[ 96%] [32m[1mLinking CXX shared library libmoveit_cpp.so[0m
[ 97%] Built target moveit_plan_execution
[100%] Built target moveit_cpp
-- Install configuration: "Release"
-- Up-to-date: /home/alexander/moveit2_ws/install/moveit_ros_planning/include/moveit_ros_planning
-- Up-to-date: /home/alexander/moveit2_ws/install/moveit_ros_planning/include/moveit_ros_planning/moveit
-- Up-to-date: /home/alexander/moveit2_ws/install/moveit_ros_planning/include/moveit_ros_planning/moveit/collision_plugin_loader
-- Up-to-date: /home/alexander/moveit2_ws/install/moveit_ros_planning/include/moveit_ros_planning/moveit/collision_plugin_loader/collision_plugin_loader.h
-- Up-to-date: /home/alexander/moveit2_ws/install/moveit_ros_planning/include/moveit_ros_planning
-- Up-to-date: /home/alexander/moveit2_ws/install/moveit_ros_planning/include/moveit_ros_planning/moveit
-- Up-to-date: /home/alexander/moveit2_ws/install/moveit_ros_planning/include/moveit_ros_planning/moveit/constraint_sampler_manager_loader
-- Up-to-date: /home/alexander/moveit2_ws/install/moveit_ros_planning/include/moveit_ros_planning/moveit/constraint_sampler_manager_loader/constraint_sampler_manager_loader.h
-- Up-to-date: /home/alexander/moveit2_ws/install/moveit_ros_planning/include/kinematics_parameters
-- Up-to-date: /home/alexander/moveit2_ws/install/moveit_ros_planning/include/kinematics_parameters/kinematics_parameters.hpp
-- Up-to-date: /home/alexander/moveit2_ws/install/moveit_ros_planning/include/moveit_ros_planning
-- Up-to-date: /home/alexander/moveit2_ws/install/moveit_ros_planning/include/moveit_ros_planning/moveit
-- Up-to-date: /home/alexander/moveit2_ws/install/moveit_ros_planning/include/moveit_ros_planning/moveit/kinematics_plugin_loader
-- Up-to-date: /home/alexander/moveit2_ws/install/moveit_ros_planning/include/moveit_ros_planning/moveit/kinematics_plugin_loader/kinematics_plugin_loader.h
-- Up-to-date: /home/alexander/moveit2_ws/install/moveit_ros_planning/include/moveit_ros_planning
-- Up-to-date: /home/alexander/moveit2_ws/install/moveit_ros_planning/include/moveit_ros_planning/moveit
-- Up-to-date: /home/alexander/moveit2_ws/install/moveit_ros_planning/include/moveit_ros_planning/moveit/moveit_cpp
-- Up-to-date: /home/alexander/moveit2_ws/install/moveit_ros_planning/include/moveit_ros_planning/moveit/moveit_cpp/planning_component.h
-- Up-to-date: /home/alexander/moveit2_ws/install/moveit_ros_planning/include/moveit_ros_planning/moveit/moveit_cpp/moveit_cpp.h
-- Up-to-date: /home/alexander/moveit2_ws/install/moveit_ros_planning/include/moveit_ros_planning
-- Up-to-date: /home/alexander/moveit2_ws/install/moveit_ros_planning/include/moveit_ros_planning/moveit
-- Up-to-date: /home/alexander/moveit2_ws/install/moveit_ros_planning/include/moveit_ros_planning/moveit/plan_execution
-- Up-to-date: /home/alexander/moveit2_ws/install/moveit_ros_planning/include/moveit_ros_planning/moveit/plan_execution/plan_execution.h
-- Up-to-date: /home/alexander/moveit2_ws/install/moveit_ros_planning/include/moveit_ros_planning/moveit/plan_execution/plan_representation.h
-- Installing: /home/alexander/moveit2_ws/install/moveit_ros_planning/lib/moveit_ros_planning/moveit_print_planning_model_info
-- Set runtime path of "/home/alexander/moveit2_ws/install/moveit_ros_planning/lib/moveit_ros_planning/moveit_print_planning_model_info" to ""
-- Installing: /home/alexander/moveit2_ws/install/moveit_ros_planning/lib/moveit_ros_planning/moveit_print_planning_scene_info
-- Set runtime path of "/home/alexander/moveit2_ws/install/moveit_ros_planning/lib/moveit_ros_planning/moveit_print_planning_scene_info" to ""
-- Installing: /home/alexander/moveit2_ws/install/moveit_ros_planning/lib/moveit_ros_planning/moveit_display_random_state
-- Set runtime path of "/home/alexander/moveit2_ws/install/moveit_ros_planning/lib/moveit_ros_planning/moveit_display_random_state" to ""
-- Installing: /home/alexander/moveit2_ws/install/moveit_ros_planning/lib/moveit_ros_planning/moveit_visualize_robot_collision_volume
-- Set runtime path of "/home/alexander/moveit2_ws/install/moveit_ros_planning/lib/moveit_ros_planning/moveit_visualize_robot_collision_volume" to ""
-- Installing: /home/alexander/moveit2_ws/install/moveit_ros_planning/lib/moveit_ros_planning/moveit_evaluate_collision_checking_speed
-- Set runtime path of "/home/alexander/moveit2_ws/install/moveit_ros_planning/lib/moveit_ros_planning/moveit_evaluate_collision_checking_speed" to ""
-- Installing: /home/alexander/moveit2_ws/install/moveit_ros_planning/lib/moveit_ros_planning/moveit_publish_scene_from_text
-- Set runtime path of "/home/alexander/moveit2_ws/install/moveit_ros_planning/lib/moveit_ros_planning/moveit_publish_scene_from_text" to ""
-- Up-to-date: /home/alexander/moveit2_ws/install/moveit_ros_planning/include/moveit_ros_planning
-- Up-to-date: /home/alexander/moveit2_ws/install/moveit_ros_planning/include/moveit_ros_planning/moveit
-- Up-to-date: /home/alexander/moveit2_ws/install/moveit_ros_planning/include/moveit_ros_planning/moveit/planning_pipeline_interfaces
-- Up-to-date: /home/alexander/moveit2_ws/install/moveit_ros_planning/include/moveit_ros_planning/moveit/planning_pipeline_interfaces/stopping_criterion_functions.hpp
-- Up-to-date: /home/alexander/moveit2_ws/install/moveit_ros_planning/include/moveit_ros_planning/moveit/planning_pipeline_interfaces/plan_responses_container.hpp
-- Up-to-date: /home/alexander/moveit2_ws/install/moveit_ros_planning/include/moveit_ros_planning/moveit/planning_pipeline_interfaces/planning_pipeline_interfaces.hpp
-- Up-to-date: /home/alexander/moveit2_ws/install/moveit_ros_planning/include/moveit_ros_planning/moveit/planning_pipeline_interfaces/solution_selection_functions.hpp
-- Up-to-date: /home/alexander/moveit2_ws/install/moveit_ros_planning/include/moveit_ros_planning/moveit_planning_pipeline_interfaces_export.h
-- Up-to-date: /home/alexander/moveit2_ws/install/moveit_ros_planning/include/planning_pipeline_parameters
-- Up-to-date: /home/alexander/moveit2_ws/install/moveit_ros_planning/include/planning_pipeline_parameters/planning_pipeline_parameters.hpp
-- Installing: /home/alexander/moveit2_ws/install/moveit_ros_planning/lib/libmoveit_pipeline_test_plugins.so.2.9.0
-- Set runtime path of "/home/alexander/moveit2_ws/install/moveit_ros_planning/lib/libmoveit_pipeline_test_plugins.so.2.9.0" to ""
-- Up-to-date: /home/alexander/moveit2_ws/install/moveit_ros_planning/lib/libmoveit_pipeline_test_plugins.so
-- Up-to-date: /home/alexander/moveit2_ws/install/moveit_ros_planning/include/moveit_ros_planning
-- Up-to-date: /home/alexander/moveit2_ws/install/moveit_ros_planning/include/moveit_ros_planning/moveit
-- Up-to-date: /home/alexander/moveit2_ws/install/moveit_ros_planning/include/moveit_ros_planning/moveit/planning_pipeline
-- Up-to-date: /home/alexander/moveit2_ws/install/moveit_ros_planning/include/moveit_ros_planning/moveit/planning_pipeline/planning_pipeline.h
-- Up-to-date: /home/alexander/moveit2_ws/install/moveit_ros_planning/include/moveit_ros_planning/moveit_planning_pipeline_export.h
-- Up-to-date: /home/alexander/moveit2_ws/install/moveit_ros_planning/include/default_request_adapter_parameters
-- Up-to-date: /home/alexander/moveit2_ws/install/moveit_ros_planning/include/default_request_adapter_parameters/default_request_adapter_parameters.hpp
-- Up-to-date: /home/alexander/moveit2_ws/install/moveit_ros_planning/include/default_response_adapter_parameters
-- Up-to-date: /home/alexander/moveit2_ws/install/moveit_ros_planning/include/default_response_adapter_parameters/default_response_adapter_parameters.hpp
-- Installing: /home/alexander/moveit2_ws/install/moveit_ros_planning/lib/moveit_ros_planning/demo_scene
-- Set runtime path of "/home/alexander/moveit2_ws/install/moveit_ros_planning/lib/moveit_ros_planning/demo_scene" to ""
-- Up-to-date: /home/alexander/moveit2_ws/install/moveit_ros_planning/include/moveit_ros_planning
-- Up-to-date: /home/alexander/moveit2_ws/install/moveit_ros_planning/include/moveit_ros_planning/moveit
-- Up-to-date: /home/alexander/moveit2_ws/install/moveit_ros_planning/include/moveit_ros_planning/moveit/planning_scene_monitor
-- Up-to-date: /home/alexander/moveit2_ws/install/moveit_ros_planning/include/moveit_ros_planning/moveit/planning_scene_monitor/trajectory_monitor.h
-- Up-to-date: /home/alexander/moveit2_ws/install/moveit_ros_planning/include/moveit_ros_planning/moveit/planning_scene_monitor/trajectory_monitor_middleware_handle.hpp
-- Up-to-date: /home/alexander/moveit2_ws/install/moveit_ros_planning/include/moveit_ros_planning/moveit/planning_scene_monitor/planning_scene_monitor.h
-- Up-to-date: /home/alexander/moveit2_ws/install/moveit_ros_planning/include/moveit_ros_planning/moveit/planning_scene_monitor/current_state_monitor_middleware_handle.hpp
-- Up-to-date: /home/alexander/moveit2_ws/install/moveit_ros_planning/include/moveit_ros_planning/moveit/planning_scene_monitor/current_state_monitor.h
-- Up-to-date: /home/alexander/moveit2_ws/install/moveit_ros_planning/include/moveit_ros_planning/moveit_planning_scene_monitor_export.h
-- Up-to-date: /home/alexander/moveit2_ws/install/moveit_ros_planning/include/moveit_ros_planning
-- Up-to-date: /home/alexander/moveit2_ws/install/moveit_ros_planning/include/moveit_ros_planning/moveit
-- Up-to-date: /home/alexander/moveit2_ws/install/moveit_ros_planning/include/moveit_ros_planning/moveit/rdf_loader
-- Up-to-date: /home/alexander/moveit2_ws/install/moveit_ros_planning/include/moveit_ros_planning/moveit/rdf_loader/rdf_loader.h
-- Up-to-date: /home/alexander/moveit2_ws/install/moveit_ros_planning/include/moveit_ros_planning/moveit/rdf_loader/synchronized_string_parameter.h
-- Up-to-date: /home/alexander/moveit2_ws/install/moveit_ros_planning/share/moveit_ros_planning/rdf_loader/test/data
-- Up-to-date: /home/alexander/moveit2_ws/install/moveit_ros_planning/share/moveit_ros_planning/rdf_loader/test/data/gonzo.srdf
-- Up-to-date: /home/alexander/moveit2_ws/install/moveit_ros_planning/share/moveit_ros_planning/rdf_loader/test/data/gonzo.urdf
-- Up-to-date: /home/alexander/moveit2_ws/install/moveit_ros_planning/share/moveit_ros_planning/rdf_loader/test/data/kermit.srdf
-- Up-to-date: /home/alexander/moveit2_ws/install/moveit_ros_planning/share/moveit_ros_planning/rdf_loader/test/data/kermit.urdf
-- Up-to-date: /home/alexander/moveit2_ws/install/moveit_ros_planning/share/moveit_ros_planning/rdf_loader/test/data/robin.srdf.xacro
-- Up-to-date: /home/alexander/moveit2_ws/install/moveit_ros_planning/share/moveit_ros_planning/rdf_loader/test/launch
-- Up-to-date: /home/alexander/moveit2_ws/install/moveit_ros_planning/share/moveit_ros_planning/rdf_loader/test/launch/test_rdf_integration.test.py
-- Up-to-date: /home/alexander/moveit2_ws/install/moveit_ros_planning/include/moveit_ros_planning
-- Up-to-date: /home/alexander/moveit2_ws/install/moveit_ros_planning/include/moveit_ros_planning/moveit
-- Up-to-date: /home/alexander/moveit2_ws/install/moveit_ros_planning/include/moveit_ros_planning/moveit/robot_model_loader
-- Up-to-date: /home/alexander/moveit2_ws/install/moveit_ros_planning/include/moveit_ros_planning/moveit/robot_model_loader/robot_model_loader.h
-- Up-to-date: /home/alexander/moveit2_ws/install/moveit_ros_planning/include/moveit_ros_planning
-- Up-to-date: /home/alexander/moveit2_ws/install/moveit_ros_planning/include/moveit_ros_planning/moveit
-- Up-to-date: /home/alexander/moveit2_ws/install/moveit_ros_planning/include/moveit_ros_planning/moveit/trajectory_execution_manager
-- Up-to-date: /home/alexander/moveit2_ws/install/moveit_ros_planning/include/moveit_ros_planning/moveit/trajectory_execution_manager/trajectory_execution_manager.h
-- Up-to-date: /home/alexander/moveit2_ws/install/moveit_ros_planning/include/moveit_ros_planning/moveit_trajectory_execution_manager_export.h
-- Installing: /home/alexander/moveit2_ws/install/moveit_ros_planning/lib/libmoveit_collision_plugin_loader.so.2.9.0
-- Set runtime path of "/home/alexander/moveit2_ws/install/moveit_ros_planning/lib/libmoveit_collision_plugin_loader.so.2.9.0" to ""
-- Up-to-date: /home/alexander/moveit2_ws/install/moveit_ros_planning/lib/libmoveit_collision_plugin_loader.so
-- Installing: /home/alexander/moveit2_ws/install/moveit_ros_planning/lib/libmoveit_constraint_sampler_manager_loader.so.2.9.0
-- Set runtime path of "/home/alexander/moveit2_ws/install/moveit_ros_planning/lib/libmoveit_constraint_sampler_manager_loader.so.2.9.0" to ""
-- Up-to-date: /home/alexander/moveit2_ws/install/moveit_ros_planning/lib/libmoveit_constraint_sampler_manager_loader.so
-- Installing: /home/alexander/moveit2_ws/install/moveit_ros_planning/lib/libmoveit_cpp.so.2.9.0
-- Set runtime path of "/home/alexander/moveit2_ws/install/moveit_ros_planning/lib/libmoveit_cpp.so.2.9.0" to ""
-- Up-to-date: /home/alexander/moveit2_ws/install/moveit_ros_planning/lib/libmoveit_cpp.so
-- Installing: /home/alexander/moveit2_ws/install/moveit_ros_planning/lib/libmoveit_default_planning_request_adapter_plugins.so.2.9.0
-- Set runtime path of "/home/alexander/moveit2_ws/install/moveit_ros_planning/lib/libmoveit_default_planning_request_adapter_plugins.so.2.9.0" to ""
-- Up-to-date: /home/alexander/moveit2_ws/install/moveit_ros_planning/lib/libmoveit_default_planning_request_adapter_plugins.so
-- Installing: /home/alexander/moveit2_ws/install/moveit_ros_planning/lib/libmoveit_default_planning_response_adapter_plugins.so.2.9.0
-- Set runtime path of "/home/alexander/moveit2_ws/install/moveit_ros_planning/lib/libmoveit_default_planning_response_adapter_plugins.so.2.9.0" to ""
-- Up-to-date: /home/alexander/moveit2_ws/install/moveit_ros_planning/lib/libmoveit_default_planning_response_adapter_plugins.so
-- Installing: /home/alexander/moveit2_ws/install/moveit_ros_planning/lib/libmoveit_kinematics_plugin_loader.so.2.9.0
-- Set runtime path of "/home/alexander/moveit2_ws/install/moveit_ros_planning/lib/libmoveit_kinematics_plugin_loader.so.2.9.0" to ""
-- Up-to-date: /home/alexander/moveit2_ws/install/moveit_ros_planning/lib/libmoveit_kinematics_plugin_loader.so
-- Installing: /home/alexander/moveit2_ws/install/moveit_ros_planning/lib/libmoveit_plan_execution.so.2.9.0
-- Set runtime path of "/home/alexander/moveit2_ws/install/moveit_ros_planning/lib/libmoveit_plan_execution.so.2.9.0" to ""
-- Up-to-date: /home/alexander/moveit2_ws/install/moveit_ros_planning/lib/libmoveit_plan_execution.so
-- Installing: /home/alexander/moveit2_ws/install/moveit_ros_planning/lib/libmoveit_planning_pipeline.so.2.9.0
-- Set runtime path of "/home/alexander/moveit2_ws/install/moveit_ros_planning/lib/libmoveit_planning_pipeline.so.2.9.0" to ""
-- Up-to-date: /home/alexander/moveit2_ws/install/moveit_ros_planning/lib/libmoveit_planning_pipeline.so
-- Installing: /home/alexander/moveit2_ws/install/moveit_ros_planning/lib/libmoveit_planning_pipeline_interfaces.so.2.9.0
-- Set runtime path of "/home/alexander/moveit2_ws/install/moveit_ros_planning/lib/libmoveit_planning_pipeline_interfaces.so.2.9.0" to ""
-- Up-to-date: /home/alexander/moveit2_ws/install/moveit_ros_planning/lib/libmoveit_planning_pipeline_interfaces.so
-- Installing: /home/alexander/moveit2_ws/install/moveit_ros_planning/lib/libmoveit_planning_scene_monitor.so.2.9.0
-- Set runtime path of "/home/alexander/moveit2_ws/install/moveit_ros_planning/lib/libmoveit_planning_scene_monitor.so.2.9.0" to ""
-- Up-to-date: /home/alexander/moveit2_ws/install/moveit_ros_planning/lib/libmoveit_planning_scene_monitor.so
-- Installing: /home/alexander/moveit2_ws/install/moveit_ros_planning/lib/libmoveit_rdf_loader.so.2.9.0
-- Set runtime path of "/home/alexander/moveit2_ws/install/moveit_ros_planning/lib/libmoveit_rdf_loader.so.2.9.0" to ""
-- Up-to-date: /home/alexander/moveit2_ws/install/moveit_ros_planning/lib/libmoveit_rdf_loader.so
-- Installing: /home/alexander/moveit2_ws/install/moveit_ros_planning/lib/libmoveit_robot_model_loader.so.2.9.0
-- Set runtime path of "/home/alexander/moveit2_ws/install/moveit_ros_planning/lib/libmoveit_robot_model_loader.so.2.9.0" to ""
-- Up-to-date: /home/alexander/moveit2_ws/install/moveit_ros_planning/lib/libmoveit_robot_model_loader.so
-- Installing: /home/alexander/moveit2_ws/install/moveit_ros_planning/lib/libmoveit_trajectory_execution_manager.so.2.9.0
-- Set runtime path of "/home/alexander/moveit2_ws/install/moveit_ros_planning/lib/libmoveit_trajectory_execution_manager.so.2.9.0" to ""
-- Up-to-date: /home/alexander/moveit2_ws/install/moveit_ros_planning/lib/libmoveit_trajectory_execution_manager.so
-- Up-to-date: /home/alexander/moveit2_ws/install/moveit_ros_planning/lib/libsrdf_publisher_node.so
-- Up-to-date: /home/alexander/moveit2_ws/install/moveit_ros_planning/share/moveit_ros_planning/environment/library_path.sh
-- Installing: /home/alexander/moveit2_ws/install/moveit_ros_planning/share/moveit_ros_planning/environment/library_path.dsv
-- Up-to-date: /home/alexander/moveit2_ws/install/moveit_ros_planning/lib/moveit_ros_planning/srdf_publisher
-- Up-to-date: /home/alexander/moveit2_ws/install/moveit_ros_planning/share/moveit_ros_planning/default_request_adapters_plugin_description.xml
-- Up-to-date: /home/alexander/moveit2_ws/install/moveit_ros_planning/share/moveit_ros_planning/default_response_adapters_plugin_description.xml
-- Up-to-date: /home/alexander/moveit2_ws/install/moveit_ros_planning/share/moveit_ros_planning/planning_pipeline_test_plugins_description.xml
-- Up-to-date: /home/alexander/moveit2_ws/install/moveit_ros_planning/share/ament_index/resource_index/package_run_dependencies/moveit_ros_planning
-- Installing: /home/alexander/moveit2_ws/install/moveit_ros_planning/share/ament_index/resource_index/parent_prefix_path/moveit_ros_planning
-- Up-to-date: /home/alexander/moveit2_ws/install/moveit_ros_planning/share/moveit_ros_planning/environment/ament_prefix_path.sh
-- Installing: /home/alexander/moveit2_ws/install/moveit_ros_planning/share/moveit_ros_planning/environment/ament_prefix_path.dsv
-- Up-to-date: /home/alexander/moveit2_ws/install/moveit_ros_planning/share/moveit_ros_planning/environment/path.sh
-- Installing: /home/alexander/moveit2_ws/install/moveit_ros_planning/share/moveit_ros_planning/environment/path.dsv
-- Up-to-date: /home/alexander/moveit2_ws/install/moveit_ros_planning/share/moveit_ros_planning/local_setup.bash
-- Up-to-date: /home/alexander/moveit2_ws/install/moveit_ros_planning/share/moveit_ros_planning/local_setup.sh
-- Up-to-date: /home/alexander/moveit2_ws/install/moveit_ros_planning/share/moveit_ros_planning/local_setup.zsh
-- Installing: /home/alexander/moveit2_ws/install/moveit_ros_planning/share/moveit_ros_planning/local_setup.dsv
-- Installing: /home/alexander/moveit2_ws/install/moveit_ros_planning/share/moveit_ros_planning/package.dsv
-- Up-to-date: /home/alexander/moveit2_ws/install/moveit_ros_planning/share/ament_index/resource_index/packages/moveit_ros_planning
-- Up-to-date: /home/alexander/moveit2_ws/install/moveit_ros_planning/share/ament_index/resource_index/moveit_core__pluginlib__plugin/moveit_ros_planning
-- Up-to-date: /home/alexander/moveit2_ws/install/moveit_ros_planning/share/moveit_ros_planning/cmake/moveit_ros_planningTargetsExport.cmake
-- Up-to-date: /home/alexander/moveit2_ws/install/moveit_ros_planning/share/moveit_ros_planning/cmake/moveit_ros_planningTargetsExport-release.cmake
-- Up-to-date: /home/alexander/moveit2_ws/install/moveit_ros_planning/share/ament_index/resource_index/rclcpp_components/moveit_ros_planning
-- Up-to-date: /home/alexander/moveit2_ws/install/moveit_ros_planning/share/moveit_ros_planning/cmake/ConfigExtras.cmake
-- Up-to-date: /home/alexander/moveit2_ws/install/moveit_ros_planning/share/moveit_ros_planning/cmake/ament_cmake_export_targets-extras.cmake
-- Up-to-date: /home/alexander/moveit2_ws/install/moveit_ros_planning/share/moveit_ros_planning/cmake/ament_cmake_export_dependencies-extras.cmake
-- Up-to-date: /home/alexander/moveit2_ws/install/moveit_ros_planning/share/moveit_ros_planning/cmake/moveit_ros_planningConfig.cmake
-- Up-to-date: /home/alexander/moveit2_ws/install/moveit_ros_planning/share/moveit_ros_planning/cmake/moveit_ros_planningConfig-version.cmake
-- Up-to-date: /home/alexander/moveit2_ws/install/moveit_ros_planning/share/moveit_ros_planning/package.xml
