[0.024s] Invoking command in '/home/alexander/moveit2_ws/build/moveit_ros_planning': AMENT_PREFIX_PATH=/home/alexander/moveit2_ws/install/moveit_resources_panda_moveit_config:/home/alexander/moveit2_ws/install/moveit_resources_panda_description:/home/alexander/moveit2_ws/install/moveit_configs_utils:/home/alexander/moveit2_ws/install/pilz_industrial_motion_planner_testutils:/home/alexander/moveit2_ws/install/panda_moveit_config:/home/alexander/moveit2_ws/install/moveit_runtime:/home/alexander/moveit2_ws/install/moveit:/home/alexander/moveit2_ws/install/moveit_planners:/home/alexander/moveit2_ws/install/pilz_industrial_motion_planner:/home/alexander/moveit2_ws/install/moveit_ros_control_interface:/home/alexander/moveit2_ws/install/moveit_plugins:/home/alexander/moveit2_ws/install/moveit_simple_controller_manager:/home/alexander/moveit2_ws/install/moveit_setup_assistant:/home/alexander/moveit2_ws/install/moveit_setup_srdf_plugins:/home/alexander/moveit2_ws/install/moveit_setup_core_plugins:/home/alexander/moveit2_ws/install/moveit_setup_controllers:/home/alexander/moveit2_ws/install/moveit_setup_app_plugins:/home/alexander/moveit2_ws/install/moveit_setup_framework:/home/alexander/moveit2_ws/install/moveit_servo:/home/alexander/moveit2_ws/install/moveit_ros:/home/alexander/moveit2_ws/install/moveit_ros_visualization:/home/alexander/moveit2_ws/install/moveit_py:/home/alexander/moveit2_ws/install/moveit_hybrid_planning:/home/alexander/moveit2_ws/install/moveit_ros_planning_interface:/home/alexander/moveit2_ws/install/moveit_ros_benchmarks:/home/alexander/moveit2_ws/install/moveit_ros_warehouse:/home/alexander/moveit2_ws/install/moveit_ros_robot_interaction:/home/alexander/moveit2_ws/install/moveit_ros_perception:/home/alexander/moveit2_ws/install/moveit_resources_prbt_pg70_support:/home/alexander/moveit2_ws/install/moveit_resources_prbt_moveit_config:/home/alexander/moveit2_ws/install/moveit_ros_move_group:/home/alexander/moveit2_ws/install/moveit_planners_ompl:/home/alexander/moveit2_ws/install/moveit_kinematics:/home/alexander/moveit2_ws/install/moveit_ros_planning:/home/alexander/moveit2_ws/install/moveit_ros_occupancy_map_monitor:/home/alexander/moveit2_ws/install/moveit_resources_prbt_support:/home/alexander/moveit2_ws/install/moveit_resources_prbt_ikfast_manipulator_plugin:/home/alexander/moveit2_ws/install/moveit_planners_stomp:/home/alexander/moveit2_ws/install/moveit_planners_chomp:/home/alexander/moveit2_ws/install/chomp_motion_planner:/home/alexander/moveit2_ws/install/moveit_core:/home/alexander/moveit2_ws/install/moveit_common:/home/alexander/moveit2_ws/install/arduinobot_description:/opt/ros/humble CMAKE_PREFIX_PATH=/home/alexander/moveit2_ws/install/moveit_ros_occupancy_map_monitor:/home/alexander/moveit2_ws/install/moveit_core:/home/alexander/moveit2_ws/install/moveit_resources_panda_moveit_config:/home/alexander/moveit2_ws/install/moveit_resources_panda_description:/home/alexander/moveit2_ws/install/moveit_common:/home/alexander/moveit2_ws/install/pilz_industrial_motion_planner_testutils:/home/alexander/moveit2_ws/install/panda_moveit_config:/home/alexander/moveit2_ws/install/moveit_runtime:/home/alexander/moveit2_ws/install/moveit:/home/alexander/moveit2_ws/install/moveit_planners:/home/alexander/moveit2_ws/install/pilz_industrial_motion_planner:/home/alexander/moveit2_ws/install/moveit_ros_control_interface:/home/alexander/moveit2_ws/install/moveit_plugins:/home/alexander/moveit2_ws/install/moveit_simple_controller_manager:/home/alexander/moveit2_ws/install/moveit_setup_assistant:/home/alexander/moveit2_ws/install/moveit_setup_srdf_plugins:/home/alexander/moveit2_ws/install/moveit_setup_core_plugins:/home/alexander/moveit2_ws/install/moveit_setup_controllers:/home/alexander/moveit2_ws/install/moveit_setup_app_plugins:/home/alexander/moveit2_ws/install/moveit_setup_framework:/home/alexander/moveit2_ws/install/moveit_servo:/home/alexander/moveit2_ws/install/moveit_ros:/home/alexander/moveit2_ws/install/moveit_ros_visualization:/home/alexander/moveit2_ws/install/moveit_py:/home/alexander/moveit2_ws/install/moveit_hybrid_planning:/home/alexander/moveit2_ws/install/moveit_ros_planning_interface:/home/alexander/moveit2_ws/install/moveit_ros_benchmarks:/home/alexander/moveit2_ws/install/moveit_ros_warehouse:/home/alexander/moveit2_ws/install/moveit_ros_robot_interaction:/home/alexander/moveit2_ws/install/moveit_ros_perception:/home/alexander/moveit2_ws/install/moveit_resources_prbt_pg70_support:/home/alexander/moveit2_ws/install/moveit_resources_prbt_moveit_config:/home/alexander/moveit2_ws/install/moveit_ros_move_group:/home/alexander/moveit2_ws/install/moveit_planners_ompl:/home/alexander/moveit2_ws/install/moveit_kinematics:/home/alexander/moveit2_ws/install/moveit_ros_planning:/home/alexander/moveit2_ws/install/moveit_resources_prbt_support:/home/alexander/moveit2_ws/install/moveit_resources_prbt_ikfast_manipulator_plugin:/home/alexander/moveit2_ws/install/moveit_planners_stomp:/home/alexander/moveit2_ws/install/moveit_planners_chomp:/home/alexander/moveit2_ws/install/chomp_motion_planner:/home/alexander/moveit2_ws/install/arduinobot_description:/home/alexander/moveit2_ws/install/moveit_configs_utils:/opt/ros/humble LD_LIBRARY_PATH=/home/alexander/moveit2_ws/install/moveit_ros_occupancy_map_monitor/lib:/home/alexander/moveit2_ws/install/moveit_core/lib:/home/alexander/moveit2_ws/install/pilz_industrial_motion_planner_testutils/lib:/home/alexander/moveit2_ws/install/pilz_industrial_motion_planner/lib:/home/alexander/moveit2_ws/install/moveit_ros_control_interface/lib:/home/alexander/moveit2_ws/install/moveit_simple_controller_manager/lib:/home/alexander/moveit2_ws/install/moveit_setup_assistant/lib:/home/alexander/moveit2_ws/install/moveit_setup_srdf_plugins/lib:/home/alexander/moveit2_ws/install/moveit_setup_core_plugins/lib:/home/alexander/moveit2_ws/install/moveit_setup_controllers/lib:/home/alexander/moveit2_ws/install/moveit_setup_app_plugins/lib:/home/alexander/moveit2_ws/install/moveit_setup_framework/lib:/home/alexander/moveit2_ws/install/moveit_servo/lib:/home/alexander/moveit2_ws/install/moveit_ros_visualization/lib:/home/alexander/moveit2_ws/install/moveit_py/lib:/home/alexander/moveit2_ws/install/moveit_hybrid_planning/lib:/home/alexander/moveit2_ws/install/moveit_ros_planning_interface/lib:/home/alexander/moveit2_ws/install/moveit_ros_benchmarks/lib:/home/alexander/moveit2_ws/install/moveit_ros_warehouse/lib:/home/alexander/moveit2_ws/install/moveit_ros_robot_interaction/lib:/home/alexander/moveit2_ws/install/moveit_ros_perception/lib:/home/alexander/moveit2_ws/install/moveit_ros_move_group/lib:/home/alexander/moveit2_ws/install/moveit_planners_ompl/lib:/home/alexander/moveit2_ws/install/moveit_kinematics/lib:/home/alexander/moveit2_ws/install/moveit_ros_planning/lib:/home/alexander/moveit2_ws/install/moveit_resources_prbt_ikfast_manipulator_plugin/lib:/home/alexander/moveit2_ws/install/moveit_planners_stomp/lib:/home/alexander/moveit2_ws/install/moveit_planners_chomp/lib:/home/alexander/moveit2_ws/install/chomp_motion_planner/lib:/opt/ros/humble/opt/rviz_ogre_vendor/lib:/opt/ros/humble/lib/x86_64-linux-gnu:/opt/ros/humble/lib PYTHONPATH=/home/alexander/moveit2_ws/install/moveit_configs_utils/lib/python3.10/site-packages:/home/alexander/moveit2_ws/install/moveit_py/local/lib/python3.10/dist-packages:/opt/ros/humble/lib/python3.10/site-packages:/opt/ros/humble/local/lib/python3.10/dist-packages /usr/bin/cmake /home/alexander/moveit2_ws/src/moveit2-main/moveit_ros/planning -DCMAKE_INSTALL_PREFIX=/home/alexander/moveit2_ws/install/moveit_ros_planning
[0.041s] -- Found moveit_common: 2.9.0 (/home/alexander/moveit2_ws/install/moveit_common/share/moveit_common/cmake)
[0.041s] -- Found ament_cmake: 1.3.8 (/opt/ros/humble/share/ament_cmake/cmake)
[0.207s] -- Could NOT find libbfd (missing: LIBBFD_LIBRARY LIBBFD_INCLUDE_DIR) 
[0.207s] -- BACKWARD_HAS_UNWIND=1
[0.207s] -- BACKWARD_HAS_BACKTRACE=0
[0.207s] -- BACKWARD_HAS_BACKTRACE_SYMBOL=0
[0.207s] -- BACKWARD_HAS_DW=1
[0.207s] -- BACKWARD_HAS_BFD=0
[0.207s] -- Found Backward: /opt/ros/humble/share/backward_ros/cmake  
[0.207s] -- Found ament_index_cpp: 1.4.0 (/opt/ros/humble/share/ament_index_cpp/cmake)
[0.209s] -- Found generate_parameter_library: 0.3.8 (/opt/ros/humble/share/generate_parameter_library/cmake)
[0.209s] -- Found parameter_traits: 0.3.8 (/opt/ros/humble/share/parameter_traits/cmake)
[0.225s] -- Found rosidl_generator_c: 3.1.5 (/opt/ros/humble/share/rosidl_generator_c/cmake)
[0.226s] -- Found rosidl_adapter: 3.1.5 (/opt/ros/humble/share/rosidl_adapter/cmake)
[0.230s] -- Found rosidl_generator_cpp: 3.1.5 (/opt/ros/humble/share/rosidl_generator_cpp/cmake)
[0.238s] -- Using all available rosidl_typesupport_c: rosidl_typesupport_fastrtps_c;rosidl_typesupport_introspection_c
[0.249s] -- Using all available rosidl_typesupport_cpp: rosidl_typesupport_fastrtps_cpp;rosidl_typesupport_introspection_cpp
[0.293s] -- Found rmw_implementation_cmake: 6.1.1 (/opt/ros/humble/share/rmw_implementation_cmake/cmake)
[0.296s] -- Found rmw_fastrtps_cpp: 6.2.6 (/opt/ros/humble/share/rmw_fastrtps_cpp/cmake)
[0.395s] -- Using RMW implementation 'rmw_fastrtps_cpp' as default
[0.521s] -- Found rclcpp_lifecycle: 16.0.8 (/opt/ros/humble/share/rclcpp_lifecycle/cmake)
[0.549s] -- Found message_filters: 4.3.3 (/opt/ros/humble/share/message_filters/cmake)
[0.552s] -- Found moveit_core: 2.9.0 (/home/alexander/moveit2_ws/install/moveit_core/share/moveit_core/cmake)
[0.562s] -- Found Boost: /usr/lib/x86_64-linux-gnu/cmake/Boost-1.74.0/BoostConfig.cmake (found version "1.74.0") found components: chrono date_time filesystem iostreams program_options regex serialization system thread 
[0.586s] -- Found Boost: /usr/lib/x86_64-linux-gnu/cmake/Boost-1.74.0/BoostConfig.cmake (found version "1.74.0") found components: filesystem 
[0.643s] -- library: /usr/lib/x86_64-linux-gnu/libcurl.so
[0.842s] -- Ensuring Eigen3 include directory is part of orocos-kdl CMake target
[1.569s] -- Found moveit_ros_occupancy_map_monitor: 2.9.0 (/home/alexander/moveit2_ws/install/moveit_ros_occupancy_map_monitor/share/moveit_ros_occupancy_map_monitor/cmake)
[1.719s] -- Found Boost: /usr/lib/x86_64-linux-gnu/cmake/Boost-1.74.0/BoostConfig.cmake (found version "1.74.0") found components: system filesystem date_time program_options thread chrono 
[1.816s] -- Found ament_cmake_gtest: 1.3.8 (/opt/ros/humble/share/ament_cmake_gtest/cmake)
[1.824s] -- Found gtest sources under '/opt/ros/humble/src/gtest_vendor': C++ tests using 'Google Test' will be built
[1.881s] -- Found ament_cmake_gtest: 1.3.8 (/opt/ros/humble/share/ament_cmake_gtest/cmake)
[1.881s] -- Found ament_cmake_gmock: 1.3.8 (/opt/ros/humble/share/ament_cmake_gmock/cmake)
[1.884s] -- Found ros_testing: 0.4.0 (/opt/ros/humble/share/ros_testing/cmake)
[1.884s] -- Found launch_testing_ament_cmake: 1.0.5 (/opt/ros/humble/share/launch_testing_ament_cmake/cmake)
[1.885s] -- Found python_cmake_module: 0.10.0 (/opt/ros/humble/share/python_cmake_module/cmake)
[1.905s] -- Using PYTHON_EXECUTABLE: /usr/bin/python3
[1.906s] -- Using PYTHON_INCLUDE_DIRS: /usr/include/python3.10
[1.906s] -- Using PYTHON_LIBRARIES: /usr/lib/x86_64-linux-gnu/libpython3.10.so
[1.908s] -- Found gmock sources under '/opt/ros/humble/src/gmock_vendor': C++ tests using 'Google Mock' will be built
[1.913s] -- Found gtest sources under '/opt/ros/humble/src/gtest_vendor': C++ tests using 'Google Test' will be built
[1.951s] -- Found launch_testing_ament_cmake: 1.0.5 (/opt/ros/humble/share/launch_testing_ament_cmake/cmake)
[1.952s] -- Found python_cmake_module: 0.10.0 (/opt/ros/humble/share/python_cmake_module/cmake)
[1.969s] -- Using PYTHON_EXECUTABLE: /usr/bin/python3
[1.970s] -- Using PYTHON_INCLUDE_DIRS: /usr/include/python3.10
[1.970s] -- Using PYTHON_LIBRARIES: /usr/lib/x86_64-linux-gnu/libpython3.10.so
[2.011s] -- Configuring done
[2.333s] -- Generating done
[2.338s] -- Build files have been written to: /home/alexander/moveit2_ws/build/moveit_ros_planning
[2.363s] Invoked command in '/home/alexander/moveit2_ws/build/moveit_ros_planning' returned '0': AMENT_PREFIX_PATH=/home/alexander/moveit2_ws/install/moveit_resources_panda_moveit_config:/home/alexander/moveit2_ws/install/moveit_resources_panda_description:/home/alexander/moveit2_ws/install/moveit_configs_utils:/home/alexander/moveit2_ws/install/pilz_industrial_motion_planner_testutils:/home/alexander/moveit2_ws/install/panda_moveit_config:/home/alexander/moveit2_ws/install/moveit_runtime:/home/alexander/moveit2_ws/install/moveit:/home/alexander/moveit2_ws/install/moveit_planners:/home/alexander/moveit2_ws/install/pilz_industrial_motion_planner:/home/alexander/moveit2_ws/install/moveit_ros_control_interface:/home/alexander/moveit2_ws/install/moveit_plugins:/home/alexander/moveit2_ws/install/moveit_simple_controller_manager:/home/alexander/moveit2_ws/install/moveit_setup_assistant:/home/alexander/moveit2_ws/install/moveit_setup_srdf_plugins:/home/alexander/moveit2_ws/install/moveit_setup_core_plugins:/home/alexander/moveit2_ws/install/moveit_setup_controllers:/home/alexander/moveit2_ws/install/moveit_setup_app_plugins:/home/alexander/moveit2_ws/install/moveit_setup_framework:/home/alexander/moveit2_ws/install/moveit_servo:/home/alexander/moveit2_ws/install/moveit_ros:/home/alexander/moveit2_ws/install/moveit_ros_visualization:/home/alexander/moveit2_ws/install/moveit_py:/home/alexander/moveit2_ws/install/moveit_hybrid_planning:/home/alexander/moveit2_ws/install/moveit_ros_planning_interface:/home/alexander/moveit2_ws/install/moveit_ros_benchmarks:/home/alexander/moveit2_ws/install/moveit_ros_warehouse:/home/alexander/moveit2_ws/install/moveit_ros_robot_interaction:/home/alexander/moveit2_ws/install/moveit_ros_perception:/home/alexander/moveit2_ws/install/moveit_resources_prbt_pg70_support:/home/alexander/moveit2_ws/install/moveit_resources_prbt_moveit_config:/home/alexander/moveit2_ws/install/moveit_ros_move_group:/home/alexander/moveit2_ws/install/moveit_planners_ompl:/home/alexander/moveit2_ws/install/moveit_kinematics:/home/alexander/moveit2_ws/install/moveit_ros_planning:/home/alexander/moveit2_ws/install/moveit_ros_occupancy_map_monitor:/home/alexander/moveit2_ws/install/moveit_resources_prbt_support:/home/alexander/moveit2_ws/install/moveit_resources_prbt_ikfast_manipulator_plugin:/home/alexander/moveit2_ws/install/moveit_planners_stomp:/home/alexander/moveit2_ws/install/moveit_planners_chomp:/home/alexander/moveit2_ws/install/chomp_motion_planner:/home/alexander/moveit2_ws/install/moveit_core:/home/alexander/moveit2_ws/install/moveit_common:/home/alexander/moveit2_ws/install/arduinobot_description:/opt/ros/humble CMAKE_PREFIX_PATH=/home/alexander/moveit2_ws/install/moveit_ros_occupancy_map_monitor:/home/alexander/moveit2_ws/install/moveit_core:/home/alexander/moveit2_ws/install/moveit_resources_panda_moveit_config:/home/alexander/moveit2_ws/install/moveit_resources_panda_description:/home/alexander/moveit2_ws/install/moveit_common:/home/alexander/moveit2_ws/install/pilz_industrial_motion_planner_testutils:/home/alexander/moveit2_ws/install/panda_moveit_config:/home/alexander/moveit2_ws/install/moveit_runtime:/home/alexander/moveit2_ws/install/moveit:/home/alexander/moveit2_ws/install/moveit_planners:/home/alexander/moveit2_ws/install/pilz_industrial_motion_planner:/home/alexander/moveit2_ws/install/moveit_ros_control_interface:/home/alexander/moveit2_ws/install/moveit_plugins:/home/alexander/moveit2_ws/install/moveit_simple_controller_manager:/home/alexander/moveit2_ws/install/moveit_setup_assistant:/home/alexander/moveit2_ws/install/moveit_setup_srdf_plugins:/home/alexander/moveit2_ws/install/moveit_setup_core_plugins:/home/alexander/moveit2_ws/install/moveit_setup_controllers:/home/alexander/moveit2_ws/install/moveit_setup_app_plugins:/home/alexander/moveit2_ws/install/moveit_setup_framework:/home/alexander/moveit2_ws/install/moveit_servo:/home/alexander/moveit2_ws/install/moveit_ros:/home/alexander/moveit2_ws/install/moveit_ros_visualization:/home/alexander/moveit2_ws/install/moveit_py:/home/alexander/moveit2_ws/install/moveit_hybrid_planning:/home/alexander/moveit2_ws/install/moveit_ros_planning_interface:/home/alexander/moveit2_ws/install/moveit_ros_benchmarks:/home/alexander/moveit2_ws/install/moveit_ros_warehouse:/home/alexander/moveit2_ws/install/moveit_ros_robot_interaction:/home/alexander/moveit2_ws/install/moveit_ros_perception:/home/alexander/moveit2_ws/install/moveit_resources_prbt_pg70_support:/home/alexander/moveit2_ws/install/moveit_resources_prbt_moveit_config:/home/alexander/moveit2_ws/install/moveit_ros_move_group:/home/alexander/moveit2_ws/install/moveit_planners_ompl:/home/alexander/moveit2_ws/install/moveit_kinematics:/home/alexander/moveit2_ws/install/moveit_ros_planning:/home/alexander/moveit2_ws/install/moveit_resources_prbt_support:/home/alexander/moveit2_ws/install/moveit_resources_prbt_ikfast_manipulator_plugin:/home/alexander/moveit2_ws/install/moveit_planners_stomp:/home/alexander/moveit2_ws/install/moveit_planners_chomp:/home/alexander/moveit2_ws/install/chomp_motion_planner:/home/alexander/moveit2_ws/install/arduinobot_description:/home/alexander/moveit2_ws/install/moveit_configs_utils:/opt/ros/humble LD_LIBRARY_PATH=/home/alexander/moveit2_ws/install/moveit_ros_occupancy_map_monitor/lib:/home/alexander/moveit2_ws/install/moveit_core/lib:/home/alexander/moveit2_ws/install/pilz_industrial_motion_planner_testutils/lib:/home/alexander/moveit2_ws/install/pilz_industrial_motion_planner/lib:/home/alexander/moveit2_ws/install/moveit_ros_control_interface/lib:/home/alexander/moveit2_ws/install/moveit_simple_controller_manager/lib:/home/alexander/moveit2_ws/install/moveit_setup_assistant/lib:/home/alexander/moveit2_ws/install/moveit_setup_srdf_plugins/lib:/home/alexander/moveit2_ws/install/moveit_setup_core_plugins/lib:/home/alexander/moveit2_ws/install/moveit_setup_controllers/lib:/home/alexander/moveit2_ws/install/moveit_setup_app_plugins/lib:/home/alexander/moveit2_ws/install/moveit_setup_framework/lib:/home/alexander/moveit2_ws/install/moveit_servo/lib:/home/alexander/moveit2_ws/install/moveit_ros_visualization/lib:/home/alexander/moveit2_ws/install/moveit_py/lib:/home/alexander/moveit2_ws/install/moveit_hybrid_planning/lib:/home/alexander/moveit2_ws/install/moveit_ros_planning_interface/lib:/home/alexander/moveit2_ws/install/moveit_ros_benchmarks/lib:/home/alexander/moveit2_ws/install/moveit_ros_warehouse/lib:/home/alexander/moveit2_ws/install/moveit_ros_robot_interaction/lib:/home/alexander/moveit2_ws/install/moveit_ros_perception/lib:/home/alexander/moveit2_ws/install/moveit_ros_move_group/lib:/home/alexander/moveit2_ws/install/moveit_planners_ompl/lib:/home/alexander/moveit2_ws/install/moveit_kinematics/lib:/home/alexander/moveit2_ws/install/moveit_ros_planning/lib:/home/alexander/moveit2_ws/install/moveit_resources_prbt_ikfast_manipulator_plugin/lib:/home/alexander/moveit2_ws/install/moveit_planners_stomp/lib:/home/alexander/moveit2_ws/install/moveit_planners_chomp/lib:/home/alexander/moveit2_ws/install/chomp_motion_planner/lib:/opt/ros/humble/opt/rviz_ogre_vendor/lib:/opt/ros/humble/lib/x86_64-linux-gnu:/opt/ros/humble/lib PYTHONPATH=/home/alexander/moveit2_ws/install/moveit_configs_utils/lib/python3.10/site-packages:/home/alexander/moveit2_ws/install/moveit_py/local/lib/python3.10/dist-packages:/opt/ros/humble/lib/python3.10/site-packages:/opt/ros/humble/local/lib/python3.10/dist-packages /usr/bin/cmake /home/alexander/moveit2_ws/src/moveit2-main/moveit_ros/planning -DCMAKE_INSTALL_PREFIX=/home/alexander/moveit2_ws/install/moveit_ros_planning
[2.365s] Invoking command in '/home/alexander/moveit2_ws/build/moveit_ros_planning': AMENT_PREFIX_PATH=/home/alexander/moveit2_ws/install/moveit_resources_panda_moveit_config:/home/alexander/moveit2_ws/install/moveit_resources_panda_description:/home/alexander/moveit2_ws/install/moveit_configs_utils:/home/alexander/moveit2_ws/install/pilz_industrial_motion_planner_testutils:/home/alexander/moveit2_ws/install/panda_moveit_config:/home/alexander/moveit2_ws/install/moveit_runtime:/home/alexander/moveit2_ws/install/moveit:/home/alexander/moveit2_ws/install/moveit_planners:/home/alexander/moveit2_ws/install/pilz_industrial_motion_planner:/home/alexander/moveit2_ws/install/moveit_ros_control_interface:/home/alexander/moveit2_ws/install/moveit_plugins:/home/alexander/moveit2_ws/install/moveit_simple_controller_manager:/home/alexander/moveit2_ws/install/moveit_setup_assistant:/home/alexander/moveit2_ws/install/moveit_setup_srdf_plugins:/home/alexander/moveit2_ws/install/moveit_setup_core_plugins:/home/alexander/moveit2_ws/install/moveit_setup_controllers:/home/alexander/moveit2_ws/install/moveit_setup_app_plugins:/home/alexander/moveit2_ws/install/moveit_setup_framework:/home/alexander/moveit2_ws/install/moveit_servo:/home/alexander/moveit2_ws/install/moveit_ros:/home/alexander/moveit2_ws/install/moveit_ros_visualization:/home/alexander/moveit2_ws/install/moveit_py:/home/alexander/moveit2_ws/install/moveit_hybrid_planning:/home/alexander/moveit2_ws/install/moveit_ros_planning_interface:/home/alexander/moveit2_ws/install/moveit_ros_benchmarks:/home/alexander/moveit2_ws/install/moveit_ros_warehouse:/home/alexander/moveit2_ws/install/moveit_ros_robot_interaction:/home/alexander/moveit2_ws/install/moveit_ros_perception:/home/alexander/moveit2_ws/install/moveit_resources_prbt_pg70_support:/home/alexander/moveit2_ws/install/moveit_resources_prbt_moveit_config:/home/alexander/moveit2_ws/install/moveit_ros_move_group:/home/alexander/moveit2_ws/install/moveit_planners_ompl:/home/alexander/moveit2_ws/install/moveit_kinematics:/home/alexander/moveit2_ws/install/moveit_ros_planning:/home/alexander/moveit2_ws/install/moveit_ros_occupancy_map_monitor:/home/alexander/moveit2_ws/install/moveit_resources_prbt_support:/home/alexander/moveit2_ws/install/moveit_resources_prbt_ikfast_manipulator_plugin:/home/alexander/moveit2_ws/install/moveit_planners_stomp:/home/alexander/moveit2_ws/install/moveit_planners_chomp:/home/alexander/moveit2_ws/install/chomp_motion_planner:/home/alexander/moveit2_ws/install/moveit_core:/home/alexander/moveit2_ws/install/moveit_common:/home/alexander/moveit2_ws/install/arduinobot_description:/opt/ros/humble CMAKE_PREFIX_PATH=/home/alexander/moveit2_ws/install/moveit_ros_occupancy_map_monitor:/home/alexander/moveit2_ws/install/moveit_core:/home/alexander/moveit2_ws/install/moveit_resources_panda_moveit_config:/home/alexander/moveit2_ws/install/moveit_resources_panda_description:/home/alexander/moveit2_ws/install/moveit_common:/home/alexander/moveit2_ws/install/pilz_industrial_motion_planner_testutils:/home/alexander/moveit2_ws/install/panda_moveit_config:/home/alexander/moveit2_ws/install/moveit_runtime:/home/alexander/moveit2_ws/install/moveit:/home/alexander/moveit2_ws/install/moveit_planners:/home/alexander/moveit2_ws/install/pilz_industrial_motion_planner:/home/alexander/moveit2_ws/install/moveit_ros_control_interface:/home/alexander/moveit2_ws/install/moveit_plugins:/home/alexander/moveit2_ws/install/moveit_simple_controller_manager:/home/alexander/moveit2_ws/install/moveit_setup_assistant:/home/alexander/moveit2_ws/install/moveit_setup_srdf_plugins:/home/alexander/moveit2_ws/install/moveit_setup_core_plugins:/home/alexander/moveit2_ws/install/moveit_setup_controllers:/home/alexander/moveit2_ws/install/moveit_setup_app_plugins:/home/alexander/moveit2_ws/install/moveit_setup_framework:/home/alexander/moveit2_ws/install/moveit_servo:/home/alexander/moveit2_ws/install/moveit_ros:/home/alexander/moveit2_ws/install/moveit_ros_visualization:/home/alexander/moveit2_ws/install/moveit_py:/home/alexander/moveit2_ws/install/moveit_hybrid_planning:/home/alexander/moveit2_ws/install/moveit_ros_planning_interface:/home/alexander/moveit2_ws/install/moveit_ros_benchmarks:/home/alexander/moveit2_ws/install/moveit_ros_warehouse:/home/alexander/moveit2_ws/install/moveit_ros_robot_interaction:/home/alexander/moveit2_ws/install/moveit_ros_perception:/home/alexander/moveit2_ws/install/moveit_resources_prbt_pg70_support:/home/alexander/moveit2_ws/install/moveit_resources_prbt_moveit_config:/home/alexander/moveit2_ws/install/moveit_ros_move_group:/home/alexander/moveit2_ws/install/moveit_planners_ompl:/home/alexander/moveit2_ws/install/moveit_kinematics:/home/alexander/moveit2_ws/install/moveit_ros_planning:/home/alexander/moveit2_ws/install/moveit_resources_prbt_support:/home/alexander/moveit2_ws/install/moveit_resources_prbt_ikfast_manipulator_plugin:/home/alexander/moveit2_ws/install/moveit_planners_stomp:/home/alexander/moveit2_ws/install/moveit_planners_chomp:/home/alexander/moveit2_ws/install/chomp_motion_planner:/home/alexander/moveit2_ws/install/arduinobot_description:/home/alexander/moveit2_ws/install/moveit_configs_utils:/opt/ros/humble LD_LIBRARY_PATH=/home/alexander/moveit2_ws/install/moveit_ros_occupancy_map_monitor/lib:/home/alexander/moveit2_ws/install/moveit_core/lib:/home/alexander/moveit2_ws/install/pilz_industrial_motion_planner_testutils/lib:/home/alexander/moveit2_ws/install/pilz_industrial_motion_planner/lib:/home/alexander/moveit2_ws/install/moveit_ros_control_interface/lib:/home/alexander/moveit2_ws/install/moveit_simple_controller_manager/lib:/home/alexander/moveit2_ws/install/moveit_setup_assistant/lib:/home/alexander/moveit2_ws/install/moveit_setup_srdf_plugins/lib:/home/alexander/moveit2_ws/install/moveit_setup_core_plugins/lib:/home/alexander/moveit2_ws/install/moveit_setup_controllers/lib:/home/alexander/moveit2_ws/install/moveit_setup_app_plugins/lib:/home/alexander/moveit2_ws/install/moveit_setup_framework/lib:/home/alexander/moveit2_ws/install/moveit_servo/lib:/home/alexander/moveit2_ws/install/moveit_ros_visualization/lib:/home/alexander/moveit2_ws/install/moveit_py/lib:/home/alexander/moveit2_ws/install/moveit_hybrid_planning/lib:/home/alexander/moveit2_ws/install/moveit_ros_planning_interface/lib:/home/alexander/moveit2_ws/install/moveit_ros_benchmarks/lib:/home/alexander/moveit2_ws/install/moveit_ros_warehouse/lib:/home/alexander/moveit2_ws/install/moveit_ros_robot_interaction/lib:/home/alexander/moveit2_ws/install/moveit_ros_perception/lib:/home/alexander/moveit2_ws/install/moveit_ros_move_group/lib:/home/alexander/moveit2_ws/install/moveit_planners_ompl/lib:/home/alexander/moveit2_ws/install/moveit_kinematics/lib:/home/alexander/moveit2_ws/install/moveit_ros_planning/lib:/home/alexander/moveit2_ws/install/moveit_resources_prbt_ikfast_manipulator_plugin/lib:/home/alexander/moveit2_ws/install/moveit_planners_stomp/lib:/home/alexander/moveit2_ws/install/moveit_planners_chomp/lib:/home/alexander/moveit2_ws/install/chomp_motion_planner/lib:/opt/ros/humble/opt/rviz_ogre_vendor/lib:/opt/ros/humble/lib/x86_64-linux-gnu:/opt/ros/humble/lib PYTHONPATH=/home/alexander/moveit2_ws/install/moveit_configs_utils/lib/python3.10/site-packages:/home/alexander/moveit2_ws/install/moveit_py/local/lib/python3.10/dist-packages:/opt/ros/humble/lib/python3.10/site-packages:/opt/ros/humble/local/lib/python3.10/dist-packages /usr/bin/cmake --build /home/alexander/moveit2_ws/build/moveit_ros_planning -- -j14 -l14
[2.415s] [35m[1mConsolidate compiler generated dependencies of target gtest[0m
[2.415s] [35m[1mConsolidate compiler generated dependencies of target gmock[0m
[2.415s] [35m[1mConsolidate compiler generated dependencies of target moveit_rdf_loader[0m
[2.416s] [35m[1mConsolidate compiler generated dependencies of target srdf_publisher[0m
[2.419s] [35m[1mConsolidate compiler generated dependencies of target gmock_main[0m
[2.424s] [35m[1mConsolidate compiler generated dependencies of target gtest_main[0m
[2.427s] [35m[1mConsolidate compiler generated dependencies of target srdf_publisher_node[0m
[2.427s] [35m[1mConsolidate compiler generated dependencies of target moveit_collision_plugin_loader[0m
[2.427s] [35m[1mConsolidate compiler generated dependencies of target moveit_pipeline_test_plugins[0m
[2.431s] [  1%] Built target planning_pipeline_parameters
[2.433s] [  2%] Built target default_request_adapter_parameters
[2.439s] [  4%] Built target gtest
[2.442s] [  8%] Built target gmock
[2.444s] [  9%] Built target kinematics_parameters
[2.444s] [ 10%] [32m[1mLinking CXX shared library libmoveit_rdf_loader.so[0m
[2.446s] [ 13%] Built target gtest_main
[2.446s] [ 14%] Built target default_response_adapter_parameters
[2.447s] [ 16%] Built target gmock_main
[2.452s] [35m[1mConsolidate compiler generated dependencies of target moveit_planning_pipeline[0m
[2.454s] [ 18%] [32m[1mLinking CXX shared library libmoveit_pipeline_test_plugins.so[0m
[2.455s] [ 21%] Built target srdf_publisher_node
[2.455s] [ 22%] Built target srdf_publisher
[2.455s] [35m[1mConsolidate compiler generated dependencies of target moveit_default_planning_request_adapter_plugins[0m
[2.458s] [ 24%] [32m[1mLinking CXX shared library libmoveit_collision_plugin_loader.so[0m
[2.464s] [35m[1mConsolidate compiler generated dependencies of target moveit_default_planning_response_adapter_plugins[0m
[2.486s] [ 25%] [32mBuilding CXX object planning_pipeline/CMakeFiles/moveit_planning_pipeline.dir/src/planning_pipeline.cpp.o[0m
[2.496s] [ 26%] [32m[1mLinking CXX shared library libmoveit_default_planning_request_adapter_plugins.so[0m
[2.504s] [ 27%] [32m[1mLinking CXX shared library libmoveit_default_planning_response_adapter_plugins.so[0m
[2.626s] [ 28%] Built target moveit_pipeline_test_plugins
[2.670s] [ 30%] Built target moveit_collision_plugin_loader
[2.699s] [ 32%] Built target moveit_rdf_loader
[2.720s] [35m[1mConsolidate compiler generated dependencies of target moveit_constraint_sampler_manager_loader[0m
[2.723s] [ 38%] Built target moveit_default_planning_request_adapter_plugins
[2.723s] [35m[1mConsolidate compiler generated dependencies of target moveit_kinematics_plugin_loader[0m
[2.744s] [ 39%] [32m[1mLinking CXX shared library libmoveit_constraint_sampler_manager_loader.so[0m
[2.747s] [ 40%] [32m[1mLinking CXX shared library libmoveit_kinematics_plugin_loader.so[0m
[2.773s] [ 45%] Built target moveit_default_planning_response_adapter_plugins
[2.925s] [ 46%] Built target moveit_constraint_sampler_manager_loader
[2.927s] [ 48%] Built target moveit_kinematics_plugin_loader
[2.939s] [35m[1mConsolidate compiler generated dependencies of target moveit_robot_model_loader[0m
[2.960s] [ 49%] [32mBuilding CXX object robot_model_loader/CMakeFiles/moveit_robot_model_loader.dir/src/robot_model_loader.cpp.o[0m
[8.637s] [ 50%] [32m[1mLinking CXX shared library libmoveit_robot_model_loader.so[0m
[8.828s] [ 50%] Built target moveit_robot_model_loader
[8.841s] [35m[1mConsolidate compiler generated dependencies of target moveit_print_planning_model_info[0m
[8.848s] [35m[1mConsolidate compiler generated dependencies of target moveit_planning_scene_monitor[0m
[8.865s] [ 51%] [32m[1mLinking CXX executable moveit_print_planning_model_info[0m
[8.911s] [ 54%] [32mBuilding CXX object planning_scene_monitor/CMakeFiles/moveit_planning_scene_monitor.dir/src/current_state_monitor_middleware_handle.cpp.o[0m
[8.911s] [ 54%] [32mBuilding CXX object planning_scene_monitor/CMakeFiles/moveit_planning_scene_monitor.dir/src/planning_scene_monitor.cpp.o[0m
[8.912s] [ 55%] [32mBuilding CXX object planning_scene_monitor/CMakeFiles/moveit_planning_scene_monitor.dir/src/current_state_monitor.cpp.o[0m
[8.912s] [ 56%] [32mBuilding CXX object planning_scene_monitor/CMakeFiles/moveit_planning_scene_monitor.dir/src/trajectory_monitor.cpp.o[0m
[8.920s] [ 57%] [32mBuilding CXX object planning_scene_monitor/CMakeFiles/moveit_planning_scene_monitor.dir/src/trajectory_monitor_middleware_handle.cpp.o[0m
[9.176s] [ 59%] Built target moveit_print_planning_model_info
[19.842s] [ 60%] [32m[1mLinking CXX shared library libmoveit_planning_pipeline.so[0m
[20.043s] [ 60%] Built target moveit_planning_pipeline
[20.057s] [35m[1mConsolidate compiler generated dependencies of target moveit_planning_pipeline_test[0m
[20.067s] [35m[1mConsolidate compiler generated dependencies of target moveit_planning_pipeline_interfaces[0m
[20.090s] [ 61%] [32mBuilding CXX object planning_pipeline/CMakeFiles/moveit_planning_pipeline_test.dir/test/planning_pipeline_tests.cpp.o[0m
[20.101s] [ 62%] [32mBuilding CXX object planning_pipeline_interfaces/CMakeFiles/moveit_planning_pipeline_interfaces.dir/src/solution_selection_functions.cpp.o[0m
[20.102s] [ 63%] [32mBuilding CXX object planning_pipeline_interfaces/CMakeFiles/moveit_planning_pipeline_interfaces.dir/src/planning_pipeline_interfaces.cpp.o[0m
[20.106s] [ 65%] [32mBuilding CXX object planning_pipeline_interfaces/CMakeFiles/moveit_planning_pipeline_interfaces.dir/src/stopping_criterion_function.cpp.o[0m
[20.106s] [ 66%] [32mBuilding CXX object planning_pipeline_interfaces/CMakeFiles/moveit_planning_pipeline_interfaces.dir/src/plan_responses_container.cpp.o[0m
[33.948s] [ 67%] [32m[1mLinking CXX shared library libmoveit_planning_pipeline_interfaces.so[0m
[34.121s] [ 67%] Built target moveit_planning_pipeline_interfaces
[34.634s] [ 68%] [32m[1mLinking CXX executable moveit_planning_pipeline_test[0m
[34.938s] [ 68%] Built target moveit_planning_pipeline_test
[39.320s] [ 69%] [32m[1mLinking CXX shared library libmoveit_planning_scene_monitor.so[0m
[39.680s] [ 69%] Built target moveit_planning_scene_monitor
[39.712s] [35m[1mConsolidate compiler generated dependencies of target moveit_print_planning_scene_info[0m
[39.712s] [35m[1mConsolidate compiler generated dependencies of target moveit_evaluate_collision_checking_speed[0m
[39.712s] [35m[1mConsolidate compiler generated dependencies of target moveit_visualize_robot_collision_volume[0m
[39.712s] [35m[1mConsolidate compiler generated dependencies of target moveit_display_random_state[0m
[39.712s] [35m[1mConsolidate compiler generated dependencies of target trajectory_monitor_tests[0m
[39.712s] [35m[1mConsolidate compiler generated dependencies of target moveit_trajectory_execution_manager[0m
[39.712s] [35m[1mConsolidate compiler generated dependencies of target moveit_publish_scene_from_text[0m
[39.712s] [35m[1mConsolidate compiler generated dependencies of target demo_scene[0m
[39.712s] [35m[1mConsolidate compiler generated dependencies of target planning_scene_monitor_test[0m
[39.721s] [35m[1mConsolidate compiler generated dependencies of target current_state_monitor_tests[0m
[39.747s] [ 71%] [32m[1mLinking CXX executable moveit_display_random_state[0m
[39.747s] [ 73%] [32mBuilding CXX object trajectory_execution_manager/CMakeFiles/moveit_trajectory_execution_manager.dir/src/trajectory_execution_manager.cpp.o[0m
[39.747s] [ 73%] [32m[1mLinking CXX executable moveit_print_planning_scene_info[0m
[39.749s] [ 74%] [32m[1mLinking CXX executable moveit_visualize_robot_collision_volume[0m
[39.749s] [ 75%] [32m[1mLinking CXX executable moveit_evaluate_collision_checking_speed[0m
[39.767s] [ 78%] [32mBuilding CXX object planning_scene_monitor/CMakeFiles/demo_scene.dir/demos/demo_scene.cpp.o[0m
[39.767s] [ 78%] [32m[1mLinking CXX executable moveit_publish_scene_from_text[0m
[39.767s] [ 79%] [32m[1mLinking CXX executable trajectory_monitor_tests[0m
[39.767s] [ 80%] [32mBuilding CXX object planning_scene_monitor/CMakeFiles/planning_scene_monitor_test.dir/test/planning_scene_monitor_test.cpp.o[0m
[39.770s] [ 81%] [32m[1mLinking CXX executable current_state_monitor_tests[0m
[40.324s] [ 83%] Built target moveit_display_random_state
[40.368s] [ 84%] Built target moveit_print_planning_scene_info
[40.399s] [ 85%] Built target moveit_evaluate_collision_checking_speed
[40.412s] [ 86%] Built target moveit_visualize_robot_collision_volume
[40.424s] [ 87%] Built target moveit_publish_scene_from_text
[40.458s] [ 89%] Built target trajectory_monitor_tests
[40.473s] [ 90%] Built target current_state_monitor_tests
[50.209s] [ 91%] [32m[1mLinking CXX executable demo_scene[0m
[50.269s] [ 92%] [32m[1mLinking CXX executable planning_scene_monitor_test[0m
[50.419s] [ 92%] Built target demo_scene
[50.574s] [ 92%] Built target planning_scene_monitor_test
[61.083s] [ 93%] [32m[1mLinking CXX shared library libmoveit_trajectory_execution_manager.so[0m
[61.350s] [ 93%] Built target moveit_trajectory_execution_manager
[61.362s] [35m[1mConsolidate compiler generated dependencies of target moveit_plan_execution[0m
[61.363s] [35m[1mConsolidate compiler generated dependencies of target moveit_cpp[0m
[61.392s] [ 95%] [32m[1mLinking CXX shared library libmoveit_plan_execution.so[0m
[61.397s] [ 96%] [32m[1mLinking CXX shared library libmoveit_cpp.so[0m
[61.640s] [ 97%] Built target moveit_plan_execution
[61.683s] [100%] Built target moveit_cpp
[61.696s] Invoked command in '/home/alexander/moveit2_ws/build/moveit_ros_planning' returned '0': AMENT_PREFIX_PATH=/home/alexander/moveit2_ws/install/moveit_resources_panda_moveit_config:/home/alexander/moveit2_ws/install/moveit_resources_panda_description:/home/alexander/moveit2_ws/install/moveit_configs_utils:/home/alexander/moveit2_ws/install/pilz_industrial_motion_planner_testutils:/home/alexander/moveit2_ws/install/panda_moveit_config:/home/alexander/moveit2_ws/install/moveit_runtime:/home/alexander/moveit2_ws/install/moveit:/home/alexander/moveit2_ws/install/moveit_planners:/home/alexander/moveit2_ws/install/pilz_industrial_motion_planner:/home/alexander/moveit2_ws/install/moveit_ros_control_interface:/home/alexander/moveit2_ws/install/moveit_plugins:/home/alexander/moveit2_ws/install/moveit_simple_controller_manager:/home/alexander/moveit2_ws/install/moveit_setup_assistant:/home/alexander/moveit2_ws/install/moveit_setup_srdf_plugins:/home/alexander/moveit2_ws/install/moveit_setup_core_plugins:/home/alexander/moveit2_ws/install/moveit_setup_controllers:/home/alexander/moveit2_ws/install/moveit_setup_app_plugins:/home/alexander/moveit2_ws/install/moveit_setup_framework:/home/alexander/moveit2_ws/install/moveit_servo:/home/alexander/moveit2_ws/install/moveit_ros:/home/alexander/moveit2_ws/install/moveit_ros_visualization:/home/alexander/moveit2_ws/install/moveit_py:/home/alexander/moveit2_ws/install/moveit_hybrid_planning:/home/alexander/moveit2_ws/install/moveit_ros_planning_interface:/home/alexander/moveit2_ws/install/moveit_ros_benchmarks:/home/alexander/moveit2_ws/install/moveit_ros_warehouse:/home/alexander/moveit2_ws/install/moveit_ros_robot_interaction:/home/alexander/moveit2_ws/install/moveit_ros_perception:/home/alexander/moveit2_ws/install/moveit_resources_prbt_pg70_support:/home/alexander/moveit2_ws/install/moveit_resources_prbt_moveit_config:/home/alexander/moveit2_ws/install/moveit_ros_move_group:/home/alexander/moveit2_ws/install/moveit_planners_ompl:/home/alexander/moveit2_ws/install/moveit_kinematics:/home/alexander/moveit2_ws/install/moveit_ros_planning:/home/alexander/moveit2_ws/install/moveit_ros_occupancy_map_monitor:/home/alexander/moveit2_ws/install/moveit_resources_prbt_support:/home/alexander/moveit2_ws/install/moveit_resources_prbt_ikfast_manipulator_plugin:/home/alexander/moveit2_ws/install/moveit_planners_stomp:/home/alexander/moveit2_ws/install/moveit_planners_chomp:/home/alexander/moveit2_ws/install/chomp_motion_planner:/home/alexander/moveit2_ws/install/moveit_core:/home/alexander/moveit2_ws/install/moveit_common:/home/alexander/moveit2_ws/install/arduinobot_description:/opt/ros/humble CMAKE_PREFIX_PATH=/home/alexander/moveit2_ws/install/moveit_ros_occupancy_map_monitor:/home/alexander/moveit2_ws/install/moveit_core:/home/alexander/moveit2_ws/install/moveit_resources_panda_moveit_config:/home/alexander/moveit2_ws/install/moveit_resources_panda_description:/home/alexander/moveit2_ws/install/moveit_common:/home/alexander/moveit2_ws/install/pilz_industrial_motion_planner_testutils:/home/alexander/moveit2_ws/install/panda_moveit_config:/home/alexander/moveit2_ws/install/moveit_runtime:/home/alexander/moveit2_ws/install/moveit:/home/alexander/moveit2_ws/install/moveit_planners:/home/alexander/moveit2_ws/install/pilz_industrial_motion_planner:/home/alexander/moveit2_ws/install/moveit_ros_control_interface:/home/alexander/moveit2_ws/install/moveit_plugins:/home/alexander/moveit2_ws/install/moveit_simple_controller_manager:/home/alexander/moveit2_ws/install/moveit_setup_assistant:/home/alexander/moveit2_ws/install/moveit_setup_srdf_plugins:/home/alexander/moveit2_ws/install/moveit_setup_core_plugins:/home/alexander/moveit2_ws/install/moveit_setup_controllers:/home/alexander/moveit2_ws/install/moveit_setup_app_plugins:/home/alexander/moveit2_ws/install/moveit_setup_framework:/home/alexander/moveit2_ws/install/moveit_servo:/home/alexander/moveit2_ws/install/moveit_ros:/home/alexander/moveit2_ws/install/moveit_ros_visualization:/home/alexander/moveit2_ws/install/moveit_py:/home/alexander/moveit2_ws/install/moveit_hybrid_planning:/home/alexander/moveit2_ws/install/moveit_ros_planning_interface:/home/alexander/moveit2_ws/install/moveit_ros_benchmarks:/home/alexander/moveit2_ws/install/moveit_ros_warehouse:/home/alexander/moveit2_ws/install/moveit_ros_robot_interaction:/home/alexander/moveit2_ws/install/moveit_ros_perception:/home/alexander/moveit2_ws/install/moveit_resources_prbt_pg70_support:/home/alexander/moveit2_ws/install/moveit_resources_prbt_moveit_config:/home/alexander/moveit2_ws/install/moveit_ros_move_group:/home/alexander/moveit2_ws/install/moveit_planners_ompl:/home/alexander/moveit2_ws/install/moveit_kinematics:/home/alexander/moveit2_ws/install/moveit_ros_planning:/home/alexander/moveit2_ws/install/moveit_resources_prbt_support:/home/alexander/moveit2_ws/install/moveit_resources_prbt_ikfast_manipulator_plugin:/home/alexander/moveit2_ws/install/moveit_planners_stomp:/home/alexander/moveit2_ws/install/moveit_planners_chomp:/home/alexander/moveit2_ws/install/chomp_motion_planner:/home/alexander/moveit2_ws/install/arduinobot_description:/home/alexander/moveit2_ws/install/moveit_configs_utils:/opt/ros/humble LD_LIBRARY_PATH=/home/alexander/moveit2_ws/install/moveit_ros_occupancy_map_monitor/lib:/home/alexander/moveit2_ws/install/moveit_core/lib:/home/alexander/moveit2_ws/install/pilz_industrial_motion_planner_testutils/lib:/home/alexander/moveit2_ws/install/pilz_industrial_motion_planner/lib:/home/alexander/moveit2_ws/install/moveit_ros_control_interface/lib:/home/alexander/moveit2_ws/install/moveit_simple_controller_manager/lib:/home/alexander/moveit2_ws/install/moveit_setup_assistant/lib:/home/alexander/moveit2_ws/install/moveit_setup_srdf_plugins/lib:/home/alexander/moveit2_ws/install/moveit_setup_core_plugins/lib:/home/alexander/moveit2_ws/install/moveit_setup_controllers/lib:/home/alexander/moveit2_ws/install/moveit_setup_app_plugins/lib:/home/alexander/moveit2_ws/install/moveit_setup_framework/lib:/home/alexander/moveit2_ws/install/moveit_servo/lib:/home/alexander/moveit2_ws/install/moveit_ros_visualization/lib:/home/alexander/moveit2_ws/install/moveit_py/lib:/home/alexander/moveit2_ws/install/moveit_hybrid_planning/lib:/home/alexander/moveit2_ws/install/moveit_ros_planning_interface/lib:/home/alexander/moveit2_ws/install/moveit_ros_benchmarks/lib:/home/alexander/moveit2_ws/install/moveit_ros_warehouse/lib:/home/alexander/moveit2_ws/install/moveit_ros_robot_interaction/lib:/home/alexander/moveit2_ws/install/moveit_ros_perception/lib:/home/alexander/moveit2_ws/install/moveit_ros_move_group/lib:/home/alexander/moveit2_ws/install/moveit_planners_ompl/lib:/home/alexander/moveit2_ws/install/moveit_kinematics/lib:/home/alexander/moveit2_ws/install/moveit_ros_planning/lib:/home/alexander/moveit2_ws/install/moveit_resources_prbt_ikfast_manipulator_plugin/lib:/home/alexander/moveit2_ws/install/moveit_planners_stomp/lib:/home/alexander/moveit2_ws/install/moveit_planners_chomp/lib:/home/alexander/moveit2_ws/install/chomp_motion_planner/lib:/opt/ros/humble/opt/rviz_ogre_vendor/lib:/opt/ros/humble/lib/x86_64-linux-gnu:/opt/ros/humble/lib PYTHONPATH=/home/alexander/moveit2_ws/install/moveit_configs_utils/lib/python3.10/site-packages:/home/alexander/moveit2_ws/install/moveit_py/local/lib/python3.10/dist-packages:/opt/ros/humble/lib/python3.10/site-packages:/opt/ros/humble/local/lib/python3.10/dist-packages /usr/bin/cmake --build /home/alexander/moveit2_ws/build/moveit_ros_planning -- -j14 -l14
[61.762s] Invoking command in '/home/alexander/moveit2_ws/build/moveit_ros_planning': AMENT_PREFIX_PATH=/home/alexander/moveit2_ws/install/moveit_resources_panda_moveit_config:/home/alexander/moveit2_ws/install/moveit_resources_panda_description:/home/alexander/moveit2_ws/install/moveit_configs_utils:/home/alexander/moveit2_ws/install/pilz_industrial_motion_planner_testutils:/home/alexander/moveit2_ws/install/panda_moveit_config:/home/alexander/moveit2_ws/install/moveit_runtime:/home/alexander/moveit2_ws/install/moveit:/home/alexander/moveit2_ws/install/moveit_planners:/home/alexander/moveit2_ws/install/pilz_industrial_motion_planner:/home/alexander/moveit2_ws/install/moveit_ros_control_interface:/home/alexander/moveit2_ws/install/moveit_plugins:/home/alexander/moveit2_ws/install/moveit_simple_controller_manager:/home/alexander/moveit2_ws/install/moveit_setup_assistant:/home/alexander/moveit2_ws/install/moveit_setup_srdf_plugins:/home/alexander/moveit2_ws/install/moveit_setup_core_plugins:/home/alexander/moveit2_ws/install/moveit_setup_controllers:/home/alexander/moveit2_ws/install/moveit_setup_app_plugins:/home/alexander/moveit2_ws/install/moveit_setup_framework:/home/alexander/moveit2_ws/install/moveit_servo:/home/alexander/moveit2_ws/install/moveit_ros:/home/alexander/moveit2_ws/install/moveit_ros_visualization:/home/alexander/moveit2_ws/install/moveit_py:/home/alexander/moveit2_ws/install/moveit_hybrid_planning:/home/alexander/moveit2_ws/install/moveit_ros_planning_interface:/home/alexander/moveit2_ws/install/moveit_ros_benchmarks:/home/alexander/moveit2_ws/install/moveit_ros_warehouse:/home/alexander/moveit2_ws/install/moveit_ros_robot_interaction:/home/alexander/moveit2_ws/install/moveit_ros_perception:/home/alexander/moveit2_ws/install/moveit_resources_prbt_pg70_support:/home/alexander/moveit2_ws/install/moveit_resources_prbt_moveit_config:/home/alexander/moveit2_ws/install/moveit_ros_move_group:/home/alexander/moveit2_ws/install/moveit_planners_ompl:/home/alexander/moveit2_ws/install/moveit_kinematics:/home/alexander/moveit2_ws/install/moveit_ros_planning:/home/alexander/moveit2_ws/install/moveit_ros_occupancy_map_monitor:/home/alexander/moveit2_ws/install/moveit_resources_prbt_support:/home/alexander/moveit2_ws/install/moveit_resources_prbt_ikfast_manipulator_plugin:/home/alexander/moveit2_ws/install/moveit_planners_stomp:/home/alexander/moveit2_ws/install/moveit_planners_chomp:/home/alexander/moveit2_ws/install/chomp_motion_planner:/home/alexander/moveit2_ws/install/moveit_core:/home/alexander/moveit2_ws/install/moveit_common:/home/alexander/moveit2_ws/install/arduinobot_description:/opt/ros/humble CMAKE_PREFIX_PATH=/home/alexander/moveit2_ws/install/moveit_ros_occupancy_map_monitor:/home/alexander/moveit2_ws/install/moveit_core:/home/alexander/moveit2_ws/install/moveit_resources_panda_moveit_config:/home/alexander/moveit2_ws/install/moveit_resources_panda_description:/home/alexander/moveit2_ws/install/moveit_common:/home/alexander/moveit2_ws/install/pilz_industrial_motion_planner_testutils:/home/alexander/moveit2_ws/install/panda_moveit_config:/home/alexander/moveit2_ws/install/moveit_runtime:/home/alexander/moveit2_ws/install/moveit:/home/alexander/moveit2_ws/install/moveit_planners:/home/alexander/moveit2_ws/install/pilz_industrial_motion_planner:/home/alexander/moveit2_ws/install/moveit_ros_control_interface:/home/alexander/moveit2_ws/install/moveit_plugins:/home/alexander/moveit2_ws/install/moveit_simple_controller_manager:/home/alexander/moveit2_ws/install/moveit_setup_assistant:/home/alexander/moveit2_ws/install/moveit_setup_srdf_plugins:/home/alexander/moveit2_ws/install/moveit_setup_core_plugins:/home/alexander/moveit2_ws/install/moveit_setup_controllers:/home/alexander/moveit2_ws/install/moveit_setup_app_plugins:/home/alexander/moveit2_ws/install/moveit_setup_framework:/home/alexander/moveit2_ws/install/moveit_servo:/home/alexander/moveit2_ws/install/moveit_ros:/home/alexander/moveit2_ws/install/moveit_ros_visualization:/home/alexander/moveit2_ws/install/moveit_py:/home/alexander/moveit2_ws/install/moveit_hybrid_planning:/home/alexander/moveit2_ws/install/moveit_ros_planning_interface:/home/alexander/moveit2_ws/install/moveit_ros_benchmarks:/home/alexander/moveit2_ws/install/moveit_ros_warehouse:/home/alexander/moveit2_ws/install/moveit_ros_robot_interaction:/home/alexander/moveit2_ws/install/moveit_ros_perception:/home/alexander/moveit2_ws/install/moveit_resources_prbt_pg70_support:/home/alexander/moveit2_ws/install/moveit_resources_prbt_moveit_config:/home/alexander/moveit2_ws/install/moveit_ros_move_group:/home/alexander/moveit2_ws/install/moveit_planners_ompl:/home/alexander/moveit2_ws/install/moveit_kinematics:/home/alexander/moveit2_ws/install/moveit_ros_planning:/home/alexander/moveit2_ws/install/moveit_resources_prbt_support:/home/alexander/moveit2_ws/install/moveit_resources_prbt_ikfast_manipulator_plugin:/home/alexander/moveit2_ws/install/moveit_planners_stomp:/home/alexander/moveit2_ws/install/moveit_planners_chomp:/home/alexander/moveit2_ws/install/chomp_motion_planner:/home/alexander/moveit2_ws/install/arduinobot_description:/home/alexander/moveit2_ws/install/moveit_configs_utils:/opt/ros/humble LD_LIBRARY_PATH=/home/alexander/moveit2_ws/install/moveit_ros_occupancy_map_monitor/lib:/home/alexander/moveit2_ws/install/moveit_core/lib:/home/alexander/moveit2_ws/install/pilz_industrial_motion_planner_testutils/lib:/home/alexander/moveit2_ws/install/pilz_industrial_motion_planner/lib:/home/alexander/moveit2_ws/install/moveit_ros_control_interface/lib:/home/alexander/moveit2_ws/install/moveit_simple_controller_manager/lib:/home/alexander/moveit2_ws/install/moveit_setup_assistant/lib:/home/alexander/moveit2_ws/install/moveit_setup_srdf_plugins/lib:/home/alexander/moveit2_ws/install/moveit_setup_core_plugins/lib:/home/alexander/moveit2_ws/install/moveit_setup_controllers/lib:/home/alexander/moveit2_ws/install/moveit_setup_app_plugins/lib:/home/alexander/moveit2_ws/install/moveit_setup_framework/lib:/home/alexander/moveit2_ws/install/moveit_servo/lib:/home/alexander/moveit2_ws/install/moveit_ros_visualization/lib:/home/alexander/moveit2_ws/install/moveit_py/lib:/home/alexander/moveit2_ws/install/moveit_hybrid_planning/lib:/home/alexander/moveit2_ws/install/moveit_ros_planning_interface/lib:/home/alexander/moveit2_ws/install/moveit_ros_benchmarks/lib:/home/alexander/moveit2_ws/install/moveit_ros_warehouse/lib:/home/alexander/moveit2_ws/install/moveit_ros_robot_interaction/lib:/home/alexander/moveit2_ws/install/moveit_ros_perception/lib:/home/alexander/moveit2_ws/install/moveit_ros_move_group/lib:/home/alexander/moveit2_ws/install/moveit_planners_ompl/lib:/home/alexander/moveit2_ws/install/moveit_kinematics/lib:/home/alexander/moveit2_ws/install/moveit_ros_planning/lib:/home/alexander/moveit2_ws/install/moveit_resources_prbt_ikfast_manipulator_plugin/lib:/home/alexander/moveit2_ws/install/moveit_planners_stomp/lib:/home/alexander/moveit2_ws/install/moveit_planners_chomp/lib:/home/alexander/moveit2_ws/install/chomp_motion_planner/lib:/opt/ros/humble/opt/rviz_ogre_vendor/lib:/opt/ros/humble/lib/x86_64-linux-gnu:/opt/ros/humble/lib PYTHONPATH=/home/alexander/moveit2_ws/install/moveit_configs_utils/lib/python3.10/site-packages:/home/alexander/moveit2_ws/install/moveit_py/local/lib/python3.10/dist-packages:/opt/ros/humble/lib/python3.10/site-packages:/opt/ros/humble/local/lib/python3.10/dist-packages /usr/bin/cmake --install /home/alexander/moveit2_ws/build/moveit_ros_planning
[61.771s] -- Install configuration: "Release"
[61.772s] -- Up-to-date: /home/alexander/moveit2_ws/install/moveit_ros_planning/include/moveit_ros_planning
[61.772s] -- Up-to-date: /home/alexander/moveit2_ws/install/moveit_ros_planning/include/moveit_ros_planning/moveit
[61.772s] -- Up-to-date: /home/alexander/moveit2_ws/install/moveit_ros_planning/include/moveit_ros_planning/moveit/collision_plugin_loader
[61.772s] -- Up-to-date: /home/alexander/moveit2_ws/install/moveit_ros_planning/include/moveit_ros_planning/moveit/collision_plugin_loader/collision_plugin_loader.h
[61.772s] -- Up-to-date: /home/alexander/moveit2_ws/install/moveit_ros_planning/include/moveit_ros_planning
[61.772s] -- Up-to-date: /home/alexander/moveit2_ws/install/moveit_ros_planning/include/moveit_ros_planning/moveit
[61.772s] -- Up-to-date: /home/alexander/moveit2_ws/install/moveit_ros_planning/include/moveit_ros_planning/moveit/constraint_sampler_manager_loader
[61.772s] -- Up-to-date: /home/alexander/moveit2_ws/install/moveit_ros_planning/include/moveit_ros_planning/moveit/constraint_sampler_manager_loader/constraint_sampler_manager_loader.h
[61.772s] -- Up-to-date: /home/alexander/moveit2_ws/install/moveit_ros_planning/include/kinematics_parameters
[61.772s] -- Up-to-date: /home/alexander/moveit2_ws/install/moveit_ros_planning/include/kinematics_parameters/kinematics_parameters.hpp
[61.772s] -- Up-to-date: /home/alexander/moveit2_ws/install/moveit_ros_planning/include/moveit_ros_planning
[61.772s] -- Up-to-date: /home/alexander/moveit2_ws/install/moveit_ros_planning/include/moveit_ros_planning/moveit
[61.772s] -- Up-to-date: /home/alexander/moveit2_ws/install/moveit_ros_planning/include/moveit_ros_planning/moveit/kinematics_plugin_loader
[61.772s] -- Up-to-date: /home/alexander/moveit2_ws/install/moveit_ros_planning/include/moveit_ros_planning/moveit/kinematics_plugin_loader/kinematics_plugin_loader.h
[61.773s] -- Up-to-date: /home/alexander/moveit2_ws/install/moveit_ros_planning/include/moveit_ros_planning
[61.773s] -- Up-to-date: /home/alexander/moveit2_ws/install/moveit_ros_planning/include/moveit_ros_planning/moveit
[61.774s] -- Up-to-date: /home/alexander/moveit2_ws/install/moveit_ros_planning/include/moveit_ros_planning/moveit/moveit_cpp
[61.774s] -- Up-to-date: /home/alexander/moveit2_ws/install/moveit_ros_planning/include/moveit_ros_planning/moveit/moveit_cpp/planning_component.h
[61.774s] -- Up-to-date: /home/alexander/moveit2_ws/install/moveit_ros_planning/include/moveit_ros_planning/moveit/moveit_cpp/moveit_cpp.h
[61.774s] -- Up-to-date: /home/alexander/moveit2_ws/install/moveit_ros_planning/include/moveit_ros_planning
[61.774s] -- Up-to-date: /home/alexander/moveit2_ws/install/moveit_ros_planning/include/moveit_ros_planning/moveit
[61.774s] -- Up-to-date: /home/alexander/moveit2_ws/install/moveit_ros_planning/include/moveit_ros_planning/moveit/plan_execution
[61.774s] -- Up-to-date: /home/alexander/moveit2_ws/install/moveit_ros_planning/include/moveit_ros_planning/moveit/plan_execution/plan_execution.h
[61.774s] -- Up-to-date: /home/alexander/moveit2_ws/install/moveit_ros_planning/include/moveit_ros_planning/moveit/plan_execution/plan_representation.h
[61.774s] -- Installing: /home/alexander/moveit2_ws/install/moveit_ros_planning/lib/moveit_ros_planning/moveit_print_planning_model_info
[61.774s] -- Set runtime path of "/home/alexander/moveit2_ws/install/moveit_ros_planning/lib/moveit_ros_planning/moveit_print_planning_model_info" to ""
[61.774s] -- Installing: /home/alexander/moveit2_ws/install/moveit_ros_planning/lib/moveit_ros_planning/moveit_print_planning_scene_info
[61.774s] -- Set runtime path of "/home/alexander/moveit2_ws/install/moveit_ros_planning/lib/moveit_ros_planning/moveit_print_planning_scene_info" to ""
[61.774s] -- Installing: /home/alexander/moveit2_ws/install/moveit_ros_planning/lib/moveit_ros_planning/moveit_display_random_state
[61.774s] -- Set runtime path of "/home/alexander/moveit2_ws/install/moveit_ros_planning/lib/moveit_ros_planning/moveit_display_random_state" to ""
[61.775s] -- Installing: /home/alexander/moveit2_ws/install/moveit_ros_planning/lib/moveit_ros_planning/moveit_visualize_robot_collision_volume
[61.775s] -- Set runtime path of "/home/alexander/moveit2_ws/install/moveit_ros_planning/lib/moveit_ros_planning/moveit_visualize_robot_collision_volume" to ""
[61.775s] -- Installing: /home/alexander/moveit2_ws/install/moveit_ros_planning/lib/moveit_ros_planning/moveit_evaluate_collision_checking_speed
[61.775s] -- Set runtime path of "/home/alexander/moveit2_ws/install/moveit_ros_planning/lib/moveit_ros_planning/moveit_evaluate_collision_checking_speed" to ""
[61.775s] -- Installing: /home/alexander/moveit2_ws/install/moveit_ros_planning/lib/moveit_ros_planning/moveit_publish_scene_from_text
[61.776s] -- Set runtime path of "/home/alexander/moveit2_ws/install/moveit_ros_planning/lib/moveit_ros_planning/moveit_publish_scene_from_text" to ""
[61.776s] -- Up-to-date: /home/alexander/moveit2_ws/install/moveit_ros_planning/include/moveit_ros_planning
[61.776s] -- Up-to-date: /home/alexander/moveit2_ws/install/moveit_ros_planning/include/moveit_ros_planning/moveit
[61.776s] -- Up-to-date: /home/alexander/moveit2_ws/install/moveit_ros_planning/include/moveit_ros_planning/moveit/planning_pipeline_interfaces
[61.776s] -- Up-to-date: /home/alexander/moveit2_ws/install/moveit_ros_planning/include/moveit_ros_planning/moveit/planning_pipeline_interfaces/stopping_criterion_functions.hpp
[61.776s] -- Up-to-date: /home/alexander/moveit2_ws/install/moveit_ros_planning/include/moveit_ros_planning/moveit/planning_pipeline_interfaces/plan_responses_container.hpp
[61.776s] -- Up-to-date: /home/alexander/moveit2_ws/install/moveit_ros_planning/include/moveit_ros_planning/moveit/planning_pipeline_interfaces/planning_pipeline_interfaces.hpp
[61.776s] -- Up-to-date: /home/alexander/moveit2_ws/install/moveit_ros_planning/include/moveit_ros_planning/moveit/planning_pipeline_interfaces/solution_selection_functions.hpp
[61.776s] -- Up-to-date: /home/alexander/moveit2_ws/install/moveit_ros_planning/include/moveit_ros_planning/moveit_planning_pipeline_interfaces_export.h
[61.776s] -- Up-to-date: /home/alexander/moveit2_ws/install/moveit_ros_planning/include/planning_pipeline_parameters
[61.777s] -- Up-to-date: /home/alexander/moveit2_ws/install/moveit_ros_planning/include/planning_pipeline_parameters/planning_pipeline_parameters.hpp
[61.777s] -- Installing: /home/alexander/moveit2_ws/install/moveit_ros_planning/lib/libmoveit_pipeline_test_plugins.so.2.9.0
[61.777s] -- Set runtime path of "/home/alexander/moveit2_ws/install/moveit_ros_planning/lib/libmoveit_pipeline_test_plugins.so.2.9.0" to ""
[61.777s] -- Up-to-date: /home/alexander/moveit2_ws/install/moveit_ros_planning/lib/libmoveit_pipeline_test_plugins.so
[61.777s] -- Up-to-date: /home/alexander/moveit2_ws/install/moveit_ros_planning/include/moveit_ros_planning
[61.777s] -- Up-to-date: /home/alexander/moveit2_ws/install/moveit_ros_planning/include/moveit_ros_planning/moveit
[61.777s] -- Up-to-date: /home/alexander/moveit2_ws/install/moveit_ros_planning/include/moveit_ros_planning/moveit/planning_pipeline
[61.777s] -- Up-to-date: /home/alexander/moveit2_ws/install/moveit_ros_planning/include/moveit_ros_planning/moveit/planning_pipeline/planning_pipeline.h
[61.777s] -- Up-to-date: /home/alexander/moveit2_ws/install/moveit_ros_planning/include/moveit_ros_planning/moveit_planning_pipeline_export.h
[61.777s] -- Up-to-date: /home/alexander/moveit2_ws/install/moveit_ros_planning/include/default_request_adapter_parameters
[61.777s] -- Up-to-date: /home/alexander/moveit2_ws/install/moveit_ros_planning/include/default_request_adapter_parameters/default_request_adapter_parameters.hpp
[61.778s] -- Up-to-date: /home/alexander/moveit2_ws/install/moveit_ros_planning/include/default_response_adapter_parameters
[61.778s] -- Up-to-date: /home/alexander/moveit2_ws/install/moveit_ros_planning/include/default_response_adapter_parameters/default_response_adapter_parameters.hpp
[61.778s] -- Installing: /home/alexander/moveit2_ws/install/moveit_ros_planning/lib/moveit_ros_planning/demo_scene
[61.778s] -- Set runtime path of "/home/alexander/moveit2_ws/install/moveit_ros_planning/lib/moveit_ros_planning/demo_scene" to ""
[61.778s] -- Up-to-date: /home/alexander/moveit2_ws/install/moveit_ros_planning/include/moveit_ros_planning
[61.778s] -- Up-to-date: /home/alexander/moveit2_ws/install/moveit_ros_planning/include/moveit_ros_planning/moveit
[61.778s] -- Up-to-date: /home/alexander/moveit2_ws/install/moveit_ros_planning/include/moveit_ros_planning/moveit/planning_scene_monitor
[61.778s] -- Up-to-date: /home/alexander/moveit2_ws/install/moveit_ros_planning/include/moveit_ros_planning/moveit/planning_scene_monitor/trajectory_monitor.h
[61.778s] -- Up-to-date: /home/alexander/moveit2_ws/install/moveit_ros_planning/include/moveit_ros_planning/moveit/planning_scene_monitor/trajectory_monitor_middleware_handle.hpp
[61.779s] -- Up-to-date: /home/alexander/moveit2_ws/install/moveit_ros_planning/include/moveit_ros_planning/moveit/planning_scene_monitor/planning_scene_monitor.h
[61.779s] -- Up-to-date: /home/alexander/moveit2_ws/install/moveit_ros_planning/include/moveit_ros_planning/moveit/planning_scene_monitor/current_state_monitor_middleware_handle.hpp
[61.779s] -- Up-to-date: /home/alexander/moveit2_ws/install/moveit_ros_planning/include/moveit_ros_planning/moveit/planning_scene_monitor/current_state_monitor.h
[61.779s] -- Up-to-date: /home/alexander/moveit2_ws/install/moveit_ros_planning/include/moveit_ros_planning/moveit_planning_scene_monitor_export.h
[61.779s] -- Up-to-date: /home/alexander/moveit2_ws/install/moveit_ros_planning/include/moveit_ros_planning
[61.779s] -- Up-to-date: /home/alexander/moveit2_ws/install/moveit_ros_planning/include/moveit_ros_planning/moveit
[61.779s] -- Up-to-date: /home/alexander/moveit2_ws/install/moveit_ros_planning/include/moveit_ros_planning/moveit/rdf_loader
[61.779s] -- Up-to-date: /home/alexander/moveit2_ws/install/moveit_ros_planning/include/moveit_ros_planning/moveit/rdf_loader/rdf_loader.h
[61.779s] -- Up-to-date: /home/alexander/moveit2_ws/install/moveit_ros_planning/include/moveit_ros_planning/moveit/rdf_loader/synchronized_string_parameter.h
[61.779s] -- Up-to-date: /home/alexander/moveit2_ws/install/moveit_ros_planning/share/moveit_ros_planning/rdf_loader/test/data
[61.779s] -- Up-to-date: /home/alexander/moveit2_ws/install/moveit_ros_planning/share/moveit_ros_planning/rdf_loader/test/data/gonzo.srdf
[61.779s] -- Up-to-date: /home/alexander/moveit2_ws/install/moveit_ros_planning/share/moveit_ros_planning/rdf_loader/test/data/gonzo.urdf
[61.779s] -- Up-to-date: /home/alexander/moveit2_ws/install/moveit_ros_planning/share/moveit_ros_planning/rdf_loader/test/data/kermit.srdf
[61.779s] -- Up-to-date: /home/alexander/moveit2_ws/install/moveit_ros_planning/share/moveit_ros_planning/rdf_loader/test/data/kermit.urdf
[61.779s] -- Up-to-date: /home/alexander/moveit2_ws/install/moveit_ros_planning/share/moveit_ros_planning/rdf_loader/test/data/robin.srdf.xacro
[61.779s] -- Up-to-date: /home/alexander/moveit2_ws/install/moveit_ros_planning/share/moveit_ros_planning/rdf_loader/test/launch
[61.779s] -- Up-to-date: /home/alexander/moveit2_ws/install/moveit_ros_planning/share/moveit_ros_planning/rdf_loader/test/launch/test_rdf_integration.test.py
[61.779s] -- Up-to-date: /home/alexander/moveit2_ws/install/moveit_ros_planning/include/moveit_ros_planning
[61.779s] -- Up-to-date: /home/alexander/moveit2_ws/install/moveit_ros_planning/include/moveit_ros_planning/moveit
[61.779s] -- Up-to-date: /home/alexander/moveit2_ws/install/moveit_ros_planning/include/moveit_ros_planning/moveit/robot_model_loader
[61.779s] -- Up-to-date: /home/alexander/moveit2_ws/install/moveit_ros_planning/include/moveit_ros_planning/moveit/robot_model_loader/robot_model_loader.h
[61.779s] -- Up-to-date: /home/alexander/moveit2_ws/install/moveit_ros_planning/include/moveit_ros_planning
[61.779s] -- Up-to-date: /home/alexander/moveit2_ws/install/moveit_ros_planning/include/moveit_ros_planning/moveit
[61.779s] -- Up-to-date: /home/alexander/moveit2_ws/install/moveit_ros_planning/include/moveit_ros_planning/moveit/trajectory_execution_manager
[61.779s] -- Up-to-date: /home/alexander/moveit2_ws/install/moveit_ros_planning/include/moveit_ros_planning/moveit/trajectory_execution_manager/trajectory_execution_manager.h
[61.780s] -- Up-to-date: /home/alexander/moveit2_ws/install/moveit_ros_planning/include/moveit_ros_planning/moveit_trajectory_execution_manager_export.h
[61.780s] -- Installing: /home/alexander/moveit2_ws/install/moveit_ros_planning/lib/libmoveit_collision_plugin_loader.so.2.9.0
[61.780s] -- Set runtime path of "/home/alexander/moveit2_ws/install/moveit_ros_planning/lib/libmoveit_collision_plugin_loader.so.2.9.0" to ""
[61.780s] -- Up-to-date: /home/alexander/moveit2_ws/install/moveit_ros_planning/lib/libmoveit_collision_plugin_loader.so
[61.780s] -- Installing: /home/alexander/moveit2_ws/install/moveit_ros_planning/lib/libmoveit_constraint_sampler_manager_loader.so.2.9.0
[61.780s] -- Set runtime path of "/home/alexander/moveit2_ws/install/moveit_ros_planning/lib/libmoveit_constraint_sampler_manager_loader.so.2.9.0" to ""
[61.780s] -- Up-to-date: /home/alexander/moveit2_ws/install/moveit_ros_planning/lib/libmoveit_constraint_sampler_manager_loader.so
[61.780s] -- Installing: /home/alexander/moveit2_ws/install/moveit_ros_planning/lib/libmoveit_cpp.so.2.9.0
[61.781s] -- Set runtime path of "/home/alexander/moveit2_ws/install/moveit_ros_planning/lib/libmoveit_cpp.so.2.9.0" to ""
[61.781s] -- Up-to-date: /home/alexander/moveit2_ws/install/moveit_ros_planning/lib/libmoveit_cpp.so
[61.781s] -- Installing: /home/alexander/moveit2_ws/install/moveit_ros_planning/lib/libmoveit_default_planning_request_adapter_plugins.so.2.9.0
[61.781s] -- Set runtime path of "/home/alexander/moveit2_ws/install/moveit_ros_planning/lib/libmoveit_default_planning_request_adapter_plugins.so.2.9.0" to ""
[61.781s] -- Up-to-date: /home/alexander/moveit2_ws/install/moveit_ros_planning/lib/libmoveit_default_planning_request_adapter_plugins.so
[61.781s] -- Installing: /home/alexander/moveit2_ws/install/moveit_ros_planning/lib/libmoveit_default_planning_response_adapter_plugins.so.2.9.0
[61.782s] -- Set runtime path of "/home/alexander/moveit2_ws/install/moveit_ros_planning/lib/libmoveit_default_planning_response_adapter_plugins.so.2.9.0" to ""
[61.782s] -- Up-to-date: /home/alexander/moveit2_ws/install/moveit_ros_planning/lib/libmoveit_default_planning_response_adapter_plugins.so
[61.782s] -- Installing: /home/alexander/moveit2_ws/install/moveit_ros_planning/lib/libmoveit_kinematics_plugin_loader.so.2.9.0
[61.782s] -- Set runtime path of "/home/alexander/moveit2_ws/install/moveit_ros_planning/lib/libmoveit_kinematics_plugin_loader.so.2.9.0" to ""
[61.783s] -- Up-to-date: /home/alexander/moveit2_ws/install/moveit_ros_planning/lib/libmoveit_kinematics_plugin_loader.so
[61.783s] -- Installing: /home/alexander/moveit2_ws/install/moveit_ros_planning/lib/libmoveit_plan_execution.so.2.9.0
[61.783s] -- Set runtime path of "/home/alexander/moveit2_ws/install/moveit_ros_planning/lib/libmoveit_plan_execution.so.2.9.0" to ""
[61.783s] -- Up-to-date: /home/alexander/moveit2_ws/install/moveit_ros_planning/lib/libmoveit_plan_execution.so
[61.783s] -- Installing: /home/alexander/moveit2_ws/install/moveit_ros_planning/lib/libmoveit_planning_pipeline.so.2.9.0
[61.784s] -- Set runtime path of "/home/alexander/moveit2_ws/install/moveit_ros_planning/lib/libmoveit_planning_pipeline.so.2.9.0" to ""
[61.784s] -- Up-to-date: /home/alexander/moveit2_ws/install/moveit_ros_planning/lib/libmoveit_planning_pipeline.so
[61.784s] -- Installing: /home/alexander/moveit2_ws/install/moveit_ros_planning/lib/libmoveit_planning_pipeline_interfaces.so.2.9.0
[61.785s] -- Set runtime path of "/home/alexander/moveit2_ws/install/moveit_ros_planning/lib/libmoveit_planning_pipeline_interfaces.so.2.9.0" to ""
[61.785s] -- Up-to-date: /home/alexander/moveit2_ws/install/moveit_ros_planning/lib/libmoveit_planning_pipeline_interfaces.so
[61.785s] -- Installing: /home/alexander/moveit2_ws/install/moveit_ros_planning/lib/libmoveit_planning_scene_monitor.so.2.9.0
[61.789s] -- Set runtime path of "/home/alexander/moveit2_ws/install/moveit_ros_planning/lib/libmoveit_planning_scene_monitor.so.2.9.0" to ""
[61.789s] -- Up-to-date: /home/alexander/moveit2_ws/install/moveit_ros_planning/lib/libmoveit_planning_scene_monitor.so
[61.789s] -- Installing: /home/alexander/moveit2_ws/install/moveit_ros_planning/lib/libmoveit_rdf_loader.so.2.9.0
[61.790s] -- Set runtime path of "/home/alexander/moveit2_ws/install/moveit_ros_planning/lib/libmoveit_rdf_loader.so.2.9.0" to ""
[61.790s] -- Up-to-date: /home/alexander/moveit2_ws/install/moveit_ros_planning/lib/libmoveit_rdf_loader.so
[61.790s] -- Installing: /home/alexander/moveit2_ws/install/moveit_ros_planning/lib/libmoveit_robot_model_loader.so.2.9.0
[61.790s] -- Set runtime path of "/home/alexander/moveit2_ws/install/moveit_ros_planning/lib/libmoveit_robot_model_loader.so.2.9.0" to ""
[61.791s] -- Up-to-date: /home/alexander/moveit2_ws/install/moveit_ros_planning/lib/libmoveit_robot_model_loader.so
[61.791s] -- Installing: /home/alexander/moveit2_ws/install/moveit_ros_planning/lib/libmoveit_trajectory_execution_manager.so.2.9.0
[61.792s] -- Set runtime path of "/home/alexander/moveit2_ws/install/moveit_ros_planning/lib/libmoveit_trajectory_execution_manager.so.2.9.0" to ""
[61.792s] -- Up-to-date: /home/alexander/moveit2_ws/install/moveit_ros_planning/lib/libmoveit_trajectory_execution_manager.so
[61.793s] -- Up-to-date: /home/alexander/moveit2_ws/install/moveit_ros_planning/lib/libsrdf_publisher_node.so
[61.793s] -- Up-to-date: /home/alexander/moveit2_ws/install/moveit_ros_planning/share/moveit_ros_planning/environment/library_path.sh
[61.793s] -- Installing: /home/alexander/moveit2_ws/install/moveit_ros_planning/share/moveit_ros_planning/environment/library_path.dsv
[61.793s] -- Up-to-date: /home/alexander/moveit2_ws/install/moveit_ros_planning/lib/moveit_ros_planning/srdf_publisher
[61.793s] -- Up-to-date: /home/alexander/moveit2_ws/install/moveit_ros_planning/share/moveit_ros_planning/default_request_adapters_plugin_description.xml
[61.793s] -- Up-to-date: /home/alexander/moveit2_ws/install/moveit_ros_planning/share/moveit_ros_planning/default_response_adapters_plugin_description.xml
[61.794s] -- Up-to-date: /home/alexander/moveit2_ws/install/moveit_ros_planning/share/moveit_ros_planning/planning_pipeline_test_plugins_description.xml
[61.794s] -- Up-to-date: /home/alexander/moveit2_ws/install/moveit_ros_planning/share/ament_index/resource_index/package_run_dependencies/moveit_ros_planning
[61.794s] -- Installing: /home/alexander/moveit2_ws/install/moveit_ros_planning/share/ament_index/resource_index/parent_prefix_path/moveit_ros_planning
[61.794s] -- Up-to-date: /home/alexander/moveit2_ws/install/moveit_ros_planning/share/moveit_ros_planning/environment/ament_prefix_path.sh
[61.794s] -- Installing: /home/alexander/moveit2_ws/install/moveit_ros_planning/share/moveit_ros_planning/environment/ament_prefix_path.dsv
[61.794s] -- Up-to-date: /home/alexander/moveit2_ws/install/moveit_ros_planning/share/moveit_ros_planning/environment/path.sh
[61.794s] -- Installing: /home/alexander/moveit2_ws/install/moveit_ros_planning/share/moveit_ros_planning/environment/path.dsv
[61.794s] -- Up-to-date: /home/alexander/moveit2_ws/install/moveit_ros_planning/share/moveit_ros_planning/local_setup.bash
[61.794s] -- Up-to-date: /home/alexander/moveit2_ws/install/moveit_ros_planning/share/moveit_ros_planning/local_setup.sh
[61.794s] -- Up-to-date: /home/alexander/moveit2_ws/install/moveit_ros_planning/share/moveit_ros_planning/local_setup.zsh
[61.794s] -- Installing: /home/alexander/moveit2_ws/install/moveit_ros_planning/share/moveit_ros_planning/local_setup.dsv
[61.794s] -- Installing: /home/alexander/moveit2_ws/install/moveit_ros_planning/share/moveit_ros_planning/package.dsv
[61.794s] -- Up-to-date: /home/alexander/moveit2_ws/install/moveit_ros_planning/share/ament_index/resource_index/packages/moveit_ros_planning
[61.794s] -- Up-to-date: /home/alexander/moveit2_ws/install/moveit_ros_planning/share/ament_index/resource_index/moveit_core__pluginlib__plugin/moveit_ros_planning
[61.794s] -- Up-to-date: /home/alexander/moveit2_ws/install/moveit_ros_planning/share/moveit_ros_planning/cmake/moveit_ros_planningTargetsExport.cmake
[61.794s] -- Up-to-date: /home/alexander/moveit2_ws/install/moveit_ros_planning/share/moveit_ros_planning/cmake/moveit_ros_planningTargetsExport-release.cmake
[61.794s] -- Up-to-date: /home/alexander/moveit2_ws/install/moveit_ros_planning/share/ament_index/resource_index/rclcpp_components/moveit_ros_planning
[61.794s] -- Up-to-date: /home/alexander/moveit2_ws/install/moveit_ros_planning/share/moveit_ros_planning/cmake/ConfigExtras.cmake
[61.794s] -- Up-to-date: /home/alexander/moveit2_ws/install/moveit_ros_planning/share/moveit_ros_planning/cmake/ament_cmake_export_targets-extras.cmake
[61.794s] -- Up-to-date: /home/alexander/moveit2_ws/install/moveit_ros_planning/share/moveit_ros_planning/cmake/ament_cmake_export_dependencies-extras.cmake
[61.794s] -- Up-to-date: /home/alexander/moveit2_ws/install/moveit_ros_planning/share/moveit_ros_planning/cmake/moveit_ros_planningConfig.cmake
[61.795s] -- Up-to-date: /home/alexander/moveit2_ws/install/moveit_ros_planning/share/moveit_ros_planning/cmake/moveit_ros_planningConfig-version.cmake
[61.795s] -- Up-to-date: /home/alexander/moveit2_ws/install/moveit_ros_planning/share/moveit_ros_planning/package.xml
[61.796s] Invoked command in '/home/alexander/moveit2_ws/build/moveit_ros_planning' returned '0': AMENT_PREFIX_PATH=/home/alexander/moveit2_ws/install/moveit_resources_panda_moveit_config:/home/alexander/moveit2_ws/install/moveit_resources_panda_description:/home/alexander/moveit2_ws/install/moveit_configs_utils:/home/alexander/moveit2_ws/install/pilz_industrial_motion_planner_testutils:/home/alexander/moveit2_ws/install/panda_moveit_config:/home/alexander/moveit2_ws/install/moveit_runtime:/home/alexander/moveit2_ws/install/moveit:/home/alexander/moveit2_ws/install/moveit_planners:/home/alexander/moveit2_ws/install/pilz_industrial_motion_planner:/home/alexander/moveit2_ws/install/moveit_ros_control_interface:/home/alexander/moveit2_ws/install/moveit_plugins:/home/alexander/moveit2_ws/install/moveit_simple_controller_manager:/home/alexander/moveit2_ws/install/moveit_setup_assistant:/home/alexander/moveit2_ws/install/moveit_setup_srdf_plugins:/home/alexander/moveit2_ws/install/moveit_setup_core_plugins:/home/alexander/moveit2_ws/install/moveit_setup_controllers:/home/alexander/moveit2_ws/install/moveit_setup_app_plugins:/home/alexander/moveit2_ws/install/moveit_setup_framework:/home/alexander/moveit2_ws/install/moveit_servo:/home/alexander/moveit2_ws/install/moveit_ros:/home/alexander/moveit2_ws/install/moveit_ros_visualization:/home/alexander/moveit2_ws/install/moveit_py:/home/alexander/moveit2_ws/install/moveit_hybrid_planning:/home/alexander/moveit2_ws/install/moveit_ros_planning_interface:/home/alexander/moveit2_ws/install/moveit_ros_benchmarks:/home/alexander/moveit2_ws/install/moveit_ros_warehouse:/home/alexander/moveit2_ws/install/moveit_ros_robot_interaction:/home/alexander/moveit2_ws/install/moveit_ros_perception:/home/alexander/moveit2_ws/install/moveit_resources_prbt_pg70_support:/home/alexander/moveit2_ws/install/moveit_resources_prbt_moveit_config:/home/alexander/moveit2_ws/install/moveit_ros_move_group:/home/alexander/moveit2_ws/install/moveit_planners_ompl:/home/alexander/moveit2_ws/install/moveit_kinematics:/home/alexander/moveit2_ws/install/moveit_ros_planning:/home/alexander/moveit2_ws/install/moveit_ros_occupancy_map_monitor:/home/alexander/moveit2_ws/install/moveit_resources_prbt_support:/home/alexander/moveit2_ws/install/moveit_resources_prbt_ikfast_manipulator_plugin:/home/alexander/moveit2_ws/install/moveit_planners_stomp:/home/alexander/moveit2_ws/install/moveit_planners_chomp:/home/alexander/moveit2_ws/install/chomp_motion_planner:/home/alexander/moveit2_ws/install/moveit_core:/home/alexander/moveit2_ws/install/moveit_common:/home/alexander/moveit2_ws/install/arduinobot_description:/opt/ros/humble CMAKE_PREFIX_PATH=/home/alexander/moveit2_ws/install/moveit_ros_occupancy_map_monitor:/home/alexander/moveit2_ws/install/moveit_core:/home/alexander/moveit2_ws/install/moveit_resources_panda_moveit_config:/home/alexander/moveit2_ws/install/moveit_resources_panda_description:/home/alexander/moveit2_ws/install/moveit_common:/home/alexander/moveit2_ws/install/pilz_industrial_motion_planner_testutils:/home/alexander/moveit2_ws/install/panda_moveit_config:/home/alexander/moveit2_ws/install/moveit_runtime:/home/alexander/moveit2_ws/install/moveit:/home/alexander/moveit2_ws/install/moveit_planners:/home/alexander/moveit2_ws/install/pilz_industrial_motion_planner:/home/alexander/moveit2_ws/install/moveit_ros_control_interface:/home/alexander/moveit2_ws/install/moveit_plugins:/home/alexander/moveit2_ws/install/moveit_simple_controller_manager:/home/alexander/moveit2_ws/install/moveit_setup_assistant:/home/alexander/moveit2_ws/install/moveit_setup_srdf_plugins:/home/alexander/moveit2_ws/install/moveit_setup_core_plugins:/home/alexander/moveit2_ws/install/moveit_setup_controllers:/home/alexander/moveit2_ws/install/moveit_setup_app_plugins:/home/alexander/moveit2_ws/install/moveit_setup_framework:/home/alexander/moveit2_ws/install/moveit_servo:/home/alexander/moveit2_ws/install/moveit_ros:/home/alexander/moveit2_ws/install/moveit_ros_visualization:/home/alexander/moveit2_ws/install/moveit_py:/home/alexander/moveit2_ws/install/moveit_hybrid_planning:/home/alexander/moveit2_ws/install/moveit_ros_planning_interface:/home/alexander/moveit2_ws/install/moveit_ros_benchmarks:/home/alexander/moveit2_ws/install/moveit_ros_warehouse:/home/alexander/moveit2_ws/install/moveit_ros_robot_interaction:/home/alexander/moveit2_ws/install/moveit_ros_perception:/home/alexander/moveit2_ws/install/moveit_resources_prbt_pg70_support:/home/alexander/moveit2_ws/install/moveit_resources_prbt_moveit_config:/home/alexander/moveit2_ws/install/moveit_ros_move_group:/home/alexander/moveit2_ws/install/moveit_planners_ompl:/home/alexander/moveit2_ws/install/moveit_kinematics:/home/alexander/moveit2_ws/install/moveit_ros_planning:/home/alexander/moveit2_ws/install/moveit_resources_prbt_support:/home/alexander/moveit2_ws/install/moveit_resources_prbt_ikfast_manipulator_plugin:/home/alexander/moveit2_ws/install/moveit_planners_stomp:/home/alexander/moveit2_ws/install/moveit_planners_chomp:/home/alexander/moveit2_ws/install/chomp_motion_planner:/home/alexander/moveit2_ws/install/arduinobot_description:/home/alexander/moveit2_ws/install/moveit_configs_utils:/opt/ros/humble LD_LIBRARY_PATH=/home/alexander/moveit2_ws/install/moveit_ros_occupancy_map_monitor/lib:/home/alexander/moveit2_ws/install/moveit_core/lib:/home/alexander/moveit2_ws/install/pilz_industrial_motion_planner_testutils/lib:/home/alexander/moveit2_ws/install/pilz_industrial_motion_planner/lib:/home/alexander/moveit2_ws/install/moveit_ros_control_interface/lib:/home/alexander/moveit2_ws/install/moveit_simple_controller_manager/lib:/home/alexander/moveit2_ws/install/moveit_setup_assistant/lib:/home/alexander/moveit2_ws/install/moveit_setup_srdf_plugins/lib:/home/alexander/moveit2_ws/install/moveit_setup_core_plugins/lib:/home/alexander/moveit2_ws/install/moveit_setup_controllers/lib:/home/alexander/moveit2_ws/install/moveit_setup_app_plugins/lib:/home/alexander/moveit2_ws/install/moveit_setup_framework/lib:/home/alexander/moveit2_ws/install/moveit_servo/lib:/home/alexander/moveit2_ws/install/moveit_ros_visualization/lib:/home/alexander/moveit2_ws/install/moveit_py/lib:/home/alexander/moveit2_ws/install/moveit_hybrid_planning/lib:/home/alexander/moveit2_ws/install/moveit_ros_planning_interface/lib:/home/alexander/moveit2_ws/install/moveit_ros_benchmarks/lib:/home/alexander/moveit2_ws/install/moveit_ros_warehouse/lib:/home/alexander/moveit2_ws/install/moveit_ros_robot_interaction/lib:/home/alexander/moveit2_ws/install/moveit_ros_perception/lib:/home/alexander/moveit2_ws/install/moveit_ros_move_group/lib:/home/alexander/moveit2_ws/install/moveit_planners_ompl/lib:/home/alexander/moveit2_ws/install/moveit_kinematics/lib:/home/alexander/moveit2_ws/install/moveit_ros_planning/lib:/home/alexander/moveit2_ws/install/moveit_resources_prbt_ikfast_manipulator_plugin/lib:/home/alexander/moveit2_ws/install/moveit_planners_stomp/lib:/home/alexander/moveit2_ws/install/moveit_planners_chomp/lib:/home/alexander/moveit2_ws/install/chomp_motion_planner/lib:/opt/ros/humble/opt/rviz_ogre_vendor/lib:/opt/ros/humble/lib/x86_64-linux-gnu:/opt/ros/humble/lib PYTHONPATH=/home/alexander/moveit2_ws/install/moveit_configs_utils/lib/python3.10/site-packages:/home/alexander/moveit2_ws/install/moveit_py/local/lib/python3.10/dist-packages:/opt/ros/humble/lib/python3.10/site-packages:/opt/ros/humble/local/lib/python3.10/dist-packages /usr/bin/cmake --install /home/alexander/moveit2_ws/build/moveit_ros_planning
