-- Install configuration: "Release"
-- Up-to-date: /home/alexander/moveit2_ws/install/arduinobot_description/share/arduinobot_description/meshes
-- Up-to-date: /home/alexander/moveit2_ws/install/arduinobot_description/share/arduinobot_description/meshes/arduinobot_meshes.zip
-- Up-to-date: /home/alexander/moveit2_ws/install/arduinobot_description/share/arduinobot_description/meshes/arduinobot_meshes.zip/STL Gazebo
-- Up-to-date: /home/alexander/moveit2_ws/install/arduinobot_description/share/arduinobot_description/meshes/arduinobot_meshes.zip/STL Gazebo/link.STL
-- Up-to-date: /home/alexander/moveit2_ws/install/arduinobot_description/share/arduinobot_description/meshes/arduinobot_meshes.zip/STL Gazebo/triangular_link.STL
-- Up-to-date: /home/alexander/moveit2_ws/install/arduinobot_description/share/arduinobot_description/meshes/arduinobot_meshes.zip/STL Gazebo/plate.STL
-- Up-to-date: /home/alexander/moveit2_ws/install/arduinobot_description/share/arduinobot_description/meshes/arduinobot_meshes.zip/STL Gazebo/claw_support.STL
-- Up-to-date: /home/alexander/moveit2_ws/install/arduinobot_description/share/arduinobot_description/meshes/arduinobot_meshes.zip/STL Gazebo/horizontal_arm.STL
-- Up-to-date: /home/alexander/moveit2_ws/install/arduinobot_description/share/arduinobot_description/meshes/arduinobot_meshes.zip/STL Gazebo/vertical_drive_arm.STL
-- Up-to-date: /home/alexander/moveit2_ws/install/arduinobot_description/share/arduinobot_description/meshes/arduinobot_meshes.zip/STL Gazebo/left_finger.STL
-- Up-to-date: /home/alexander/moveit2_ws/install/arduinobot_description/share/arduinobot_description/meshes/arduinobot_meshes.zip/STL Gazebo/round_plate.STL
-- Up-to-date: /home/alexander/moveit2_ws/install/arduinobot_description/share/arduinobot_description/meshes/arduinobot_meshes.zip/STL Gazebo/basement.STL
-- Up-to-date: /home/alexander/moveit2_ws/install/arduinobot_description/share/arduinobot_description/meshes/arduinobot_meshes.zip/STL Gazebo/base_plate.STL
-- Up-to-date: /home/alexander/moveit2_ws/install/arduinobot_description/share/arduinobot_description/meshes/arduinobot_meshes.zip/STL Gazebo/right_finger.STL
-- Up-to-date: /home/alexander/moveit2_ws/install/arduinobot_description/share/arduinobot_description/meshes/arduinobot_meshes.zip/STL Gazebo/servo_plate.STL
-- Up-to-date: /home/alexander/moveit2_ws/install/arduinobot_description/share/arduinobot_description/meshes/arduinobot_meshes.zip/STL Gazebo/forward_drive_arm.STL
-- Up-to-date: /home/alexander/moveit2_ws/install/arduinobot_description/share/arduinobot_description/meshes/link.STL
-- Up-to-date: /home/alexander/moveit2_ws/install/arduinobot_description/share/arduinobot_description/meshes/arduinobot_meshes.zip.zip
-- Up-to-date: /home/alexander/moveit2_ws/install/arduinobot_description/share/arduinobot_description/meshes/triangular_link.STL
-- Up-to-date: /home/alexander/moveit2_ws/install/arduinobot_description/share/arduinobot_description/meshes/plate.STL
-- Up-to-date: /home/alexander/moveit2_ws/install/arduinobot_description/share/arduinobot_description/meshes/claw_support.STL
-- Up-to-date: /home/alexander/moveit2_ws/install/arduinobot_description/share/arduinobot_description/meshes/horizontal_arm.STL
-- Up-to-date: /home/alexander/moveit2_ws/install/arduinobot_description/share/arduinobot_description/meshes/vertical_drive_arm.STL
-- Up-to-date: /home/alexander/moveit2_ws/install/arduinobot_description/share/arduinobot_description/meshes/left_finger.STL
-- Up-to-date: /home/alexander/moveit2_ws/install/arduinobot_description/share/arduinobot_description/meshes/round_plate.STL
-- Up-to-date: /home/alexander/moveit2_ws/install/arduinobot_description/share/arduinobot_description/meshes/basement.STL
-- Up-to-date: /home/alexander/moveit2_ws/install/arduinobot_description/share/arduinobot_description/meshes/base_plate.STL
-- Up-to-date: /home/alexander/moveit2_ws/install/arduinobot_description/share/arduinobot_description/meshes/right_finger.STL
-- Up-to-date: /home/alexander/moveit2_ws/install/arduinobot_description/share/arduinobot_description/meshes/servo_plate.STL
-- Up-to-date: /home/alexander/moveit2_ws/install/arduinobot_description/share/arduinobot_description/meshes/forward_drive_arm.STL
-- Up-to-date: /home/alexander/moveit2_ws/install/arduinobot_description/share/arduinobot_description/urdf
-- Up-to-date: /home/alexander/moveit2_ws/install/arduinobot_description/share/arduinobot_description/urdf/arduinobot_ros2_control.xacro
-- Up-to-date: /home/alexander/moveit2_ws/install/arduinobot_description/share/arduinobot_description/urdf/arduinobot.urdf
-- Up-to-date: /home/alexander/moveit2_ws/install/arduinobot_description/share/arduinobot_description/urdf/arduinobot_gazebo.xacro
-- Up-to-date: /home/alexander/moveit2_ws/install/arduinobot_description/share/arduinobot_description/urdf/arduinobot.urdf.xacro
-- Up-to-date: /home/alexander/moveit2_ws/install/arduinobot_description/share/ament_index/resource_index/package_run_dependencies/arduinobot_description
-- Up-to-date: /home/alexander/moveit2_ws/install/arduinobot_description/share/ament_index/resource_index/parent_prefix_path/arduinobot_description
-- Up-to-date: /home/alexander/moveit2_ws/install/arduinobot_description/share/arduinobot_description/environment/ament_prefix_path.sh
-- Up-to-date: /home/alexander/moveit2_ws/install/arduinobot_description/share/arduinobot_description/environment/ament_prefix_path.dsv
-- Up-to-date: /home/alexander/moveit2_ws/install/arduinobot_description/share/arduinobot_description/environment/path.sh
-- Up-to-date: /home/alexander/moveit2_ws/install/arduinobot_description/share/arduinobot_description/environment/path.dsv
-- Up-to-date: /home/alexander/moveit2_ws/install/arduinobot_description/share/arduinobot_description/local_setup.bash
-- Up-to-date: /home/alexander/moveit2_ws/install/arduinobot_description/share/arduinobot_description/local_setup.sh
-- Up-to-date: /home/alexander/moveit2_ws/install/arduinobot_description/share/arduinobot_description/local_setup.zsh
-- Up-to-date: /home/alexander/moveit2_ws/install/arduinobot_description/share/arduinobot_description/local_setup.dsv
-- Up-to-date: /home/alexander/moveit2_ws/install/arduinobot_description/share/arduinobot_description/package.dsv
-- Up-to-date: /home/alexander/moveit2_ws/install/arduinobot_description/share/ament_index/resource_index/packages/arduinobot_description
-- Up-to-date: /home/alexander/moveit2_ws/install/arduinobot_description/share/arduinobot_description/cmake/arduinobot_descriptionConfig.cmake
-- Up-to-date: /home/alexander/moveit2_ws/install/arduinobot_description/share/arduinobot_description/cmake/arduinobot_descriptionConfig-version.cmake
-- Up-to-date: /home/alexander/moveit2_ws/install/arduinobot_description/share/arduinobot_description/package.xml
