[0.242s] Invoking command in '/home/alexander/moveit2_ws/build/arduinobot_description': CMAKE_PREFIX_PATH=/opt/ros/humble /usr/bin/cmake --build /home/alexander/moveit2_ws/build/arduinobot_description -- -j14 -l14
[0.299s] Invoked command in '/home/alexander/moveit2_ws/build/arduinobot_description' returned '0': CMAKE_PREFIX_PATH=/opt/ros/humble /usr/bin/cmake --build /home/alexander/moveit2_ws/build/arduinobot_description -- -j14 -l14
[0.332s] Invoking command in '/home/alexander/moveit2_ws/build/arduinobot_description': CMAKE_PREFIX_PATH=/opt/ros/humble /usr/bin/cmake --install /home/alexander/moveit2_ws/build/arduinobot_description
[0.355s] -- Install configuration: "Release"
[0.356s] -- Up-to-date: /home/alexander/moveit2_ws/install/arduinobot_description/share/arduinobot_description/meshes
[0.356s] -- Up-to-date: /home/alexander/moveit2_ws/install/arduinobot_description/share/arduinobot_description/meshes/arduinobot_meshes.zip
[0.357s] -- Up-to-date: /home/alexander/moveit2_ws/install/arduinobot_description/share/arduinobot_description/meshes/arduinobot_meshes.zip/STL Gazebo
[0.357s] -- Up-to-date: /home/alexander/moveit2_ws/install/arduinobot_description/share/arduinobot_description/meshes/arduinobot_meshes.zip/STL Gazebo/link.STL
[0.357s] -- Up-to-date: /home/alexander/moveit2_ws/install/arduinobot_description/share/arduinobot_description/meshes/arduinobot_meshes.zip/STL Gazebo/triangular_link.STL
[0.358s] -- Up-to-date: /home/alexander/moveit2_ws/install/arduinobot_description/share/arduinobot_description/meshes/arduinobot_meshes.zip/STL Gazebo/plate.STL
[0.358s] -- Up-to-date: /home/alexander/moveit2_ws/install/arduinobot_description/share/arduinobot_description/meshes/arduinobot_meshes.zip/STL Gazebo/claw_support.STL
[0.358s] -- Up-to-date: /home/alexander/moveit2_ws/install/arduinobot_description/share/arduinobot_description/meshes/arduinobot_meshes.zip/STL Gazebo/horizontal_arm.STL
[0.358s] -- Up-to-date: /home/alexander/moveit2_ws/install/arduinobot_description/share/arduinobot_description/meshes/arduinobot_meshes.zip/STL Gazebo/vertical_drive_arm.STL
[0.358s] -- Up-to-date: /home/alexander/moveit2_ws/install/arduinobot_description/share/arduinobot_description/meshes/arduinobot_meshes.zip/STL Gazebo/left_finger.STL
[0.358s] -- Up-to-date: /home/alexander/moveit2_ws/install/arduinobot_description/share/arduinobot_description/meshes/arduinobot_meshes.zip/STL Gazebo/round_plate.STL
[0.358s] -- Up-to-date: /home/alexander/moveit2_ws/install/arduinobot_description/share/arduinobot_description/meshes/arduinobot_meshes.zip/STL Gazebo/basement.STL
[0.358s] -- Up-to-date: /home/alexander/moveit2_ws/install/arduinobot_description/share/arduinobot_description/meshes/arduinobot_meshes.zip/STL Gazebo/base_plate.STL
[0.358s] -- Up-to-date: /home/alexander/moveit2_ws/install/arduinobot_description/share/arduinobot_description/meshes/arduinobot_meshes.zip/STL Gazebo/right_finger.STL
[0.358s] -- Up-to-date: /home/alexander/moveit2_ws/install/arduinobot_description/share/arduinobot_description/meshes/arduinobot_meshes.zip/STL Gazebo/servo_plate.STL
[0.358s] -- Up-to-date: /home/alexander/moveit2_ws/install/arduinobot_description/share/arduinobot_description/meshes/arduinobot_meshes.zip/STL Gazebo/forward_drive_arm.STL
[0.358s] -- Up-to-date: /home/alexander/moveit2_ws/install/arduinobot_description/share/arduinobot_description/meshes/link.STL
[0.358s] -- Up-to-date: /home/alexander/moveit2_ws/install/arduinobot_description/share/arduinobot_description/meshes/arduinobot_meshes.zip.zip
[0.358s] -- Up-to-date: /home/alexander/moveit2_ws/install/arduinobot_description/share/arduinobot_description/meshes/triangular_link.STL
[0.359s] -- Up-to-date: /home/alexander/moveit2_ws/install/arduinobot_description/share/arduinobot_description/meshes/plate.STL
[0.359s] -- Up-to-date: /home/alexander/moveit2_ws/install/arduinobot_description/share/arduinobot_description/meshes/claw_support.STL
[0.359s] -- Up-to-date: /home/alexander/moveit2_ws/install/arduinobot_description/share/arduinobot_description/meshes/horizontal_arm.STL
[0.359s] -- Up-to-date: /home/alexander/moveit2_ws/install/arduinobot_description/share/arduinobot_description/meshes/vertical_drive_arm.STL
[0.359s] -- Up-to-date: /home/alexander/moveit2_ws/install/arduinobot_description/share/arduinobot_description/meshes/left_finger.STL
[0.359s] -- Up-to-date: /home/alexander/moveit2_ws/install/arduinobot_description/share/arduinobot_description/meshes/round_plate.STL
[0.360s] -- Up-to-date: /home/alexander/moveit2_ws/install/arduinobot_description/share/arduinobot_description/meshes/basement.STL
[0.360s] -- Up-to-date: /home/alexander/moveit2_ws/install/arduinobot_description/share/arduinobot_description/meshes/base_plate.STL
[0.360s] -- Up-to-date: /home/alexander/moveit2_ws/install/arduinobot_description/share/arduinobot_description/meshes/right_finger.STL
[0.360s] -- Up-to-date: /home/alexander/moveit2_ws/install/arduinobot_description/share/arduinobot_description/meshes/servo_plate.STL
[0.360s] -- Up-to-date: /home/alexander/moveit2_ws/install/arduinobot_description/share/arduinobot_description/meshes/forward_drive_arm.STL
[0.360s] -- Up-to-date: /home/alexander/moveit2_ws/install/arduinobot_description/share/arduinobot_description/urdf
[0.360s] -- Up-to-date: /home/alexander/moveit2_ws/install/arduinobot_description/share/arduinobot_description/urdf/arduinobot_ros2_control.xacro
[0.360s] -- Up-to-date: /home/alexander/moveit2_ws/install/arduinobot_description/share/arduinobot_description/urdf/arduinobot.urdf
[0.360s] -- Up-to-date: /home/alexander/moveit2_ws/install/arduinobot_description/share/arduinobot_description/urdf/arduinobot_gazebo.xacro
[0.360s] -- Up-to-date: /home/alexander/moveit2_ws/install/arduinobot_description/share/arduinobot_description/urdf/arduinobot.urdf.xacro
[0.361s] -- Up-to-date: /home/alexander/moveit2_ws/install/arduinobot_description/share/ament_index/resource_index/package_run_dependencies/arduinobot_description
[0.361s] -- Up-to-date: /home/alexander/moveit2_ws/install/arduinobot_description/share/ament_index/resource_index/parent_prefix_path/arduinobot_description
[0.361s] -- Up-to-date: /home/alexander/moveit2_ws/install/arduinobot_description/share/arduinobot_description/environment/ament_prefix_path.sh
[0.362s] -- Up-to-date: /home/alexander/moveit2_ws/install/arduinobot_description/share/arduinobot_description/environment/ament_prefix_path.dsv
[0.362s] -- Up-to-date: /home/alexander/moveit2_ws/install/arduinobot_description/share/arduinobot_description/environment/path.sh
[0.362s] -- Up-to-date: /home/alexander/moveit2_ws/install/arduinobot_description/share/arduinobot_description/environment/path.dsv
[0.362s] -- Up-to-date: /home/alexander/moveit2_ws/install/arduinobot_description/share/arduinobot_description/local_setup.bash
[0.362s] -- Up-to-date: /home/alexander/moveit2_ws/install/arduinobot_description/share/arduinobot_description/local_setup.sh
[0.362s] -- Up-to-date: /home/alexander/moveit2_ws/install/arduinobot_description/share/arduinobot_description/local_setup.zsh
[0.362s] -- Up-to-date: /home/alexander/moveit2_ws/install/arduinobot_description/share/arduinobot_description/local_setup.dsv
[0.363s] -- Up-to-date: /home/alexander/moveit2_ws/install/arduinobot_description/share/arduinobot_description/package.dsv
[0.363s] -- Up-to-date: /home/alexander/moveit2_ws/install/arduinobot_description/share/ament_index/resource_index/packages/arduinobot_description
[0.371s] -- Up-to-date: /home/alexander/moveit2_ws/install/arduinobot_description/share/arduinobot_description/cmake/arduinobot_descriptionConfig.cmake
[0.371s] -- Up-to-date: /home/alexander/moveit2_ws/install/arduinobot_description/share/arduinobot_description/cmake/arduinobot_descriptionConfig-version.cmake
[0.371s] -- Up-to-date: /home/alexander/moveit2_ws/install/arduinobot_description/share/arduinobot_description/package.xml
[0.377s] Invoked command in '/home/alexander/moveit2_ws/build/arduinobot_description' returned '0': CMAKE_PREFIX_PATH=/opt/ros/humble /usr/bin/cmake --install /home/alexander/moveit2_ws/build/arduinobot_description
