[  4%] [34m[1mAutomatic MOC for target gtest_main[0m
[  8%] [34m[1mAutomatic MOC for target moveit_setup_app_plugins[0m
[ 12%] [34m[1mAutomatic MOC for target gtest[0m
[ 12%] Built target gtest_autogen
[ 12%] Built target gtest_main_autogen
[ 12%] Built target moveit_setup_app_plugins_autogen
[35m[1mConsolidate compiler generated dependencies of target gtest[0m
[35m[1mConsolidate compiler generated dependencies of target gtest_main[0m
[ 24%] Built target gtest_main
[ 36%] Built target gtest
[35m[1mConsolidate compiler generated dependencies of target moveit_setup_app_plugins[0m
[ 40%] [32mBuilding CXX object CMakeFiles/moveit_setup_app_plugins.dir/include/moveit_setup_app_plugins/moc_launches_widget.cpp.o[0m
[ 44%] [32mBuilding CXX object CMakeFiles/moveit_setup_app_plugins.dir/src/perception_widget.cpp.o[0m
[ 48%] [32mBuilding CXX object CMakeFiles/moveit_setup_app_plugins.dir/src/launches_widget.cpp.o[0m
[ 52%] [32mBuilding CXX object CMakeFiles/moveit_setup_app_plugins.dir/include/moveit_setup_app_plugins/moc_perception_widget.cpp.o[0m
gmake[2]: *** [CMakeFiles/moveit_setup_app_plugins.dir/build.make:182: CMakeFiles/moveit_setup_app_plugins.dir/include/moveit_setup_app_plugins/moc_launches_widget.cpp.o] Interrupt
gmake[2]: *** [CMakeFiles/moveit_setup_app_plugins.dir/build.make:168: CMakeFiles/moveit_setup_app_plugins.dir/src/perception_widget.cpp.o] Interrupt
gmake[2]: *** [CMakeFiles/moveit_setup_app_plugins.dir/build.make:196: CMakeFiles/moveit_setup_app_plugins.dir/include/moveit_setup_app_plugins/moc_perception_widget.cpp.o] Interrupt
gmake[2]: *** wait: No child processes.  Stop.
gmake[2]: *** Waiting for unfinished jobs....
gmake[2]: *** wait: No child processes.  Stop.
gmake[1]: *** [CMakeFiles/Makefile2:161: CMakeFiles/moveit_setup_app_plugins.dir/all] Error 2
gmake: *** [Makefile:146: all] Interrupt
