[0.033s] Invoking command in '/home/alexander/moveit2_ws/build/moveit_setup_app_plugins': AMENT_PREFIX_PATH=/home/alexander/moveit2_ws/install/moveit_setup_framework:/home/alexander/moveit2_ws/install/moveit_ros_visualization:/home/alexander/moveit2_ws/install/moveit_ros_planning_interface:/home/alexander/moveit2_ws/install/moveit_ros_move_group:/home/alexander/moveit2_ws/install/moveit_ros_warehouse:/home/alexander/moveit2_ws/install/moveit_ros_robot_interaction:/home/alexander/moveit2_ws/install/moveit_kinematics:/home/alexander/moveit2_ws/install/moveit_ros_planning:/home/alexander/moveit2_ws/install/moveit_ros_occupancy_map_monitor:/home/alexander/moveit2_ws/install/moveit_core:/home/alexander/moveit2_ws/install/moveit_configs_utils:/home/alexander/moveit2_ws/install/moveit_common:${AMENT_PREFIX_PATH} CMAKE_PREFIX_PATH=/home/alexander/moveit2_ws/install/moveit_setup_framework:/home/alexander/moveit2_ws/install/moveit_ros_visualization:/home/alexander/moveit2_ws/install/moveit_ros_planning_interface:/home/alexander/moveit2_ws/install/moveit_ros_move_group:/home/alexander/moveit2_ws/install/moveit_ros_warehouse:/home/alexander/moveit2_ws/install/moveit_ros_robot_interaction:/home/alexander/moveit2_ws/install/moveit_kinematics:/home/alexander/moveit2_ws/install/moveit_ros_planning:/home/alexander/moveit2_ws/install/moveit_ros_occupancy_map_monitor:/home/alexander/moveit2_ws/install/moveit_core:/home/alexander/moveit2_ws/install/moveit_common:/opt/ros/humble LD_LIBRARY_PATH=/home/alexander/moveit2_ws/install/moveit_setup_framework/lib:/home/alexander/moveit2_ws/install/moveit_ros_visualization/lib:/home/alexander/moveit2_ws/install/moveit_ros_planning_interface/lib:/home/alexander/moveit2_ws/install/moveit_ros_move_group/lib:/home/alexander/moveit2_ws/install/moveit_ros_warehouse/lib:/home/alexander/moveit2_ws/install/moveit_ros_robot_interaction/lib:/home/alexander/moveit2_ws/install/moveit_kinematics/lib:/home/alexander/moveit2_ws/install/moveit_ros_planning/lib:/home/alexander/moveit2_ws/install/moveit_ros_occupancy_map_monitor/lib:/home/alexander/moveit2_ws/install/moveit_core/lib:${LD_LIBRARY_PATH} PATH=/home/alexander/moveit2_ws/install/moveit_core/bin:${PATH} PYTHONPATH=/home/alexander/moveit2_ws/install/moveit_configs_utils/lib/python3.10/site-packages:${PYTHONPATH} /usr/bin/cmake --build /home/alexander/moveit2_ws/build/moveit_setup_app_plugins -- -j14 -l14
[0.202s] [  4%] [34m[1mAutomatic MOC for target gtest_main[0m
[0.202s] [  8%] [34m[1mAutomatic MOC for target moveit_setup_app_plugins[0m
[0.210s] [ 12%] [34m[1mAutomatic MOC for target gtest[0m
[0.263s] [ 12%] Built target gtest_autogen
[0.324s] [ 12%] Built target gtest_main_autogen
[0.324s] [ 12%] Built target moveit_setup_app_plugins_autogen
[0.412s] [35m[1mConsolidate compiler generated dependencies of target gtest[0m
[0.436s] [35m[1mConsolidate compiler generated dependencies of target gtest_main[0m
[0.549s] [ 24%] Built target gtest_main
[0.568s] [ 36%] Built target gtest
[0.593s] [35m[1mConsolidate compiler generated dependencies of target moveit_setup_app_plugins[0m
[0.902s] [ 40%] [32mBuilding CXX object CMakeFiles/moveit_setup_app_plugins.dir/include/moveit_setup_app_plugins/moc_launches_widget.cpp.o[0m
[0.991s] [ 44%] [32mBuilding CXX object CMakeFiles/moveit_setup_app_plugins.dir/src/perception_widget.cpp.o[0m
[1.025s] [ 48%] [32mBuilding CXX object CMakeFiles/moveit_setup_app_plugins.dir/src/launches_widget.cpp.o[0m
[1.126s] [ 52%] [32mBuilding CXX object CMakeFiles/moveit_setup_app_plugins.dir/include/moveit_setup_app_plugins/moc_perception_widget.cpp.o[0m
[15.265s] gmake[2]: *** [CMakeFiles/moveit_setup_app_plugins.dir/build.make:182: CMakeFiles/moveit_setup_app_plugins.dir/include/moveit_setup_app_plugins/moc_launches_widget.cpp.o] Interrupt
[15.276s] gmake[2]: *** [CMakeFiles/moveit_setup_app_plugins.dir/build.make:168: CMakeFiles/moveit_setup_app_plugins.dir/src/perception_widget.cpp.o] Interrupt
[15.276s] gmake[2]: *** [CMakeFiles/moveit_setup_app_plugins.dir/build.make:196: CMakeFiles/moveit_setup_app_plugins.dir/include/moveit_setup_app_plugins/moc_perception_widget.cpp.o] Interrupt
[15.276s] gmake[2]: *** wait: No child processes.  Stop.
[15.276s] gmake[2]: *** Waiting for unfinished jobs....
[15.276s] gmake[2]: *** wait: No child processes.  Stop.
[15.276s] gmake[1]: *** [CMakeFiles/Makefile2:161: CMakeFiles/moveit_setup_app_plugins.dir/all] Error 2
[15.276s] gmake: *** [Makefile:146: all] Interrupt
[15.295s] Invoked command in '/home/alexander/moveit2_ws/build/moveit_setup_app_plugins' returned '-2': AMENT_PREFIX_PATH=/home/alexander/moveit2_ws/install/moveit_setup_framework:/home/alexander/moveit2_ws/install/moveit_ros_visualization:/home/alexander/moveit2_ws/install/moveit_ros_planning_interface:/home/alexander/moveit2_ws/install/moveit_ros_move_group:/home/alexander/moveit2_ws/install/moveit_ros_warehouse:/home/alexander/moveit2_ws/install/moveit_ros_robot_interaction:/home/alexander/moveit2_ws/install/moveit_kinematics:/home/alexander/moveit2_ws/install/moveit_ros_planning:/home/alexander/moveit2_ws/install/moveit_ros_occupancy_map_monitor:/home/alexander/moveit2_ws/install/moveit_core:/home/alexander/moveit2_ws/install/moveit_configs_utils:/home/alexander/moveit2_ws/install/moveit_common:${AMENT_PREFIX_PATH} CMAKE_PREFIX_PATH=/home/alexander/moveit2_ws/install/moveit_setup_framework:/home/alexander/moveit2_ws/install/moveit_ros_visualization:/home/alexander/moveit2_ws/install/moveit_ros_planning_interface:/home/alexander/moveit2_ws/install/moveit_ros_move_group:/home/alexander/moveit2_ws/install/moveit_ros_warehouse:/home/alexander/moveit2_ws/install/moveit_ros_robot_interaction:/home/alexander/moveit2_ws/install/moveit_kinematics:/home/alexander/moveit2_ws/install/moveit_ros_planning:/home/alexander/moveit2_ws/install/moveit_ros_occupancy_map_monitor:/home/alexander/moveit2_ws/install/moveit_core:/home/alexander/moveit2_ws/install/moveit_common:/opt/ros/humble LD_LIBRARY_PATH=/home/alexander/moveit2_ws/install/moveit_setup_framework/lib:/home/alexander/moveit2_ws/install/moveit_ros_visualization/lib:/home/alexander/moveit2_ws/install/moveit_ros_planning_interface/lib:/home/alexander/moveit2_ws/install/moveit_ros_move_group/lib:/home/alexander/moveit2_ws/install/moveit_ros_warehouse/lib:/home/alexander/moveit2_ws/install/moveit_ros_robot_interaction/lib:/home/alexander/moveit2_ws/install/moveit_kinematics/lib:/home/alexander/moveit2_ws/install/moveit_ros_planning/lib:/home/alexander/moveit2_ws/install/moveit_ros_occupancy_map_monitor/lib:/home/alexander/moveit2_ws/install/moveit_core/lib:${LD_LIBRARY_PATH} PATH=/home/alexander/moveit2_ws/install/moveit_core/bin:${PATH} PYTHONPATH=/home/alexander/moveit2_ws/install/moveit_configs_utils/lib/python3.10/site-packages:${PYTHONPATH} /usr/bin/cmake --build /home/alexander/moveit2_ws/build/moveit_setup_app_plugins -- -j14 -l14
