[0.013s] Invoking command in '/home/alexander/moveit2_ws/build/moveit_resources_panda_description': CMAKE_PREFIX_PATH=${CMAKE_PREFIX_PATH}:/home/alexander/moveit2_ws/install/moveit_configs_utils:/opt/ros/humble /usr/bin/cmake /home/alexander/moveit2_ws/src/moveit_resources/panda_description -DCMAKE_INSTALL_PREFIX=/home/alexander/moveit2_ws/install/moveit_resources_panda_description
[0.060s] -- The C compiler identification is GNU 11.4.0
[0.113s] -- The CXX compiler identification is GNU 11.4.0
[0.122s] -- Detecting C compiler ABI info
[0.183s] -- Detecting C compiler ABI info - done
[0.187s] -- Check for working C compiler: /usr/bin/cc - skipped
[0.188s] -- Detecting C compile features
[0.188s] -- Detecting C compile features - done
[0.190s] -- Detecting CXX compiler ABI info
[0.262s] -- Detecting CXX compiler ABI info - done
[0.268s] -- Check for working CXX compiler: /usr/bin/c++ - skipped
[0.268s] -- Detecting CXX compile features
[0.268s] -- Detecting CXX compile features - done
[0.272s] -- Found ament_cmake: 1.3.8 (/opt/ros/humble/share/ament_cmake/cmake)
[0.393s] -- Found Python3: /usr/bin/python3 (found version "3.10.12") found components: Interpreter 
[0.539s] -- Configuring done
[0.541s] -- Generating done
[0.541s] -- Build files have been written to: /home/alexander/moveit2_ws/build/moveit_resources_panda_description
[0.546s] Invoked command in '/home/alexander/moveit2_ws/build/moveit_resources_panda_description' returned '0': CMAKE_PREFIX_PATH=${CMAKE_PREFIX_PATH}:/home/alexander/moveit2_ws/install/moveit_configs_utils:/opt/ros/humble /usr/bin/cmake /home/alexander/moveit2_ws/src/moveit_resources/panda_description -DCMAKE_INSTALL_PREFIX=/home/alexander/moveit2_ws/install/moveit_resources_panda_description
[0.547s] Invoking command in '/home/alexander/moveit2_ws/build/moveit_resources_panda_description': CMAKE_PREFIX_PATH=${CMAKE_PREFIX_PATH}:/home/alexander/moveit2_ws/install/moveit_configs_utils:/opt/ros/humble /usr/bin/cmake --build /home/alexander/moveit2_ws/build/moveit_resources_panda_description -- -j14 -l14
[0.582s] Invoked command in '/home/alexander/moveit2_ws/build/moveit_resources_panda_description' returned '0': CMAKE_PREFIX_PATH=${CMAKE_PREFIX_PATH}:/home/alexander/moveit2_ws/install/moveit_configs_utils:/opt/ros/humble /usr/bin/cmake --build /home/alexander/moveit2_ws/build/moveit_resources_panda_description -- -j14 -l14
[0.607s] Invoking command in '/home/alexander/moveit2_ws/build/moveit_resources_panda_description': CMAKE_PREFIX_PATH=${CMAKE_PREFIX_PATH}:/home/alexander/moveit2_ws/install/moveit_configs_utils:/opt/ros/humble /usr/bin/cmake --install /home/alexander/moveit2_ws/build/moveit_resources_panda_description
[0.615s] -- Install configuration: ""
[0.615s] -- Installing: /home/alexander/moveit2_ws/install/moveit_resources_panda_description/share/ament_index/resource_index/package_run_dependencies/moveit_resources_panda_description
[0.615s] -- Installing: /home/alexander/moveit2_ws/install/moveit_resources_panda_description/share/ament_index/resource_index/parent_prefix_path/moveit_resources_panda_description
[0.615s] -- Installing: /home/alexander/moveit2_ws/install/moveit_resources_panda_description/share/moveit_resources_panda_description/environment/ament_prefix_path.sh
[0.615s] -- Installing: /home/alexander/moveit2_ws/install/moveit_resources_panda_description/share/moveit_resources_panda_description/environment/ament_prefix_path.dsv
[0.615s] -- Installing: /home/alexander/moveit2_ws/install/moveit_resources_panda_description/share/moveit_resources_panda_description/environment/path.sh
[0.615s] -- Installing: /home/alexander/moveit2_ws/install/moveit_resources_panda_description/share/moveit_resources_panda_description/environment/path.dsv
[0.616s] -- Installing: /home/alexander/moveit2_ws/install/moveit_resources_panda_description/share/moveit_resources_panda_description/local_setup.bash
[0.616s] -- Installing: /home/alexander/moveit2_ws/install/moveit_resources_panda_description/share/moveit_resources_panda_description/local_setup.sh
[0.616s] -- Installing: /home/alexander/moveit2_ws/install/moveit_resources_panda_description/share/moveit_resources_panda_description/local_setup.zsh
[0.616s] -- Installing: /home/alexander/moveit2_ws/install/moveit_resources_panda_description/share/moveit_resources_panda_description/local_setup.dsv
[0.616s] -- Installing: /home/alexander/moveit2_ws/install/moveit_resources_panda_description/share/moveit_resources_panda_description/package.dsv
[0.616s] -- Installing: /home/alexander/moveit2_ws/install/moveit_resources_panda_description/share/ament_index/resource_index/packages/moveit_resources_panda_description
[0.616s] -- Installing: /home/alexander/moveit2_ws/install/moveit_resources_panda_description/share/moveit_resources_panda_description/cmake/moveit_resources_panda_descriptionConfig.cmake
[0.616s] -- Installing: /home/alexander/moveit2_ws/install/moveit_resources_panda_description/share/moveit_resources_panda_description/cmake/moveit_resources_panda_descriptionConfig-version.cmake
[0.616s] -- Installing: /home/alexander/moveit2_ws/install/moveit_resources_panda_description/share/moveit_resources_panda_description/package.xml
[0.616s] -- Installing: /home/alexander/moveit2_ws/install/moveit_resources_panda_description/share/moveit_resources_panda_description/meshes
[0.616s] -- Installing: /home/alexander/moveit2_ws/install/moveit_resources_panda_description/share/moveit_resources_panda_description/meshes/collision
[0.616s] -- Installing: /home/alexander/moveit2_ws/install/moveit_resources_panda_description/share/moveit_resources_panda_description/meshes/collision/link4.stl
[0.616s] -- Installing: /home/alexander/moveit2_ws/install/moveit_resources_panda_description/share/moveit_resources_panda_description/meshes/collision/link1.stl
[0.616s] -- Installing: /home/alexander/moveit2_ws/install/moveit_resources_panda_description/share/moveit_resources_panda_description/meshes/collision/finger.stl
[0.617s] -- Installing: /home/alexander/moveit2_ws/install/moveit_resources_panda_description/share/moveit_resources_panda_description/meshes/collision/link0.stl
[0.617s] -- Installing: /home/alexander/moveit2_ws/install/moveit_resources_panda_description/share/moveit_resources_panda_description/meshes/collision/link7.stl
[0.617s] -- Installing: /home/alexander/moveit2_ws/install/moveit_resources_panda_description/share/moveit_resources_panda_description/meshes/collision/link5.stl
[0.617s] -- Installing: /home/alexander/moveit2_ws/install/moveit_resources_panda_description/share/moveit_resources_panda_description/meshes/collision/link6.stl
[0.617s] -- Installing: /home/alexander/moveit2_ws/install/moveit_resources_panda_description/share/moveit_resources_panda_description/meshes/collision/hand.stl
[0.617s] -- Installing: /home/alexander/moveit2_ws/install/moveit_resources_panda_description/share/moveit_resources_panda_description/meshes/collision/link2.stl
[0.617s] -- Installing: /home/alexander/moveit2_ws/install/moveit_resources_panda_description/share/moveit_resources_panda_description/meshes/collision/link3.stl
[0.617s] -- Installing: /home/alexander/moveit2_ws/install/moveit_resources_panda_description/share/moveit_resources_panda_description/meshes/visual
[0.617s] -- Installing: /home/alexander/moveit2_ws/install/moveit_resources_panda_description/share/moveit_resources_panda_description/meshes/visual/link2.dae
[0.618s] -- Installing: /home/alexander/moveit2_ws/install/moveit_resources_panda_description/share/moveit_resources_panda_description/meshes/visual/link7.dae
[0.619s] -- Installing: /home/alexander/moveit2_ws/install/moveit_resources_panda_description/share/moveit_resources_panda_description/meshes/visual/link1.dae
[0.619s] -- Installing: /home/alexander/moveit2_ws/install/moveit_resources_panda_description/share/moveit_resources_panda_description/meshes/visual/link4.dae
[0.620s] -- Installing: /home/alexander/moveit2_ws/install/moveit_resources_panda_description/share/moveit_resources_panda_description/meshes/visual/link0.dae
[0.628s] -- Installing: /home/alexander/moveit2_ws/install/moveit_resources_panda_description/share/moveit_resources_panda_description/meshes/visual/finger.dae
[0.628s] -- Installing: /home/alexander/moveit2_ws/install/moveit_resources_panda_description/share/moveit_resources_panda_description/meshes/visual/link5.dae
[0.629s] -- Installing: /home/alexander/moveit2_ws/install/moveit_resources_panda_description/share/moveit_resources_panda_description/meshes/visual/link3.dae
[0.630s] -- Installing: /home/alexander/moveit2_ws/install/moveit_resources_panda_description/share/moveit_resources_panda_description/meshes/visual/hand.dae
[0.631s] -- Installing: /home/alexander/moveit2_ws/install/moveit_resources_panda_description/share/moveit_resources_panda_description/meshes/visual/link6.dae
[0.632s] -- Installing: /home/alexander/moveit2_ws/install/moveit_resources_panda_description/share/moveit_resources_panda_description/urdf
[0.632s] -- Installing: /home/alexander/moveit2_ws/install/moveit_resources_panda_description/share/moveit_resources_panda_description/urdf/panda.urdf
[0.635s] Invoked command in '/home/alexander/moveit2_ws/build/moveit_resources_panda_description' returned '0': CMAKE_PREFIX_PATH=${CMAKE_PREFIX_PATH}:/home/alexander/moveit2_ws/install/moveit_configs_utils:/opt/ros/humble /usr/bin/cmake --install /home/alexander/moveit2_ws/build/moveit_resources_panda_description
