[0.018s] Invoking command in '/home/alexander/moveit2_ws/build/moveit_core': AMENT_PREFIX_PATH=/home/alexander/moveit2_ws/install/moveit_common:${AMENT_PREFIX_PATH} CMAKE_PREFIX_PATH=/home/alexander/moveit2_ws/install/moveit_common:/opt/ros/humble /usr/bin/cmake --build /home/alexander/moveit2_ws/build/moveit_core -- -j14 -l14
[0.168s] [35m[1mConsolidate compiler generated dependencies of target gmock_main[0m
[0.168s] [35m[1mConsolidate compiler generated dependencies of target gtest_main[0m
[0.168s] [35m[1mConsolidate compiler generated dependencies of target moveit_smoothing_base[0m
[0.169s] [35m[1mConsolidate compiler generated dependencies of target gtest[0m
[0.181s] [35m[1mConsolidate compiler generated dependencies of target moveit_utils[0m
[0.181s] [35m[1mConsolidate compiler generated dependencies of target gmock[0m
[0.203s] [  1%] [34m[1mGenerate version header[0m
[0.205s] [  2%] Built target moveit_acceleration_filter_parameters
[0.205s] [  3%] Built target moveit_butterworth_filter_parameters
[0.236s] [  7%] Built target gmock_main
[0.236s] [  7%] Built target gtest_main
[0.236s] [  7%] Built target gmock
[0.237s] [  8%] Built target gtest
[0.265s] [ 10%] Built target moveit_smoothing_base
[0.265s] [ 11%] Built target moveit_utils
[0.286s] [35m[1mConsolidate compiler generated dependencies of target moveit_exceptions[0m
[0.286s] [ 12%] [34m[1mGenerating version.h[0m
[0.289s] [35m[1mConsolidate compiler generated dependencies of target moveit_distance_field[0m
[0.299s] [35m[1mConsolidate compiler generated dependencies of target logger_dut[0m
[0.299s] [35m[1mConsolidate compiler generated dependencies of target moveit_transforms[0m
[0.301s] [ 12%] Built target version_h
[0.308s] [ 14%] Built target moveit_exceptions
[0.312s] [35m[1mConsolidate compiler generated dependencies of target moveit_version[0m
[0.328s] [ 15%] Built target logger_dut
[0.331s] [ 16%] [32mBuilding CXX object version/CMakeFiles/moveit_version.dir/version.cpp.o[0m
[0.339s] [35m[1mConsolidate compiler generated dependencies of target moveit_robot_model[0m
[0.359s] [ 18%] Built target moveit_transforms
[0.374s] [ 20%] Built target moveit_distance_field
[0.381s] [35m[1mConsolidate compiler generated dependencies of target test_transforms[0m
[0.397s] [35m[1mConsolidate compiler generated dependencies of target test_voxel_grid[0m
[0.397s] [35m[1mConsolidate compiler generated dependencies of target test_distance_field[0m
[0.410s] [ 27%] Built target moveit_robot_model
[0.421s] [ 28%] Built target test_transforms
[0.439s] [ 29%] Built target test_voxel_grid
[0.439s] [35m[1mConsolidate compiler generated dependencies of target moveit_butterworth_filter[0m
[0.450s] [35m[1mConsolidate compiler generated dependencies of target moveit_kinematics_base[0m
[0.450s] [ 30%] Built target test_distance_field
[0.478s] [ 31%] Built target moveit_kinematics_base
[0.482s] [ 32%] Built target moveit_butterworth_filter
[0.496s] [35m[1mConsolidate compiler generated dependencies of target moveit_test_utils[0m
[0.499s] [35m[1mConsolidate compiler generated dependencies of target moveit_robot_state[0m
[0.510s] [35m[1mConsolidate compiler generated dependencies of target test_butterworth_filter[0m
[0.534s] [ 33%] Built target test_butterworth_filter
[0.546s] [ 35%] Built target moveit_test_utils
[0.546s] [ 37%] Built target moveit_robot_state
[0.572s] [35m[1mConsolidate compiler generated dependencies of target test_cartesian_interpolator[0m
[0.572s] [35m[1mConsolidate compiler generated dependencies of target test_aabb[0m
[0.572s] [35m[1mConsolidate compiler generated dependencies of target test_robot_model[0m
[0.572s] [35m[1mConsolidate compiler generated dependencies of target robot_state_benchmark[0m
[0.573s] [35m[1mConsolidate compiler generated dependencies of target test_robot_state[0m
[0.587s] [35m[1mConsolidate compiler generated dependencies of target test_robot_state_complex[0m
[0.619s] [ 38%] Built target test_aabb
[0.629s] [ 39%] Built target test_robot_model
[0.629s] [ 40%] Built target robot_state_benchmark
[0.630s] [ 41%] Built target test_cartesian_interpolator
[0.630s] [ 42%] Built target test_robot_state
[0.640s] [ 43%] Built target test_robot_state_complex
[0.655s] [35m[1mConsolidate compiler generated dependencies of target moveit_dynamics_solver[0m
[0.655s] [35m[1mConsolidate compiler generated dependencies of target moveit_robot_trajectory[0m
[0.656s] [35m[1mConsolidate compiler generated dependencies of target moveit_acceleration_filter[0m
[0.657s] [35m[1mConsolidate compiler generated dependencies of target moveit_kinematics_metrics[0m
[0.691s] [35m[1mConsolidate compiler generated dependencies of target moveit_collision_detection[0m
[0.703s] [ 44%] Built target moveit_dynamics_solver
[0.703s] [ 46%] Built target moveit_kinematics_metrics
[0.706s] [ 47%] Built target moveit_robot_trajectory
[0.711s] [ 48%] Built target moveit_acceleration_filter
[0.735s] [35m[1mConsolidate compiler generated dependencies of target test_robot_trajectory[0m
[0.748s] [35m[1mConsolidate compiler generated dependencies of target moveit_trajectory_processing[0m
[0.751s] [35m[1mConsolidate compiler generated dependencies of target test_acceleration_filter[0m
[0.789s] [ 49%] Built target test_robot_trajectory
[0.793s] [ 54%] Built target moveit_collision_detection
[0.793s] [ 55%] Built target test_acceleration_filter
[0.799s] [ 57%] Built target moveit_trajectory_processing
[0.813s] [35m[1mConsolidate compiler generated dependencies of target test_world_diff[0m
[0.816s] [35m[1mConsolidate compiler generated dependencies of target moveit_collision_detection_fcl[0m
[0.816s] [35m[1mConsolidate compiler generated dependencies of target test_world[0m
[0.817s] [35m[1mConsolidate compiler generated dependencies of target test_all_valid[0m
[0.830s] [35m[1mConsolidate compiler generated dependencies of target test_ruckig_traj_smoothing[0m
[0.830s] [35m[1mConsolidate compiler generated dependencies of target test_time_optimal_trajectory_generation[0m
[0.835s] [35m[1mConsolidate compiler generated dependencies of target robot_trajectory_benchmark[0m
[0.835s] [35m[1mConsolidate compiler generated dependencies of target moveit_collision_detection_bullet[0m
[0.835s] [ 58%] Built target test_world_diff
[0.846s] [ 59%] Built target test_world
[0.857s] [ 60%] Built target test_all_valid
[0.863s] [ 61%] Built target test_time_optimal_trajectory_generation
[0.863s] [ 63%] Built target test_ruckig_traj_smoothing
[0.870s] [ 64%] Built target robot_trajectory_benchmark
[0.875s] [ 66%] Built target moveit_collision_detection_fcl
[0.880s] [ 71%] Built target moveit_collision_detection_bullet
[0.890s] [35m[1mConsolidate compiler generated dependencies of target test_fcl_collision_detection[0m
[0.897s] [35m[1mConsolidate compiler generated dependencies of target moveit_kinematic_constraints[0m
[0.905s] [35m[1mConsolidate compiler generated dependencies of target test_fcl_collision_env[0m
[0.905s] [35m[1mConsolidate compiler generated dependencies of target test_fcl_collision_detection_panda[0m
[0.906s] [35m[1mConsolidate compiler generated dependencies of target test_bullet_collision_detection[0m
[0.906s] [35m[1mConsolidate compiler generated dependencies of target test_bullet_continuous_collision_checking[0m
[0.906s] [35m[1mConsolidate compiler generated dependencies of target test_bullet_collision_detection_panda[0m
[0.945s] [ 72%] Built target test_fcl_collision_detection
[0.950s] [ 74%] Built target test_bullet_collision_detection
[0.950s] [ 74%] Built target test_bullet_continuous_collision_checking
[0.958s] [ 76%] Built target test_bullet_collision_detection_panda
[0.958s] [ 77%] Built target test_fcl_collision_env
[0.969s] [ 78%] Built target test_fcl_collision_detection_panda
[0.969s] [ 79%] Built target moveit_kinematic_constraints
[0.998s] [35m[1mConsolidate compiler generated dependencies of target test_orientation_constraints[0m
[0.998s] [35m[1mConsolidate compiler generated dependencies of target test_constraints[0m
[0.999s] [35m[1mConsolidate compiler generated dependencies of target moveit_planning_scene[0m
[1.032s] [ 80%] Built target test_orientation_constraints
[1.033s] [ 81%] Built target test_constraints
[1.038s] [ 82%] Built target moveit_planning_scene
[1.052s] [ 83%] [32m[1mLinking CXX executable moveit_version[0m
[1.054s] [35m[1mConsolidate compiler generated dependencies of target collision_detector_fcl_plugin[0m
[1.054s] [35m[1mConsolidate compiler generated dependencies of target collision_detector_bullet_plugin[0m
[1.054s] [35m[1mConsolidate compiler generated dependencies of target test_collision_objects[0m
[1.054s] [35m[1mConsolidate compiler generated dependencies of target test_multi_threaded[0m
[1.054s] [35m[1mConsolidate compiler generated dependencies of target test_planning_scene[0m
[1.057s] [35m[1mConsolidate compiler generated dependencies of target moveit_planning_interface[0m
[1.069s] [35m[1mConsolidate compiler generated dependencies of target moveit_collision_distance_field[0m
[1.069s] [35m[1mConsolidate compiler generated dependencies of target moveit_constraint_samplers[0m
[1.085s] [ 84%] Built target test_collision_objects
[1.089s] [ 86%] Built target test_multi_threaded
[1.089s] [ 88%] Built target test_planning_scene
[1.090s] [ 88%] Built target collision_detector_fcl_plugin
[1.090s] [ 89%] Built target collision_detector_bullet_plugin
[1.092s] [ 90%] Built target moveit_planning_interface
[1.107s] [ 93%] Built target moveit_constraint_samplers
[1.112s] [ 96%] Built target moveit_collision_distance_field
[1.122s] [35m[1mConsolidate compiler generated dependencies of target test_collision_distance_field[0m
[1.123s] [35m[1mConsolidate compiler generated dependencies of target test_constraint_samplers[0m
[1.144s] [ 97%] Built target test_collision_distance_field
[1.152s] [100%] Built target test_constraint_samplers
[1.154s] [100%] Built target moveit_version
[1.165s] Invoked command in '/home/alexander/moveit2_ws/build/moveit_core' returned '0': AMENT_PREFIX_PATH=/home/alexander/moveit2_ws/install/moveit_common:${AMENT_PREFIX_PATH} CMAKE_PREFIX_PATH=/home/alexander/moveit2_ws/install/moveit_common:/opt/ros/humble /usr/bin/cmake --build /home/alexander/moveit2_ws/build/moveit_core -- -j14 -l14
[1.237s] Invoking command in '/home/alexander/moveit2_ws/build/moveit_core': AMENT_PREFIX_PATH=/home/alexander/moveit2_ws/install/moveit_common:${AMENT_PREFIX_PATH} CMAKE_PREFIX_PATH=/home/alexander/moveit2_ws/install/moveit_common:/opt/ros/humble /usr/bin/cmake --install /home/alexander/moveit2_ws/build/moveit_core
[1.246s] -- Install configuration: "Release"
[1.251s] -- Up-to-date: /home/alexander/moveit2_ws/install/moveit_core/include/moveit_core
[1.251s] -- Up-to-date: /home/alexander/moveit2_ws/install/moveit_core/include/moveit_core/moveit
[1.251s] -- Up-to-date: /home/alexander/moveit2_ws/install/moveit_core/include/moveit_core/moveit/collision_detection_bullet
[1.252s] -- Up-to-date: /home/alexander/moveit2_ws/install/moveit_core/include/moveit_core/moveit/collision_detection_bullet/collision_detector_allocator_bullet.h
[1.252s] -- Up-to-date: /home/alexander/moveit2_ws/install/moveit_core/include/moveit_core/moveit/collision_detection_bullet/collision_detector_bullet_plugin_loader.h
[1.252s] -- Up-to-date: /home/alexander/moveit2_ws/install/moveit_core/include/moveit_core/moveit/collision_detection_bullet/collision_env_bullet.h
[1.252s] -- Up-to-date: /home/alexander/moveit2_ws/install/moveit_core/include/moveit_core/moveit/collision_detection_bullet/bullet_integration
[1.252s] -- Up-to-date: /home/alexander/moveit2_ws/install/moveit_core/include/moveit_core/moveit/collision_detection_bullet/bullet_integration/bullet_bvh_manager.h
[1.252s] -- Up-to-date: /home/alexander/moveit2_ws/install/moveit_core/include/moveit_core/moveit/collision_detection_bullet/bullet_integration/bullet_discrete_bvh_manager.h
[1.252s] -- Up-to-date: /home/alexander/moveit2_ws/install/moveit_core/include/moveit_core/moveit/collision_detection_bullet/bullet_integration/contact_checker_common.h
[1.252s] -- Up-to-date: /home/alexander/moveit2_ws/install/moveit_core/include/moveit_core/moveit/collision_detection_bullet/bullet_integration/basic_types.h
[1.252s] -- Up-to-date: /home/alexander/moveit2_ws/install/moveit_core/include/moveit_core/moveit/collision_detection_bullet/bullet_integration/ros_bullet_utils.h
[1.252s] -- Up-to-date: /home/alexander/moveit2_ws/install/moveit_core/include/moveit_core/moveit/collision_detection_bullet/bullet_integration/bullet_utils.h
[1.252s] -- Up-to-date: /home/alexander/moveit2_ws/install/moveit_core/include/moveit_core/moveit/collision_detection_bullet/bullet_integration/bullet_cast_bvh_manager.h
[1.252s] -- Up-to-date: /home/alexander/moveit2_ws/install/moveit_core/include/moveit_core/moveit_collision_detection_bullet_export.h
[1.253s] -- Up-to-date: /home/alexander/moveit2_ws/install/moveit_core/include/moveit_core
[1.253s] -- Up-to-date: /home/alexander/moveit2_ws/install/moveit_core/include/moveit_core/moveit
[1.253s] -- Up-to-date: /home/alexander/moveit2_ws/install/moveit_core/include/moveit_core/moveit/collision_detection_fcl
[1.254s] -- Up-to-date: /home/alexander/moveit2_ws/install/moveit_core/include/moveit_core/moveit/collision_detection_fcl/collision_env_fcl.h
[1.254s] -- Up-to-date: /home/alexander/moveit2_ws/install/moveit_core/include/moveit_core/moveit/collision_detection_fcl/collision_detector_fcl_plugin_loader.h
[1.254s] -- Up-to-date: /home/alexander/moveit2_ws/install/moveit_core/include/moveit_core/moveit/collision_detection_fcl/fcl_compat.h
[1.254s] -- Up-to-date: /home/alexander/moveit2_ws/install/moveit_core/include/moveit_core/moveit/collision_detection_fcl/collision_common.h
[1.254s] -- Up-to-date: /home/alexander/moveit2_ws/install/moveit_core/include/moveit_core/moveit/collision_detection_fcl/collision_detector_allocator_fcl.h
[1.254s] -- Up-to-date: /home/alexander/moveit2_ws/install/moveit_core/include/moveit_core/moveit_collision_detection_fcl_export.h
[1.254s] -- Up-to-date: /home/alexander/moveit2_ws/install/moveit_core/include/moveit_core
[1.254s] -- Up-to-date: /home/alexander/moveit2_ws/install/moveit_core/include/moveit_core/moveit
[1.254s] -- Up-to-date: /home/alexander/moveit2_ws/install/moveit_core/include/moveit_core/moveit/collision_detection
[1.254s] -- Up-to-date: /home/alexander/moveit2_ws/install/moveit_core/include/moveit_core/moveit/collision_detection/collision_env.h
[1.254s] -- Up-to-date: /home/alexander/moveit2_ws/install/moveit_core/include/moveit_core/moveit/collision_detection/test_collision_common_panda.h
[1.254s] -- Up-to-date: /home/alexander/moveit2_ws/install/moveit_core/include/moveit_core/moveit/collision_detection/collision_plugin_cache.h
[1.254s] -- Up-to-date: /home/alexander/moveit2_ws/install/moveit_core/include/moveit_core/moveit/collision_detection/occupancy_map.h
[1.254s] -- Up-to-date: /home/alexander/moveit2_ws/install/moveit_core/include/moveit_core/moveit/collision_detection/collision_plugin.h
[1.254s] -- Up-to-date: /home/alexander/moveit2_ws/install/moveit_core/include/moveit_core/moveit/collision_detection/collision_detector_allocator.h
[1.255s] -- Up-to-date: /home/alexander/moveit2_ws/install/moveit_core/include/moveit_core/moveit/collision_detection/collision_octomap_filter.h
[1.255s] -- Up-to-date: /home/alexander/moveit2_ws/install/moveit_core/include/moveit_core/moveit/collision_detection/test_collision_common_pr2.h
[1.255s] -- Up-to-date: /home/alexander/moveit2_ws/install/moveit_core/include/moveit_core/moveit/collision_detection/allvalid
[1.255s] -- Up-to-date: /home/alexander/moveit2_ws/install/moveit_core/include/moveit_core/moveit/collision_detection/allvalid/collision_env_allvalid.h
[1.255s] -- Up-to-date: /home/alexander/moveit2_ws/install/moveit_core/include/moveit_core/moveit/collision_detection/allvalid/collision_detector_allocator_allvalid.h
[1.255s] -- Up-to-date: /home/alexander/moveit2_ws/install/moveit_core/include/moveit_core/moveit/collision_detection/collision_common.h
[1.255s] -- Up-to-date: /home/alexander/moveit2_ws/install/moveit_core/include/moveit_core/moveit/collision_detection/collision_matrix.h
[1.255s] -- Up-to-date: /home/alexander/moveit2_ws/install/moveit_core/include/moveit_core/moveit/collision_detection/world.h
[1.255s] -- Up-to-date: /home/alexander/moveit2_ws/install/moveit_core/include/moveit_core/moveit/collision_detection/world_diff.h
[1.255s] -- Up-to-date: /home/alexander/moveit2_ws/install/moveit_core/include/moveit_core/moveit/collision_detection/collision_tools.h
[1.255s] -- Up-to-date: /home/alexander/moveit2_ws/install/moveit_core/include/moveit_core/moveit_collision_detection_export.h
[1.255s] -- Up-to-date: /home/alexander/moveit2_ws/install/moveit_core/include/moveit_core
[1.255s] -- Up-to-date: /home/alexander/moveit2_ws/install/moveit_core/include/moveit_core/moveit
[1.255s] -- Up-to-date: /home/alexander/moveit2_ws/install/moveit_core/include/moveit_core/moveit/collision_distance_field
[1.255s] -- Up-to-date: /home/alexander/moveit2_ws/install/moveit_core/include/moveit_core/moveit/collision_distance_field/collision_detector_allocator_distance_field.h
[1.255s] -- Up-to-date: /home/alexander/moveit2_ws/install/moveit_core/include/moveit_core/moveit/collision_distance_field/collision_env_distance_field.h
[1.255s] -- Up-to-date: /home/alexander/moveit2_ws/install/moveit_core/include/moveit_core/moveit/collision_distance_field/collision_env_hybrid.h
[1.255s] -- Up-to-date: /home/alexander/moveit2_ws/install/moveit_core/include/moveit_core/moveit/collision_distance_field/collision_common_distance_field.h
[1.255s] -- Up-to-date: /home/alexander/moveit2_ws/install/moveit_core/include/moveit_core/moveit/collision_distance_field/collision_detector_allocator_hybrid.h
[1.255s] -- Up-to-date: /home/alexander/moveit2_ws/install/moveit_core/include/moveit_core/moveit/collision_distance_field/collision_distance_field_types.h
[1.255s] -- Up-to-date: /home/alexander/moveit2_ws/install/moveit_core/include/moveit_core/moveit_collision_distance_field_export.h
[1.256s] -- Up-to-date: /home/alexander/moveit2_ws/install/moveit_core/include/moveit_core
[1.256s] -- Up-to-date: /home/alexander/moveit2_ws/install/moveit_core/include/moveit_core/moveit
[1.256s] -- Up-to-date: /home/alexander/moveit2_ws/install/moveit_core/include/moveit_core/moveit/constraint_samplers
[1.256s] -- Up-to-date: /home/alexander/moveit2_ws/install/moveit_core/include/moveit_core/moveit/constraint_samplers/union_constraint_sampler.h
[1.256s] -- Up-to-date: /home/alexander/moveit2_ws/install/moveit_core/include/moveit_core/moveit/constraint_samplers/constraint_sampler.h
[1.256s] -- Up-to-date: /home/alexander/moveit2_ws/install/moveit_core/include/moveit_core/moveit/constraint_samplers/constraint_sampler_allocator.h
[1.256s] -- Up-to-date: /home/alexander/moveit2_ws/install/moveit_core/include/moveit_core/moveit/constraint_samplers/constraint_sampler_manager.h
[1.256s] -- Up-to-date: /home/alexander/moveit2_ws/install/moveit_core/include/moveit_core/moveit/constraint_samplers/constraint_sampler_tools.h
[1.256s] -- Up-to-date: /home/alexander/moveit2_ws/install/moveit_core/include/moveit_core/moveit/constraint_samplers/default_constraint_samplers.h
[1.256s] -- Up-to-date: /home/alexander/moveit2_ws/install/moveit_core/include/moveit_core
[1.256s] -- Up-to-date: /home/alexander/moveit2_ws/install/moveit_core/include/moveit_core/moveit
[1.257s] -- Up-to-date: /home/alexander/moveit2_ws/install/moveit_core/include/moveit_core/moveit/controller_manager
[1.257s] -- Up-to-date: /home/alexander/moveit2_ws/install/moveit_core/include/moveit_core/moveit/controller_manager/controller_manager.h
[1.257s] -- Up-to-date: /home/alexander/moveit2_ws/install/moveit_core/include/moveit_core
[1.257s] -- Up-to-date: /home/alexander/moveit2_ws/install/moveit_core/include/moveit_core/moveit
[1.257s] -- Up-to-date: /home/alexander/moveit2_ws/install/moveit_core/include/moveit_core/moveit/distance_field
[1.257s] -- Up-to-date: /home/alexander/moveit2_ws/install/moveit_core/include/moveit_core/moveit/distance_field/voxel_grid.h
[1.258s] -- Up-to-date: /home/alexander/moveit2_ws/install/moveit_core/include/moveit_core/moveit/distance_field/find_internal_points.h
[1.258s] -- Up-to-date: /home/alexander/moveit2_ws/install/moveit_core/include/moveit_core/moveit/distance_field/distance_field.h
[1.258s] -- Up-to-date: /home/alexander/moveit2_ws/install/moveit_core/include/moveit_core/moveit/distance_field/propagation_distance_field.h
[1.258s] -- Up-to-date: /home/alexander/moveit2_ws/install/moveit_core/include/moveit_core
[1.258s] -- Up-to-date: /home/alexander/moveit2_ws/install/moveit_core/include/moveit_core/moveit
[1.258s] -- Up-to-date: /home/alexander/moveit2_ws/install/moveit_core/include/moveit_core/moveit/dynamics_solver
[1.258s] -- Up-to-date: /home/alexander/moveit2_ws/install/moveit_core/include/moveit_core/moveit/dynamics_solver/dynamics_solver.h
[1.259s] -- Up-to-date: /home/alexander/moveit2_ws/install/moveit_core/include/moveit_core
[1.259s] -- Up-to-date: /home/alexander/moveit2_ws/install/moveit_core/include/moveit_core/moveit
[1.259s] -- Up-to-date: /home/alexander/moveit2_ws/install/moveit_core/include/moveit_core/moveit/exceptions
[1.259s] -- Up-to-date: /home/alexander/moveit2_ws/install/moveit_core/include/moveit_core/moveit/exceptions/exceptions.h
[1.259s] -- Up-to-date: /home/alexander/moveit2_ws/install/moveit_core/include/moveit_core
[1.259s] -- Up-to-date: /home/alexander/moveit2_ws/install/moveit_core/include/moveit_core/moveit
[1.259s] -- Up-to-date: /home/alexander/moveit2_ws/install/moveit_core/include/moveit_core/moveit/kinematic_constraints
[1.260s] -- Up-to-date: /home/alexander/moveit2_ws/install/moveit_core/include/moveit_core/moveit/kinematic_constraints/utils.h
[1.260s] -- Up-to-date: /home/alexander/moveit2_ws/install/moveit_core/include/moveit_core/moveit/kinematic_constraints/kinematic_constraint.h
[1.260s] -- Up-to-date: /home/alexander/moveit2_ws/install/moveit_core/include/moveit_core
[1.260s] -- Up-to-date: /home/alexander/moveit2_ws/install/moveit_core/include/moveit_core/moveit
[1.260s] -- Up-to-date: /home/alexander/moveit2_ws/install/moveit_core/include/moveit_core/moveit/kinematics_base
[1.260s] -- Up-to-date: /home/alexander/moveit2_ws/install/moveit_core/include/moveit_core/moveit/kinematics_base/kinematics_base.h
[1.260s] -- Up-to-date: /home/alexander/moveit2_ws/install/moveit_core/include/moveit_core/moveit_kinematics_base_export.h
[1.260s] -- Up-to-date: /home/alexander/moveit2_ws/install/moveit_core/include/moveit_core
[1.260s] -- Up-to-date: /home/alexander/moveit2_ws/install/moveit_core/include/moveit_core/moveit
[1.260s] -- Up-to-date: /home/alexander/moveit2_ws/install/moveit_core/include/moveit_core/moveit/kinematics_metrics
[1.261s] -- Up-to-date: /home/alexander/moveit2_ws/install/moveit_core/include/moveit_core/moveit/kinematics_metrics/kinematics_metrics.h
[1.261s] -- Up-to-date: /home/alexander/moveit2_ws/install/moveit_core/include/moveit_core
[1.261s] -- Up-to-date: /home/alexander/moveit2_ws/install/moveit_core/include/moveit_core/moveit
[1.261s] -- Up-to-date: /home/alexander/moveit2_ws/install/moveit_core/include/moveit_core/moveit/macros
[1.262s] -- Up-to-date: /home/alexander/moveit2_ws/install/moveit_core/include/moveit_core/moveit/macros/declare_ptr.h
[1.262s] -- Up-to-date: /home/alexander/moveit2_ws/install/moveit_core/include/moveit_core/moveit/macros/class_forward.h
[1.262s] -- Up-to-date: /home/alexander/moveit2_ws/install/moveit_core/include/moveit_core/moveit/macros/console_colors.h
[1.263s] -- Up-to-date: /home/alexander/moveit2_ws/install/moveit_core/include/moveit_core/moveit/macros/deprecation.h
[1.263s] -- Up-to-date: /home/alexander/moveit2_ws/install/moveit_core/include/moveit_butterworth_filter_parameters
[1.263s] -- Up-to-date: /home/alexander/moveit2_ws/install/moveit_core/include/moveit_butterworth_filter_parameters/moveit_butterworth_filter_parameters.hpp
[1.263s] -- Up-to-date: /home/alexander/moveit2_ws/install/moveit_core/include/moveit_acceleration_filter_parameters
[1.264s] -- Up-to-date: /home/alexander/moveit2_ws/install/moveit_core/include/moveit_acceleration_filter_parameters/moveit_acceleration_filter_parameters.hpp
[1.264s] -- Up-to-date: /home/alexander/moveit2_ws/install/moveit_core/include/moveit_core
[1.264s] -- Up-to-date: /home/alexander/moveit2_ws/install/moveit_core/include/moveit_core/moveit
[1.264s] -- Up-to-date: /home/alexander/moveit2_ws/install/moveit_core/include/moveit_core/moveit/online_signal_smoothing
[1.269s] -- Up-to-date: /home/alexander/moveit2_ws/install/moveit_core/include/moveit_core/moveit/online_signal_smoothing/acceleration_filter.h
[1.269s] -- Up-to-date: /home/alexander/moveit2_ws/install/moveit_core/include/moveit_core/moveit/online_signal_smoothing/smoothing_base_class.h
[1.269s] -- Up-to-date: /home/alexander/moveit2_ws/install/moveit_core/include/moveit_core/moveit/online_signal_smoothing/butterworth_filter.h
[1.269s] -- Up-to-date: /home/alexander/moveit2_ws/install/moveit_core/include/moveit_core/moveit_smoothing_base_export.h
[1.269s] -- Up-to-date: /home/alexander/moveit2_ws/install/moveit_core/include/moveit_core/moveit_butterworth_filter_export.h
[1.269s] -- Up-to-date: /home/alexander/moveit2_ws/install/moveit_core/include/moveit_core/moveit_acceleration_filter_export.h
[1.270s] -- Up-to-date: /home/alexander/moveit2_ws/install/moveit_core/include/moveit_core
[1.270s] -- Up-to-date: /home/alexander/moveit2_ws/install/moveit_core/include/moveit_core/moveit
[1.270s] -- Up-to-date: /home/alexander/moveit2_ws/install/moveit_core/include/moveit_core/moveit/planning_interface
[1.270s] -- Up-to-date: /home/alexander/moveit2_ws/install/moveit_core/include/moveit_core/moveit/planning_interface/planning_request_adapter.h
[1.270s] -- Up-to-date: /home/alexander/moveit2_ws/install/moveit_core/include/moveit_core/moveit/planning_interface/planning_response.h
[1.270s] -- Up-to-date: /home/alexander/moveit2_ws/install/moveit_core/include/moveit_core/moveit/planning_interface/planning_request.h
[1.270s] -- Up-to-date: /home/alexander/moveit2_ws/install/moveit_core/include/moveit_core/moveit/planning_interface/planning_response_adapter.h
[1.270s] -- Up-to-date: /home/alexander/moveit2_ws/install/moveit_core/include/moveit_core/moveit/planning_interface/planning_interface.h
[1.270s] -- Up-to-date: /home/alexander/moveit2_ws/install/moveit_core/include/moveit_core
[1.270s] -- Up-to-date: /home/alexander/moveit2_ws/install/moveit_core/include/moveit_core/moveit
[1.270s] -- Up-to-date: /home/alexander/moveit2_ws/install/moveit_core/include/moveit_core/moveit/planning_scene
[1.270s] -- Up-to-date: /home/alexander/moveit2_ws/install/moveit_core/include/moveit_core/moveit/planning_scene/planning_scene.h
[1.271s] -- Up-to-date: /home/alexander/moveit2_ws/install/moveit_core/include/moveit_core/moveit_planning_scene_export.h
[1.271s] -- Up-to-date: /home/alexander/moveit2_ws/install/moveit_core/include/moveit_core
[1.271s] -- Up-to-date: /home/alexander/moveit2_ws/install/moveit_core/include/moveit_core/moveit
[1.271s] -- Up-to-date: /home/alexander/moveit2_ws/install/moveit_core/include/moveit_core/moveit/robot_model
[1.271s] -- Up-to-date: /home/alexander/moveit2_ws/install/moveit_core/include/moveit_core/moveit/robot_model/link_model.h
[1.271s] -- Up-to-date: /home/alexander/moveit2_ws/install/moveit_core/include/moveit_core/moveit/robot_model/joint_model_group.h
[1.271s] -- Up-to-date: /home/alexander/moveit2_ws/install/moveit_core/include/moveit_core/moveit/robot_model/fixed_joint_model.h
[1.272s] -- Up-to-date: /home/alexander/moveit2_ws/install/moveit_core/include/moveit_core/moveit/robot_model/planar_joint_model.h
[1.272s] -- Up-to-date: /home/alexander/moveit2_ws/install/moveit_core/include/moveit_core/moveit/robot_model/floating_joint_model.h
[1.272s] -- Up-to-date: /home/alexander/moveit2_ws/install/moveit_core/include/moveit_core/moveit/robot_model/revolute_joint_model.h
[1.272s] -- Up-to-date: /home/alexander/moveit2_ws/install/moveit_core/include/moveit_core/moveit/robot_model/joint_model.h
[1.272s] -- Up-to-date: /home/alexander/moveit2_ws/install/moveit_core/include/moveit_core/moveit/robot_model/prismatic_joint_model.h
[1.272s] -- Up-to-date: /home/alexander/moveit2_ws/install/moveit_core/include/moveit_core/moveit/robot_model/aabb.h
[1.272s] -- Up-to-date: /home/alexander/moveit2_ws/install/moveit_core/include/moveit_core/moveit/robot_model/robot_model.h
[1.272s] -- Up-to-date: /home/alexander/moveit2_ws/install/moveit_core/include/moveit_core
[1.272s] -- Up-to-date: /home/alexander/moveit2_ws/install/moveit_core/include/moveit_core/moveit
[1.272s] -- Up-to-date: /home/alexander/moveit2_ws/install/moveit_core/include/moveit_core/moveit/robot_state
[1.272s] -- Up-to-date: /home/alexander/moveit2_ws/install/moveit_core/include/moveit_core/moveit/robot_state/robot_state.h
[1.273s] -- Up-to-date: /home/alexander/moveit2_ws/install/moveit_core/include/moveit_core/moveit/robot_state/attached_body.h
[1.273s] -- Up-to-date: /home/alexander/moveit2_ws/install/moveit_core/include/moveit_core/moveit/robot_state/cartesian_interpolator.h
[1.273s] -- Up-to-date: /home/alexander/moveit2_ws/install/moveit_core/include/moveit_core/moveit/robot_state/conversions.h
[1.273s] -- Up-to-date: /home/alexander/moveit2_ws/install/moveit_core/include/moveit_core
[1.273s] -- Up-to-date: /home/alexander/moveit2_ws/install/moveit_core/include/moveit_core/moveit
[1.273s] -- Up-to-date: /home/alexander/moveit2_ws/install/moveit_core/include/moveit_core/moveit/robot_trajectory
[1.273s] -- Up-to-date: /home/alexander/moveit2_ws/install/moveit_core/include/moveit_core/moveit/robot_trajectory/robot_trajectory.h
[1.274s] -- Up-to-date: /home/alexander/moveit2_ws/install/moveit_core/include/moveit_core
[1.274s] -- Up-to-date: /home/alexander/moveit2_ws/install/moveit_core/include/moveit_core/moveit
[1.274s] -- Up-to-date: /home/alexander/moveit2_ws/install/moveit_core/include/moveit_core/moveit/trajectory_processing
[1.274s] -- Up-to-date: /home/alexander/moveit2_ws/install/moveit_core/include/moveit_core/moveit/trajectory_processing/trajectory_tools.h
[1.274s] -- Up-to-date: /home/alexander/moveit2_ws/install/moveit_core/include/moveit_core/moveit/trajectory_processing/ruckig_traj_smoothing.h
[1.274s] -- Up-to-date: /home/alexander/moveit2_ws/install/moveit_core/include/moveit_core/moveit/trajectory_processing/time_parameterization.h
[1.274s] -- Up-to-date: /home/alexander/moveit2_ws/install/moveit_core/include/moveit_core/moveit/trajectory_processing/time_optimal_trajectory_generation.h
[1.274s] -- Up-to-date: /home/alexander/moveit2_ws/install/moveit_core/include/moveit_core
[1.274s] -- Up-to-date: /home/alexander/moveit2_ws/install/moveit_core/include/moveit_core/moveit
[1.274s] -- Up-to-date: /home/alexander/moveit2_ws/install/moveit_core/include/moveit_core/moveit/transforms
[1.275s] -- Up-to-date: /home/alexander/moveit2_ws/install/moveit_core/include/moveit_core/moveit/transforms/transforms.h
[1.275s] -- Up-to-date: /home/alexander/moveit2_ws/install/moveit_core/include/moveit_core
[1.275s] -- Up-to-date: /home/alexander/moveit2_ws/install/moveit_core/include/moveit_core/moveit
[1.275s] -- Up-to-date: /home/alexander/moveit2_ws/install/moveit_core/include/moveit_core/moveit/utils
[1.275s] -- Up-to-date: /home/alexander/moveit2_ws/install/moveit_core/include/moveit_core/moveit/utils/moveit_error_code.h
[1.275s] -- Up-to-date: /home/alexander/moveit2_ws/install/moveit_core/include/moveit_core/moveit/utils/logger.hpp
[1.275s] -- Up-to-date: /home/alexander/moveit2_ws/install/moveit_core/include/moveit_core/moveit/utils/eigen_test_utils.h
[1.275s] -- Up-to-date: /home/alexander/moveit2_ws/install/moveit_core/include/moveit_core/moveit/utils/rclcpp_utils.h
[1.275s] -- Up-to-date: /home/alexander/moveit2_ws/install/moveit_core/include/moveit_core/moveit/utils/message_checks.h
[1.275s] -- Up-to-date: /home/alexander/moveit2_ws/install/moveit_core/include/moveit_core/moveit/utils/lexical_casts.h
[1.275s] -- Up-to-date: /home/alexander/moveit2_ws/install/moveit_core/include/moveit_core/moveit/utils/robot_model_test_utils.h
[1.276s] -- Up-to-date: /home/alexander/moveit2_ws/install/moveit_core/lib/moveit_core/logger_dut
[1.277s] -- Installing: /home/alexander/moveit2_ws/install/moveit_core/include/moveit_core/moveit/version.h
[1.278s] -- Installing: /home/alexander/moveit2_ws/install/moveit_core/bin/moveit_version
[1.279s] -- Up-to-date: /home/alexander/moveit2_ws/install/moveit_core/lib/libcollision_detector_bullet_plugin.so.2.9.0
[1.279s] -- Up-to-date: /home/alexander/moveit2_ws/install/moveit_core/lib/libcollision_detector_bullet_plugin.so
[1.279s] -- Up-to-date: /home/alexander/moveit2_ws/install/moveit_core/lib/libcollision_detector_fcl_plugin.so.2.9.0
[1.280s] -- Up-to-date: /home/alexander/moveit2_ws/install/moveit_core/lib/libcollision_detector_fcl_plugin.so
[1.280s] -- Up-to-date: /home/alexander/moveit2_ws/install/moveit_core/lib/libmoveit_acceleration_filter.so.2.9.0
[1.280s] -- Up-to-date: /home/alexander/moveit2_ws/install/moveit_core/lib/libmoveit_acceleration_filter.so
[1.281s] -- Up-to-date: /home/alexander/moveit2_ws/install/moveit_core/lib/libmoveit_butterworth_filter.so.2.9.0
[1.281s] -- Up-to-date: /home/alexander/moveit2_ws/install/moveit_core/lib/libmoveit_butterworth_filter.so
[1.282s] -- Up-to-date: /home/alexander/moveit2_ws/install/moveit_core/lib/libmoveit_collision_detection.so.2.9.0
[1.282s] -- Up-to-date: /home/alexander/moveit2_ws/install/moveit_core/lib/libmoveit_collision_detection.so
[1.282s] -- Up-to-date: /home/alexander/moveit2_ws/install/moveit_core/lib/libmoveit_collision_detection_bullet.so.2.9.0
[1.283s] -- Up-to-date: /home/alexander/moveit2_ws/install/moveit_core/lib/libmoveit_collision_detection_bullet.so
[1.283s] -- Up-to-date: /home/alexander/moveit2_ws/install/moveit_core/lib/libmoveit_collision_detection_fcl.so.2.9.0
[1.283s] -- Up-to-date: /home/alexander/moveit2_ws/install/moveit_core/lib/libmoveit_collision_detection_fcl.so
[1.284s] -- Up-to-date: /home/alexander/moveit2_ws/install/moveit_core/lib/libmoveit_collision_distance_field.so.2.9.0
[1.284s] -- Up-to-date: /home/alexander/moveit2_ws/install/moveit_core/lib/libmoveit_collision_distance_field.so
[1.285s] -- Up-to-date: /home/alexander/moveit2_ws/install/moveit_core/lib/libmoveit_constraint_samplers.so.2.9.0
[1.285s] -- Up-to-date: /home/alexander/moveit2_ws/install/moveit_core/lib/libmoveit_constraint_samplers.so
[1.285s] -- Up-to-date: /home/alexander/moveit2_ws/install/moveit_core/lib/libmoveit_distance_field.so.2.9.0
[1.286s] -- Up-to-date: /home/alexander/moveit2_ws/install/moveit_core/lib/libmoveit_distance_field.so
[1.286s] -- Up-to-date: /home/alexander/moveit2_ws/install/moveit_core/lib/libmoveit_dynamics_solver.so.2.9.0
[1.287s] -- Up-to-date: /home/alexander/moveit2_ws/install/moveit_core/lib/libmoveit_dynamics_solver.so
[1.287s] -- Up-to-date: /home/alexander/moveit2_ws/install/moveit_core/lib/libmoveit_exceptions.so.2.9.0
[1.287s] -- Up-to-date: /home/alexander/moveit2_ws/install/moveit_core/lib/libmoveit_exceptions.so
[1.288s] -- Up-to-date: /home/alexander/moveit2_ws/install/moveit_core/lib/libmoveit_kinematic_constraints.so.2.9.0
[1.288s] -- Up-to-date: /home/alexander/moveit2_ws/install/moveit_core/lib/libmoveit_kinematic_constraints.so
[1.288s] -- Up-to-date: /home/alexander/moveit2_ws/install/moveit_core/lib/libmoveit_kinematics_base.so
[1.289s] -- Up-to-date: /home/alexander/moveit2_ws/install/moveit_core/lib/libmoveit_kinematics_metrics.so.2.9.0
[1.289s] -- Up-to-date: /home/alexander/moveit2_ws/install/moveit_core/lib/libmoveit_kinematics_metrics.so
[1.290s] -- Up-to-date: /home/alexander/moveit2_ws/install/moveit_core/lib/libmoveit_planning_interface.so.2.9.0
[1.290s] -- Up-to-date: /home/alexander/moveit2_ws/install/moveit_core/lib/libmoveit_planning_interface.so
[1.291s] -- Up-to-date: /home/alexander/moveit2_ws/install/moveit_core/lib/libmoveit_planning_scene.so.2.9.0
[1.291s] -- Up-to-date: /home/alexander/moveit2_ws/install/moveit_core/lib/libmoveit_planning_scene.so
[1.292s] -- Up-to-date: /home/alexander/moveit2_ws/install/moveit_core/lib/libmoveit_robot_model.so.2.9.0
[1.292s] -- Up-to-date: /home/alexander/moveit2_ws/install/moveit_core/lib/libmoveit_robot_model.so
[1.298s] -- Up-to-date: /home/alexander/moveit2_ws/install/moveit_core/lib/libmoveit_robot_state.so.2.9.0
[1.298s] -- Up-to-date: /home/alexander/moveit2_ws/install/moveit_core/lib/libmoveit_robot_state.so
[1.299s] -- Up-to-date: /home/alexander/moveit2_ws/install/moveit_core/lib/libmoveit_robot_trajectory.so.2.9.0
[1.299s] -- Up-to-date: /home/alexander/moveit2_ws/install/moveit_core/lib/libmoveit_robot_trajectory.so
[1.300s] -- Up-to-date: /home/alexander/moveit2_ws/install/moveit_core/lib/libmoveit_smoothing_base.so.2.9.0
[1.300s] -- Up-to-date: /home/alexander/moveit2_ws/install/moveit_core/lib/libmoveit_smoothing_base.so
[1.301s] -- Up-to-date: /home/alexander/moveit2_ws/install/moveit_core/lib/libmoveit_test_utils.so.2.9.0
[1.301s] -- Up-to-date: /home/alexander/moveit2_ws/install/moveit_core/lib/libmoveit_test_utils.so
[1.302s] -- Up-to-date: /home/alexander/moveit2_ws/install/moveit_core/lib/libmoveit_trajectory_processing.so.2.9.0
[1.302s] -- Up-to-date: /home/alexander/moveit2_ws/install/moveit_core/lib/libmoveit_trajectory_processing.so
[1.303s] -- Up-to-date: /home/alexander/moveit2_ws/install/moveit_core/lib/libmoveit_transforms.so.2.9.0
[1.303s] -- Up-to-date: /home/alexander/moveit2_ws/install/moveit_core/lib/libmoveit_transforms.so
[1.303s] -- Up-to-date: /home/alexander/moveit2_ws/install/moveit_core/lib/libmoveit_utils.so.2.9.0
[1.303s] -- Up-to-date: /home/alexander/moveit2_ws/install/moveit_core/lib/libmoveit_utils.so
[1.304s] -- Up-to-date: /home/alexander/moveit2_ws/install/moveit_core/share/moveit_core/environment/library_path.sh
[1.304s] -- Up-to-date: /home/alexander/moveit2_ws/install/moveit_core/share/moveit_core/environment/library_path.dsv
[1.304s] -- Up-to-date: /home/alexander/moveit2_ws/install/moveit_core/share/moveit_core/collision_detector_fcl_description.xml
[1.304s] -- Up-to-date: /home/alexander/moveit2_ws/install/moveit_core/share/moveit_core/collision_detector_bullet_description.xml
[1.304s] -- Up-to-date: /home/alexander/moveit2_ws/install/moveit_core/share/moveit_core/filter_plugin_butterworth.xml
[1.304s] -- Up-to-date: /home/alexander/moveit2_ws/install/moveit_core/share/moveit_core/filter_plugin_acceleration.xml
[1.305s] -- Up-to-date: /home/alexander/moveit2_ws/install/moveit_core/share/ament_index/resource_index/package_run_dependencies/moveit_core
[1.305s] -- Up-to-date: /home/alexander/moveit2_ws/install/moveit_core/share/ament_index/resource_index/parent_prefix_path/moveit_core
[1.305s] -- Up-to-date: /home/alexander/moveit2_ws/install/moveit_core/share/moveit_core/environment/ament_prefix_path.sh
[1.305s] -- Up-to-date: /home/alexander/moveit2_ws/install/moveit_core/share/moveit_core/environment/ament_prefix_path.dsv
[1.305s] -- Up-to-date: /home/alexander/moveit2_ws/install/moveit_core/share/moveit_core/environment/path.sh
[1.305s] -- Up-to-date: /home/alexander/moveit2_ws/install/moveit_core/share/moveit_core/environment/path.dsv
[1.305s] -- Up-to-date: /home/alexander/moveit2_ws/install/moveit_core/share/moveit_core/local_setup.bash
[1.305s] -- Up-to-date: /home/alexander/moveit2_ws/install/moveit_core/share/moveit_core/local_setup.sh
[1.305s] -- Up-to-date: /home/alexander/moveit2_ws/install/moveit_core/share/moveit_core/local_setup.zsh
[1.305s] -- Up-to-date: /home/alexander/moveit2_ws/install/moveit_core/share/moveit_core/local_setup.dsv
[1.305s] -- Installing: /home/alexander/moveit2_ws/install/moveit_core/share/moveit_core/package.dsv
[1.305s] -- Up-to-date: /home/alexander/moveit2_ws/install/moveit_core/share/ament_index/resource_index/packages/moveit_core
[1.306s] -- Up-to-date: /home/alexander/moveit2_ws/install/moveit_core/share/ament_index/resource_index/moveit_core__pluginlib__plugin/moveit_core
[1.307s] -- Up-to-date: /home/alexander/moveit2_ws/install/moveit_core/share/moveit_core/cmake/moveit_coreTargetsExport.cmake
[1.308s] -- Up-to-date: /home/alexander/moveit2_ws/install/moveit_core/share/moveit_core/cmake/moveit_coreTargetsExport-release.cmake
[1.308s] -- Up-to-date: /home/alexander/moveit2_ws/install/moveit_core/share/moveit_core/cmake/ConfigExtras.cmake
[1.308s] -- Up-to-date: /home/alexander/moveit2_ws/install/moveit_core/share/moveit_core/cmake/ament_cmake_export_targets-extras.cmake
[1.308s] -- Up-to-date: /home/alexander/moveit2_ws/install/moveit_core/share/moveit_core/cmake/ament_cmake_export_dependencies-extras.cmake
[1.308s] -- Up-to-date: /home/alexander/moveit2_ws/install/moveit_core/share/moveit_core/cmake/moveit_coreConfig.cmake
[1.308s] -- Up-to-date: /home/alexander/moveit2_ws/install/moveit_core/share/moveit_core/cmake/moveit_coreConfig-version.cmake
[1.308s] -- Up-to-date: /home/alexander/moveit2_ws/install/moveit_core/share/moveit_core/package.xml
[1.310s] Invoked command in '/home/alexander/moveit2_ws/build/moveit_core' returned '0': AMENT_PREFIX_PATH=/home/alexander/moveit2_ws/install/moveit_common:${AMENT_PREFIX_PATH} CMAKE_PREFIX_PATH=/home/alexander/moveit2_ws/install/moveit_common:/opt/ros/humble /usr/bin/cmake --install /home/alexander/moveit2_ws/build/moveit_core
