[0.011s] Invoking command in '/home/alexander/moveit2_ws/build/moveit_ros_control_interface': AMENT_PREFIX_PATH=/home/alexander/moveit2_ws/install/moveit_simple_controller_manager:/home/alexander/moveit2_ws/install/moveit_core:/home/alexander/moveit2_ws/install/moveit_common:${AMENT_PREFIX_PATH} CMAKE_PREFIX_PATH=/home/alexander/moveit2_ws/install/moveit_simple_controller_manager:/home/alexander/moveit2_ws/install/moveit_core:/home/alexander/moveit2_ws/install/moveit_common:/opt/ros/humble LD_LIBRARY_PATH=/home/alexander/moveit2_ws/install/moveit_simple_controller_manager/lib:/home/alexander/moveit2_ws/install/moveit_core/lib:${LD_LIBRARY_PATH} PATH=/home/alexander/moveit2_ws/install/moveit_core/bin:${PATH} /usr/bin/cmake --build /home/alexander/moveit2_ws/build/moveit_ros_control_interface -- -j14 -l14
[0.063s] [ 25%] Built target moveit_ros_control_interface_gripper_plugin
[0.064s] [ 62%] Built target moveit_ros_control_interface_empty_plugin
[0.065s] [ 75%] Built target moveit_ros_control_interface_trajectory_plugin
[0.065s] [100%] Built target moveit_ros_control_interface_plugin
[0.074s] Invoked command in '/home/alexander/moveit2_ws/build/moveit_ros_control_interface' returned '0': AMENT_PREFIX_PATH=/home/alexander/moveit2_ws/install/moveit_simple_controller_manager:/home/alexander/moveit2_ws/install/moveit_core:/home/alexander/moveit2_ws/install/moveit_common:${AMENT_PREFIX_PATH} CMAKE_PREFIX_PATH=/home/alexander/moveit2_ws/install/moveit_simple_controller_manager:/home/alexander/moveit2_ws/install/moveit_core:/home/alexander/moveit2_ws/install/moveit_common:/opt/ros/humble LD_LIBRARY_PATH=/home/alexander/moveit2_ws/install/moveit_simple_controller_manager/lib:/home/alexander/moveit2_ws/install/moveit_core/lib:${LD_LIBRARY_PATH} PATH=/home/alexander/moveit2_ws/install/moveit_core/bin:${PATH} /usr/bin/cmake --build /home/alexander/moveit2_ws/build/moveit_ros_control_interface -- -j14 -l14
[0.103s] Invoking command in '/home/alexander/moveit2_ws/build/moveit_ros_control_interface': AMENT_PREFIX_PATH=/home/alexander/moveit2_ws/install/moveit_simple_controller_manager:/home/alexander/moveit2_ws/install/moveit_core:/home/alexander/moveit2_ws/install/moveit_common:${AMENT_PREFIX_PATH} CMAKE_PREFIX_PATH=/home/alexander/moveit2_ws/install/moveit_simple_controller_manager:/home/alexander/moveit2_ws/install/moveit_core:/home/alexander/moveit2_ws/install/moveit_common:/opt/ros/humble LD_LIBRARY_PATH=/home/alexander/moveit2_ws/install/moveit_simple_controller_manager/lib:/home/alexander/moveit2_ws/install/moveit_core/lib:${LD_LIBRARY_PATH} PATH=/home/alexander/moveit2_ws/install/moveit_core/bin:${PATH} /usr/bin/cmake --install /home/alexander/moveit2_ws/build/moveit_ros_control_interface
[0.110s] -- Install configuration: "Release"
[0.110s] -- Up-to-date: /home/alexander/moveit2_ws/install/moveit_ros_control_interface/lib/libmoveit_ros_control_interface_plugin.so.2.9.0
[0.111s] -- Up-to-date: /home/alexander/moveit2_ws/install/moveit_ros_control_interface/lib/libmoveit_ros_control_interface_plugin.so
[0.111s] -- Up-to-date: /home/alexander/moveit2_ws/install/moveit_ros_control_interface/lib/libmoveit_ros_control_interface_trajectory_plugin.so.2.9.0
[0.111s] -- Up-to-date: /home/alexander/moveit2_ws/install/moveit_ros_control_interface/lib/libmoveit_ros_control_interface_trajectory_plugin.so
[0.111s] -- Up-to-date: /home/alexander/moveit2_ws/install/moveit_ros_control_interface/lib/libmoveit_ros_control_interface_gripper_plugin.so.2.9.0
[0.111s] -- Up-to-date: /home/alexander/moveit2_ws/install/moveit_ros_control_interface/lib/libmoveit_ros_control_interface_gripper_plugin.so
[0.112s] -- Up-to-date: /home/alexander/moveit2_ws/install/moveit_ros_control_interface/lib/libmoveit_ros_control_interface_empty_plugin.so.2.9.0
[0.112s] -- Up-to-date: /home/alexander/moveit2_ws/install/moveit_ros_control_interface/lib/libmoveit_ros_control_interface_empty_plugin.so
[0.112s] -- Up-to-date: /home/alexander/moveit2_ws/install/moveit_ros_control_interface/include/moveit_ros_control_interface
[0.112s] -- Up-to-date: /home/alexander/moveit2_ws/install/moveit_ros_control_interface/include/moveit_ros_control_interface/moveit_ros_control_interface
[0.112s] -- Up-to-date: /home/alexander/moveit2_ws/install/moveit_ros_control_interface/include/moveit_ros_control_interface/moveit_ros_control_interface/ControllerHandle.h
[0.112s] -- Up-to-date: /home/alexander/moveit2_ws/install/moveit_ros_control_interface/share/moveit_ros_control_interface/moveit_core_plugins.xml
[0.112s] -- Up-to-date: /home/alexander/moveit2_ws/install/moveit_ros_control_interface/share/moveit_ros_control_interface/moveit_ros_control_interface_plugins.xml
[0.112s] -- Up-to-date: /home/alexander/moveit2_ws/install/moveit_ros_control_interface/share/moveit_ros_control_interface/environment/library_path.sh
[0.113s] -- Up-to-date: /home/alexander/moveit2_ws/install/moveit_ros_control_interface/share/moveit_ros_control_interface/environment/library_path.dsv
[0.113s] -- Up-to-date: /home/alexander/moveit2_ws/install/moveit_ros_control_interface/share/ament_index/resource_index/package_run_dependencies/moveit_ros_control_interface
[0.113s] -- Up-to-date: /home/alexander/moveit2_ws/install/moveit_ros_control_interface/share/ament_index/resource_index/parent_prefix_path/moveit_ros_control_interface
[0.113s] -- Up-to-date: /home/alexander/moveit2_ws/install/moveit_ros_control_interface/share/moveit_ros_control_interface/environment/ament_prefix_path.sh
[0.113s] -- Up-to-date: /home/alexander/moveit2_ws/install/moveit_ros_control_interface/share/moveit_ros_control_interface/environment/ament_prefix_path.dsv
[0.113s] -- Up-to-date: /home/alexander/moveit2_ws/install/moveit_ros_control_interface/share/moveit_ros_control_interface/environment/path.sh
[0.113s] -- Up-to-date: /home/alexander/moveit2_ws/install/moveit_ros_control_interface/share/moveit_ros_control_interface/environment/path.dsv
[0.113s] -- Up-to-date: /home/alexander/moveit2_ws/install/moveit_ros_control_interface/share/moveit_ros_control_interface/local_setup.bash
[0.113s] -- Up-to-date: /home/alexander/moveit2_ws/install/moveit_ros_control_interface/share/moveit_ros_control_interface/local_setup.sh
[0.113s] -- Up-to-date: /home/alexander/moveit2_ws/install/moveit_ros_control_interface/share/moveit_ros_control_interface/local_setup.zsh
[0.113s] -- Up-to-date: /home/alexander/moveit2_ws/install/moveit_ros_control_interface/share/moveit_ros_control_interface/local_setup.dsv
[0.113s] -- Installing: /home/alexander/moveit2_ws/install/moveit_ros_control_interface/share/moveit_ros_control_interface/package.dsv
[0.113s] -- Up-to-date: /home/alexander/moveit2_ws/install/moveit_ros_control_interface/share/ament_index/resource_index/packages/moveit_ros_control_interface
[0.114s] -- Up-to-date: /home/alexander/moveit2_ws/install/moveit_ros_control_interface/share/ament_index/resource_index/moveit_core__pluginlib__plugin/moveit_ros_control_interface
[0.114s] -- Up-to-date: /home/alexander/moveit2_ws/install/moveit_ros_control_interface/share/ament_index/resource_index/moveit_ros_control_interface__pluginlib__plugin/moveit_ros_control_interface
[0.114s] -- Up-to-date: /home/alexander/moveit2_ws/install/moveit_ros_control_interface/share/moveit_ros_control_interface/cmake/moveit_ros_control_interfaceTargetsExport.cmake
[0.114s] -- Up-to-date: /home/alexander/moveit2_ws/install/moveit_ros_control_interface/share/moveit_ros_control_interface/cmake/moveit_ros_control_interfaceTargetsExport-release.cmake
[0.114s] -- Up-to-date: /home/alexander/moveit2_ws/install/moveit_ros_control_interface/share/moveit_ros_control_interface/cmake/ConfigExtras.cmake
[0.114s] -- Up-to-date: /home/alexander/moveit2_ws/install/moveit_ros_control_interface/share/moveit_ros_control_interface/cmake/ament_cmake_export_targets-extras.cmake
[0.114s] -- Up-to-date: /home/alexander/moveit2_ws/install/moveit_ros_control_interface/share/moveit_ros_control_interface/cmake/ament_cmake_export_dependencies-extras.cmake
[0.114s] -- Up-to-date: /home/alexander/moveit2_ws/install/moveit_ros_control_interface/share/moveit_ros_control_interface/cmake/moveit_ros_control_interfaceConfig.cmake
[0.114s] -- Up-to-date: /home/alexander/moveit2_ws/install/moveit_ros_control_interface/share/moveit_ros_control_interface/cmake/moveit_ros_control_interfaceConfig-version.cmake
[0.114s] -- Up-to-date: /home/alexander/moveit2_ws/install/moveit_ros_control_interface/share/moveit_ros_control_interface/package.xml
[0.116s] Invoked command in '/home/alexander/moveit2_ws/build/moveit_ros_control_interface' returned '0': AMENT_PREFIX_PATH=/home/alexander/moveit2_ws/install/moveit_simple_controller_manager:/home/alexander/moveit2_ws/install/moveit_core:/home/alexander/moveit2_ws/install/moveit_common:${AMENT_PREFIX_PATH} CMAKE_PREFIX_PATH=/home/alexander/moveit2_ws/install/moveit_simple_controller_manager:/home/alexander/moveit2_ws/install/moveit_core:/home/alexander/moveit2_ws/install/moveit_common:/opt/ros/humble LD_LIBRARY_PATH=/home/alexander/moveit2_ws/install/moveit_simple_controller_manager/lib:/home/alexander/moveit2_ws/install/moveit_core/lib:${LD_LIBRARY_PATH} PATH=/home/alexander/moveit2_ws/install/moveit_core/bin:${PATH} /usr/bin/cmake --install /home/alexander/moveit2_ws/build/moveit_ros_control_interface
