[1.204s] Invoking command in '/home/alexander/moveit2_ws/src/moveit2-main/moveit_configs_utils': PYTHONPATH=/home/alexander/moveit2_ws/build/moveit_configs_utils/prefix_override:/home/alexander/moveit2_ws/install/moveit_configs_utils/lib/python3.10/site-packages:${PYTHONPATH} /usr/bin/python3 -W ignore:setup.py install is deprecated setup.py egg_info --egg-base ../../../build/moveit_configs_utils build --build-base /home/alexander/moveit2_ws/build/moveit_configs_utils/build install --record /home/alexander/moveit2_ws/build/moveit_configs_utils/install.log --single-version-externally-managed install_data
[1.490s] running egg_info
[1.490s] writing ../../../build/moveit_configs_utils/moveit_configs_utils.egg-info/PKG-INFO
[1.491s] writing dependency_links to ../../../build/moveit_configs_utils/moveit_configs_utils.egg-info/dependency_links.txt
[1.491s] writing entry points to ../../../build/moveit_configs_utils/moveit_configs_utils.egg-info/entry_points.txt
[1.491s] writing requirements to ../../../build/moveit_configs_utils/moveit_configs_utils.egg-info/requires.txt
[1.491s] writing top-level names to ../../../build/moveit_configs_utils/moveit_configs_utils.egg-info/top_level.txt
[1.493s] reading manifest file '../../../build/moveit_configs_utils/moveit_configs_utils.egg-info/SOURCES.txt'
[1.494s] writing manifest file '../../../build/moveit_configs_utils/moveit_configs_utils.egg-info/SOURCES.txt'
[1.494s] running build
[1.494s] running build_py
[1.495s] running install
[1.496s] running install_lib
[1.499s] running install_data
[1.500s] running install_egg_info
[1.502s] removing '/home/alexander/moveit2_ws/install/moveit_configs_utils/lib/python3.10/site-packages/moveit_configs_utils-2.9.0-py3.10.egg-info' (and everything under it)
[1.503s] Copying ../../../build/moveit_configs_utils/moveit_configs_utils.egg-info to /home/alexander/moveit2_ws/install/moveit_configs_utils/lib/python3.10/site-packages/moveit_configs_utils-2.9.0-py3.10.egg-info
[1.504s] running install_scripts
[1.521s] writing list of installed files to '/home/alexander/moveit2_ws/build/moveit_configs_utils/install.log'
[1.543s] Invoked command in '/home/alexander/moveit2_ws/src/moveit2-main/moveit_configs_utils' returned '0': PYTHONPATH=/home/alexander/moveit2_ws/build/moveit_configs_utils/prefix_override:/home/alexander/moveit2_ws/install/moveit_configs_utils/lib/python3.10/site-packages:${PYTHONPATH} /usr/bin/python3 -W ignore:setup.py install is deprecated setup.py egg_info --egg-base ../../../build/moveit_configs_utils build --build-base /home/alexander/moveit2_ws/build/moveit_configs_utils/build install --record /home/alexander/moveit2_ws/build/moveit_configs_utils/install.log --single-version-externally-managed install_data
