[0.021s] Invoking command in '/home/alexander/moveit2_ws/build/moveit_setup_srdf_plugins': AMENT_PREFIX_PATH=/home/alexander/moveit2_ws/install/moveit_setup_framework:/home/alexander/moveit2_ws/install/moveit_ros_visualization:/home/alexander/moveit2_ws/install/moveit_ros_planning_interface:/home/alexander/moveit2_ws/install/moveit_ros_move_group:/home/alexander/moveit2_ws/install/moveit_ros_warehouse:/home/alexander/moveit2_ws/install/moveit_ros_robot_interaction:/home/alexander/moveit2_ws/install/moveit_kinematics:/home/alexander/moveit2_ws/install/moveit_ros_planning:/home/alexander/moveit2_ws/install/moveit_ros_occupancy_map_monitor:/home/alexander/moveit2_ws/install/moveit_core:/home/alexander/moveit2_ws/install/moveit_common:${AMENT_PREFIX_PATH} CMAKE_PREFIX_PATH=/home/alexander/moveit2_ws/install/moveit_setup_framework:/home/alexander/moveit2_ws/install/moveit_ros_visualization:/home/alexander/moveit2_ws/install/moveit_ros_planning_interface:/home/alexander/moveit2_ws/install/moveit_ros_move_group:/home/alexander/moveit2_ws/install/moveit_ros_warehouse:/home/alexander/moveit2_ws/install/moveit_ros_robot_interaction:/home/alexander/moveit2_ws/install/moveit_kinematics:/home/alexander/moveit2_ws/install/moveit_ros_planning:/home/alexander/moveit2_ws/install/moveit_ros_occupancy_map_monitor:/home/alexander/moveit2_ws/install/moveit_core:/home/alexander/moveit2_ws/install/moveit_common:/opt/ros/humble LD_LIBRARY_PATH=/home/alexander/moveit2_ws/install/moveit_setup_framework/lib:/home/alexander/moveit2_ws/install/moveit_ros_visualization/lib:/home/alexander/moveit2_ws/install/moveit_ros_planning_interface/lib:/home/alexander/moveit2_ws/install/moveit_ros_move_group/lib:/home/alexander/moveit2_ws/install/moveit_ros_warehouse/lib:/home/alexander/moveit2_ws/install/moveit_ros_robot_interaction/lib:/home/alexander/moveit2_ws/install/moveit_kinematics/lib:/home/alexander/moveit2_ws/install/moveit_ros_planning/lib:/home/alexander/moveit2_ws/install/moveit_ros_occupancy_map_monitor/lib:/home/alexander/moveit2_ws/install/moveit_core/lib:${LD_LIBRARY_PATH} PATH=/home/alexander/moveit2_ws/install/moveit_core/bin:${PATH} /usr/bin/cmake --build /home/alexander/moveit2_ws/build/moveit_setup_srdf_plugins -- -j14 -l14
[0.079s] [  4%] Built target gtest
[0.080s] [  8%] Built target gtest_main
[0.090s] [ 10%] [32mBuilding CXX object CMakeFiles/moveit_setup_srdf_plugins.dir/src/default_collisions.cpp.o[0m
[0.091s] [ 12%] [32mBuilding CXX object CMakeFiles/moveit_setup_srdf_plugins.dir/src/end_effectors.cpp.o[0m
[0.091s] [ 14%] [32mBuilding CXX object CMakeFiles/moveit_setup_srdf_plugins.dir/src/group_edit_widget.cpp.o[0m
[0.091s] [ 16%] [32mBuilding CXX object CMakeFiles/moveit_setup_srdf_plugins.dir/src/compute_default_collisions.cpp.o[0m
[0.092s] [ 18%] [32mBuilding CXX object CMakeFiles/moveit_setup_srdf_plugins.dir/src/passive_joints_widget.cpp.o[0m
[0.093s] [ 20%] [32mBuilding CXX object CMakeFiles/moveit_setup_srdf_plugins.dir/src/default_collisions_widget.cpp.o[0m
[0.093s] [ 22%] [32mBuilding CXX object CMakeFiles/moveit_setup_srdf_plugins.dir/src/passive_joints.cpp.o[0m
[0.095s] [ 25%] [32mBuilding CXX object CMakeFiles/moveit_setup_srdf_plugins.dir/src/end_effectors_widget.cpp.o[0m
[0.095s] [ 27%] [32mBuilding CXX object CMakeFiles/moveit_setup_srdf_plugins.dir/src/kinematic_chain_widget.cpp.o[0m
[0.097s] [ 29%] [32mBuilding CXX object CMakeFiles/moveit_setup_srdf_plugins.dir/src/robot_poses.cpp.o[0m
[0.098s] [ 31%] [32mBuilding CXX object CMakeFiles/moveit_setup_srdf_plugins.dir/src/rotated_header_view.cpp.o[0m
[0.099s] [ 33%] [32mBuilding CXX object CMakeFiles/moveit_setup_srdf_plugins.dir/src/planning_groups_widget.cpp.o[0m
[0.099s] [ 35%] [32mBuilding CXX object CMakeFiles/moveit_setup_srdf_plugins.dir/src/robot_poses_widget.cpp.o[0m
[0.100s] [ 37%] [32mBuilding CXX object CMakeFiles/moveit_setup_srdf_plugins.dir/src/planning_groups.cpp.o[0m
[1.900s] [ 39%] [32mBuilding CXX object CMakeFiles/moveit_setup_srdf_plugins.dir/src/virtual_joints.cpp.o[0m
[14.457s] [ 41%] [32mBuilding CXX object CMakeFiles/moveit_setup_srdf_plugins.dir/src/virtual_joints_widget.cpp.o[0m
[14.515s] [ 43%] [32mBuilding CXX object CMakeFiles/moveit_setup_srdf_plugins.dir/include/moveit_setup_srdf_plugins/moc_collision_linear_model.cpp.o[0m
[16.207s] [ 45%] [32mBuilding CXX object CMakeFiles/moveit_setup_srdf_plugins.dir/include/moveit_setup_srdf_plugins/moc_collision_matrix_model.cpp.o[0m
[16.530s] [ 47%] [32mBuilding CXX object CMakeFiles/moveit_setup_srdf_plugins.dir/include/moveit_setup_srdf_plugins/moc_default_collisions_widget.cpp.o[0m
[17.356s] [ 50%] [32mBuilding CXX object CMakeFiles/moveit_setup_srdf_plugins.dir/include/moveit_setup_srdf_plugins/moc_end_effectors_widget.cpp.o[0m
[17.514s] [ 52%] [32mBuilding CXX object CMakeFiles/moveit_setup_srdf_plugins.dir/include/moveit_setup_srdf_plugins/moc_group_edit_widget.cpp.o[0m
[17.756s] [ 54%] [32mBuilding CXX object CMakeFiles/moveit_setup_srdf_plugins.dir/include/moveit_setup_srdf_plugins/moc_kinematic_chain_widget.cpp.o[0m
[19.148s] [ 56%] [32mBuilding CXX object CMakeFiles/moveit_setup_srdf_plugins.dir/include/moveit_setup_srdf_plugins/moc_passive_joints_widget.cpp.o[0m
[21.438s] [ 58%] [32mBuilding CXX object CMakeFiles/moveit_setup_srdf_plugins.dir/include/moveit_setup_srdf_plugins/moc_planning_groups_widget.cpp.o[0m
[21.446s] [ 60%] [32mBuilding CXX object CMakeFiles/moveit_setup_srdf_plugins.dir/include/moveit_setup_srdf_plugins/moc_robot_poses_widget.cpp.o[0m
[21.802s] [ 62%] [32mBuilding CXX object CMakeFiles/moveit_setup_srdf_plugins.dir/include/moveit_setup_srdf_plugins/moc_rotated_header_view.cpp.o[0m
[21.831s] [ 64%] [32mBuilding CXX object CMakeFiles/moveit_setup_srdf_plugins.dir/include/moveit_setup_srdf_plugins/moc_virtual_joints_widget.cpp.o[0m
[37.080s] [ 66%] [32m[1mLinking CXX shared library libmoveit_setup_srdf_plugins.so[0m
[37.579s] [ 95%] Built target moveit_setup_srdf_plugins
[37.605s] [ 97%] [32mBuilding CXX object CMakeFiles/test_srdf.dir/test/test_srdf.cpp.o[0m
[47.729s] [100%] [32m[1mLinking CXX executable test_srdf[0m
[48.295s] [100%] Built target test_srdf
[48.304s] Invoked command in '/home/alexander/moveit2_ws/build/moveit_setup_srdf_plugins' returned '0': AMENT_PREFIX_PATH=/home/alexander/moveit2_ws/install/moveit_setup_framework:/home/alexander/moveit2_ws/install/moveit_ros_visualization:/home/alexander/moveit2_ws/install/moveit_ros_planning_interface:/home/alexander/moveit2_ws/install/moveit_ros_move_group:/home/alexander/moveit2_ws/install/moveit_ros_warehouse:/home/alexander/moveit2_ws/install/moveit_ros_robot_interaction:/home/alexander/moveit2_ws/install/moveit_kinematics:/home/alexander/moveit2_ws/install/moveit_ros_planning:/home/alexander/moveit2_ws/install/moveit_ros_occupancy_map_monitor:/home/alexander/moveit2_ws/install/moveit_core:/home/alexander/moveit2_ws/install/moveit_common:${AMENT_PREFIX_PATH} CMAKE_PREFIX_PATH=/home/alexander/moveit2_ws/install/moveit_setup_framework:/home/alexander/moveit2_ws/install/moveit_ros_visualization:/home/alexander/moveit2_ws/install/moveit_ros_planning_interface:/home/alexander/moveit2_ws/install/moveit_ros_move_group:/home/alexander/moveit2_ws/install/moveit_ros_warehouse:/home/alexander/moveit2_ws/install/moveit_ros_robot_interaction:/home/alexander/moveit2_ws/install/moveit_kinematics:/home/alexander/moveit2_ws/install/moveit_ros_planning:/home/alexander/moveit2_ws/install/moveit_ros_occupancy_map_monitor:/home/alexander/moveit2_ws/install/moveit_core:/home/alexander/moveit2_ws/install/moveit_common:/opt/ros/humble LD_LIBRARY_PATH=/home/alexander/moveit2_ws/install/moveit_setup_framework/lib:/home/alexander/moveit2_ws/install/moveit_ros_visualization/lib:/home/alexander/moveit2_ws/install/moveit_ros_planning_interface/lib:/home/alexander/moveit2_ws/install/moveit_ros_move_group/lib:/home/alexander/moveit2_ws/install/moveit_ros_warehouse/lib:/home/alexander/moveit2_ws/install/moveit_ros_robot_interaction/lib:/home/alexander/moveit2_ws/install/moveit_kinematics/lib:/home/alexander/moveit2_ws/install/moveit_ros_planning/lib:/home/alexander/moveit2_ws/install/moveit_ros_occupancy_map_monitor/lib:/home/alexander/moveit2_ws/install/moveit_core/lib:${LD_LIBRARY_PATH} PATH=/home/alexander/moveit2_ws/install/moveit_core/bin:${PATH} /usr/bin/cmake --build /home/alexander/moveit2_ws/build/moveit_setup_srdf_plugins -- -j14 -l14
[48.380s] Invoking command in '/home/alexander/moveit2_ws/build/moveit_setup_srdf_plugins': AMENT_PREFIX_PATH=/home/alexander/moveit2_ws/install/moveit_setup_framework:/home/alexander/moveit2_ws/install/moveit_ros_visualization:/home/alexander/moveit2_ws/install/moveit_ros_planning_interface:/home/alexander/moveit2_ws/install/moveit_ros_move_group:/home/alexander/moveit2_ws/install/moveit_ros_warehouse:/home/alexander/moveit2_ws/install/moveit_ros_robot_interaction:/home/alexander/moveit2_ws/install/moveit_kinematics:/home/alexander/moveit2_ws/install/moveit_ros_planning:/home/alexander/moveit2_ws/install/moveit_ros_occupancy_map_monitor:/home/alexander/moveit2_ws/install/moveit_core:/home/alexander/moveit2_ws/install/moveit_common:${AMENT_PREFIX_PATH} CMAKE_PREFIX_PATH=/home/alexander/moveit2_ws/install/moveit_setup_framework:/home/alexander/moveit2_ws/install/moveit_ros_visualization:/home/alexander/moveit2_ws/install/moveit_ros_planning_interface:/home/alexander/moveit2_ws/install/moveit_ros_move_group:/home/alexander/moveit2_ws/install/moveit_ros_warehouse:/home/alexander/moveit2_ws/install/moveit_ros_robot_interaction:/home/alexander/moveit2_ws/install/moveit_kinematics:/home/alexander/moveit2_ws/install/moveit_ros_planning:/home/alexander/moveit2_ws/install/moveit_ros_occupancy_map_monitor:/home/alexander/moveit2_ws/install/moveit_core:/home/alexander/moveit2_ws/install/moveit_common:/opt/ros/humble LD_LIBRARY_PATH=/home/alexander/moveit2_ws/install/moveit_setup_framework/lib:/home/alexander/moveit2_ws/install/moveit_ros_visualization/lib:/home/alexander/moveit2_ws/install/moveit_ros_planning_interface/lib:/home/alexander/moveit2_ws/install/moveit_ros_move_group/lib:/home/alexander/moveit2_ws/install/moveit_ros_warehouse/lib:/home/alexander/moveit2_ws/install/moveit_ros_robot_interaction/lib:/home/alexander/moveit2_ws/install/moveit_kinematics/lib:/home/alexander/moveit2_ws/install/moveit_ros_planning/lib:/home/alexander/moveit2_ws/install/moveit_ros_occupancy_map_monitor/lib:/home/alexander/moveit2_ws/install/moveit_core/lib:${LD_LIBRARY_PATH} PATH=/home/alexander/moveit2_ws/install/moveit_core/bin:${PATH} /usr/bin/cmake --install /home/alexander/moveit2_ws/build/moveit_setup_srdf_plugins
[48.386s] -- Install configuration: "Release"
[48.387s] -- Installing: /home/alexander/moveit2_ws/install/moveit_setup_srdf_plugins/lib/libmoveit_setup_srdf_plugins.so
[48.388s] -- Set runtime path of "/home/alexander/moveit2_ws/install/moveit_setup_srdf_plugins/lib/libmoveit_setup_srdf_plugins.so" to ""
[48.388s] -- Installing: /home/alexander/moveit2_ws/install/moveit_setup_srdf_plugins/share/moveit_setup_srdf_plugins/moveit_setup_framework_plugins.xml
[48.389s] -- Installing: /home/alexander/moveit2_ws/install/moveit_setup_srdf_plugins/include/moveit_setup_srdf_plugins
[48.389s] -- Installing: /home/alexander/moveit2_ws/install/moveit_setup_srdf_plugins/include/moveit_setup_srdf_plugins/moveit_setup_srdf_plugins
[48.389s] -- Installing: /home/alexander/moveit2_ws/install/moveit_setup_srdf_plugins/include/moveit_setup_srdf_plugins/moveit_setup_srdf_plugins/group_edit_widget.hpp
[48.389s] -- Installing: /home/alexander/moveit2_ws/install/moveit_setup_srdf_plugins/include/moveit_setup_srdf_plugins/moveit_setup_srdf_plugins/robot_poses_widget.hpp
[48.390s] -- Installing: /home/alexander/moveit2_ws/install/moveit_setup_srdf_plugins/include/moveit_setup_srdf_plugins/moveit_setup_srdf_plugins/collision_linear_model.hpp
[48.390s] -- Installing: /home/alexander/moveit2_ws/install/moveit_setup_srdf_plugins/include/moveit_setup_srdf_plugins/moveit_setup_srdf_plugins/srdf_step.hpp
[48.390s] -- Installing: /home/alexander/moveit2_ws/install/moveit_setup_srdf_plugins/include/moveit_setup_srdf_plugins/moveit_setup_srdf_plugins/default_collisions_widget.hpp
[48.390s] -- Installing: /home/alexander/moveit2_ws/install/moveit_setup_srdf_plugins/include/moveit_setup_srdf_plugins/moveit_setup_srdf_plugins/planning_groups.hpp
[48.390s] -- Installing: /home/alexander/moveit2_ws/install/moveit_setup_srdf_plugins/include/moveit_setup_srdf_plugins/moveit_setup_srdf_plugins/passive_joints_widget.hpp
[48.390s] -- Installing: /home/alexander/moveit2_ws/install/moveit_setup_srdf_plugins/include/moveit_setup_srdf_plugins/moveit_setup_srdf_plugins/rotated_header_view.hpp
[48.390s] -- Installing: /home/alexander/moveit2_ws/install/moveit_setup_srdf_plugins/include/moveit_setup_srdf_plugins/moveit_setup_srdf_plugins/virtual_joints.hpp
[48.390s] -- Installing: /home/alexander/moveit2_ws/install/moveit_setup_srdf_plugins/include/moveit_setup_srdf_plugins/moveit_setup_srdf_plugins/kinematic_chain_widget.hpp
[48.390s] -- Installing: /home/alexander/moveit2_ws/install/moveit_setup_srdf_plugins/include/moveit_setup_srdf_plugins/moveit_setup_srdf_plugins/virtual_joints_widget.hpp
[48.390s] -- Installing: /home/alexander/moveit2_ws/install/moveit_setup_srdf_plugins/include/moveit_setup_srdf_plugins/moveit_setup_srdf_plugins/end_effectors.hpp
[48.391s] -- Installing: /home/alexander/moveit2_ws/install/moveit_setup_srdf_plugins/include/moveit_setup_srdf_plugins/moveit_setup_srdf_plugins/passive_joints.hpp
[48.391s] -- Installing: /home/alexander/moveit2_ws/install/moveit_setup_srdf_plugins/include/moveit_setup_srdf_plugins/moveit_setup_srdf_plugins/default_collisions.hpp
[48.391s] -- Installing: /home/alexander/moveit2_ws/install/moveit_setup_srdf_plugins/include/moveit_setup_srdf_plugins/moveit_setup_srdf_plugins/collision_matrix_model.hpp
[48.391s] -- Installing: /home/alexander/moveit2_ws/install/moveit_setup_srdf_plugins/include/moveit_setup_srdf_plugins/moveit_setup_srdf_plugins/robot_poses.hpp
[48.391s] -- Installing: /home/alexander/moveit2_ws/install/moveit_setup_srdf_plugins/include/moveit_setup_srdf_plugins/moveit_setup_srdf_plugins/end_effectors_widget.hpp
[48.391s] -- Installing: /home/alexander/moveit2_ws/install/moveit_setup_srdf_plugins/include/moveit_setup_srdf_plugins/moveit_setup_srdf_plugins/group_meta_config.hpp
[48.391s] -- Installing: /home/alexander/moveit2_ws/install/moveit_setup_srdf_plugins/include/moveit_setup_srdf_plugins/moveit_setup_srdf_plugins/planning_groups_widget.hpp
[48.394s] -- Installing: /home/alexander/moveit2_ws/install/moveit_setup_srdf_plugins/include/moveit_setup_srdf_plugins/moveit_setup_srdf_plugins/compute_default_collisions.hpp
[48.394s] -- Installing: /home/alexander/moveit2_ws/install/moveit_setup_srdf_plugins/share/moveit_setup_srdf_plugins/environment/library_path.sh
[48.396s] -- Installing: /home/alexander/moveit2_ws/install/moveit_setup_srdf_plugins/share/moveit_setup_srdf_plugins/environment/library_path.dsv
[48.397s] -- Up-to-date: /home/alexander/moveit2_ws/install/moveit_setup_srdf_plugins/share/moveit_setup_srdf_plugins/moveit_setup_framework_plugins.xml
[48.397s] -- Installing: /home/alexander/moveit2_ws/install/moveit_setup_srdf_plugins/share/ament_index/resource_index/package_run_dependencies/moveit_setup_srdf_plugins
[48.397s] -- Installing: /home/alexander/moveit2_ws/install/moveit_setup_srdf_plugins/share/ament_index/resource_index/parent_prefix_path/moveit_setup_srdf_plugins
[48.398s] -- Installing: /home/alexander/moveit2_ws/install/moveit_setup_srdf_plugins/share/moveit_setup_srdf_plugins/environment/ament_prefix_path.sh
[48.398s] -- Installing: /home/alexander/moveit2_ws/install/moveit_setup_srdf_plugins/share/moveit_setup_srdf_plugins/environment/ament_prefix_path.dsv
[48.398s] -- Installing: /home/alexander/moveit2_ws/install/moveit_setup_srdf_plugins/share/moveit_setup_srdf_plugins/environment/path.sh
[48.398s] -- Installing: /home/alexander/moveit2_ws/install/moveit_setup_srdf_plugins/share/moveit_setup_srdf_plugins/environment/path.dsv
[48.398s] -- Installing: /home/alexander/moveit2_ws/install/moveit_setup_srdf_plugins/share/moveit_setup_srdf_plugins/local_setup.bash
[48.399s] -- Installing: /home/alexander/moveit2_ws/install/moveit_setup_srdf_plugins/share/moveit_setup_srdf_plugins/local_setup.sh
[48.399s] -- Installing: /home/alexander/moveit2_ws/install/moveit_setup_srdf_plugins/share/moveit_setup_srdf_plugins/local_setup.zsh
[48.399s] -- Installing: /home/alexander/moveit2_ws/install/moveit_setup_srdf_plugins/share/moveit_setup_srdf_plugins/local_setup.dsv
[48.399s] -- Installing: /home/alexander/moveit2_ws/install/moveit_setup_srdf_plugins/share/moveit_setup_srdf_plugins/package.dsv
[48.400s] -- Installing: /home/alexander/moveit2_ws/install/moveit_setup_srdf_plugins/share/ament_index/resource_index/packages/moveit_setup_srdf_plugins
[48.400s] -- Installing: /home/alexander/moveit2_ws/install/moveit_setup_srdf_plugins/share/ament_index/resource_index/moveit_setup_framework__pluginlib__plugin/moveit_setup_srdf_plugins
[48.400s] -- Installing: /home/alexander/moveit2_ws/install/moveit_setup_srdf_plugins/share/moveit_setup_srdf_plugins/cmake/moveit_setup_srdf_pluginsTargetsExport.cmake
[48.401s] -- Installing: /home/alexander/moveit2_ws/install/moveit_setup_srdf_plugins/share/moveit_setup_srdf_plugins/cmake/moveit_setup_srdf_pluginsTargetsExport-release.cmake
[48.401s] -- Installing: /home/alexander/moveit2_ws/install/moveit_setup_srdf_plugins/share/moveit_setup_srdf_plugins/cmake/ament_cmake_export_targets-extras.cmake
[48.401s] -- Installing: /home/alexander/moveit2_ws/install/moveit_setup_srdf_plugins/share/moveit_setup_srdf_plugins/cmake/moveit_setup_srdf_pluginsConfig.cmake
[48.402s] -- Installing: /home/alexander/moveit2_ws/install/moveit_setup_srdf_plugins/share/moveit_setup_srdf_plugins/cmake/moveit_setup_srdf_pluginsConfig-version.cmake
[48.402s] -- Installing: /home/alexander/moveit2_ws/install/moveit_setup_srdf_plugins/share/moveit_setup_srdf_plugins/package.xml
[48.404s] Invoked command in '/home/alexander/moveit2_ws/build/moveit_setup_srdf_plugins' returned '0': AMENT_PREFIX_PATH=/home/alexander/moveit2_ws/install/moveit_setup_framework:/home/alexander/moveit2_ws/install/moveit_ros_visualization:/home/alexander/moveit2_ws/install/moveit_ros_planning_interface:/home/alexander/moveit2_ws/install/moveit_ros_move_group:/home/alexander/moveit2_ws/install/moveit_ros_warehouse:/home/alexander/moveit2_ws/install/moveit_ros_robot_interaction:/home/alexander/moveit2_ws/install/moveit_kinematics:/home/alexander/moveit2_ws/install/moveit_ros_planning:/home/alexander/moveit2_ws/install/moveit_ros_occupancy_map_monitor:/home/alexander/moveit2_ws/install/moveit_core:/home/alexander/moveit2_ws/install/moveit_common:${AMENT_PREFIX_PATH} CMAKE_PREFIX_PATH=/home/alexander/moveit2_ws/install/moveit_setup_framework:/home/alexander/moveit2_ws/install/moveit_ros_visualization:/home/alexander/moveit2_ws/install/moveit_ros_planning_interface:/home/alexander/moveit2_ws/install/moveit_ros_move_group:/home/alexander/moveit2_ws/install/moveit_ros_warehouse:/home/alexander/moveit2_ws/install/moveit_ros_robot_interaction:/home/alexander/moveit2_ws/install/moveit_kinematics:/home/alexander/moveit2_ws/install/moveit_ros_planning:/home/alexander/moveit2_ws/install/moveit_ros_occupancy_map_monitor:/home/alexander/moveit2_ws/install/moveit_core:/home/alexander/moveit2_ws/install/moveit_common:/opt/ros/humble LD_LIBRARY_PATH=/home/alexander/moveit2_ws/install/moveit_setup_framework/lib:/home/alexander/moveit2_ws/install/moveit_ros_visualization/lib:/home/alexander/moveit2_ws/install/moveit_ros_planning_interface/lib:/home/alexander/moveit2_ws/install/moveit_ros_move_group/lib:/home/alexander/moveit2_ws/install/moveit_ros_warehouse/lib:/home/alexander/moveit2_ws/install/moveit_ros_robot_interaction/lib:/home/alexander/moveit2_ws/install/moveit_kinematics/lib:/home/alexander/moveit2_ws/install/moveit_ros_planning/lib:/home/alexander/moveit2_ws/install/moveit_ros_occupancy_map_monitor/lib:/home/alexander/moveit2_ws/install/moveit_core/lib:${LD_LIBRARY_PATH} PATH=/home/alexander/moveit2_ws/install/moveit_core/bin:${PATH} /usr/bin/cmake --install /home/alexander/moveit2_ws/build/moveit_setup_srdf_plugins
