-- Found ament_cmake: 1.3.8 (/opt/ros/humble/share/ament_cmake/cmake)
-- Configuring done
-- Generating done
-- Build files have been written to: /home/alexander/moveit2_ws/build/moveit_runtime
-- Install configuration: "Release"
-- Up-to-date: /home/alexander/moveit2_ws/install/moveit_runtime/share/ament_index/resource_index/package_run_dependencies/moveit_runtime
-- Installing: /home/alexander/moveit2_ws/install/moveit_runtime/share/ament_index/resource_index/parent_prefix_path/moveit_runtime
-- Up-to-date: /home/alexander/moveit2_ws/install/moveit_runtime/share/moveit_runtime/environment/ament_prefix_path.sh
-- Installing: /home/alexander/moveit2_ws/install/moveit_runtime/share/moveit_runtime/environment/ament_prefix_path.dsv
-- Up-to-date: /home/alexander/moveit2_ws/install/moveit_runtime/share/moveit_runtime/environment/path.sh
-- Installing: /home/alexander/moveit2_ws/install/moveit_runtime/share/moveit_runtime/environment/path.dsv
-- Up-to-date: /home/alexander/moveit2_ws/install/moveit_runtime/share/moveit_runtime/local_setup.bash
-- Up-to-date: /home/alexander/moveit2_ws/install/moveit_runtime/share/moveit_runtime/local_setup.sh
-- Up-to-date: /home/alexander/moveit2_ws/install/moveit_runtime/share/moveit_runtime/local_setup.zsh
-- Installing: /home/alexander/moveit2_ws/install/moveit_runtime/share/moveit_runtime/local_setup.dsv
-- Installing: /home/alexander/moveit2_ws/install/moveit_runtime/share/moveit_runtime/package.dsv
-- Up-to-date: /home/alexander/moveit2_ws/install/moveit_runtime/share/ament_index/resource_index/packages/moveit_runtime
-- Up-to-date: /home/alexander/moveit2_ws/install/moveit_runtime/share/moveit_runtime/cmake/moveit_runtimeConfig.cmake
-- Up-to-date: /home/alexander/moveit2_ws/install/moveit_runtime/share/moveit_runtime/cmake/moveit_runtimeConfig-version.cmake
-- Up-to-date: /home/alexander/moveit2_ws/install/moveit_runtime/share/moveit_runtime/package.xml
