[0.011s] Invoking command in '/home/alexander/moveit2_ws/build/moveit_kinematics': AMENT_PREFIX_PATH=/home/alexander/moveit2_ws/install/moveit_ros_planning:/home/alexander/moveit2_ws/install/moveit_ros_occupancy_map_monitor:/home/alexander/moveit2_ws/install/moveit_core:/home/alexander/moveit2_ws/install/moveit_configs_utils:/home/alexander/moveit2_ws/install/moveit_common:${AMENT_PREFIX_PATH} CMAKE_PREFIX_PATH=/home/alexander/moveit2_ws/install/moveit_ros_planning:/home/alexander/moveit2_ws/install/moveit_ros_occupancy_map_monitor:/home/alexander/moveit2_ws/install/moveit_core:/home/alexander/moveit2_ws/install/moveit_common:/opt/ros/humble LD_LIBRARY_PATH=/home/alexander/moveit2_ws/install/moveit_ros_planning/lib:/home/alexander/moveit2_ws/install/moveit_ros_occupancy_map_monitor/lib:/home/alexander/moveit2_ws/install/moveit_core/lib:${LD_LIBRARY_PATH} PATH=/home/alexander/moveit2_ws/install/moveit_core/bin:${PATH} PYTHONPATH=/home/alexander/moveit2_ws/install/moveit_configs_utils/lib/python3.10/site-packages:${PYTHONPATH} /usr/bin/cmake --build /home/alexander/moveit2_ws/build/moveit_kinematics -- -j14 -l14
[0.062s] [  5%] Built target cached_ik_kinematics_parameters
[0.062s] [ 10%] Built target kdl_kinematics_parameters
[0.062s] [ 15%] Built target srv_kinematics_parameters
[0.063s] [ 25%] Built target gtest
[0.064s] [ 35%] Built target gtest_main
[0.077s] [ 45%] Built target benchmark_ik
[0.088s] [ 70%] Built target moveit_kdl_kinematics_plugin
[0.088s] [ 70%] Built target moveit_srv_kinematics_plugin
[0.142s] [ 80%] Built target moveit_cached_ik_kinematics_base
[0.142s] [ 90%] Built target test_kinematics_plugin
[0.168s] [100%] Built target moveit_cached_ik_kinematics_plugin
[0.176s] Invoked command in '/home/alexander/moveit2_ws/build/moveit_kinematics' returned '0': AMENT_PREFIX_PATH=/home/alexander/moveit2_ws/install/moveit_ros_planning:/home/alexander/moveit2_ws/install/moveit_ros_occupancy_map_monitor:/home/alexander/moveit2_ws/install/moveit_core:/home/alexander/moveit2_ws/install/moveit_configs_utils:/home/alexander/moveit2_ws/install/moveit_common:${AMENT_PREFIX_PATH} CMAKE_PREFIX_PATH=/home/alexander/moveit2_ws/install/moveit_ros_planning:/home/alexander/moveit2_ws/install/moveit_ros_occupancy_map_monitor:/home/alexander/moveit2_ws/install/moveit_core:/home/alexander/moveit2_ws/install/moveit_common:/opt/ros/humble LD_LIBRARY_PATH=/home/alexander/moveit2_ws/install/moveit_ros_planning/lib:/home/alexander/moveit2_ws/install/moveit_ros_occupancy_map_monitor/lib:/home/alexander/moveit2_ws/install/moveit_core/lib:${LD_LIBRARY_PATH} PATH=/home/alexander/moveit2_ws/install/moveit_core/bin:${PATH} PYTHONPATH=/home/alexander/moveit2_ws/install/moveit_configs_utils/lib/python3.10/site-packages:${PYTHONPATH} /usr/bin/cmake --build /home/alexander/moveit2_ws/build/moveit_kinematics -- -j14 -l14
[0.201s] Invoking command in '/home/alexander/moveit2_ws/build/moveit_kinematics': AMENT_PREFIX_PATH=/home/alexander/moveit2_ws/install/moveit_ros_planning:/home/alexander/moveit2_ws/install/moveit_ros_occupancy_map_monitor:/home/alexander/moveit2_ws/install/moveit_core:/home/alexander/moveit2_ws/install/moveit_configs_utils:/home/alexander/moveit2_ws/install/moveit_common:${AMENT_PREFIX_PATH} CMAKE_PREFIX_PATH=/home/alexander/moveit2_ws/install/moveit_ros_planning:/home/alexander/moveit2_ws/install/moveit_ros_occupancy_map_monitor:/home/alexander/moveit2_ws/install/moveit_core:/home/alexander/moveit2_ws/install/moveit_common:/opt/ros/humble LD_LIBRARY_PATH=/home/alexander/moveit2_ws/install/moveit_ros_planning/lib:/home/alexander/moveit2_ws/install/moveit_ros_occupancy_map_monitor/lib:/home/alexander/moveit2_ws/install/moveit_core/lib:${LD_LIBRARY_PATH} PATH=/home/alexander/moveit2_ws/install/moveit_core/bin:${PATH} PYTHONPATH=/home/alexander/moveit2_ws/install/moveit_configs_utils/lib/python3.10/site-packages:${PYTHONPATH} /usr/bin/cmake --install /home/alexander/moveit2_ws/build/moveit_kinematics
[0.206s] -- Install configuration: "Release"
[0.206s] -- Up-to-date: /home/alexander/moveit2_ws/install/moveit_kinematics/share/moveit_kinematics/kdl_kinematics_plugin_description.xml
[0.207s] -- Up-to-date: /home/alexander/moveit2_ws/install/moveit_kinematics/share/moveit_kinematics/srv_kinematics_plugin_description.xml
[0.207s] -- Up-to-date: /home/alexander/moveit2_ws/install/moveit_kinematics/share/moveit_kinematics/cached_ik_kinematics_plugin_description.xml
[0.207s] -- Up-to-date: /home/alexander/moveit2_ws/install/moveit_kinematics/include/cached_ik_kinematics_parameters
[0.207s] -- Up-to-date: /home/alexander/moveit2_ws/install/moveit_kinematics/include/cached_ik_kinematics_parameters/cached_ik_kinematics_parameters.hpp
[0.207s] -- Up-to-date: /home/alexander/moveit2_ws/install/moveit_kinematics/include/moveit_kinematics
[0.207s] -- Up-to-date: /home/alexander/moveit2_ws/install/moveit_kinematics/include/moveit_kinematics/moveit
[0.207s] -- Up-to-date: /home/alexander/moveit2_ws/install/moveit_kinematics/include/moveit_kinematics/moveit/cached_ik_kinematics_plugin
[0.207s] -- Up-to-date: /home/alexander/moveit2_ws/install/moveit_kinematics/include/moveit_kinematics/moveit/cached_ik_kinematics_plugin/detail
[0.207s] -- Up-to-date: /home/alexander/moveit2_ws/install/moveit_kinematics/include/moveit_kinematics/moveit/cached_ik_kinematics_plugin/detail/NearestNeighbors.h
[0.207s] -- Up-to-date: /home/alexander/moveit2_ws/install/moveit_kinematics/include/moveit_kinematics/moveit/cached_ik_kinematics_plugin/detail/GreedyKCenters.h
[0.207s] -- Up-to-date: /home/alexander/moveit2_ws/install/moveit_kinematics/include/moveit_kinematics/moveit/cached_ik_kinematics_plugin/detail/NearestNeighborsGNAT.h
[0.207s] -- Up-to-date: /home/alexander/moveit2_ws/install/moveit_kinematics/include/moveit_kinematics/moveit/cached_ik_kinematics_plugin/cached_ik_kinematics_parameters.yaml
[0.207s] -- Up-to-date: /home/alexander/moveit2_ws/install/moveit_kinematics/include/moveit_kinematics/moveit/cached_ik_kinematics_plugin/cached_ik_kinematics_plugin.h
[0.208s] -- Up-to-date: /home/alexander/moveit2_ws/install/moveit_kinematics/include/moveit_kinematics/moveit/cached_ik_kinematics_plugin/cached_ik_kinematics_plugin-inl.h
[0.208s] -- Up-to-date: /home/alexander/moveit2_ws/install/moveit_kinematics/share/moveit_kinematics/launch
[0.208s] -- Up-to-date: /home/alexander/moveit2_ws/install/moveit_kinematics/share/moveit_kinematics/launch/measure_ik_call_cost.launch
[0.208s] -- Up-to-date: /home/alexander/moveit2_ws/install/moveit_kinematics/lib/moveit_kinematics/auto_create_ikfast_moveit_plugin.sh
[0.208s] -- Up-to-date: /home/alexander/moveit2_ws/install/moveit_kinematics/lib/moveit_kinematics/create_ikfast_moveit_plugin.py
[0.208s] -- Up-to-date: /home/alexander/moveit2_ws/install/moveit_kinematics/lib/moveit_kinematics/round_collada_numbers.py
[0.208s] -- Up-to-date: /home/alexander/moveit2_ws/install/moveit_kinematics/share/moveit_kinematics/ikfast_kinematics_plugin/templates
[0.208s] -- Up-to-date: /home/alexander/moveit2_ws/install/moveit_kinematics/share/moveit_kinematics/ikfast_kinematics_plugin/templates/CMakeLists.txt
[0.208s] -- Up-to-date: /home/alexander/moveit2_ws/install/moveit_kinematics/share/moveit_kinematics/ikfast_kinematics_plugin/templates/ikfast61_moveit_plugin_template.cpp
[0.208s] -- Up-to-date: /home/alexander/moveit2_ws/install/moveit_kinematics/share/moveit_kinematics/ikfast_kinematics_plugin/templates/ikfast_kinematics_parameters.yaml
[0.208s] -- Up-to-date: /home/alexander/moveit2_ws/install/moveit_kinematics/share/moveit_kinematics/ikfast_kinematics_plugin/templates/ikfast.h
[0.208s] -- Up-to-date: /home/alexander/moveit2_ws/install/moveit_kinematics/include/kdl_kinematics_parameters
[0.208s] -- Up-to-date: /home/alexander/moveit2_ws/install/moveit_kinematics/include/kdl_kinematics_parameters/kdl_kinematics_parameters.hpp
[0.208s] -- Up-to-date: /home/alexander/moveit2_ws/install/moveit_kinematics/include/moveit_kinematics
[0.208s] -- Up-to-date: /home/alexander/moveit2_ws/install/moveit_kinematics/include/moveit_kinematics/moveit
[0.208s] -- Up-to-date: /home/alexander/moveit2_ws/install/moveit_kinematics/include/moveit_kinematics/moveit/kdl_kinematics_plugin
[0.208s] -- Up-to-date: /home/alexander/moveit2_ws/install/moveit_kinematics/include/moveit_kinematics/moveit/kdl_kinematics_plugin/chainiksolver_vel_mimic_svd.hpp
[0.209s] -- Up-to-date: /home/alexander/moveit2_ws/install/moveit_kinematics/include/moveit_kinematics/moveit/kdl_kinematics_plugin/joint_mimic.hpp
[0.209s] -- Up-to-date: /home/alexander/moveit2_ws/install/moveit_kinematics/include/moveit_kinematics/moveit/kdl_kinematics_plugin/kdl_kinematics_plugin.h
[0.209s] -- Up-to-date: /home/alexander/moveit2_ws/install/moveit_kinematics/include/srv_kinematics_parameters
[0.209s] -- Up-to-date: /home/alexander/moveit2_ws/install/moveit_kinematics/include/srv_kinematics_parameters/srv_kinematics_parameters.hpp
[0.209s] -- Up-to-date: /home/alexander/moveit2_ws/install/moveit_kinematics/include/moveit_kinematics
[0.209s] -- Up-to-date: /home/alexander/moveit2_ws/install/moveit_kinematics/include/moveit_kinematics/moveit
[0.209s] -- Up-to-date: /home/alexander/moveit2_ws/install/moveit_kinematics/include/moveit_kinematics/moveit/srv_kinematics_plugin
[0.209s] -- Up-to-date: /home/alexander/moveit2_ws/install/moveit_kinematics/include/moveit_kinematics/moveit/srv_kinematics_plugin/srv_kinematics_plugin.h
[0.209s] -- Up-to-date: /home/alexander/moveit2_ws/install/moveit_kinematics/share/moveit_kinematics/config
[0.209s] -- Up-to-date: /home/alexander/moveit2_ws/install/moveit_kinematics/share/moveit_kinematics/config/fanuc-kdl-singular-test.yaml
[0.209s] -- Up-to-date: /home/alexander/moveit2_ws/install/moveit_kinematics/share/moveit_kinematics/config/panda-kdl-test.yaml
[0.209s] -- Up-to-date: /home/alexander/moveit2_ws/install/moveit_kinematics/share/moveit_kinematics/config/fanuc-kdl-test.yaml
[0.209s] -- Up-to-date: /home/alexander/moveit2_ws/install/moveit_kinematics/share/moveit_kinematics/config/panda-kdl-singular-test.yaml
[0.209s] -- Up-to-date: /home/alexander/moveit2_ws/install/moveit_kinematics/share/moveit_kinematics/launch
[0.210s] -- Up-to-date: /home/alexander/moveit2_ws/install/moveit_kinematics/share/moveit_kinematics/launch/fanuc-kdl.test.py
[0.210s] -- Up-to-date: /home/alexander/moveit2_ws/install/moveit_kinematics/share/moveit_kinematics/launch/panda-kdl.test.py
[0.210s] -- Up-to-date: /home/alexander/moveit2_ws/install/moveit_kinematics/share/moveit_kinematics/launch/panda-kdl-singular.test.py
[0.210s] -- Up-to-date: /home/alexander/moveit2_ws/install/moveit_kinematics/share/moveit_kinematics/launch/fanuc-kdl-singular.test.py
[0.210s] -- Up-to-date: /home/alexander/moveit2_ws/install/moveit_kinematics/lib/moveit_kinematics/benchmark_ik
[0.210s] -- Up-to-date: /home/alexander/moveit2_ws/install/moveit_kinematics/lib/moveit_kinematics/test_kinematics_plugin
[0.210s] -- Up-to-date: /home/alexander/moveit2_ws/install/moveit_kinematics/lib/libmoveit_cached_ik_kinematics_base.so.2.9.0
[0.210s] -- Up-to-date: /home/alexander/moveit2_ws/install/moveit_kinematics/lib/libmoveit_cached_ik_kinematics_base.so
[0.210s] -- Up-to-date: /home/alexander/moveit2_ws/install/moveit_kinematics/lib/libmoveit_cached_ik_kinematics_plugin.so.2.9.0
[0.210s] -- Up-to-date: /home/alexander/moveit2_ws/install/moveit_kinematics/lib/libmoveit_cached_ik_kinematics_plugin.so
[0.210s] -- Up-to-date: /home/alexander/moveit2_ws/install/moveit_kinematics/lib/libmoveit_kdl_kinematics_plugin.so
[0.210s] -- Up-to-date: /home/alexander/moveit2_ws/install/moveit_kinematics/lib/libmoveit_srv_kinematics_plugin.so.2.9.0
[0.210s] -- Up-to-date: /home/alexander/moveit2_ws/install/moveit_kinematics/lib/libmoveit_srv_kinematics_plugin.so
[0.210s] -- Up-to-date: /home/alexander/moveit2_ws/install/moveit_kinematics/share/moveit_kinematics/environment/library_path.sh
[0.210s] -- Up-to-date: /home/alexander/moveit2_ws/install/moveit_kinematics/share/moveit_kinematics/environment/library_path.dsv
[0.210s] -- Up-to-date: /home/alexander/moveit2_ws/install/moveit_kinematics/share/ament_index/resource_index/package_run_dependencies/moveit_kinematics
[0.210s] -- Up-to-date: /home/alexander/moveit2_ws/install/moveit_kinematics/share/ament_index/resource_index/parent_prefix_path/moveit_kinematics
[0.210s] -- Up-to-date: /home/alexander/moveit2_ws/install/moveit_kinematics/share/moveit_kinematics/environment/ament_prefix_path.sh
[0.210s] -- Up-to-date: /home/alexander/moveit2_ws/install/moveit_kinematics/share/moveit_kinematics/environment/ament_prefix_path.dsv
[0.210s] -- Up-to-date: /home/alexander/moveit2_ws/install/moveit_kinematics/share/moveit_kinematics/environment/path.sh
[0.210s] -- Up-to-date: /home/alexander/moveit2_ws/install/moveit_kinematics/share/moveit_kinematics/environment/path.dsv
[0.210s] -- Up-to-date: /home/alexander/moveit2_ws/install/moveit_kinematics/share/moveit_kinematics/local_setup.bash
[0.211s] -- Up-to-date: /home/alexander/moveit2_ws/install/moveit_kinematics/share/moveit_kinematics/local_setup.sh
[0.211s] -- Up-to-date: /home/alexander/moveit2_ws/install/moveit_kinematics/share/moveit_kinematics/local_setup.zsh
[0.211s] -- Up-to-date: /home/alexander/moveit2_ws/install/moveit_kinematics/share/moveit_kinematics/local_setup.dsv
[0.211s] -- Installing: /home/alexander/moveit2_ws/install/moveit_kinematics/share/moveit_kinematics/package.dsv
[0.211s] -- Up-to-date: /home/alexander/moveit2_ws/install/moveit_kinematics/share/ament_index/resource_index/packages/moveit_kinematics
[0.211s] -- Up-to-date: /home/alexander/moveit2_ws/install/moveit_kinematics/share/ament_index/resource_index/moveit_core__pluginlib__plugin/moveit_kinematics
[0.211s] -- Up-to-date: /home/alexander/moveit2_ws/install/moveit_kinematics/share/moveit_kinematics/cmake/moveit_kinematicsTargetsExport.cmake
[0.211s] -- Up-to-date: /home/alexander/moveit2_ws/install/moveit_kinematics/share/moveit_kinematics/cmake/moveit_kinematicsTargetsExport-release.cmake
[0.211s] -- Up-to-date: /home/alexander/moveit2_ws/install/moveit_kinematics/share/moveit_kinematics/cmake/ConfigExtras.cmake
[0.211s] -- Up-to-date: /home/alexander/moveit2_ws/install/moveit_kinematics/share/moveit_kinematics/cmake/ament_cmake_export_targets-extras.cmake
[0.211s] -- Up-to-date: /home/alexander/moveit2_ws/install/moveit_kinematics/share/moveit_kinematics/cmake/ament_cmake_export_dependencies-extras.cmake
[0.211s] -- Up-to-date: /home/alexander/moveit2_ws/install/moveit_kinematics/share/moveit_kinematics/cmake/moveit_kinematicsConfig.cmake
[0.211s] -- Up-to-date: /home/alexander/moveit2_ws/install/moveit_kinematics/share/moveit_kinematics/cmake/moveit_kinematicsConfig-version.cmake
[0.211s] -- Up-to-date: /home/alexander/moveit2_ws/install/moveit_kinematics/share/moveit_kinematics/package.xml
[0.217s] Invoked command in '/home/alexander/moveit2_ws/build/moveit_kinematics' returned '0': AMENT_PREFIX_PATH=/home/alexander/moveit2_ws/install/moveit_ros_planning:/home/alexander/moveit2_ws/install/moveit_ros_occupancy_map_monitor:/home/alexander/moveit2_ws/install/moveit_core:/home/alexander/moveit2_ws/install/moveit_configs_utils:/home/alexander/moveit2_ws/install/moveit_common:${AMENT_PREFIX_PATH} CMAKE_PREFIX_PATH=/home/alexander/moveit2_ws/install/moveit_ros_planning:/home/alexander/moveit2_ws/install/moveit_ros_occupancy_map_monitor:/home/alexander/moveit2_ws/install/moveit_core:/home/alexander/moveit2_ws/install/moveit_common:/opt/ros/humble LD_LIBRARY_PATH=/home/alexander/moveit2_ws/install/moveit_ros_planning/lib:/home/alexander/moveit2_ws/install/moveit_ros_occupancy_map_monitor/lib:/home/alexander/moveit2_ws/install/moveit_core/lib:${LD_LIBRARY_PATH} PATH=/home/alexander/moveit2_ws/install/moveit_core/bin:${PATH} PYTHONPATH=/home/alexander/moveit2_ws/install/moveit_configs_utils/lib/python3.10/site-packages:${PYTHONPATH} /usr/bin/cmake --install /home/alexander/moveit2_ws/build/moveit_kinematics
