[0.020s] Invoking command in '/home/alexander/moveit2_ws/build/moveit_ros_move_group': AMENT_PREFIX_PATH=/home/alexander/moveit2_ws/install/moveit_kinematics:/home/alexander/moveit2_ws/install/moveit_ros_planning:/home/alexander/moveit2_ws/install/moveit_ros_occupancy_map_monitor:/home/alexander/moveit2_ws/install/moveit_core:/home/alexander/moveit2_ws/install/moveit_configs_utils:/home/alexander/moveit2_ws/install/moveit_common:${AMENT_PREFIX_PATH} CMAKE_PREFIX_PATH=/home/alexander/moveit2_ws/install/moveit_kinematics:/home/alexander/moveit2_ws/install/moveit_ros_planning:/home/alexander/moveit2_ws/install/moveit_ros_occupancy_map_monitor:/home/alexander/moveit2_ws/install/moveit_core:/home/alexander/moveit2_ws/install/moveit_common:/opt/ros/humble LD_LIBRARY_PATH=/home/alexander/moveit2_ws/install/moveit_kinematics/lib:/home/alexander/moveit2_ws/install/moveit_ros_planning/lib:/home/alexander/moveit2_ws/install/moveit_ros_occupancy_map_monitor/lib:/home/alexander/moveit2_ws/install/moveit_core/lib:${LD_LIBRARY_PATH} PATH=/home/alexander/moveit2_ws/install/moveit_core/bin:${PATH} PYTHONPATH=/home/alexander/moveit2_ws/install/moveit_configs_utils/lib/python3.10/site-packages:${PYTHONPATH} /usr/bin/cmake --build /home/alexander/moveit2_ws/build/moveit_ros_move_group -- -j14 -l14
[0.086s] [ 15%] Built target moveit_move_group_capabilities_base
[0.141s] [ 25%] Built target list_move_group_capabilities
[0.146s] [ 35%] Built target move_group
[0.165s] [100%] Built target moveit_move_group_default_capabilities
[0.173s] Invoked command in '/home/alexander/moveit2_ws/build/moveit_ros_move_group' returned '0': AMENT_PREFIX_PATH=/home/alexander/moveit2_ws/install/moveit_kinematics:/home/alexander/moveit2_ws/install/moveit_ros_planning:/home/alexander/moveit2_ws/install/moveit_ros_occupancy_map_monitor:/home/alexander/moveit2_ws/install/moveit_core:/home/alexander/moveit2_ws/install/moveit_configs_utils:/home/alexander/moveit2_ws/install/moveit_common:${AMENT_PREFIX_PATH} CMAKE_PREFIX_PATH=/home/alexander/moveit2_ws/install/moveit_kinematics:/home/alexander/moveit2_ws/install/moveit_ros_planning:/home/alexander/moveit2_ws/install/moveit_ros_occupancy_map_monitor:/home/alexander/moveit2_ws/install/moveit_core:/home/alexander/moveit2_ws/install/moveit_common:/opt/ros/humble LD_LIBRARY_PATH=/home/alexander/moveit2_ws/install/moveit_kinematics/lib:/home/alexander/moveit2_ws/install/moveit_ros_planning/lib:/home/alexander/moveit2_ws/install/moveit_ros_occupancy_map_monitor/lib:/home/alexander/moveit2_ws/install/moveit_core/lib:${LD_LIBRARY_PATH} PATH=/home/alexander/moveit2_ws/install/moveit_core/bin:${PATH} PYTHONPATH=/home/alexander/moveit2_ws/install/moveit_configs_utils/lib/python3.10/site-packages:${PYTHONPATH} /usr/bin/cmake --build /home/alexander/moveit2_ws/build/moveit_ros_move_group -- -j14 -l14
[0.224s] Invoking command in '/home/alexander/moveit2_ws/build/moveit_ros_move_group': AMENT_PREFIX_PATH=/home/alexander/moveit2_ws/install/moveit_kinematics:/home/alexander/moveit2_ws/install/moveit_ros_planning:/home/alexander/moveit2_ws/install/moveit_ros_occupancy_map_monitor:/home/alexander/moveit2_ws/install/moveit_core:/home/alexander/moveit2_ws/install/moveit_configs_utils:/home/alexander/moveit2_ws/install/moveit_common:${AMENT_PREFIX_PATH} CMAKE_PREFIX_PATH=/home/alexander/moveit2_ws/install/moveit_kinematics:/home/alexander/moveit2_ws/install/moveit_ros_planning:/home/alexander/moveit2_ws/install/moveit_ros_occupancy_map_monitor:/home/alexander/moveit2_ws/install/moveit_core:/home/alexander/moveit2_ws/install/moveit_common:/opt/ros/humble LD_LIBRARY_PATH=/home/alexander/moveit2_ws/install/moveit_kinematics/lib:/home/alexander/moveit2_ws/install/moveit_ros_planning/lib:/home/alexander/moveit2_ws/install/moveit_ros_occupancy_map_monitor/lib:/home/alexander/moveit2_ws/install/moveit_core/lib:${LD_LIBRARY_PATH} PATH=/home/alexander/moveit2_ws/install/moveit_core/bin:${PATH} PYTHONPATH=/home/alexander/moveit2_ws/install/moveit_configs_utils/lib/python3.10/site-packages:${PYTHONPATH} /usr/bin/cmake --install /home/alexander/moveit2_ws/build/moveit_ros_move_group
[0.230s] -- Install configuration: "Release"
[0.230s] -- Up-to-date: /home/alexander/moveit2_ws/install/moveit_ros_move_group/lib/moveit_ros_move_group/move_group
[0.230s] -- Up-to-date: /home/alexander/moveit2_ws/install/moveit_ros_move_group/lib/moveit_ros_move_group/list_move_group_capabilities
[0.230s] -- Up-to-date: /home/alexander/moveit2_ws/install/moveit_ros_move_group/lib/libmoveit_move_group_default_capabilities.so.2.9.0
[0.231s] -- Up-to-date: /home/alexander/moveit2_ws/install/moveit_ros_move_group/lib/libmoveit_move_group_default_capabilities.so
[0.231s] -- Up-to-date: /home/alexander/moveit2_ws/install/moveit_ros_move_group/lib/libmoveit_move_group_capabilities_base.so.2.9.0
[0.231s] -- Up-to-date: /home/alexander/moveit2_ws/install/moveit_ros_move_group/lib/libmoveit_move_group_capabilities_base.so
[0.231s] -- Up-to-date: /home/alexander/moveit2_ws/install/moveit_ros_move_group/include/moveit_ros_move_group
[0.231s] -- Up-to-date: /home/alexander/moveit2_ws/install/moveit_ros_move_group/include/moveit_ros_move_group/moveit
[0.231s] -- Up-to-date: /home/alexander/moveit2_ws/install/moveit_ros_move_group/include/moveit_ros_move_group/moveit/move_group
[0.231s] -- Up-to-date: /home/alexander/moveit2_ws/install/moveit_ros_move_group/include/moveit_ros_move_group/moveit/move_group/capability_names.h
[0.231s] -- Up-to-date: /home/alexander/moveit2_ws/install/moveit_ros_move_group/include/moveit_ros_move_group/moveit/move_group/move_group_context.h
[0.231s] -- Up-to-date: /home/alexander/moveit2_ws/install/moveit_ros_move_group/include/moveit_ros_move_group/moveit/move_group/move_group_capability.h
[0.231s] -- Up-to-date: /home/alexander/moveit2_ws/install/moveit_ros_move_group/lib/moveit_ros_move_group/load_map
[0.231s] -- Up-to-date: /home/alexander/moveit2_ws/install/moveit_ros_move_group/lib/moveit_ros_move_group/save_map
[0.231s] -- Up-to-date: /home/alexander/moveit2_ws/install/moveit_ros_move_group/share/moveit_ros_move_group/default_capabilities_plugin_description.xml
[0.231s] -- Up-to-date: /home/alexander/moveit2_ws/install/moveit_ros_move_group/share/moveit_ros_move_group/environment/library_path.sh
[0.231s] -- Up-to-date: /home/alexander/moveit2_ws/install/moveit_ros_move_group/share/moveit_ros_move_group/environment/library_path.dsv
[0.231s] -- Up-to-date: /home/alexander/moveit2_ws/install/moveit_ros_move_group/share/ament_index/resource_index/package_run_dependencies/moveit_ros_move_group
[0.231s] -- Up-to-date: /home/alexander/moveit2_ws/install/moveit_ros_move_group/share/ament_index/resource_index/parent_prefix_path/moveit_ros_move_group
[0.231s] -- Up-to-date: /home/alexander/moveit2_ws/install/moveit_ros_move_group/share/moveit_ros_move_group/environment/ament_prefix_path.sh
[0.231s] -- Up-to-date: /home/alexander/moveit2_ws/install/moveit_ros_move_group/share/moveit_ros_move_group/environment/ament_prefix_path.dsv
[0.232s] -- Up-to-date: /home/alexander/moveit2_ws/install/moveit_ros_move_group/share/moveit_ros_move_group/environment/path.sh
[0.232s] -- Up-to-date: /home/alexander/moveit2_ws/install/moveit_ros_move_group/share/moveit_ros_move_group/environment/path.dsv
[0.232s] -- Up-to-date: /home/alexander/moveit2_ws/install/moveit_ros_move_group/share/moveit_ros_move_group/local_setup.bash
[0.232s] -- Up-to-date: /home/alexander/moveit2_ws/install/moveit_ros_move_group/share/moveit_ros_move_group/local_setup.sh
[0.232s] -- Up-to-date: /home/alexander/moveit2_ws/install/moveit_ros_move_group/share/moveit_ros_move_group/local_setup.zsh
[0.232s] -- Up-to-date: /home/alexander/moveit2_ws/install/moveit_ros_move_group/share/moveit_ros_move_group/local_setup.dsv
[0.232s] -- Installing: /home/alexander/moveit2_ws/install/moveit_ros_move_group/share/moveit_ros_move_group/package.dsv
[0.232s] -- Up-to-date: /home/alexander/moveit2_ws/install/moveit_ros_move_group/share/ament_index/resource_index/packages/moveit_ros_move_group
[0.232s] -- Up-to-date: /home/alexander/moveit2_ws/install/moveit_ros_move_group/share/ament_index/resource_index/moveit_ros_move_group__pluginlib__plugin/moveit_ros_move_group
[0.232s] -- Up-to-date: /home/alexander/moveit2_ws/install/moveit_ros_move_group/share/moveit_ros_move_group/cmake/moveit_ros_move_groupTargetsExport.cmake
[0.232s] -- Up-to-date: /home/alexander/moveit2_ws/install/moveit_ros_move_group/share/moveit_ros_move_group/cmake/moveit_ros_move_groupTargetsExport-release.cmake
[0.232s] -- Up-to-date: /home/alexander/moveit2_ws/install/moveit_ros_move_group/share/moveit_ros_move_group/cmake/ConfigExtras.cmake
[0.232s] -- Up-to-date: /home/alexander/moveit2_ws/install/moveit_ros_move_group/share/moveit_ros_move_group/cmake/ament_cmake_export_targets-extras.cmake
[0.232s] -- Up-to-date: /home/alexander/moveit2_ws/install/moveit_ros_move_group/share/moveit_ros_move_group/cmake/ament_cmake_export_dependencies-extras.cmake
[0.232s] -- Up-to-date: /home/alexander/moveit2_ws/install/moveit_ros_move_group/share/moveit_ros_move_group/cmake/moveit_ros_move_groupConfig.cmake
[0.232s] -- Up-to-date: /home/alexander/moveit2_ws/install/moveit_ros_move_group/share/moveit_ros_move_group/cmake/moveit_ros_move_groupConfig-version.cmake
[0.232s] -- Up-to-date: /home/alexander/moveit2_ws/install/moveit_ros_move_group/share/moveit_ros_move_group/package.xml
[0.233s] Invoked command in '/home/alexander/moveit2_ws/build/moveit_ros_move_group' returned '0': AMENT_PREFIX_PATH=/home/alexander/moveit2_ws/install/moveit_kinematics:/home/alexander/moveit2_ws/install/moveit_ros_planning:/home/alexander/moveit2_ws/install/moveit_ros_occupancy_map_monitor:/home/alexander/moveit2_ws/install/moveit_core:/home/alexander/moveit2_ws/install/moveit_configs_utils:/home/alexander/moveit2_ws/install/moveit_common:${AMENT_PREFIX_PATH} CMAKE_PREFIX_PATH=/home/alexander/moveit2_ws/install/moveit_kinematics:/home/alexander/moveit2_ws/install/moveit_ros_planning:/home/alexander/moveit2_ws/install/moveit_ros_occupancy_map_monitor:/home/alexander/moveit2_ws/install/moveit_core:/home/alexander/moveit2_ws/install/moveit_common:/opt/ros/humble LD_LIBRARY_PATH=/home/alexander/moveit2_ws/install/moveit_kinematics/lib:/home/alexander/moveit2_ws/install/moveit_ros_planning/lib:/home/alexander/moveit2_ws/install/moveit_ros_occupancy_map_monitor/lib:/home/alexander/moveit2_ws/install/moveit_core/lib:${LD_LIBRARY_PATH} PATH=/home/alexander/moveit2_ws/install/moveit_core/bin:${PATH} PYTHONPATH=/home/alexander/moveit2_ws/install/moveit_configs_utils/lib/python3.10/site-packages:${PYTHONPATH} /usr/bin/cmake --install /home/alexander/moveit2_ws/build/moveit_ros_move_group
