[0.024s] Invoking command in '/home/alexander/moveit2_ws/build/moveit_planners_chomp': AMENT_PREFIX_PATH=/home/alexander/moveit2_ws/install/chomp_motion_planner:/home/alexander/moveit2_ws/install/moveit_core:/home/alexander/moveit2_ws/install/moveit_common:${AMENT_PREFIX_PATH} CMAKE_PREFIX_PATH=/home/alexander/moveit2_ws/install/chomp_motion_planner:/home/alexander/moveit2_ws/install/moveit_core:/home/alexander/moveit2_ws/install/moveit_common:/opt/ros/humble LD_LIBRARY_PATH=/home/alexander/moveit2_ws/install/chomp_motion_planner/lib:/home/alexander/moveit2_ws/install/moveit_core/lib:${LD_LIBRARY_PATH} PATH=/home/alexander/moveit2_ws/install/moveit_core/bin:${PATH} /usr/bin/cmake --build /home/alexander/moveit2_ws/build/moveit_planners_chomp -- -j14 -l14
[0.095s] [35m[1mConsolidate compiler generated dependencies of target moveit_chomp_interface[0m
[0.137s] [ 60%] Built target moveit_chomp_interface
[0.155s] [35m[1mConsolidate compiler generated dependencies of target moveit_chomp_planner_plugin[0m
[0.186s] [100%] Built target moveit_chomp_planner_plugin
[0.196s] Invoked command in '/home/alexander/moveit2_ws/build/moveit_planners_chomp' returned '0': AMENT_PREFIX_PATH=/home/alexander/moveit2_ws/install/chomp_motion_planner:/home/alexander/moveit2_ws/install/moveit_core:/home/alexander/moveit2_ws/install/moveit_common:${AMENT_PREFIX_PATH} CMAKE_PREFIX_PATH=/home/alexander/moveit2_ws/install/chomp_motion_planner:/home/alexander/moveit2_ws/install/moveit_core:/home/alexander/moveit2_ws/install/moveit_common:/opt/ros/humble LD_LIBRARY_PATH=/home/alexander/moveit2_ws/install/chomp_motion_planner/lib:/home/alexander/moveit2_ws/install/moveit_core/lib:${LD_LIBRARY_PATH} PATH=/home/alexander/moveit2_ws/install/moveit_core/bin:${PATH} /usr/bin/cmake --build /home/alexander/moveit2_ws/build/moveit_planners_chomp -- -j14 -l14
[0.236s] Invoking command in '/home/alexander/moveit2_ws/build/moveit_planners_chomp': AMENT_PREFIX_PATH=/home/alexander/moveit2_ws/install/chomp_motion_planner:/home/alexander/moveit2_ws/install/moveit_core:/home/alexander/moveit2_ws/install/moveit_common:${AMENT_PREFIX_PATH} CMAKE_PREFIX_PATH=/home/alexander/moveit2_ws/install/chomp_motion_planner:/home/alexander/moveit2_ws/install/moveit_core:/home/alexander/moveit2_ws/install/moveit_common:/opt/ros/humble LD_LIBRARY_PATH=/home/alexander/moveit2_ws/install/chomp_motion_planner/lib:/home/alexander/moveit2_ws/install/moveit_core/lib:${LD_LIBRARY_PATH} PATH=/home/alexander/moveit2_ws/install/moveit_core/bin:${PATH} /usr/bin/cmake --install /home/alexander/moveit2_ws/build/moveit_planners_chomp
[0.248s] -- Install configuration: "Release"
[0.249s] -- Up-to-date: /home/alexander/moveit2_ws/install/moveit_planners_chomp/lib/libmoveit_chomp_interface.so.2.9.0
[0.249s] -- Up-to-date: /home/alexander/moveit2_ws/install/moveit_planners_chomp/lib/libmoveit_chomp_interface.so
[0.250s] -- Up-to-date: /home/alexander/moveit2_ws/install/moveit_planners_chomp/lib/libmoveit_chomp_planner_plugin.so
[0.251s] -- Up-to-date: /home/alexander/moveit2_ws/install/moveit_planners_chomp/share/moveit_planners_chomp/environment/library_path.sh
[0.251s] -- Up-to-date: /home/alexander/moveit2_ws/install/moveit_planners_chomp/share/moveit_planners_chomp/environment/library_path.dsv
[0.251s] -- Up-to-date: /home/alexander/moveit2_ws/install/moveit_planners_chomp/share/moveit_planners_chomp/chomp_interface_plugin_description.xml
[0.251s] -- Up-to-date: /home/alexander/moveit2_ws/install/moveit_planners_chomp/share/ament_index/resource_index/package_run_dependencies/moveit_planners_chomp
[0.252s] -- Up-to-date: /home/alexander/moveit2_ws/install/moveit_planners_chomp/share/ament_index/resource_index/parent_prefix_path/moveit_planners_chomp
[0.252s] -- Up-to-date: /home/alexander/moveit2_ws/install/moveit_planners_chomp/share/moveit_planners_chomp/environment/ament_prefix_path.sh
[0.252s] -- Up-to-date: /home/alexander/moveit2_ws/install/moveit_planners_chomp/share/moveit_planners_chomp/environment/ament_prefix_path.dsv
[0.252s] -- Up-to-date: /home/alexander/moveit2_ws/install/moveit_planners_chomp/share/moveit_planners_chomp/environment/path.sh
[0.252s] -- Up-to-date: /home/alexander/moveit2_ws/install/moveit_planners_chomp/share/moveit_planners_chomp/environment/path.dsv
[0.252s] -- Up-to-date: /home/alexander/moveit2_ws/install/moveit_planners_chomp/share/moveit_planners_chomp/local_setup.bash
[0.253s] -- Up-to-date: /home/alexander/moveit2_ws/install/moveit_planners_chomp/share/moveit_planners_chomp/local_setup.sh
[0.253s] -- Up-to-date: /home/alexander/moveit2_ws/install/moveit_planners_chomp/share/moveit_planners_chomp/local_setup.zsh
[0.253s] -- Up-to-date: /home/alexander/moveit2_ws/install/moveit_planners_chomp/share/moveit_planners_chomp/local_setup.dsv
[0.253s] -- Installing: /home/alexander/moveit2_ws/install/moveit_planners_chomp/share/moveit_planners_chomp/package.dsv
[0.253s] -- Up-to-date: /home/alexander/moveit2_ws/install/moveit_planners_chomp/share/ament_index/resource_index/packages/moveit_planners_chomp
[0.253s] -- Up-to-date: /home/alexander/moveit2_ws/install/moveit_planners_chomp/share/ament_index/resource_index/moveit_core__pluginlib__plugin/moveit_planners_chomp
[0.254s] -- Up-to-date: /home/alexander/moveit2_ws/install/moveit_planners_chomp/share/moveit_planners_chomp/cmake/moveit_planners_chompTargetsExport.cmake
[0.255s] -- Up-to-date: /home/alexander/moveit2_ws/install/moveit_planners_chomp/share/moveit_planners_chomp/cmake/moveit_planners_chompTargetsExport-release.cmake
[0.255s] -- Up-to-date: /home/alexander/moveit2_ws/install/moveit_planners_chomp/share/moveit_planners_chomp/cmake/ament_cmake_export_targets-extras.cmake
[0.255s] -- Up-to-date: /home/alexander/moveit2_ws/install/moveit_planners_chomp/share/moveit_planners_chomp/cmake/ament_cmake_export_dependencies-extras.cmake
[0.255s] -- Up-to-date: /home/alexander/moveit2_ws/install/moveit_planners_chomp/share/moveit_planners_chomp/cmake/moveit_planners_chompConfig.cmake
[0.255s] -- Up-to-date: /home/alexander/moveit2_ws/install/moveit_planners_chomp/share/moveit_planners_chomp/cmake/moveit_planners_chompConfig-version.cmake
[0.255s] -- Up-to-date: /home/alexander/moveit2_ws/install/moveit_planners_chomp/share/moveit_planners_chomp/package.xml
[0.256s] Invoked command in '/home/alexander/moveit2_ws/build/moveit_planners_chomp' returned '0': AMENT_PREFIX_PATH=/home/alexander/moveit2_ws/install/chomp_motion_planner:/home/alexander/moveit2_ws/install/moveit_core:/home/alexander/moveit2_ws/install/moveit_common:${AMENT_PREFIX_PATH} CMAKE_PREFIX_PATH=/home/alexander/moveit2_ws/install/chomp_motion_planner:/home/alexander/moveit2_ws/install/moveit_core:/home/alexander/moveit2_ws/install/moveit_common:/opt/ros/humble LD_LIBRARY_PATH=/home/alexander/moveit2_ws/install/chomp_motion_planner/lib:/home/alexander/moveit2_ws/install/moveit_core/lib:${LD_LIBRARY_PATH} PATH=/home/alexander/moveit2_ws/install/moveit_core/bin:${PATH} /usr/bin/cmake --install /home/alexander/moveit2_ws/build/moveit_planners_chomp
