[0.007s] Invoking command in '/home/alexander/moveit2_ws/build/moveit_resources_prbt_support': CMAKE_PREFIX_PATH=${CMAKE_PREFIX_PATH}:/home/alexander/moveit2_ws/install/moveit_configs_utils:/opt/ros/humble /usr/bin/cmake /home/alexander/moveit2_ws/src/moveit2-main/moveit_planners/test_configs/prbt_support -DCMAKE_INSTALL_PREFIX=/home/alexander/moveit2_ws/install/moveit_resources_prbt_support
[0.034s] -- Found ament_cmake: 1.3.8 (/opt/ros/humble/share/ament_cmake/cmake)
[0.183s] -- Configuring done
[0.186s] -- Generating done
[0.186s] -- Build files have been written to: /home/alexander/moveit2_ws/build/moveit_resources_prbt_support
[0.188s] Invoked command in '/home/alexander/moveit2_ws/build/moveit_resources_prbt_support' returned '0': CMAKE_PREFIX_PATH=${CMAKE_PREFIX_PATH}:/home/alexander/moveit2_ws/install/moveit_configs_utils:/opt/ros/humble /usr/bin/cmake /home/alexander/moveit2_ws/src/moveit2-main/moveit_planners/test_configs/prbt_support -DCMAKE_INSTALL_PREFIX=/home/alexander/moveit2_ws/install/moveit_resources_prbt_support
[0.189s] Invoking command in '/home/alexander/moveit2_ws/build/moveit_resources_prbt_support': CMAKE_PREFIX_PATH=${CMAKE_PREFIX_PATH}:/home/alexander/moveit2_ws/install/moveit_configs_utils:/opt/ros/humble /usr/bin/cmake --build /home/alexander/moveit2_ws/build/moveit_resources_prbt_support -- -j14 -l14
[0.228s] Invoked command in '/home/alexander/moveit2_ws/build/moveit_resources_prbt_support' returned '0': CMAKE_PREFIX_PATH=${CMAKE_PREFIX_PATH}:/home/alexander/moveit2_ws/install/moveit_configs_utils:/opt/ros/humble /usr/bin/cmake --build /home/alexander/moveit2_ws/build/moveit_resources_prbt_support -- -j14 -l14
[0.255s] Invoking command in '/home/alexander/moveit2_ws/build/moveit_resources_prbt_support': CMAKE_PREFIX_PATH=${CMAKE_PREFIX_PATH}:/home/alexander/moveit2_ws/install/moveit_configs_utils:/opt/ros/humble /usr/bin/cmake --install /home/alexander/moveit2_ws/build/moveit_resources_prbt_support
[0.268s] -- Install configuration: "Release"
[0.268s] -- Up-to-date: /home/alexander/moveit2_ws/install/moveit_resources_prbt_support/share/ament_index/resource_index/package_run_dependencies/moveit_resources_prbt_support
[0.268s] -- Installing: /home/alexander/moveit2_ws/install/moveit_resources_prbt_support/share/ament_index/resource_index/parent_prefix_path/moveit_resources_prbt_support
[0.268s] -- Up-to-date: /home/alexander/moveit2_ws/install/moveit_resources_prbt_support/share/moveit_resources_prbt_support/environment/ament_prefix_path.sh
[0.269s] -- Installing: /home/alexander/moveit2_ws/install/moveit_resources_prbt_support/share/moveit_resources_prbt_support/environment/ament_prefix_path.dsv
[0.269s] -- Up-to-date: /home/alexander/moveit2_ws/install/moveit_resources_prbt_support/share/moveit_resources_prbt_support/environment/path.sh
[0.269s] -- Installing: /home/alexander/moveit2_ws/install/moveit_resources_prbt_support/share/moveit_resources_prbt_support/environment/path.dsv
[0.269s] -- Up-to-date: /home/alexander/moveit2_ws/install/moveit_resources_prbt_support/share/moveit_resources_prbt_support/local_setup.bash
[0.269s] -- Up-to-date: /home/alexander/moveit2_ws/install/moveit_resources_prbt_support/share/moveit_resources_prbt_support/local_setup.sh
[0.269s] -- Up-to-date: /home/alexander/moveit2_ws/install/moveit_resources_prbt_support/share/moveit_resources_prbt_support/local_setup.zsh
[0.269s] -- Installing: /home/alexander/moveit2_ws/install/moveit_resources_prbt_support/share/moveit_resources_prbt_support/local_setup.dsv
[0.269s] -- Installing: /home/alexander/moveit2_ws/install/moveit_resources_prbt_support/share/moveit_resources_prbt_support/package.dsv
[0.269s] -- Up-to-date: /home/alexander/moveit2_ws/install/moveit_resources_prbt_support/share/ament_index/resource_index/packages/moveit_resources_prbt_support
[0.269s] -- Up-to-date: /home/alexander/moveit2_ws/install/moveit_resources_prbt_support/share/moveit_resources_prbt_support/cmake/moveit_resources_prbt_supportConfig.cmake
[0.269s] -- Up-to-date: /home/alexander/moveit2_ws/install/moveit_resources_prbt_support/share/moveit_resources_prbt_support/cmake/moveit_resources_prbt_supportConfig-version.cmake
[0.269s] -- Up-to-date: /home/alexander/moveit2_ws/install/moveit_resources_prbt_support/share/moveit_resources_prbt_support/package.xml
[0.269s] -- Up-to-date: /home/alexander/moveit2_ws/install/moveit_resources_prbt_support/share/moveit_resources_prbt_support/urdf
[0.269s] -- Up-to-date: /home/alexander/moveit2_ws/install/moveit_resources_prbt_support/share/moveit_resources_prbt_support/urdf/prbt_macro.xacro
[0.269s] -- Up-to-date: /home/alexander/moveit2_ws/install/moveit_resources_prbt_support/share/moveit_resources_prbt_support/urdf/prbt.ros2_control.xacro
[0.270s] -- Up-to-date: /home/alexander/moveit2_ws/install/moveit_resources_prbt_support/share/moveit_resources_prbt_support/urdf/simple_gripper_brackets.urdf.xacro
[0.270s] -- Up-to-date: /home/alexander/moveit2_ws/install/moveit_resources_prbt_support/share/moveit_resources_prbt_support/urdf/prbt.xacro
[0.270s] -- Up-to-date: /home/alexander/moveit2_ws/install/moveit_resources_prbt_support/share/moveit_resources_prbt_support/meshes
[0.270s] -- Up-to-date: /home/alexander/moveit2_ws/install/moveit_resources_prbt_support/share/moveit_resources_prbt_support/meshes/flange.dae
[0.270s] -- Up-to-date: /home/alexander/moveit2_ws/install/moveit_resources_prbt_support/share/moveit_resources_prbt_support/meshes/flange.stl
[0.271s] -- Up-to-date: /home/alexander/moveit2_ws/install/moveit_resources_prbt_support/share/moveit_resources_prbt_support/meshes/link_1.stl
[0.272s] -- Up-to-date: /home/alexander/moveit2_ws/install/moveit_resources_prbt_support/share/moveit_resources_prbt_support/meshes/link_3.dae
[0.272s] -- Up-to-date: /home/alexander/moveit2_ws/install/moveit_resources_prbt_support/share/moveit_resources_prbt_support/meshes/link_4.stl
[0.272s] -- Up-to-date: /home/alexander/moveit2_ws/install/moveit_resources_prbt_support/share/moveit_resources_prbt_support/meshes/link_2.stl
[0.272s] -- Up-to-date: /home/alexander/moveit2_ws/install/moveit_resources_prbt_support/share/moveit_resources_prbt_support/meshes/link_5.stl
[0.272s] -- Up-to-date: /home/alexander/moveit2_ws/install/moveit_resources_prbt_support/share/moveit_resources_prbt_support/meshes/link_3.stl
[0.272s] -- Up-to-date: /home/alexander/moveit2_ws/install/moveit_resources_prbt_support/share/moveit_resources_prbt_support/meshes/foot.dae
[0.272s] -- Up-to-date: /home/alexander/moveit2_ws/install/moveit_resources_prbt_support/share/moveit_resources_prbt_support/meshes/link_5.dae
[0.272s] -- Up-to-date: /home/alexander/moveit2_ws/install/moveit_resources_prbt_support/share/moveit_resources_prbt_support/meshes/link_1.dae
[0.272s] -- Up-to-date: /home/alexander/moveit2_ws/install/moveit_resources_prbt_support/share/moveit_resources_prbt_support/meshes/foot.stl
[0.272s] -- Up-to-date: /home/alexander/moveit2_ws/install/moveit_resources_prbt_support/share/moveit_resources_prbt_support/meshes/link_4.dae
[0.272s] -- Up-to-date: /home/alexander/moveit2_ws/install/moveit_resources_prbt_support/share/moveit_resources_prbt_support/meshes/link_2.dae
[0.272s] -- Up-to-date: /home/alexander/moveit2_ws/install/moveit_resources_prbt_support/share/moveit_resources_prbt_support/config
[0.272s] -- Up-to-date: /home/alexander/moveit2_ws/install/moveit_resources_prbt_support/share/moveit_resources_prbt_support/config/prbt_0_1.dcf
[0.272s] -- Up-to-date: /home/alexander/moveit2_ws/install/moveit_resources_prbt_support/share/moveit_resources_prbt_support/config/manipulator_controller.yaml
[0.272s] -- Up-to-date: /home/alexander/moveit2_ws/install/moveit_resources_prbt_support/share/moveit_resources_prbt_support/config/manipulator_driver.yaml
[0.273s] Invoked command in '/home/alexander/moveit2_ws/build/moveit_resources_prbt_support' returned '0': CMAKE_PREFIX_PATH=${CMAKE_PREFIX_PATH}:/home/alexander/moveit2_ws/install/moveit_configs_utils:/opt/ros/humble /usr/bin/cmake --install /home/alexander/moveit2_ws/build/moveit_resources_prbt_support
