[0.025s] Invoking command in '/home/alexander/moveit2_ws/build/moveit_ros_visualization': AMENT_PREFIX_PATH=/home/alexander/moveit2_ws/install/moveit_ros_planning_interface:/home/alexander/moveit2_ws/install/moveit_ros_move_group:/home/alexander/moveit2_ws/install/moveit_ros_warehouse:/home/alexander/moveit2_ws/install/moveit_ros_robot_interaction:/home/alexander/moveit2_ws/install/moveit_kinematics:/home/alexander/moveit2_ws/install/moveit_ros_planning:/home/alexander/moveit2_ws/install/moveit_ros_occupancy_map_monitor:/home/alexander/moveit2_ws/install/moveit_core:/home/alexander/moveit2_ws/install/moveit_common:${AMENT_PREFIX_PATH} CMAKE_PREFIX_PATH=/home/alexander/moveit2_ws/install/moveit_ros_planning_interface:/home/alexander/moveit2_ws/install/moveit_ros_move_group:/home/alexander/moveit2_ws/install/moveit_ros_warehouse:/home/alexander/moveit2_ws/install/moveit_ros_robot_interaction:/home/alexander/moveit2_ws/install/moveit_kinematics:/home/alexander/moveit2_ws/install/moveit_ros_planning:/home/alexander/moveit2_ws/install/moveit_ros_occupancy_map_monitor:/home/alexander/moveit2_ws/install/moveit_core:/home/alexander/moveit2_ws/install/moveit_common:/opt/ros/humble LD_LIBRARY_PATH=/home/alexander/moveit2_ws/install/moveit_ros_planning_interface/lib:/home/alexander/moveit2_ws/install/moveit_ros_move_group/lib:/home/alexander/moveit2_ws/install/moveit_ros_warehouse/lib:/home/alexander/moveit2_ws/install/moveit_ros_robot_interaction/lib:/home/alexander/moveit2_ws/install/moveit_kinematics/lib:/home/alexander/moveit2_ws/install/moveit_ros_planning/lib:/home/alexander/moveit2_ws/install/moveit_ros_occupancy_map_monitor/lib:/home/alexander/moveit2_ws/install/moveit_core/lib:${LD_LIBRARY_PATH} PATH=/home/alexander/moveit2_ws/install/moveit_core/bin:${PATH} /usr/bin/cmake --build /home/alexander/moveit2_ws/build/moveit_ros_visualization -- -j14 -l14
[0.077s] [  1%] [34m[1mAutomatic MOC for target moveit_rviz_plugin_render_tools[0m
[0.108s] [  1%] Built target moveit_rviz_plugin_render_tools_autogen
[0.145s] [ 18%] Built target moveit_rviz_plugin_render_tools
[0.160s] [ 22%] [34m[1mAutomatic MOC for target moveit_robot_state_rviz_plugin_core[0m
[0.160s] [ 22%] [34m[1mAutomatic MOC for target moveit_planning_scene_rviz_plugin_core[0m
[0.177s] [ 22%] Built target moveit_robot_state_rviz_plugin_core_autogen
[0.177s] [ 22%] Built target moveit_planning_scene_rviz_plugin_core_autogen
[0.213s] [ 27%] Built target moveit_robot_state_rviz_plugin_core
[0.214s] [ 34%] Built target moveit_planning_scene_rviz_plugin_core
[0.231s] [ 39%] [34m[1mAutomatic MOC for target moveit_trajectory_rviz_plugin_core[0m
[0.231s] [ 39%] [34m[1mAutomatic MOC for target moveit_planning_scene_rviz_plugin[0m
[0.231s] [ 39%] [34m[1mAutomatic MOC for target moveit_robot_state_rviz_plugin[0m
[0.259s] [ 39%] Built target moveit_planning_scene_rviz_plugin_autogen
[0.260s] [ 39%] Built target moveit_robot_state_rviz_plugin_autogen
[0.262s] [ 39%] Built target moveit_trajectory_rviz_plugin_core_autogen
[0.290s] [ 44%] Built target moveit_robot_state_rviz_plugin
[0.295s] [ 50%] Built target moveit_trajectory_rviz_plugin_core
[0.298s] [ 55%] Built target moveit_planning_scene_rviz_plugin
[0.310s] [ 56%] [34m[1mAutomatic MOC for target moveit_trajectory_rviz_plugin[0m
[0.314s] [ 58%] [34m[1mAutomatic MOC for target moveit_motion_planning_rviz_plugin_core[0m
[0.326s] [ 58%] Built target moveit_trajectory_rviz_plugin_autogen
[0.336s] [ 58%] Built target moveit_motion_planning_rviz_plugin_core_autogen
[0.351s] [ 63%] Built target moveit_trajectory_rviz_plugin
[0.399s] [ 93%] Built target moveit_motion_planning_rviz_plugin_core
[0.416s] [ 94%] [34m[1mAutomatic MOC for target moveit_motion_planning_rviz_plugin[0m
[0.433s] [ 94%] Built target moveit_motion_planning_rviz_plugin_autogen
[0.465s] [100%] Built target moveit_motion_planning_rviz_plugin
[0.474s] Invoked command in '/home/alexander/moveit2_ws/build/moveit_ros_visualization' returned '0': AMENT_PREFIX_PATH=/home/alexander/moveit2_ws/install/moveit_ros_planning_interface:/home/alexander/moveit2_ws/install/moveit_ros_move_group:/home/alexander/moveit2_ws/install/moveit_ros_warehouse:/home/alexander/moveit2_ws/install/moveit_ros_robot_interaction:/home/alexander/moveit2_ws/install/moveit_kinematics:/home/alexander/moveit2_ws/install/moveit_ros_planning:/home/alexander/moveit2_ws/install/moveit_ros_occupancy_map_monitor:/home/alexander/moveit2_ws/install/moveit_core:/home/alexander/moveit2_ws/install/moveit_common:${AMENT_PREFIX_PATH} CMAKE_PREFIX_PATH=/home/alexander/moveit2_ws/install/moveit_ros_planning_interface:/home/alexander/moveit2_ws/install/moveit_ros_move_group:/home/alexander/moveit2_ws/install/moveit_ros_warehouse:/home/alexander/moveit2_ws/install/moveit_ros_robot_interaction:/home/alexander/moveit2_ws/install/moveit_kinematics:/home/alexander/moveit2_ws/install/moveit_ros_planning:/home/alexander/moveit2_ws/install/moveit_ros_occupancy_map_monitor:/home/alexander/moveit2_ws/install/moveit_core:/home/alexander/moveit2_ws/install/moveit_common:/opt/ros/humble LD_LIBRARY_PATH=/home/alexander/moveit2_ws/install/moveit_ros_planning_interface/lib:/home/alexander/moveit2_ws/install/moveit_ros_move_group/lib:/home/alexander/moveit2_ws/install/moveit_ros_warehouse/lib:/home/alexander/moveit2_ws/install/moveit_ros_robot_interaction/lib:/home/alexander/moveit2_ws/install/moveit_kinematics/lib:/home/alexander/moveit2_ws/install/moveit_ros_planning/lib:/home/alexander/moveit2_ws/install/moveit_ros_occupancy_map_monitor/lib:/home/alexander/moveit2_ws/install/moveit_core/lib:${LD_LIBRARY_PATH} PATH=/home/alexander/moveit2_ws/install/moveit_core/bin:${PATH} /usr/bin/cmake --build /home/alexander/moveit2_ws/build/moveit_ros_visualization -- -j14 -l14
[0.508s] Invoking command in '/home/alexander/moveit2_ws/build/moveit_ros_visualization': AMENT_PREFIX_PATH=/home/alexander/moveit2_ws/install/moveit_ros_planning_interface:/home/alexander/moveit2_ws/install/moveit_ros_move_group:/home/alexander/moveit2_ws/install/moveit_ros_warehouse:/home/alexander/moveit2_ws/install/moveit_ros_robot_interaction:/home/alexander/moveit2_ws/install/moveit_kinematics:/home/alexander/moveit2_ws/install/moveit_ros_planning:/home/alexander/moveit2_ws/install/moveit_ros_occupancy_map_monitor:/home/alexander/moveit2_ws/install/moveit_core:/home/alexander/moveit2_ws/install/moveit_common:${AMENT_PREFIX_PATH} CMAKE_PREFIX_PATH=/home/alexander/moveit2_ws/install/moveit_ros_planning_interface:/home/alexander/moveit2_ws/install/moveit_ros_move_group:/home/alexander/moveit2_ws/install/moveit_ros_warehouse:/home/alexander/moveit2_ws/install/moveit_ros_robot_interaction:/home/alexander/moveit2_ws/install/moveit_kinematics:/home/alexander/moveit2_ws/install/moveit_ros_planning:/home/alexander/moveit2_ws/install/moveit_ros_occupancy_map_monitor:/home/alexander/moveit2_ws/install/moveit_core:/home/alexander/moveit2_ws/install/moveit_common:/opt/ros/humble LD_LIBRARY_PATH=/home/alexander/moveit2_ws/install/moveit_ros_planning_interface/lib:/home/alexander/moveit2_ws/install/moveit_ros_move_group/lib:/home/alexander/moveit2_ws/install/moveit_ros_warehouse/lib:/home/alexander/moveit2_ws/install/moveit_ros_robot_interaction/lib:/home/alexander/moveit2_ws/install/moveit_kinematics/lib:/home/alexander/moveit2_ws/install/moveit_ros_planning/lib:/home/alexander/moveit2_ws/install/moveit_ros_occupancy_map_monitor/lib:/home/alexander/moveit2_ws/install/moveit_core/lib:${LD_LIBRARY_PATH} PATH=/home/alexander/moveit2_ws/install/moveit_core/bin:${PATH} /usr/bin/cmake --install /home/alexander/moveit2_ws/build/moveit_ros_visualization
[0.514s] -- Install configuration: "Release"
[0.514s] -- Up-to-date: /home/alexander/moveit2_ws/install/moveit_ros_visualization/include/moveit_ros_visualization
[0.514s] -- Up-to-date: /home/alexander/moveit2_ws/install/moveit_ros_visualization/include/moveit_ros_visualization/moveit
[0.514s] -- Up-to-date: /home/alexander/moveit2_ws/install/moveit_ros_visualization/include/moveit_ros_visualization/moveit/rviz_plugin_render_tools
[0.514s] -- Up-to-date: /home/alexander/moveit2_ws/install/moveit_ros_visualization/include/moveit_ros_visualization/moveit/rviz_plugin_render_tools/trajectory_visualization.h
[0.515s] -- Up-to-date: /home/alexander/moveit2_ws/install/moveit_ros_visualization/include/moveit_ros_visualization/moveit/rviz_plugin_render_tools/robot_state_visualization.h
[0.515s] -- Up-to-date: /home/alexander/moveit2_ws/install/moveit_ros_visualization/include/moveit_ros_visualization/moveit/rviz_plugin_render_tools/planning_scene_render.h
[0.515s] -- Up-to-date: /home/alexander/moveit2_ws/install/moveit_ros_visualization/include/moveit_ros_visualization/moveit/rviz_plugin_render_tools/octomap_render.h
[0.515s] -- Up-to-date: /home/alexander/moveit2_ws/install/moveit_ros_visualization/include/moveit_ros_visualization/moveit/rviz_plugin_render_tools/render_shapes.h
[0.515s] -- Up-to-date: /home/alexander/moveit2_ws/install/moveit_ros_visualization/include/moveit_ros_visualization/moveit/rviz_plugin_render_tools/trajectory_panel.h
[0.515s] -- Up-to-date: /home/alexander/moveit2_ws/install/moveit_ros_visualization/include/moveit_ros_visualization/moveit/rviz_plugin_render_tools/planning_link_updater.h
[0.515s] -- Up-to-date: /home/alexander/moveit2_ws/install/moveit_ros_visualization/include/moveit_ros_visualization/ogre_helpers
[0.515s] -- Up-to-date: /home/alexander/moveit2_ws/install/moveit_ros_visualization/include/moveit_ros_visualization/ogre_helpers/mesh_shape.hpp
[0.515s] -- Up-to-date: /home/alexander/moveit2_ws/install/moveit_ros_visualization/include/moveit_ros_visualization
[0.515s] -- Up-to-date: /home/alexander/moveit2_ws/install/moveit_ros_visualization/include/moveit_ros_visualization/moveit
[0.515s] -- Up-to-date: /home/alexander/moveit2_ws/install/moveit_ros_visualization/include/moveit_ros_visualization/moveit/robot_state_rviz_plugin
[0.515s] -- Up-to-date: /home/alexander/moveit2_ws/install/moveit_ros_visualization/include/moveit_ros_visualization/moveit/robot_state_rviz_plugin/robot_state_display.h
[0.515s] -- Up-to-date: /home/alexander/moveit2_ws/install/moveit_ros_visualization/include/moveit_ros_visualization
[0.515s] -- Up-to-date: /home/alexander/moveit2_ws/install/moveit_ros_visualization/include/moveit_ros_visualization/moveit
[0.515s] -- Up-to-date: /home/alexander/moveit2_ws/install/moveit_ros_visualization/include/moveit_ros_visualization/moveit/planning_scene_rviz_plugin
[0.516s] -- Up-to-date: /home/alexander/moveit2_ws/install/moveit_ros_visualization/include/moveit_ros_visualization/moveit/planning_scene_rviz_plugin/planning_scene_display.h
[0.516s] -- Up-to-date: /home/alexander/moveit2_ws/install/moveit_ros_visualization/include/moveit_ros_visualization/moveit/planning_scene_rviz_plugin/background_processing.hpp
[0.516s] -- Up-to-date: /home/alexander/moveit2_ws/install/moveit_ros_visualization/include/moveit_ros_visualization/moveit_planning_scene_rviz_plugin_core_export.h
[0.516s] -- Up-to-date: /home/alexander/moveit2_ws/install/moveit_ros_visualization/include/moveit_ros_visualization
[0.516s] -- Up-to-date: /home/alexander/moveit2_ws/install/moveit_ros_visualization/include/moveit_ros_visualization/moveit
[0.516s] -- Up-to-date: /home/alexander/moveit2_ws/install/moveit_ros_visualization/include/moveit_ros_visualization/moveit/motion_planning_rviz_plugin
[0.516s] -- Up-to-date: /home/alexander/moveit2_ws/install/moveit_ros_visualization/include/moveit_ros_visualization/moveit/motion_planning_rviz_plugin/interactive_marker_display.h
[0.516s] -- Up-to-date: /home/alexander/moveit2_ws/install/moveit_ros_visualization/include/moveit_ros_visualization/moveit/motion_planning_rviz_plugin/motion_planning_frame.h
[0.516s] -- Up-to-date: /home/alexander/moveit2_ws/install/moveit_ros_visualization/include/moveit_ros_visualization/moveit/motion_planning_rviz_plugin/motion_planning_frame_joints_widget.h
[0.516s] -- Up-to-date: /home/alexander/moveit2_ws/install/moveit_ros_visualization/include/moveit_ros_visualization/moveit/motion_planning_rviz_plugin/motion_planning_param_widget.h
[0.516s] -- Up-to-date: /home/alexander/moveit2_ws/install/moveit_ros_visualization/include/moveit_ros_visualization/moveit/motion_planning_rviz_plugin/motion_planning_display.h
[0.516s] -- Up-to-date: /home/alexander/moveit2_ws/install/moveit_ros_visualization/include/moveit_ros_visualization
[0.516s] -- Up-to-date: /home/alexander/moveit2_ws/install/moveit_ros_visualization/include/moveit_ros_visualization/moveit
[0.516s] -- Up-to-date: /home/alexander/moveit2_ws/install/moveit_ros_visualization/include/moveit_ros_visualization/moveit/trajectory_rviz_plugin
[0.516s] -- Up-to-date: /home/alexander/moveit2_ws/install/moveit_ros_visualization/include/moveit_ros_visualization/moveit/trajectory_rviz_plugin/trajectory_display.h
[0.516s] -- Up-to-date: /home/alexander/moveit2_ws/install/moveit_ros_visualization/share/moveit_ros_visualization/icons
[0.516s] -- Up-to-date: /home/alexander/moveit2_ws/install/moveit_ros_visualization/share/moveit_ros_visualization/icons/classes
[0.516s] -- Up-to-date: /home/alexander/moveit2_ws/install/moveit_ros_visualization/share/moveit_ros_visualization/icons/classes/RobotState.png
[0.516s] -- Up-to-date: /home/alexander/moveit2_ws/install/moveit_ros_visualization/share/moveit_ros_visualization/icons/classes/Trajectory.png
[0.516s] -- Up-to-date: /home/alexander/moveit2_ws/install/moveit_ros_visualization/share/moveit_ros_visualization/icons/classes/PlanningScene.png
[0.516s] -- Up-to-date: /home/alexander/moveit2_ws/install/moveit_ros_visualization/share/moveit_ros_visualization/icons/classes/MotionPlanning.png
[0.517s] -- Up-to-date: /home/alexander/moveit2_ws/install/moveit_ros_visualization/share/moveit_ros_visualization/motion_planning_rviz_plugin_description.xml
[0.517s] -- Up-to-date: /home/alexander/moveit2_ws/install/moveit_ros_visualization/share/moveit_ros_visualization/trajectory_rviz_plugin_description.xml
[0.517s] -- Up-to-date: /home/alexander/moveit2_ws/install/moveit_ros_visualization/share/moveit_ros_visualization/planning_scene_rviz_plugin_description.xml
[0.517s] -- Up-to-date: /home/alexander/moveit2_ws/install/moveit_ros_visualization/share/moveit_ros_visualization/robot_state_rviz_plugin_description.xml
[0.517s] -- Up-to-date: /home/alexander/moveit2_ws/install/moveit_ros_visualization/lib/libmoveit_motion_planning_rviz_plugin.so.2.9.0
[0.517s] -- Up-to-date: /home/alexander/moveit2_ws/install/moveit_ros_visualization/lib/libmoveit_motion_planning_rviz_plugin.so
[0.517s] -- Up-to-date: /home/alexander/moveit2_ws/install/moveit_ros_visualization/lib/libmoveit_motion_planning_rviz_plugin_core.so.2.9.0
[0.517s] -- Up-to-date: /home/alexander/moveit2_ws/install/moveit_ros_visualization/lib/libmoveit_motion_planning_rviz_plugin_core.so
[0.517s] -- Up-to-date: /home/alexander/moveit2_ws/install/moveit_ros_visualization/lib/libmoveit_planning_scene_rviz_plugin.so.2.9.0
[0.517s] -- Up-to-date: /home/alexander/moveit2_ws/install/moveit_ros_visualization/lib/libmoveit_planning_scene_rviz_plugin.so
[0.517s] -- Up-to-date: /home/alexander/moveit2_ws/install/moveit_ros_visualization/lib/libmoveit_planning_scene_rviz_plugin_core.so.2.9.0
[0.517s] -- Up-to-date: /home/alexander/moveit2_ws/install/moveit_ros_visualization/lib/libmoveit_planning_scene_rviz_plugin_core.so
[0.517s] -- Up-to-date: /home/alexander/moveit2_ws/install/moveit_ros_visualization/lib/libmoveit_robot_state_rviz_plugin.so.2.9.0
[0.517s] -- Up-to-date: /home/alexander/moveit2_ws/install/moveit_ros_visualization/lib/libmoveit_robot_state_rviz_plugin.so
[0.517s] -- Up-to-date: /home/alexander/moveit2_ws/install/moveit_ros_visualization/lib/libmoveit_robot_state_rviz_plugin_core.so.2.9.0
[0.517s] -- Up-to-date: /home/alexander/moveit2_ws/install/moveit_ros_visualization/lib/libmoveit_robot_state_rviz_plugin_core.so
[0.517s] -- Up-to-date: /home/alexander/moveit2_ws/install/moveit_ros_visualization/lib/libmoveit_rviz_plugin_render_tools.so.2.9.0
[0.517s] -- Up-to-date: /home/alexander/moveit2_ws/install/moveit_ros_visualization/lib/libmoveit_rviz_plugin_render_tools.so
[0.518s] -- Up-to-date: /home/alexander/moveit2_ws/install/moveit_ros_visualization/lib/libmoveit_trajectory_rviz_plugin.so.2.9.0
[0.518s] -- Up-to-date: /home/alexander/moveit2_ws/install/moveit_ros_visualization/lib/libmoveit_trajectory_rviz_plugin.so
[0.518s] -- Up-to-date: /home/alexander/moveit2_ws/install/moveit_ros_visualization/lib/libmoveit_trajectory_rviz_plugin_core.so.2.9.0
[0.518s] -- Up-to-date: /home/alexander/moveit2_ws/install/moveit_ros_visualization/lib/libmoveit_trajectory_rviz_plugin_core.so
[0.518s] -- Up-to-date: /home/alexander/moveit2_ws/install/moveit_ros_visualization/share/moveit_ros_visualization/environment/library_path.sh
[0.518s] -- Up-to-date: /home/alexander/moveit2_ws/install/moveit_ros_visualization/share/moveit_ros_visualization/environment/library_path.dsv
[0.518s] -- Up-to-date: /home/alexander/moveit2_ws/install/moveit_ros_visualization/share/ament_index/resource_index/package_run_dependencies/moveit_ros_visualization
[0.518s] -- Up-to-date: /home/alexander/moveit2_ws/install/moveit_ros_visualization/share/ament_index/resource_index/parent_prefix_path/moveit_ros_visualization
[0.518s] -- Up-to-date: /home/alexander/moveit2_ws/install/moveit_ros_visualization/share/moveit_ros_visualization/environment/ament_prefix_path.sh
[0.518s] -- Up-to-date: /home/alexander/moveit2_ws/install/moveit_ros_visualization/share/moveit_ros_visualization/environment/ament_prefix_path.dsv
[0.518s] -- Up-to-date: /home/alexander/moveit2_ws/install/moveit_ros_visualization/share/moveit_ros_visualization/environment/path.sh
[0.518s] -- Up-to-date: /home/alexander/moveit2_ws/install/moveit_ros_visualization/share/moveit_ros_visualization/environment/path.dsv
[0.518s] -- Up-to-date: /home/alexander/moveit2_ws/install/moveit_ros_visualization/share/moveit_ros_visualization/local_setup.bash
[0.518s] -- Up-to-date: /home/alexander/moveit2_ws/install/moveit_ros_visualization/share/moveit_ros_visualization/local_setup.sh
[0.518s] -- Up-to-date: /home/alexander/moveit2_ws/install/moveit_ros_visualization/share/moveit_ros_visualization/local_setup.zsh
[0.518s] -- Up-to-date: /home/alexander/moveit2_ws/install/moveit_ros_visualization/share/moveit_ros_visualization/local_setup.dsv
[0.518s] -- Installing: /home/alexander/moveit2_ws/install/moveit_ros_visualization/share/moveit_ros_visualization/package.dsv
[0.518s] -- Up-to-date: /home/alexander/moveit2_ws/install/moveit_ros_visualization/share/ament_index/resource_index/packages/moveit_ros_visualization
[0.518s] -- Up-to-date: /home/alexander/moveit2_ws/install/moveit_ros_visualization/share/ament_index/resource_index/rviz_common__pluginlib__plugin/moveit_ros_visualization
[0.518s] -- Up-to-date: /home/alexander/moveit2_ws/install/moveit_ros_visualization/share/moveit_ros_visualization/cmake/moveit_ros_visualizationTargetsExport.cmake
[0.519s] -- Up-to-date: /home/alexander/moveit2_ws/install/moveit_ros_visualization/share/moveit_ros_visualization/cmake/moveit_ros_visualizationTargetsExport-release.cmake
[0.519s] -- Up-to-date: /home/alexander/moveit2_ws/install/moveit_ros_visualization/share/moveit_ros_visualization/cmake/ConfigExtras.cmake
[0.519s] -- Up-to-date: /home/alexander/moveit2_ws/install/moveit_ros_visualization/share/moveit_ros_visualization/cmake/ament_cmake_export_targets-extras.cmake
[0.519s] -- Up-to-date: /home/alexander/moveit2_ws/install/moveit_ros_visualization/share/moveit_ros_visualization/cmake/ament_cmake_export_dependencies-extras.cmake
[0.519s] -- Up-to-date: /home/alexander/moveit2_ws/install/moveit_ros_visualization/share/moveit_ros_visualization/cmake/moveit_ros_visualizationConfig.cmake
[0.519s] -- Up-to-date: /home/alexander/moveit2_ws/install/moveit_ros_visualization/share/moveit_ros_visualization/cmake/moveit_ros_visualizationConfig-version.cmake
[0.520s] -- Up-to-date: /home/alexander/moveit2_ws/install/moveit_ros_visualization/share/moveit_ros_visualization/package.xml
[0.520s] Invoked command in '/home/alexander/moveit2_ws/build/moveit_ros_visualization' returned '0': AMENT_PREFIX_PATH=/home/alexander/moveit2_ws/install/moveit_ros_planning_interface:/home/alexander/moveit2_ws/install/moveit_ros_move_group:/home/alexander/moveit2_ws/install/moveit_ros_warehouse:/home/alexander/moveit2_ws/install/moveit_ros_robot_interaction:/home/alexander/moveit2_ws/install/moveit_kinematics:/home/alexander/moveit2_ws/install/moveit_ros_planning:/home/alexander/moveit2_ws/install/moveit_ros_occupancy_map_monitor:/home/alexander/moveit2_ws/install/moveit_core:/home/alexander/moveit2_ws/install/moveit_common:${AMENT_PREFIX_PATH} CMAKE_PREFIX_PATH=/home/alexander/moveit2_ws/install/moveit_ros_planning_interface:/home/alexander/moveit2_ws/install/moveit_ros_move_group:/home/alexander/moveit2_ws/install/moveit_ros_warehouse:/home/alexander/moveit2_ws/install/moveit_ros_robot_interaction:/home/alexander/moveit2_ws/install/moveit_kinematics:/home/alexander/moveit2_ws/install/moveit_ros_planning:/home/alexander/moveit2_ws/install/moveit_ros_occupancy_map_monitor:/home/alexander/moveit2_ws/install/moveit_core:/home/alexander/moveit2_ws/install/moveit_common:/opt/ros/humble LD_LIBRARY_PATH=/home/alexander/moveit2_ws/install/moveit_ros_planning_interface/lib:/home/alexander/moveit2_ws/install/moveit_ros_move_group/lib:/home/alexander/moveit2_ws/install/moveit_ros_warehouse/lib:/home/alexander/moveit2_ws/install/moveit_ros_robot_interaction/lib:/home/alexander/moveit2_ws/install/moveit_kinematics/lib:/home/alexander/moveit2_ws/install/moveit_ros_planning/lib:/home/alexander/moveit2_ws/install/moveit_ros_occupancy_map_monitor/lib:/home/alexander/moveit2_ws/install/moveit_core/lib:${LD_LIBRARY_PATH} PATH=/home/alexander/moveit2_ws/install/moveit_core/bin:${PATH} /usr/bin/cmake --install /home/alexander/moveit2_ws/build/moveit_ros_visualization
