[0.049s] Invoking command in '/home/alexander/moveit2_ws/build/moveit_hybrid_planning': AMENT_PREFIX_PATH=/home/alexander/moveit2_ws/install/moveit_ros_planning_interface:/home/alexander/moveit2_ws/install/moveit_ros_move_group:/home/alexander/moveit2_ws/install/moveit_ros_warehouse:/home/alexander/moveit2_ws/install/moveit_planners_ompl:/home/alexander/moveit2_ws/install/moveit_kinematics:/home/alexander/moveit2_ws/install/moveit_ros_planning:/home/alexander/moveit2_ws/install/moveit_simple_controller_manager:/home/alexander/moveit2_ws/install/moveit_ros_occupancy_map_monitor:/home/alexander/moveit2_ws/install/moveit_core:/home/alexander/moveit2_ws/install/moveit_configs_utils:/home/alexander/moveit2_ws/install/moveit_common:${AMENT_PREFIX_PATH} CMAKE_PREFIX_PATH=/home/alexander/moveit2_ws/install/moveit_ros_planning_interface:/home/alexander/moveit2_ws/install/moveit_ros_move_group:/home/alexander/moveit2_ws/install/moveit_ros_warehouse:/home/alexander/moveit2_ws/install/moveit_planners_ompl:/home/alexander/moveit2_ws/install/moveit_kinematics:/home/alexander/moveit2_ws/install/moveit_ros_planning:/home/alexander/moveit2_ws/install/moveit_simple_controller_manager:/home/alexander/moveit2_ws/install/moveit_ros_occupancy_map_monitor:/home/alexander/moveit2_ws/install/moveit_core:/home/alexander/moveit2_ws/install/moveit_common:/opt/ros/humble LD_LIBRARY_PATH=/home/alexander/moveit2_ws/install/moveit_ros_planning_interface/lib:/home/alexander/moveit2_ws/install/moveit_ros_move_group/lib:/home/alexander/moveit2_ws/install/moveit_ros_warehouse/lib:/home/alexander/moveit2_ws/install/moveit_planners_ompl/lib:/home/alexander/moveit2_ws/install/moveit_kinematics/lib:/home/alexander/moveit2_ws/install/moveit_ros_planning/lib:/home/alexander/moveit2_ws/install/moveit_simple_controller_manager/lib:/home/alexander/moveit2_ws/install/moveit_ros_occupancy_map_monitor/lib:/home/alexander/moveit2_ws/install/moveit_core/lib:${LD_LIBRARY_PATH} PATH=/home/alexander/moveit2_ws/install/moveit_core/bin:${PATH} PYTHONPATH=/home/alexander/moveit2_ws/install/moveit_configs_utils/lib/python3.10/site-packages:${PYTHONPATH} /usr/bin/cmake --build /home/alexander/moveit2_ws/build/moveit_hybrid_planning -- -j14 -l14
[0.239s] [35m[1mConsolidate compiler generated dependencies of target moveit_global_planner_component[0m
[0.239s] [35m[1mConsolidate compiler generated dependencies of target motion_planning_pipeline_plugin[0m
[0.253s] [35m[1mConsolidate compiler generated dependencies of target simple_sampler_plugin[0m
[0.253s] [35m[1mConsolidate compiler generated dependencies of target forward_trajectory_plugin[0m
[0.256s] [35m[1mConsolidate compiler generated dependencies of target cancel_action[0m
[0.279s] [  5%] Built target hp_manager_parameters
[0.294s] [ 10%] Built target local_planner_parameters
[0.319s] [ 20%] Built target cancel_action
[0.324s] [ 30%] Built target motion_planning_pipeline_plugin
[0.324s] [ 40%] Built target moveit_global_planner_component
[0.328s] [ 50%] Built target simple_sampler_plugin
[0.328s] [ 60%] Built target forward_trajectory_plugin
[0.329s] [35m[1mConsolidate compiler generated dependencies of target moveit_hybrid_planning_manager[0m
[0.351s] [35m[1mConsolidate compiler generated dependencies of target moveit_local_planner_component[0m
[0.380s] [ 70%] Built target moveit_hybrid_planning_manager
[0.433s] [35m[1mConsolidate compiler generated dependencies of target single_plan_execution_plugin[0m
[0.441s] [ 80%] Built target moveit_local_planner_component
[0.504s] [ 90%] Built target single_plan_execution_plugin
[0.592s] [35m[1mConsolidate compiler generated dependencies of target replan_invalidated_trajectory_plugin[0m
[0.617s] [100%] Built target replan_invalidated_trajectory_plugin
[0.632s] Invoked command in '/home/alexander/moveit2_ws/build/moveit_hybrid_planning' returned '0': AMENT_PREFIX_PATH=/home/alexander/moveit2_ws/install/moveit_ros_planning_interface:/home/alexander/moveit2_ws/install/moveit_ros_move_group:/home/alexander/moveit2_ws/install/moveit_ros_warehouse:/home/alexander/moveit2_ws/install/moveit_planners_ompl:/home/alexander/moveit2_ws/install/moveit_kinematics:/home/alexander/moveit2_ws/install/moveit_ros_planning:/home/alexander/moveit2_ws/install/moveit_simple_controller_manager:/home/alexander/moveit2_ws/install/moveit_ros_occupancy_map_monitor:/home/alexander/moveit2_ws/install/moveit_core:/home/alexander/moveit2_ws/install/moveit_configs_utils:/home/alexander/moveit2_ws/install/moveit_common:${AMENT_PREFIX_PATH} CMAKE_PREFIX_PATH=/home/alexander/moveit2_ws/install/moveit_ros_planning_interface:/home/alexander/moveit2_ws/install/moveit_ros_move_group:/home/alexander/moveit2_ws/install/moveit_ros_warehouse:/home/alexander/moveit2_ws/install/moveit_planners_ompl:/home/alexander/moveit2_ws/install/moveit_kinematics:/home/alexander/moveit2_ws/install/moveit_ros_planning:/home/alexander/moveit2_ws/install/moveit_simple_controller_manager:/home/alexander/moveit2_ws/install/moveit_ros_occupancy_map_monitor:/home/alexander/moveit2_ws/install/moveit_core:/home/alexander/moveit2_ws/install/moveit_common:/opt/ros/humble LD_LIBRARY_PATH=/home/alexander/moveit2_ws/install/moveit_ros_planning_interface/lib:/home/alexander/moveit2_ws/install/moveit_ros_move_group/lib:/home/alexander/moveit2_ws/install/moveit_ros_warehouse/lib:/home/alexander/moveit2_ws/install/moveit_planners_ompl/lib:/home/alexander/moveit2_ws/install/moveit_kinematics/lib:/home/alexander/moveit2_ws/install/moveit_ros_planning/lib:/home/alexander/moveit2_ws/install/moveit_simple_controller_manager/lib:/home/alexander/moveit2_ws/install/moveit_ros_occupancy_map_monitor/lib:/home/alexander/moveit2_ws/install/moveit_core/lib:${LD_LIBRARY_PATH} PATH=/home/alexander/moveit2_ws/install/moveit_core/bin:${PATH} PYTHONPATH=/home/alexander/moveit2_ws/install/moveit_configs_utils/lib/python3.10/site-packages:${PYTHONPATH} /usr/bin/cmake --build /home/alexander/moveit2_ws/build/moveit_hybrid_planning -- -j14 -l14
[0.682s] Invoking command in '/home/alexander/moveit2_ws/build/moveit_hybrid_planning': AMENT_PREFIX_PATH=/home/alexander/moveit2_ws/install/moveit_ros_planning_interface:/home/alexander/moveit2_ws/install/moveit_ros_move_group:/home/alexander/moveit2_ws/install/moveit_ros_warehouse:/home/alexander/moveit2_ws/install/moveit_planners_ompl:/home/alexander/moveit2_ws/install/moveit_kinematics:/home/alexander/moveit2_ws/install/moveit_ros_planning:/home/alexander/moveit2_ws/install/moveit_simple_controller_manager:/home/alexander/moveit2_ws/install/moveit_ros_occupancy_map_monitor:/home/alexander/moveit2_ws/install/moveit_core:/home/alexander/moveit2_ws/install/moveit_configs_utils:/home/alexander/moveit2_ws/install/moveit_common:${AMENT_PREFIX_PATH} CMAKE_PREFIX_PATH=/home/alexander/moveit2_ws/install/moveit_ros_planning_interface:/home/alexander/moveit2_ws/install/moveit_ros_move_group:/home/alexander/moveit2_ws/install/moveit_ros_warehouse:/home/alexander/moveit2_ws/install/moveit_planners_ompl:/home/alexander/moveit2_ws/install/moveit_kinematics:/home/alexander/moveit2_ws/install/moveit_ros_planning:/home/alexander/moveit2_ws/install/moveit_simple_controller_manager:/home/alexander/moveit2_ws/install/moveit_ros_occupancy_map_monitor:/home/alexander/moveit2_ws/install/moveit_core:/home/alexander/moveit2_ws/install/moveit_common:/opt/ros/humble LD_LIBRARY_PATH=/home/alexander/moveit2_ws/install/moveit_ros_planning_interface/lib:/home/alexander/moveit2_ws/install/moveit_ros_move_group/lib:/home/alexander/moveit2_ws/install/moveit_ros_warehouse/lib:/home/alexander/moveit2_ws/install/moveit_planners_ompl/lib:/home/alexander/moveit2_ws/install/moveit_kinematics/lib:/home/alexander/moveit2_ws/install/moveit_ros_planning/lib:/home/alexander/moveit2_ws/install/moveit_simple_controller_manager/lib:/home/alexander/moveit2_ws/install/moveit_ros_occupancy_map_monitor/lib:/home/alexander/moveit2_ws/install/moveit_core/lib:${LD_LIBRARY_PATH} PATH=/home/alexander/moveit2_ws/install/moveit_core/bin:${PATH} PYTHONPATH=/home/alexander/moveit2_ws/install/moveit_configs_utils/lib/python3.10/site-packages:${PYTHONPATH} /usr/bin/cmake --install /home/alexander/moveit2_ws/build/moveit_hybrid_planning
[0.686s] -- Install configuration: "Release"
[0.688s] -- Up-to-date: /home/alexander/moveit2_ws/install/moveit_hybrid_planning/include/hp_manager_parameters
[0.688s] -- Up-to-date: /home/alexander/moveit2_ws/install/moveit_hybrid_planning/include/hp_manager_parameters/hp_manager_parameters.hpp
[0.697s] -- Up-to-date: /home/alexander/moveit2_ws/install/moveit_hybrid_planning/include/local_planner_parameters
[0.698s] -- Up-to-date: /home/alexander/moveit2_ws/install/moveit_hybrid_planning/include/local_planner_parameters/local_planner_parameters.hpp
[0.701s] -- Up-to-date: /home/alexander/moveit2_ws/install/moveit_hybrid_planning/lib/libmoveit_global_planner_component.so.2.9.0
[0.701s] -- Up-to-date: /home/alexander/moveit2_ws/install/moveit_hybrid_planning/lib/libmoveit_global_planner_component.so
[0.702s] -- Up-to-date: /home/alexander/moveit2_ws/install/moveit_hybrid_planning/lib/libmoveit_hybrid_planning_manager.so.2.9.0
[0.702s] -- Up-to-date: /home/alexander/moveit2_ws/install/moveit_hybrid_planning/lib/libmoveit_hybrid_planning_manager.so
[0.703s] -- Up-to-date: /home/alexander/moveit2_ws/install/moveit_hybrid_planning/lib/libmoveit_local_planner_component.so.2.9.0
[0.703s] -- Up-to-date: /home/alexander/moveit2_ws/install/moveit_hybrid_planning/lib/libmoveit_local_planner_component.so
[0.715s] -- Up-to-date: /home/alexander/moveit2_ws/install/moveit_hybrid_planning/lib/libforward_trajectory_plugin.so.2.9.0
[0.716s] -- Up-to-date: /home/alexander/moveit2_ws/install/moveit_hybrid_planning/lib/libforward_trajectory_plugin.so
[0.724s] -- Up-to-date: /home/alexander/moveit2_ws/install/moveit_hybrid_planning/lib/libmotion_planning_pipeline_plugin.so.2.9.0
[0.737s] -- Up-to-date: /home/alexander/moveit2_ws/install/moveit_hybrid_planning/lib/libmotion_planning_pipeline_plugin.so
[0.737s] -- Up-to-date: /home/alexander/moveit2_ws/install/moveit_hybrid_planning/lib/libreplan_invalidated_trajectory_plugin.so.2.9.0
[0.737s] -- Up-to-date: /home/alexander/moveit2_ws/install/moveit_hybrid_planning/lib/libreplan_invalidated_trajectory_plugin.so
[0.740s] -- Up-to-date: /home/alexander/moveit2_ws/install/moveit_hybrid_planning/lib/libsimple_sampler_plugin.so.2.9.0
[0.740s] -- Up-to-date: /home/alexander/moveit2_ws/install/moveit_hybrid_planning/lib/libsimple_sampler_plugin.so
[0.750s] -- Up-to-date: /home/alexander/moveit2_ws/install/moveit_hybrid_planning/lib/libsingle_plan_execution_plugin.so.2.9.0
[0.750s] -- Up-to-date: /home/alexander/moveit2_ws/install/moveit_hybrid_planning/lib/libsingle_plan_execution_plugin.so
[0.764s] -- Up-to-date: /home/alexander/moveit2_ws/install/moveit_hybrid_planning/lib/moveit_hybrid_planning/cancel_action
[0.765s] -- Up-to-date: /home/alexander/moveit2_ws/install/moveit_hybrid_planning/include/moveit_hybrid_planning
[0.765s] -- Up-to-date: /home/alexander/moveit2_ws/install/moveit_hybrid_planning/include/moveit_hybrid_planning/moveit
[0.765s] -- Up-to-date: /home/alexander/moveit2_ws/install/moveit_hybrid_planning/include/moveit_hybrid_planning/moveit/global_planner
[0.765s] -- Up-to-date: /home/alexander/moveit2_ws/install/moveit_hybrid_planning/include/moveit_hybrid_planning/moveit/global_planner/global_planner_component.h
[0.765s] -- Up-to-date: /home/alexander/moveit2_ws/install/moveit_hybrid_planning/include/moveit_hybrid_planning/moveit/global_planner/global_planner_interface.h
[0.765s] -- Up-to-date: /home/alexander/moveit2_ws/install/moveit_hybrid_planning/include/moveit_hybrid_planning
[0.766s] -- Up-to-date: /home/alexander/moveit2_ws/install/moveit_hybrid_planning/include/moveit_hybrid_planning/moveit
[0.766s] -- Up-to-date: /home/alexander/moveit2_ws/install/moveit_hybrid_planning/include/moveit_hybrid_planning/moveit/global_planner
[0.766s] -- Up-to-date: /home/alexander/moveit2_ws/install/moveit_hybrid_planning/include/moveit_hybrid_planning/moveit/global_planner/moveit_planning_pipeline.h
[0.766s] -- Up-to-date: /home/alexander/moveit2_ws/install/moveit_hybrid_planning/include/moveit_hybrid_planning
[0.766s] -- Up-to-date: /home/alexander/moveit2_ws/install/moveit_hybrid_planning/include/moveit_hybrid_planning/moveit
[0.766s] -- Up-to-date: /home/alexander/moveit2_ws/install/moveit_hybrid_planning/include/moveit_hybrid_planning/moveit/hybrid_planning_manager
[0.766s] -- Up-to-date: /home/alexander/moveit2_ws/install/moveit_hybrid_planning/include/moveit_hybrid_planning/moveit/hybrid_planning_manager/planner_logic_interface.h
[0.766s] -- Up-to-date: /home/alexander/moveit2_ws/install/moveit_hybrid_planning/include/moveit_hybrid_planning/moveit/hybrid_planning_manager/hybrid_planning_manager.h
[0.766s] -- Up-to-date: /home/alexander/moveit2_ws/install/moveit_hybrid_planning/include/moveit_hybrid_planning/moveit/hybrid_planning_manager/hybrid_planning_events.h
[0.766s] -- Up-to-date: /home/alexander/moveit2_ws/install/moveit_hybrid_planning/include/moveit_hybrid_planning
[0.766s] -- Up-to-date: /home/alexander/moveit2_ws/install/moveit_hybrid_planning/include/moveit_hybrid_planning/moveit
[0.767s] -- Up-to-date: /home/alexander/moveit2_ws/install/moveit_hybrid_planning/include/moveit_hybrid_planning/moveit/planner_logic_plugins
[0.767s] -- Up-to-date: /home/alexander/moveit2_ws/install/moveit_hybrid_planning/include/moveit_hybrid_planning/moveit/planner_logic_plugins/replan_invalidated_trajectory.h
[0.767s] -- Up-to-date: /home/alexander/moveit2_ws/install/moveit_hybrid_planning/include/moveit_hybrid_planning/moveit/planner_logic_plugins/single_plan_execution.h
[0.767s] -- Up-to-date: /home/alexander/moveit2_ws/install/moveit_hybrid_planning/include/moveit_hybrid_planning
[0.767s] -- Up-to-date: /home/alexander/moveit2_ws/install/moveit_hybrid_planning/include/moveit_hybrid_planning/moveit
[0.767s] -- Up-to-date: /home/alexander/moveit2_ws/install/moveit_hybrid_planning/include/moveit_hybrid_planning/moveit/local_planner
[0.767s] -- Up-to-date: /home/alexander/moveit2_ws/install/moveit_hybrid_planning/include/moveit_hybrid_planning/moveit/local_planner/trajectory_operator_interface.h
[0.767s] -- Up-to-date: /home/alexander/moveit2_ws/install/moveit_hybrid_planning/include/moveit_hybrid_planning/moveit/local_planner/local_constraint_solver_interface.h
[0.767s] -- Up-to-date: /home/alexander/moveit2_ws/install/moveit_hybrid_planning/include/moveit_hybrid_planning/moveit/local_planner/local_planner_component.h
[0.767s] -- Up-to-date: /home/alexander/moveit2_ws/install/moveit_hybrid_planning/include/moveit_hybrid_planning/moveit/local_planner/feedback_types.h
[0.767s] -- Up-to-date: /home/alexander/moveit2_ws/install/moveit_hybrid_planning/include/moveit_hybrid_planning
[0.767s] -- Up-to-date: /home/alexander/moveit2_ws/install/moveit_hybrid_planning/include/moveit_hybrid_planning/moveit
[0.768s] -- Up-to-date: /home/alexander/moveit2_ws/install/moveit_hybrid_planning/include/moveit_hybrid_planning/moveit/trajectory_operator_plugins
[0.768s] -- Up-to-date: /home/alexander/moveit2_ws/install/moveit_hybrid_planning/include/moveit_hybrid_planning/moveit/trajectory_operator_plugins/simple_sampler.h
[0.768s] -- Up-to-date: /home/alexander/moveit2_ws/install/moveit_hybrid_planning/include/moveit_hybrid_planning
[0.768s] -- Up-to-date: /home/alexander/moveit2_ws/install/moveit_hybrid_planning/include/moveit_hybrid_planning/moveit
[0.768s] -- Up-to-date: /home/alexander/moveit2_ws/install/moveit_hybrid_planning/include/moveit_hybrid_planning/moveit/local_constraint_solver_plugins
[0.768s] -- Up-to-date: /home/alexander/moveit2_ws/install/moveit_hybrid_planning/include/moveit_hybrid_planning/moveit/local_constraint_solver_plugins/forward_trajectory.h
[0.768s] -- Up-to-date: /home/alexander/moveit2_ws/install/moveit_hybrid_planning/share/moveit_hybrid_planning/launch
[0.768s] -- Up-to-date: /home/alexander/moveit2_ws/install/moveit_hybrid_planning/share/moveit_hybrid_planning/launch/test_basic_integration.test.py
[0.768s] -- Up-to-date: /home/alexander/moveit2_ws/install/moveit_hybrid_planning/share/moveit_hybrid_planning/launch/hybrid_planning_common.py
[0.768s] -- Up-to-date: /home/alexander/moveit2_ws/install/moveit_hybrid_planning/share/moveit_hybrid_planning/config
[0.769s] -- Up-to-date: /home/alexander/moveit2_ws/install/moveit_hybrid_planning/share/moveit_hybrid_planning/config/demo_controller.yaml
[0.777s] -- Up-to-date: /home/alexander/moveit2_ws/install/moveit_hybrid_planning/share/moveit_hybrid_planning/config/local_planner.yaml
[0.778s] -- Up-to-date: /home/alexander/moveit2_ws/install/moveit_hybrid_planning/share/moveit_hybrid_planning/config/global_planner.yaml
[0.778s] -- Up-to-date: /home/alexander/moveit2_ws/install/moveit_hybrid_planning/share/moveit_hybrid_planning/config/hybrid_planning_manager.yaml
[0.778s] -- Up-to-date: /home/alexander/moveit2_ws/install/moveit_hybrid_planning/share/moveit_hybrid_planning/config/hybrid_planning_demo.rviz
[0.778s] -- Up-to-date: /home/alexander/moveit2_ws/install/moveit_hybrid_planning/share/moveit_hybrid_planning/single_plan_execution_plugin.xml
[0.778s] -- Up-to-date: /home/alexander/moveit2_ws/install/moveit_hybrid_planning/share/moveit_hybrid_planning/moveit_planning_pipeline_plugin.xml
[0.778s] -- Up-to-date: /home/alexander/moveit2_ws/install/moveit_hybrid_planning/share/moveit_hybrid_planning/simple_sampler_plugin.xml
[0.778s] -- Up-to-date: /home/alexander/moveit2_ws/install/moveit_hybrid_planning/share/moveit_hybrid_planning/replan_invalidated_trajectory_plugin.xml
[0.778s] -- Up-to-date: /home/alexander/moveit2_ws/install/moveit_hybrid_planning/share/moveit_hybrid_planning/forward_trajectory_plugin.xml
[0.778s] -- Up-to-date: /home/alexander/moveit2_ws/install/moveit_hybrid_planning/share/moveit_hybrid_planning/environment/library_path.sh
[0.778s] -- Up-to-date: /home/alexander/moveit2_ws/install/moveit_hybrid_planning/share/moveit_hybrid_planning/environment/library_path.dsv
[0.778s] -- Up-to-date: /home/alexander/moveit2_ws/install/moveit_hybrid_planning/share/ament_index/resource_index/package_run_dependencies/moveit_hybrid_planning
[0.778s] -- Up-to-date: /home/alexander/moveit2_ws/install/moveit_hybrid_planning/share/ament_index/resource_index/parent_prefix_path/moveit_hybrid_planning
[0.778s] -- Up-to-date: /home/alexander/moveit2_ws/install/moveit_hybrid_planning/share/moveit_hybrid_planning/environment/ament_prefix_path.sh
[0.778s] -- Up-to-date: /home/alexander/moveit2_ws/install/moveit_hybrid_planning/share/moveit_hybrid_planning/environment/ament_prefix_path.dsv
[0.778s] -- Up-to-date: /home/alexander/moveit2_ws/install/moveit_hybrid_planning/share/moveit_hybrid_planning/environment/path.sh
[0.778s] -- Up-to-date: /home/alexander/moveit2_ws/install/moveit_hybrid_planning/share/moveit_hybrid_planning/environment/path.dsv
[0.778s] -- Up-to-date: /home/alexander/moveit2_ws/install/moveit_hybrid_planning/share/moveit_hybrid_planning/local_setup.bash
[0.779s] -- Up-to-date: /home/alexander/moveit2_ws/install/moveit_hybrid_planning/share/moveit_hybrid_planning/local_setup.sh
[0.779s] -- Up-to-date: /home/alexander/moveit2_ws/install/moveit_hybrid_planning/share/moveit_hybrid_planning/local_setup.zsh
[0.780s] -- Up-to-date: /home/alexander/moveit2_ws/install/moveit_hybrid_planning/share/moveit_hybrid_planning/local_setup.dsv
[0.780s] -- Installing: /home/alexander/moveit2_ws/install/moveit_hybrid_planning/share/moveit_hybrid_planning/package.dsv
[0.780s] -- Up-to-date: /home/alexander/moveit2_ws/install/moveit_hybrid_planning/share/ament_index/resource_index/packages/moveit_hybrid_planning
[0.780s] -- Up-to-date: /home/alexander/moveit2_ws/install/moveit_hybrid_planning/share/ament_index/resource_index/moveit_hybrid_planning__pluginlib__plugin/moveit_hybrid_planning
[0.780s] -- Up-to-date: /home/alexander/moveit2_ws/install/moveit_hybrid_planning/share/ament_index/resource_index/rclcpp_components/moveit_hybrid_planning
[0.784s] -- Up-to-date: /home/alexander/moveit2_ws/install/moveit_hybrid_planning/share/moveit_hybrid_planning/cmake/moveit_hybrid_planningTargetsExport.cmake
[0.784s] -- Up-to-date: /home/alexander/moveit2_ws/install/moveit_hybrid_planning/share/moveit_hybrid_planning/cmake/moveit_hybrid_planningTargetsExport-release.cmake
[0.785s] -- Up-to-date: /home/alexander/moveit2_ws/install/moveit_hybrid_planning/share/moveit_hybrid_planning/cmake/ament_cmake_export_dependencies-extras.cmake
[0.785s] -- Up-to-date: /home/alexander/moveit2_ws/install/moveit_hybrid_planning/share/moveit_hybrid_planning/cmake/ament_cmake_export_targets-extras.cmake
[0.785s] -- Up-to-date: /home/alexander/moveit2_ws/install/moveit_hybrid_planning/share/moveit_hybrid_planning/cmake/moveit_hybrid_planningConfig.cmake
[0.785s] -- Up-to-date: /home/alexander/moveit2_ws/install/moveit_hybrid_planning/share/moveit_hybrid_planning/cmake/moveit_hybrid_planningConfig-version.cmake
[0.785s] -- Up-to-date: /home/alexander/moveit2_ws/install/moveit_hybrid_planning/share/moveit_hybrid_planning/package.xml
[0.787s] Invoked command in '/home/alexander/moveit2_ws/build/moveit_hybrid_planning' returned '0': AMENT_PREFIX_PATH=/home/alexander/moveit2_ws/install/moveit_ros_planning_interface:/home/alexander/moveit2_ws/install/moveit_ros_move_group:/home/alexander/moveit2_ws/install/moveit_ros_warehouse:/home/alexander/moveit2_ws/install/moveit_planners_ompl:/home/alexander/moveit2_ws/install/moveit_kinematics:/home/alexander/moveit2_ws/install/moveit_ros_planning:/home/alexander/moveit2_ws/install/moveit_simple_controller_manager:/home/alexander/moveit2_ws/install/moveit_ros_occupancy_map_monitor:/home/alexander/moveit2_ws/install/moveit_core:/home/alexander/moveit2_ws/install/moveit_configs_utils:/home/alexander/moveit2_ws/install/moveit_common:${AMENT_PREFIX_PATH} CMAKE_PREFIX_PATH=/home/alexander/moveit2_ws/install/moveit_ros_planning_interface:/home/alexander/moveit2_ws/install/moveit_ros_move_group:/home/alexander/moveit2_ws/install/moveit_ros_warehouse:/home/alexander/moveit2_ws/install/moveit_planners_ompl:/home/alexander/moveit2_ws/install/moveit_kinematics:/home/alexander/moveit2_ws/install/moveit_ros_planning:/home/alexander/moveit2_ws/install/moveit_simple_controller_manager:/home/alexander/moveit2_ws/install/moveit_ros_occupancy_map_monitor:/home/alexander/moveit2_ws/install/moveit_core:/home/alexander/moveit2_ws/install/moveit_common:/opt/ros/humble LD_LIBRARY_PATH=/home/alexander/moveit2_ws/install/moveit_ros_planning_interface/lib:/home/alexander/moveit2_ws/install/moveit_ros_move_group/lib:/home/alexander/moveit2_ws/install/moveit_ros_warehouse/lib:/home/alexander/moveit2_ws/install/moveit_planners_ompl/lib:/home/alexander/moveit2_ws/install/moveit_kinematics/lib:/home/alexander/moveit2_ws/install/moveit_ros_planning/lib:/home/alexander/moveit2_ws/install/moveit_simple_controller_manager/lib:/home/alexander/moveit2_ws/install/moveit_ros_occupancy_map_monitor/lib:/home/alexander/moveit2_ws/install/moveit_core/lib:${LD_LIBRARY_PATH} PATH=/home/alexander/moveit2_ws/install/moveit_core/bin:${PATH} PYTHONPATH=/home/alexander/moveit2_ws/install/moveit_configs_utils/lib/python3.10/site-packages:${PYTHONPATH} /usr/bin/cmake --install /home/alexander/moveit2_ws/build/moveit_hybrid_planning
