[0.034s] Invoking command in '/home/alexander/moveit2_ws/build/moveit_ros_visualization': CMAKE_PREFIX_PATH=/home/alexander/moveit2_ws/install/moveit_ros_planning_interface:/home/alexander/moveit2_ws/install/moveit_ros_move_group:/home/alexander/moveit2_ws/install/moveit_ros_warehouse:/home/alexander/moveit2_ws/install/moveit_ros_robot_interaction:/home/alexander/moveit2_ws/install/moveit_kinematics:/home/alexander/moveit2_ws/install/moveit_ros_planning:/home/alexander/moveit2_ws/install/moveit_ros_occupancy_map_monitor:/home/alexander/moveit2_ws/install/moveit_core:/home/alexander/moveit2_ws/install/moveit_common:/home/alexander/moveit2_ws/install/pilz_industrial_motion_planner_testutils:/home/alexander/moveit2_ws/install/panda_moveit_config:/home/alexander/moveit2_ws/install/moveit_runtime:/home/alexander/moveit2_ws/install/moveit:/home/alexander/moveit2_ws/install/moveit_planners:/home/alexander/moveit2_ws/install/pilz_industrial_motion_planner:/home/alexander/moveit2_ws/install/moveit_ros_control_interface:/home/alexander/moveit2_ws/install/moveit_plugins:/home/alexander/moveit2_ws/install/moveit_simple_controller_manager:/home/alexander/moveit2_ws/install/moveit_setup_assistant:/home/alexander/moveit2_ws/install/moveit_setup_srdf_plugins:/home/alexander/moveit2_ws/install/moveit_setup_core_plugins:/home/alexander/moveit2_ws/install/moveit_setup_controllers:/home/alexander/moveit2_ws/install/moveit_setup_app_plugins:/home/alexander/moveit2_ws/install/moveit_setup_framework:/home/alexander/moveit2_ws/install/moveit_servo:/home/alexander/moveit2_ws/install/moveit_ros:/home/alexander/moveit2_ws/install/moveit_ros_visualization:/home/alexander/moveit2_ws/install/moveit_py:/home/alexander/moveit2_ws/install/moveit_hybrid_planning:/home/alexander/moveit2_ws/install/moveit_ros_benchmarks:/home/alexander/moveit2_ws/install/moveit_ros_perception:/home/alexander/moveit2_ws/install/moveit_resources_prbt_pg70_support:/home/alexander/moveit2_ws/install/moveit_resources_prbt_moveit_config:/home/alexander/moveit2_ws/install/moveit_planners_ompl:/home/alexander/moveit2_ws/install/moveit_resources_prbt_support:/home/alexander/moveit2_ws/install/moveit_resources_prbt_ikfast_manipulator_plugin:/home/alexander/moveit2_ws/install/moveit_planners_stomp:/home/alexander/moveit2_ws/install/moveit_planners_chomp:/home/alexander/moveit2_ws/install/chomp_motion_planner:/home/alexander/moveit2_ws/install/arduinobot_description:/home/alexander/moveit2_ws/install/moveit_configs_utils:/opt/ros/humble LD_LIBRARY_PATH=/home/alexander/moveit2_ws/install/moveit_ros_planning_interface/lib:/home/alexander/moveit2_ws/install/moveit_ros_move_group/lib:/home/alexander/moveit2_ws/install/moveit_ros_warehouse/lib:/home/alexander/moveit2_ws/install/moveit_ros_robot_interaction/lib:/home/alexander/moveit2_ws/install/moveit_kinematics/lib:/home/alexander/moveit2_ws/install/moveit_ros_planning/lib:/home/alexander/moveit2_ws/install/moveit_ros_occupancy_map_monitor/lib:/home/alexander/moveit2_ws/install/moveit_core/lib:/home/alexander/moveit2_ws/install/pilz_industrial_motion_planner_testutils/lib:/home/alexander/moveit2_ws/install/pilz_industrial_motion_planner/lib:/home/alexander/moveit2_ws/install/moveit_ros_control_interface/lib:/home/alexander/moveit2_ws/install/moveit_simple_controller_manager/lib:/home/alexander/moveit2_ws/install/moveit_setup_assistant/lib:/home/alexander/moveit2_ws/install/moveit_setup_srdf_plugins/lib:/home/alexander/moveit2_ws/install/moveit_setup_core_plugins/lib:/home/alexander/moveit2_ws/install/moveit_setup_controllers/lib:/home/alexander/moveit2_ws/install/moveit_setup_app_plugins/lib:/home/alexander/moveit2_ws/install/moveit_setup_framework/lib:/home/alexander/moveit2_ws/install/moveit_servo/lib:/home/alexander/moveit2_ws/install/moveit_ros_visualization/lib:/home/alexander/moveit2_ws/install/moveit_py/lib:/home/alexander/moveit2_ws/install/moveit_hybrid_planning/lib:/home/alexander/moveit2_ws/install/moveit_ros_benchmarks/lib:/home/alexander/moveit2_ws/install/moveit_ros_perception/lib:/home/alexander/moveit2_ws/install/moveit_planners_ompl/lib:/home/alexander/moveit2_ws/install/moveit_resources_prbt_ikfast_manipulator_plugin/lib:/home/alexander/moveit2_ws/install/moveit_planners_stomp/lib:/home/alexander/moveit2_ws/install/moveit_planners_chomp/lib:/home/alexander/moveit2_ws/install/chomp_motion_planner/lib:/opt/ros/humble/opt/rviz_ogre_vendor/lib:/opt/ros/humble/lib/x86_64-linux-gnu:/opt/ros/humble/lib /usr/bin/cmake /home/alexander/moveit2_ws/src/moveit2-main/moveit_ros/visualization -DCMAKE_INSTALL_PREFIX=/home/alexander/moveit2_ws/install/moveit_ros_visualization
[0.054s] -- Found moveit_common: 2.9.0 (/home/alexander/moveit2_ws/install/moveit_common/share/moveit_common/cmake)
[0.054s] -- Found ament_cmake: 1.3.8 (/opt/ros/humble/share/ament_cmake/cmake)
[0.216s] -- Could NOT find libbfd (missing: LIBBFD_LIBRARY LIBBFD_INCLUDE_DIR) 
[0.216s] -- BACKWARD_HAS_UNWIND=1
[0.216s] -- BACKWARD_HAS_BACKTRACE=0
[0.216s] -- BACKWARD_HAS_BACKTRACE_SYMBOL=0
[0.216s] -- BACKWARD_HAS_DW=1
[0.216s] -- BACKWARD_HAS_BFD=0
[0.216s] -- Found Backward: /opt/ros/humble/share/backward_ros/cmake  
[0.217s] -- Found class_loader: 2.2.0 (/opt/ros/humble/share/class_loader/cmake)
[0.222s] -- Found geometric_shapes: 2.1.3 (/opt/ros/humble/share/geometric_shapes/cmake)
[0.226s] -- Found Boost: /usr/lib/x86_64-linux-gnu/cmake/Boost-1.74.0/BoostConfig.cmake (found version "1.74.0") found components: filesystem 
[0.239s] -- Found rosidl_generator_c: 3.1.5 (/opt/ros/humble/share/rosidl_generator_c/cmake)
[0.240s] -- Found rosidl_adapter: 3.1.5 (/opt/ros/humble/share/rosidl_adapter/cmake)
[0.245s] -- Found rosidl_generator_cpp: 3.1.5 (/opt/ros/humble/share/rosidl_generator_cpp/cmake)
[0.254s] -- Using all available rosidl_typesupport_c: rosidl_typesupport_fastrtps_c;rosidl_typesupport_introspection_c
[0.263s] -- Using all available rosidl_typesupport_cpp: rosidl_typesupport_fastrtps_cpp;rosidl_typesupport_introspection_cpp
[0.379s] -- Found rmw_implementation_cmake: 6.1.1 (/opt/ros/humble/share/rmw_implementation_cmake/cmake)
[0.381s] -- Found rmw_fastrtps_cpp: 6.2.6 (/opt/ros/humble/share/rmw_fastrtps_cpp/cmake)
[0.476s] -- Using RMW implementation 'rmw_fastrtps_cpp' as default
[0.586s] -- library: /usr/lib/x86_64-linux-gnu/libcurl.so
[0.777s] -- Found interactive_markers: 2.3.2 (/opt/ros/humble/share/interactive_markers/cmake)
[0.788s] -- Found moveit_ros_planning: 2.9.0 (/home/alexander/moveit2_ws/install/moveit_ros_planning/share/moveit_ros_planning/cmake)
[0.796s] -- Found Boost: /usr/lib/x86_64-linux-gnu/cmake/Boost-1.74.0/BoostConfig.cmake (found version "1.74.0") found components: system filesystem date_time program_options thread chrono 
[0.799s] -- Found parameter_traits: 0.3.8 (/opt/ros/humble/share/parameter_traits/cmake)
[0.811s] -- Found rclcpp_lifecycle: 16.0.8 (/opt/ros/humble/share/rclcpp_lifecycle/cmake)
[0.850s] -- Found Boost: /usr/lib/x86_64-linux-gnu/cmake/Boost-1.74.0/BoostConfig.cmake (found version "1.74.0") found components: chrono date_time filesystem iostreams program_options regex serialization system thread 
[0.872s] -- Ensuring Eigen3 include directory is part of orocos-kdl CMake target
[2.095s] -- Found moveit_ros_planning_interface: 2.9.0 (/home/alexander/moveit2_ws/install/moveit_ros_planning_interface/share/moveit_ros_planning_interface/cmake)
[2.099s] -- Found Boost: /usr/lib/x86_64-linux-gnu/cmake/Boost-1.74.0/BoostConfig.cmake (found version "1.74.0") found components: date_time filesystem program_options system thread 
[2.252s] -- Found Boost: /usr/lib/x86_64-linux-gnu/cmake/Boost-1.74.0/BoostConfig.cmake (found version "1.74.0") found components: thread system filesystem regex date_time program_options 
[2.442s] -- Found Boost: /usr/lib/x86_64-linux-gnu/cmake/Boost-1.74.0/BoostConfig.cmake (found version "1.74.0") found components: system filesystem date_time program_options thread 
[2.651s] -- Found moveit_ros_robot_interaction: 2.9.0 (/home/alexander/moveit2_ws/install/moveit_ros_robot_interaction/share/moveit_ros_robot_interaction/cmake)
[2.764s] -- Found rclpy: 3.3.12 (/opt/ros/humble/share/rclpy/cmake)
[2.764s] -- Found rviz2: 11.2.12 (/opt/ros/humble/share/rviz2/cmake)
[2.765s] -- Found rviz_common: 11.2.12 (/opt/ros/humble/share/rviz_common/cmake)
[2.774s] -- Setting OGRE_DIR to: '/opt/ros/humble/share/rviz_ogre_vendor/cmake/../../../opt/rviz_ogre_vendor/lib/OGRE/cmake'
[2.775s] -- Found OGRE
[2.777s] --   static     : OFF
[2.777s] --   components : HLMS;MeshLodGenerator;Overlay;Paging;Property;RTShaderSystem;Terrain;Volume
[2.777s] --   plugins    : Plugin_BSPSceneManager;Plugin_OctreeSceneManager;Plugin_PCZSceneManager;Plugin_ParticleFX;RenderSystem_GL;RenderSystem_GL3Plus;Codec_STBI
[2.777s] --   media      : /opt/ros/humble/opt/rviz_ogre_vendor/share/OGRE/Media
[2.777s] -- OGRE_LIBRARIES: OgreHLMS;OgreMeshLodGenerator;OgreOverlay;OgrePaging;OgreProperty;OgreRTShaderSystem;OgreTerrain;OgreVolume;OgreMain
[2.777s] -- OGRE_LIBRARY_DIRS: /opt/ros/humble/opt/rviz_ogre_vendor/lib
[2.777s] -- OGRE_PLUGINS: Plugin_BSPSceneManager;Plugin_OctreeSceneManager;Plugin_PCZSceneManager;Plugin_ParticleFX;RenderSystem_GL;RenderSystem_GL3Plus;Codec_STBI
[2.777s] -- OGRE_PLUGIN_DIR: /opt/ros/humble/opt/rviz_ogre_vendor/lib/OGRE
[2.778s] -- rviz_ogre_vendor::OgreOverlay for IMPORTED_LOCATION_RELEASE: /opt/ros/humble/opt/rviz_ogre_vendor/lib/libOgreOverlay.so
[2.778s] -- rviz_ogre_vendor::OgreOverlay for IMPORTED_LOCATION_DEBUG: /opt/ros/humble/opt/rviz_ogre_vendor/lib/libOgreOverlay.so
[2.778s] -- rviz_ogre_vendor::OgreMain for IMPORTED_LOCATION_RELEASE: /opt/ros/humble/opt/rviz_ogre_vendor/lib/libOgreMain.so
[2.779s] -- rviz_ogre_vendor::OgreMain for IMPORTED_LOCATION_DEBUG: /opt/ros/humble/opt/rviz_ogre_vendor/lib/libOgreMain.so
[2.824s] -- rviz_ogre_vendor::RenderSystem_GL for IMPORTED_LOCATION_RELEASE: _render_system_gl_static_library_abs-NOTFOUND
[2.824s] -- rviz_ogre_vendor::RenderSystem_GL for IMPORTED_LOCATION_DEBUG: _render_system_gl_static_library_abs-NOTFOUND
[2.870s] -- Found rviz_default_plugins: 11.2.12 (/opt/ros/humble/share/rviz_default_plugins/cmake)
[3.166s] -- Found Boost: /usr/lib/x86_64-linux-gnu/cmake/Boost-1.74.0/BoostConfig.cmake (found version "1.74.0") found components: thread date_time system filesystem 
[3.231s] -- Configuring done
[3.452s] -- Generating done
[3.457s] -- Build files have been written to: /home/alexander/moveit2_ws/build/moveit_ros_visualization
[3.475s] Invoked command in '/home/alexander/moveit2_ws/build/moveit_ros_visualization' returned '0': CMAKE_PREFIX_PATH=/home/alexander/moveit2_ws/install/moveit_ros_planning_interface:/home/alexander/moveit2_ws/install/moveit_ros_move_group:/home/alexander/moveit2_ws/install/moveit_ros_warehouse:/home/alexander/moveit2_ws/install/moveit_ros_robot_interaction:/home/alexander/moveit2_ws/install/moveit_kinematics:/home/alexander/moveit2_ws/install/moveit_ros_planning:/home/alexander/moveit2_ws/install/moveit_ros_occupancy_map_monitor:/home/alexander/moveit2_ws/install/moveit_core:/home/alexander/moveit2_ws/install/moveit_common:/home/alexander/moveit2_ws/install/pilz_industrial_motion_planner_testutils:/home/alexander/moveit2_ws/install/panda_moveit_config:/home/alexander/moveit2_ws/install/moveit_runtime:/home/alexander/moveit2_ws/install/moveit:/home/alexander/moveit2_ws/install/moveit_planners:/home/alexander/moveit2_ws/install/pilz_industrial_motion_planner:/home/alexander/moveit2_ws/install/moveit_ros_control_interface:/home/alexander/moveit2_ws/install/moveit_plugins:/home/alexander/moveit2_ws/install/moveit_simple_controller_manager:/home/alexander/moveit2_ws/install/moveit_setup_assistant:/home/alexander/moveit2_ws/install/moveit_setup_srdf_plugins:/home/alexander/moveit2_ws/install/moveit_setup_core_plugins:/home/alexander/moveit2_ws/install/moveit_setup_controllers:/home/alexander/moveit2_ws/install/moveit_setup_app_plugins:/home/alexander/moveit2_ws/install/moveit_setup_framework:/home/alexander/moveit2_ws/install/moveit_servo:/home/alexander/moveit2_ws/install/moveit_ros:/home/alexander/moveit2_ws/install/moveit_ros_visualization:/home/alexander/moveit2_ws/install/moveit_py:/home/alexander/moveit2_ws/install/moveit_hybrid_planning:/home/alexander/moveit2_ws/install/moveit_ros_benchmarks:/home/alexander/moveit2_ws/install/moveit_ros_perception:/home/alexander/moveit2_ws/install/moveit_resources_prbt_pg70_support:/home/alexander/moveit2_ws/install/moveit_resources_prbt_moveit_config:/home/alexander/moveit2_ws/install/moveit_planners_ompl:/home/alexander/moveit2_ws/install/moveit_resources_prbt_support:/home/alexander/moveit2_ws/install/moveit_resources_prbt_ikfast_manipulator_plugin:/home/alexander/moveit2_ws/install/moveit_planners_stomp:/home/alexander/moveit2_ws/install/moveit_planners_chomp:/home/alexander/moveit2_ws/install/chomp_motion_planner:/home/alexander/moveit2_ws/install/arduinobot_description:/home/alexander/moveit2_ws/install/moveit_configs_utils:/opt/ros/humble LD_LIBRARY_PATH=/home/alexander/moveit2_ws/install/moveit_ros_planning_interface/lib:/home/alexander/moveit2_ws/install/moveit_ros_move_group/lib:/home/alexander/moveit2_ws/install/moveit_ros_warehouse/lib:/home/alexander/moveit2_ws/install/moveit_ros_robot_interaction/lib:/home/alexander/moveit2_ws/install/moveit_kinematics/lib:/home/alexander/moveit2_ws/install/moveit_ros_planning/lib:/home/alexander/moveit2_ws/install/moveit_ros_occupancy_map_monitor/lib:/home/alexander/moveit2_ws/install/moveit_core/lib:/home/alexander/moveit2_ws/install/pilz_industrial_motion_planner_testutils/lib:/home/alexander/moveit2_ws/install/pilz_industrial_motion_planner/lib:/home/alexander/moveit2_ws/install/moveit_ros_control_interface/lib:/home/alexander/moveit2_ws/install/moveit_simple_controller_manager/lib:/home/alexander/moveit2_ws/install/moveit_setup_assistant/lib:/home/alexander/moveit2_ws/install/moveit_setup_srdf_plugins/lib:/home/alexander/moveit2_ws/install/moveit_setup_core_plugins/lib:/home/alexander/moveit2_ws/install/moveit_setup_controllers/lib:/home/alexander/moveit2_ws/install/moveit_setup_app_plugins/lib:/home/alexander/moveit2_ws/install/moveit_setup_framework/lib:/home/alexander/moveit2_ws/install/moveit_servo/lib:/home/alexander/moveit2_ws/install/moveit_ros_visualization/lib:/home/alexander/moveit2_ws/install/moveit_py/lib:/home/alexander/moveit2_ws/install/moveit_hybrid_planning/lib:/home/alexander/moveit2_ws/install/moveit_ros_benchmarks/lib:/home/alexander/moveit2_ws/install/moveit_ros_perception/lib:/home/alexander/moveit2_ws/install/moveit_planners_ompl/lib:/home/alexander/moveit2_ws/install/moveit_resources_prbt_ikfast_manipulator_plugin/lib:/home/alexander/moveit2_ws/install/moveit_planners_stomp/lib:/home/alexander/moveit2_ws/install/moveit_planners_chomp/lib:/home/alexander/moveit2_ws/install/chomp_motion_planner/lib:/opt/ros/humble/opt/rviz_ogre_vendor/lib:/opt/ros/humble/lib/x86_64-linux-gnu:/opt/ros/humble/lib /usr/bin/cmake /home/alexander/moveit2_ws/src/moveit2-main/moveit_ros/visualization -DCMAKE_INSTALL_PREFIX=/home/alexander/moveit2_ws/install/moveit_ros_visualization
[3.477s] Invoking command in '/home/alexander/moveit2_ws/build/moveit_ros_visualization': CMAKE_PREFIX_PATH=/home/alexander/moveit2_ws/install/moveit_ros_planning_interface:/home/alexander/moveit2_ws/install/moveit_ros_move_group:/home/alexander/moveit2_ws/install/moveit_ros_warehouse:/home/alexander/moveit2_ws/install/moveit_ros_robot_interaction:/home/alexander/moveit2_ws/install/moveit_kinematics:/home/alexander/moveit2_ws/install/moveit_ros_planning:/home/alexander/moveit2_ws/install/moveit_ros_occupancy_map_monitor:/home/alexander/moveit2_ws/install/moveit_core:/home/alexander/moveit2_ws/install/moveit_common:/home/alexander/moveit2_ws/install/pilz_industrial_motion_planner_testutils:/home/alexander/moveit2_ws/install/panda_moveit_config:/home/alexander/moveit2_ws/install/moveit_runtime:/home/alexander/moveit2_ws/install/moveit:/home/alexander/moveit2_ws/install/moveit_planners:/home/alexander/moveit2_ws/install/pilz_industrial_motion_planner:/home/alexander/moveit2_ws/install/moveit_ros_control_interface:/home/alexander/moveit2_ws/install/moveit_plugins:/home/alexander/moveit2_ws/install/moveit_simple_controller_manager:/home/alexander/moveit2_ws/install/moveit_setup_assistant:/home/alexander/moveit2_ws/install/moveit_setup_srdf_plugins:/home/alexander/moveit2_ws/install/moveit_setup_core_plugins:/home/alexander/moveit2_ws/install/moveit_setup_controllers:/home/alexander/moveit2_ws/install/moveit_setup_app_plugins:/home/alexander/moveit2_ws/install/moveit_setup_framework:/home/alexander/moveit2_ws/install/moveit_servo:/home/alexander/moveit2_ws/install/moveit_ros:/home/alexander/moveit2_ws/install/moveit_ros_visualization:/home/alexander/moveit2_ws/install/moveit_py:/home/alexander/moveit2_ws/install/moveit_hybrid_planning:/home/alexander/moveit2_ws/install/moveit_ros_benchmarks:/home/alexander/moveit2_ws/install/moveit_ros_perception:/home/alexander/moveit2_ws/install/moveit_resources_prbt_pg70_support:/home/alexander/moveit2_ws/install/moveit_resources_prbt_moveit_config:/home/alexander/moveit2_ws/install/moveit_planners_ompl:/home/alexander/moveit2_ws/install/moveit_resources_prbt_support:/home/alexander/moveit2_ws/install/moveit_resources_prbt_ikfast_manipulator_plugin:/home/alexander/moveit2_ws/install/moveit_planners_stomp:/home/alexander/moveit2_ws/install/moveit_planners_chomp:/home/alexander/moveit2_ws/install/chomp_motion_planner:/home/alexander/moveit2_ws/install/arduinobot_description:/home/alexander/moveit2_ws/install/moveit_configs_utils:/opt/ros/humble LD_LIBRARY_PATH=/home/alexander/moveit2_ws/install/moveit_ros_planning_interface/lib:/home/alexander/moveit2_ws/install/moveit_ros_move_group/lib:/home/alexander/moveit2_ws/install/moveit_ros_warehouse/lib:/home/alexander/moveit2_ws/install/moveit_ros_robot_interaction/lib:/home/alexander/moveit2_ws/install/moveit_kinematics/lib:/home/alexander/moveit2_ws/install/moveit_ros_planning/lib:/home/alexander/moveit2_ws/install/moveit_ros_occupancy_map_monitor/lib:/home/alexander/moveit2_ws/install/moveit_core/lib:/home/alexander/moveit2_ws/install/pilz_industrial_motion_planner_testutils/lib:/home/alexander/moveit2_ws/install/pilz_industrial_motion_planner/lib:/home/alexander/moveit2_ws/install/moveit_ros_control_interface/lib:/home/alexander/moveit2_ws/install/moveit_simple_controller_manager/lib:/home/alexander/moveit2_ws/install/moveit_setup_assistant/lib:/home/alexander/moveit2_ws/install/moveit_setup_srdf_plugins/lib:/home/alexander/moveit2_ws/install/moveit_setup_core_plugins/lib:/home/alexander/moveit2_ws/install/moveit_setup_controllers/lib:/home/alexander/moveit2_ws/install/moveit_setup_app_plugins/lib:/home/alexander/moveit2_ws/install/moveit_setup_framework/lib:/home/alexander/moveit2_ws/install/moveit_servo/lib:/home/alexander/moveit2_ws/install/moveit_ros_visualization/lib:/home/alexander/moveit2_ws/install/moveit_py/lib:/home/alexander/moveit2_ws/install/moveit_hybrid_planning/lib:/home/alexander/moveit2_ws/install/moveit_ros_benchmarks/lib:/home/alexander/moveit2_ws/install/moveit_ros_perception/lib:/home/alexander/moveit2_ws/install/moveit_planners_ompl/lib:/home/alexander/moveit2_ws/install/moveit_resources_prbt_ikfast_manipulator_plugin/lib:/home/alexander/moveit2_ws/install/moveit_planners_stomp/lib:/home/alexander/moveit2_ws/install/moveit_planners_chomp/lib:/home/alexander/moveit2_ws/install/chomp_motion_planner/lib:/opt/ros/humble/opt/rviz_ogre_vendor/lib:/opt/ros/humble/lib/x86_64-linux-gnu:/opt/ros/humble/lib /usr/bin/cmake --build /home/alexander/moveit2_ws/build/moveit_ros_visualization -- -j14 -l14
[3.536s] [  1%] [34m[1mAutomatic MOC for target moveit_rviz_plugin_render_tools[0m
[3.557s] [  1%] Built target moveit_rviz_plugin_render_tools_autogen
[3.576s] [35m[1mConsolidate compiler generated dependencies of target moveit_rviz_plugin_render_tools[0m
[3.628s] [  3%] [32m[1mLinking CXX shared library libmoveit_rviz_plugin_render_tools.so[0m
[5.971s] [ 18%] Built target moveit_rviz_plugin_render_tools
[5.994s] [ 20%] [34m[1mAutomatic MOC for target moveit_planning_scene_rviz_plugin_core[0m
[5.995s] [ 22%] [34m[1mAutomatic MOC for target moveit_robot_state_rviz_plugin_core[0m
[6.198s] [ 22%] Built target moveit_robot_state_rviz_plugin_core_autogen
[6.211s] [35m[1mConsolidate compiler generated dependencies of target moveit_robot_state_rviz_plugin_core[0m
[6.238s] [ 24%] [32mBuilding CXX object robot_state_rviz_plugin/CMakeFiles/moveit_robot_state_rviz_plugin_core.dir/moveit_robot_state_rviz_plugin_core_autogen/mocs_compilation.cpp.o[0m
[6.239s] [ 25%] [32mBuilding CXX object robot_state_rviz_plugin/CMakeFiles/moveit_robot_state_rviz_plugin_core.dir/src/robot_state_display.cpp.o[0m
[6.298s] [ 25%] Built target moveit_planning_scene_rviz_plugin_core_autogen
[6.315s] [35m[1mConsolidate compiler generated dependencies of target moveit_planning_scene_rviz_plugin_core[0m
[6.356s] [ 31%] [32mBuilding CXX object planning_scene_rviz_plugin/CMakeFiles/moveit_planning_scene_rviz_plugin_core.dir/src/background_processing.cpp.o[0m
[6.356s] [ 31%] [32mBuilding CXX object planning_scene_rviz_plugin/CMakeFiles/moveit_planning_scene_rviz_plugin_core.dir/src/planning_scene_display.cpp.o[0m
[6.356s] [ 31%] [32mBuilding CXX object planning_scene_rviz_plugin/CMakeFiles/moveit_planning_scene_rviz_plugin_core.dir/moveit_planning_scene_rviz_plugin_core_autogen/mocs_compilation.cpp.o[0m
[19.344s] [ 32%] [32m[1mLinking CXX shared library libmoveit_planning_scene_rviz_plugin_core.so[0m
[22.131s] [ 32%] Built target moveit_planning_scene_rviz_plugin_core
[22.155s] [ 34%] [34m[1mAutomatic MOC for target moveit_planning_scene_rviz_plugin[0m
[22.161s] [ 36%] [34m[1mAutomatic MOC for target moveit_trajectory_rviz_plugin_core[0m
[22.184s] [ 36%] Built target moveit_planning_scene_rviz_plugin_autogen
[22.206s] [35m[1mConsolidate compiler generated dependencies of target moveit_planning_scene_rviz_plugin[0m
[22.227s] [ 37%] [32m[1mLinking CXX shared library libmoveit_planning_scene_rviz_plugin.so[0m
[22.510s] [ 37%] Built target moveit_trajectory_rviz_plugin_core_autogen
[22.527s] [35m[1mConsolidate compiler generated dependencies of target moveit_trajectory_rviz_plugin_core[0m
[22.562s] [ 41%] [32mBuilding CXX object trajectory_rviz_plugin/CMakeFiles/moveit_trajectory_rviz_plugin_core.dir/src/trajectory_display.cpp.o[0m
[22.562s] [ 41%] [32mBuilding CXX object trajectory_rviz_plugin/CMakeFiles/moveit_trajectory_rviz_plugin_core.dir/moveit_trajectory_rviz_plugin_core_autogen/mocs_compilation.cpp.o[0m
[22.944s] [ 44%] Built target moveit_planning_scene_rviz_plugin
[22.980s] [ 46%] [34m[1mAutomatic MOC for target moveit_motion_planning_rviz_plugin_core[0m
[22.991s] [ 48%] [32m[1mLinking CXX shared library libmoveit_robot_state_rviz_plugin_core.so[0m
[23.006s] [ 48%] Built target moveit_motion_planning_rviz_plugin_core_autogen
[23.039s] [35m[1mConsolidate compiler generated dependencies of target moveit_motion_planning_rviz_plugin_core[0m
[23.188s] [ 50%] [32m[1mLinking CXX shared library libmoveit_motion_planning_rviz_plugin_core.so[0m
[26.668s] [ 50%] Built target moveit_robot_state_rviz_plugin_core
[26.696s] [ 51%] [34m[1mAutomatic MOC for target moveit_robot_state_rviz_plugin[0m
[26.727s] [ 51%] Built target moveit_robot_state_rviz_plugin_autogen
[26.745s] [35m[1mConsolidate compiler generated dependencies of target moveit_robot_state_rviz_plugin[0m
[26.774s] [ 53%] [32m[1mLinking CXX shared library libmoveit_robot_state_rviz_plugin.so[0m
[27.609s] [ 56%] Built target moveit_robot_state_rviz_plugin
[28.859s] [ 84%] Built target moveit_motion_planning_rviz_plugin_core
[28.882s] [ 86%] [34m[1mAutomatic MOC for target moveit_motion_planning_rviz_plugin[0m
[28.904s] [ 86%] Built target moveit_motion_planning_rviz_plugin_autogen
[28.919s] [35m[1mConsolidate compiler generated dependencies of target moveit_motion_planning_rviz_plugin[0m
[28.951s] [ 87%] [32m[1mLinking CXX shared library libmoveit_motion_planning_rviz_plugin.so[0m
[29.731s] [ 91%] Built target moveit_motion_planning_rviz_plugin
[33.341s] [ 93%] [32m[1mLinking CXX shared library libmoveit_trajectory_rviz_plugin_core.so[0m
[34.069s] [ 93%] Built target moveit_trajectory_rviz_plugin_core
[34.090s] [ 94%] [34m[1mAutomatic MOC for target moveit_trajectory_rviz_plugin[0m
[34.115s] [ 94%] Built target moveit_trajectory_rviz_plugin_autogen
[34.130s] [35m[1mConsolidate compiler generated dependencies of target moveit_trajectory_rviz_plugin[0m
[34.154s] [ 96%] [32m[1mLinking CXX shared library libmoveit_trajectory_rviz_plugin.so[0m
[34.788s] [100%] Built target moveit_trajectory_rviz_plugin
[34.799s] Invoked command in '/home/alexander/moveit2_ws/build/moveit_ros_visualization' returned '0': CMAKE_PREFIX_PATH=/home/alexander/moveit2_ws/install/moveit_ros_planning_interface:/home/alexander/moveit2_ws/install/moveit_ros_move_group:/home/alexander/moveit2_ws/install/moveit_ros_warehouse:/home/alexander/moveit2_ws/install/moveit_ros_robot_interaction:/home/alexander/moveit2_ws/install/moveit_kinematics:/home/alexander/moveit2_ws/install/moveit_ros_planning:/home/alexander/moveit2_ws/install/moveit_ros_occupancy_map_monitor:/home/alexander/moveit2_ws/install/moveit_core:/home/alexander/moveit2_ws/install/moveit_common:/home/alexander/moveit2_ws/install/pilz_industrial_motion_planner_testutils:/home/alexander/moveit2_ws/install/panda_moveit_config:/home/alexander/moveit2_ws/install/moveit_runtime:/home/alexander/moveit2_ws/install/moveit:/home/alexander/moveit2_ws/install/moveit_planners:/home/alexander/moveit2_ws/install/pilz_industrial_motion_planner:/home/alexander/moveit2_ws/install/moveit_ros_control_interface:/home/alexander/moveit2_ws/install/moveit_plugins:/home/alexander/moveit2_ws/install/moveit_simple_controller_manager:/home/alexander/moveit2_ws/install/moveit_setup_assistant:/home/alexander/moveit2_ws/install/moveit_setup_srdf_plugins:/home/alexander/moveit2_ws/install/moveit_setup_core_plugins:/home/alexander/moveit2_ws/install/moveit_setup_controllers:/home/alexander/moveit2_ws/install/moveit_setup_app_plugins:/home/alexander/moveit2_ws/install/moveit_setup_framework:/home/alexander/moveit2_ws/install/moveit_servo:/home/alexander/moveit2_ws/install/moveit_ros:/home/alexander/moveit2_ws/install/moveit_ros_visualization:/home/alexander/moveit2_ws/install/moveit_py:/home/alexander/moveit2_ws/install/moveit_hybrid_planning:/home/alexander/moveit2_ws/install/moveit_ros_benchmarks:/home/alexander/moveit2_ws/install/moveit_ros_perception:/home/alexander/moveit2_ws/install/moveit_resources_prbt_pg70_support:/home/alexander/moveit2_ws/install/moveit_resources_prbt_moveit_config:/home/alexander/moveit2_ws/install/moveit_planners_ompl:/home/alexander/moveit2_ws/install/moveit_resources_prbt_support:/home/alexander/moveit2_ws/install/moveit_resources_prbt_ikfast_manipulator_plugin:/home/alexander/moveit2_ws/install/moveit_planners_stomp:/home/alexander/moveit2_ws/install/moveit_planners_chomp:/home/alexander/moveit2_ws/install/chomp_motion_planner:/home/alexander/moveit2_ws/install/arduinobot_description:/home/alexander/moveit2_ws/install/moveit_configs_utils:/opt/ros/humble LD_LIBRARY_PATH=/home/alexander/moveit2_ws/install/moveit_ros_planning_interface/lib:/home/alexander/moveit2_ws/install/moveit_ros_move_group/lib:/home/alexander/moveit2_ws/install/moveit_ros_warehouse/lib:/home/alexander/moveit2_ws/install/moveit_ros_robot_interaction/lib:/home/alexander/moveit2_ws/install/moveit_kinematics/lib:/home/alexander/moveit2_ws/install/moveit_ros_planning/lib:/home/alexander/moveit2_ws/install/moveit_ros_occupancy_map_monitor/lib:/home/alexander/moveit2_ws/install/moveit_core/lib:/home/alexander/moveit2_ws/install/pilz_industrial_motion_planner_testutils/lib:/home/alexander/moveit2_ws/install/pilz_industrial_motion_planner/lib:/home/alexander/moveit2_ws/install/moveit_ros_control_interface/lib:/home/alexander/moveit2_ws/install/moveit_simple_controller_manager/lib:/home/alexander/moveit2_ws/install/moveit_setup_assistant/lib:/home/alexander/moveit2_ws/install/moveit_setup_srdf_plugins/lib:/home/alexander/moveit2_ws/install/moveit_setup_core_plugins/lib:/home/alexander/moveit2_ws/install/moveit_setup_controllers/lib:/home/alexander/moveit2_ws/install/moveit_setup_app_plugins/lib:/home/alexander/moveit2_ws/install/moveit_setup_framework/lib:/home/alexander/moveit2_ws/install/moveit_servo/lib:/home/alexander/moveit2_ws/install/moveit_ros_visualization/lib:/home/alexander/moveit2_ws/install/moveit_py/lib:/home/alexander/moveit2_ws/install/moveit_hybrid_planning/lib:/home/alexander/moveit2_ws/install/moveit_ros_benchmarks/lib:/home/alexander/moveit2_ws/install/moveit_ros_perception/lib:/home/alexander/moveit2_ws/install/moveit_planners_ompl/lib:/home/alexander/moveit2_ws/install/moveit_resources_prbt_ikfast_manipulator_plugin/lib:/home/alexander/moveit2_ws/install/moveit_planners_stomp/lib:/home/alexander/moveit2_ws/install/moveit_planners_chomp/lib:/home/alexander/moveit2_ws/install/chomp_motion_planner/lib:/opt/ros/humble/opt/rviz_ogre_vendor/lib:/opt/ros/humble/lib/x86_64-linux-gnu:/opt/ros/humble/lib /usr/bin/cmake --build /home/alexander/moveit2_ws/build/moveit_ros_visualization -- -j14 -l14
[34.855s] Invoking command in '/home/alexander/moveit2_ws/build/moveit_ros_visualization': CMAKE_PREFIX_PATH=/home/alexander/moveit2_ws/install/moveit_ros_planning_interface:/home/alexander/moveit2_ws/install/moveit_ros_move_group:/home/alexander/moveit2_ws/install/moveit_ros_warehouse:/home/alexander/moveit2_ws/install/moveit_ros_robot_interaction:/home/alexander/moveit2_ws/install/moveit_kinematics:/home/alexander/moveit2_ws/install/moveit_ros_planning:/home/alexander/moveit2_ws/install/moveit_ros_occupancy_map_monitor:/home/alexander/moveit2_ws/install/moveit_core:/home/alexander/moveit2_ws/install/moveit_common:/home/alexander/moveit2_ws/install/pilz_industrial_motion_planner_testutils:/home/alexander/moveit2_ws/install/panda_moveit_config:/home/alexander/moveit2_ws/install/moveit_runtime:/home/alexander/moveit2_ws/install/moveit:/home/alexander/moveit2_ws/install/moveit_planners:/home/alexander/moveit2_ws/install/pilz_industrial_motion_planner:/home/alexander/moveit2_ws/install/moveit_ros_control_interface:/home/alexander/moveit2_ws/install/moveit_plugins:/home/alexander/moveit2_ws/install/moveit_simple_controller_manager:/home/alexander/moveit2_ws/install/moveit_setup_assistant:/home/alexander/moveit2_ws/install/moveit_setup_srdf_plugins:/home/alexander/moveit2_ws/install/moveit_setup_core_plugins:/home/alexander/moveit2_ws/install/moveit_setup_controllers:/home/alexander/moveit2_ws/install/moveit_setup_app_plugins:/home/alexander/moveit2_ws/install/moveit_setup_framework:/home/alexander/moveit2_ws/install/moveit_servo:/home/alexander/moveit2_ws/install/moveit_ros:/home/alexander/moveit2_ws/install/moveit_ros_visualization:/home/alexander/moveit2_ws/install/moveit_py:/home/alexander/moveit2_ws/install/moveit_hybrid_planning:/home/alexander/moveit2_ws/install/moveit_ros_benchmarks:/home/alexander/moveit2_ws/install/moveit_ros_perception:/home/alexander/moveit2_ws/install/moveit_resources_prbt_pg70_support:/home/alexander/moveit2_ws/install/moveit_resources_prbt_moveit_config:/home/alexander/moveit2_ws/install/moveit_planners_ompl:/home/alexander/moveit2_ws/install/moveit_resources_prbt_support:/home/alexander/moveit2_ws/install/moveit_resources_prbt_ikfast_manipulator_plugin:/home/alexander/moveit2_ws/install/moveit_planners_stomp:/home/alexander/moveit2_ws/install/moveit_planners_chomp:/home/alexander/moveit2_ws/install/chomp_motion_planner:/home/alexander/moveit2_ws/install/arduinobot_description:/home/alexander/moveit2_ws/install/moveit_configs_utils:/opt/ros/humble LD_LIBRARY_PATH=/home/alexander/moveit2_ws/install/moveit_ros_planning_interface/lib:/home/alexander/moveit2_ws/install/moveit_ros_move_group/lib:/home/alexander/moveit2_ws/install/moveit_ros_warehouse/lib:/home/alexander/moveit2_ws/install/moveit_ros_robot_interaction/lib:/home/alexander/moveit2_ws/install/moveit_kinematics/lib:/home/alexander/moveit2_ws/install/moveit_ros_planning/lib:/home/alexander/moveit2_ws/install/moveit_ros_occupancy_map_monitor/lib:/home/alexander/moveit2_ws/install/moveit_core/lib:/home/alexander/moveit2_ws/install/pilz_industrial_motion_planner_testutils/lib:/home/alexander/moveit2_ws/install/pilz_industrial_motion_planner/lib:/home/alexander/moveit2_ws/install/moveit_ros_control_interface/lib:/home/alexander/moveit2_ws/install/moveit_simple_controller_manager/lib:/home/alexander/moveit2_ws/install/moveit_setup_assistant/lib:/home/alexander/moveit2_ws/install/moveit_setup_srdf_plugins/lib:/home/alexander/moveit2_ws/install/moveit_setup_core_plugins/lib:/home/alexander/moveit2_ws/install/moveit_setup_controllers/lib:/home/alexander/moveit2_ws/install/moveit_setup_app_plugins/lib:/home/alexander/moveit2_ws/install/moveit_setup_framework/lib:/home/alexander/moveit2_ws/install/moveit_servo/lib:/home/alexander/moveit2_ws/install/moveit_ros_visualization/lib:/home/alexander/moveit2_ws/install/moveit_py/lib:/home/alexander/moveit2_ws/install/moveit_hybrid_planning/lib:/home/alexander/moveit2_ws/install/moveit_ros_benchmarks/lib:/home/alexander/moveit2_ws/install/moveit_ros_perception/lib:/home/alexander/moveit2_ws/install/moveit_planners_ompl/lib:/home/alexander/moveit2_ws/install/moveit_resources_prbt_ikfast_manipulator_plugin/lib:/home/alexander/moveit2_ws/install/moveit_planners_stomp/lib:/home/alexander/moveit2_ws/install/moveit_planners_chomp/lib:/home/alexander/moveit2_ws/install/chomp_motion_planner/lib:/opt/ros/humble/opt/rviz_ogre_vendor/lib:/opt/ros/humble/lib/x86_64-linux-gnu:/opt/ros/humble/lib /usr/bin/cmake --install /home/alexander/moveit2_ws/build/moveit_ros_visualization
[34.862s] -- Install configuration: "Release"
[34.862s] -- Up-to-date: /home/alexander/moveit2_ws/install/moveit_ros_visualization/include/moveit_ros_visualization
[34.862s] -- Up-to-date: /home/alexander/moveit2_ws/install/moveit_ros_visualization/include/moveit_ros_visualization/moveit
[34.862s] -- Up-to-date: /home/alexander/moveit2_ws/install/moveit_ros_visualization/include/moveit_ros_visualization/moveit/rviz_plugin_render_tools
[34.862s] -- Up-to-date: /home/alexander/moveit2_ws/install/moveit_ros_visualization/include/moveit_ros_visualization/moveit/rviz_plugin_render_tools/trajectory_visualization.h
[34.863s] -- Up-to-date: /home/alexander/moveit2_ws/install/moveit_ros_visualization/include/moveit_ros_visualization/moveit/rviz_plugin_render_tools/robot_state_visualization.h
[34.863s] -- Up-to-date: /home/alexander/moveit2_ws/install/moveit_ros_visualization/include/moveit_ros_visualization/moveit/rviz_plugin_render_tools/planning_scene_render.h
[34.863s] -- Up-to-date: /home/alexander/moveit2_ws/install/moveit_ros_visualization/include/moveit_ros_visualization/moveit/rviz_plugin_render_tools/octomap_render.h
[34.863s] -- Up-to-date: /home/alexander/moveit2_ws/install/moveit_ros_visualization/include/moveit_ros_visualization/moveit/rviz_plugin_render_tools/render_shapes.h
[34.863s] -- Up-to-date: /home/alexander/moveit2_ws/install/moveit_ros_visualization/include/moveit_ros_visualization/moveit/rviz_plugin_render_tools/trajectory_panel.h
[34.863s] -- Up-to-date: /home/alexander/moveit2_ws/install/moveit_ros_visualization/include/moveit_ros_visualization/moveit/rviz_plugin_render_tools/planning_link_updater.h
[34.863s] -- Up-to-date: /home/alexander/moveit2_ws/install/moveit_ros_visualization/include/moveit_ros_visualization/ogre_helpers
[34.863s] -- Up-to-date: /home/alexander/moveit2_ws/install/moveit_ros_visualization/include/moveit_ros_visualization/ogre_helpers/mesh_shape.hpp
[34.863s] -- Up-to-date: /home/alexander/moveit2_ws/install/moveit_ros_visualization/include/moveit_ros_visualization
[34.863s] -- Up-to-date: /home/alexander/moveit2_ws/install/moveit_ros_visualization/include/moveit_ros_visualization/moveit
[34.863s] -- Up-to-date: /home/alexander/moveit2_ws/install/moveit_ros_visualization/include/moveit_ros_visualization/moveit/robot_state_rviz_plugin
[34.863s] -- Up-to-date: /home/alexander/moveit2_ws/install/moveit_ros_visualization/include/moveit_ros_visualization/moveit/robot_state_rviz_plugin/robot_state_display.h
[34.863s] -- Up-to-date: /home/alexander/moveit2_ws/install/moveit_ros_visualization/include/moveit_ros_visualization
[34.863s] -- Up-to-date: /home/alexander/moveit2_ws/install/moveit_ros_visualization/include/moveit_ros_visualization/moveit
[34.863s] -- Up-to-date: /home/alexander/moveit2_ws/install/moveit_ros_visualization/include/moveit_ros_visualization/moveit/planning_scene_rviz_plugin
[34.863s] -- Up-to-date: /home/alexander/moveit2_ws/install/moveit_ros_visualization/include/moveit_ros_visualization/moveit/planning_scene_rviz_plugin/planning_scene_display.h
[34.863s] -- Up-to-date: /home/alexander/moveit2_ws/install/moveit_ros_visualization/include/moveit_ros_visualization/moveit/planning_scene_rviz_plugin/background_processing.hpp
[34.863s] -- Up-to-date: /home/alexander/moveit2_ws/install/moveit_ros_visualization/include/moveit_ros_visualization/moveit_planning_scene_rviz_plugin_core_export.h
[34.863s] -- Up-to-date: /home/alexander/moveit2_ws/install/moveit_ros_visualization/include/moveit_ros_visualization
[34.864s] -- Up-to-date: /home/alexander/moveit2_ws/install/moveit_ros_visualization/include/moveit_ros_visualization/moveit
[34.864s] -- Up-to-date: /home/alexander/moveit2_ws/install/moveit_ros_visualization/include/moveit_ros_visualization/moveit/motion_planning_rviz_plugin
[34.864s] -- Up-to-date: /home/alexander/moveit2_ws/install/moveit_ros_visualization/include/moveit_ros_visualization/moveit/motion_planning_rviz_plugin/interactive_marker_display.h
[34.864s] -- Up-to-date: /home/alexander/moveit2_ws/install/moveit_ros_visualization/include/moveit_ros_visualization/moveit/motion_planning_rviz_plugin/motion_planning_frame.h
[34.864s] -- Up-to-date: /home/alexander/moveit2_ws/install/moveit_ros_visualization/include/moveit_ros_visualization/moveit/motion_planning_rviz_plugin/motion_planning_frame_joints_widget.h
[34.864s] -- Up-to-date: /home/alexander/moveit2_ws/install/moveit_ros_visualization/include/moveit_ros_visualization/moveit/motion_planning_rviz_plugin/motion_planning_param_widget.h
[34.864s] -- Up-to-date: /home/alexander/moveit2_ws/install/moveit_ros_visualization/include/moveit_ros_visualization/moveit/motion_planning_rviz_plugin/motion_planning_display.h
[34.864s] -- Up-to-date: /home/alexander/moveit2_ws/install/moveit_ros_visualization/include/moveit_ros_visualization
[34.864s] -- Up-to-date: /home/alexander/moveit2_ws/install/moveit_ros_visualization/include/moveit_ros_visualization/moveit
[34.864s] -- Up-to-date: /home/alexander/moveit2_ws/install/moveit_ros_visualization/include/moveit_ros_visualization/moveit/trajectory_rviz_plugin
[34.864s] -- Up-to-date: /home/alexander/moveit2_ws/install/moveit_ros_visualization/include/moveit_ros_visualization/moveit/trajectory_rviz_plugin/trajectory_display.h
[34.864s] -- Up-to-date: /home/alexander/moveit2_ws/install/moveit_ros_visualization/share/moveit_ros_visualization/icons
[34.864s] -- Up-to-date: /home/alexander/moveit2_ws/install/moveit_ros_visualization/share/moveit_ros_visualization/icons/classes
[34.864s] -- Up-to-date: /home/alexander/moveit2_ws/install/moveit_ros_visualization/share/moveit_ros_visualization/icons/classes/RobotState.png
[34.864s] -- Up-to-date: /home/alexander/moveit2_ws/install/moveit_ros_visualization/share/moveit_ros_visualization/icons/classes/Trajectory.png
[34.864s] -- Up-to-date: /home/alexander/moveit2_ws/install/moveit_ros_visualization/share/moveit_ros_visualization/icons/classes/PlanningScene.png
[34.864s] -- Up-to-date: /home/alexander/moveit2_ws/install/moveit_ros_visualization/share/moveit_ros_visualization/icons/classes/MotionPlanning.png
[34.864s] -- Up-to-date: /home/alexander/moveit2_ws/install/moveit_ros_visualization/share/moveit_ros_visualization/motion_planning_rviz_plugin_description.xml
[34.864s] -- Up-to-date: /home/alexander/moveit2_ws/install/moveit_ros_visualization/share/moveit_ros_visualization/trajectory_rviz_plugin_description.xml
[34.864s] -- Up-to-date: /home/alexander/moveit2_ws/install/moveit_ros_visualization/share/moveit_ros_visualization/planning_scene_rviz_plugin_description.xml
[34.864s] -- Up-to-date: /home/alexander/moveit2_ws/install/moveit_ros_visualization/share/moveit_ros_visualization/robot_state_rviz_plugin_description.xml
[34.864s] -- Installing: /home/alexander/moveit2_ws/install/moveit_ros_visualization/lib/libmoveit_motion_planning_rviz_plugin.so.2.9.0
[34.864s] -- Set runtime path of "/home/alexander/moveit2_ws/install/moveit_ros_visualization/lib/libmoveit_motion_planning_rviz_plugin.so.2.9.0" to ""
[34.864s] -- Up-to-date: /home/alexander/moveit2_ws/install/moveit_ros_visualization/lib/libmoveit_motion_planning_rviz_plugin.so
[34.864s] -- Installing: /home/alexander/moveit2_ws/install/moveit_ros_visualization/lib/libmoveit_motion_planning_rviz_plugin_core.so.2.9.0
[34.868s] -- Set runtime path of "/home/alexander/moveit2_ws/install/moveit_ros_visualization/lib/libmoveit_motion_planning_rviz_plugin_core.so.2.9.0" to ""
[34.868s] -- Up-to-date: /home/alexander/moveit2_ws/install/moveit_ros_visualization/lib/libmoveit_motion_planning_rviz_plugin_core.so
[34.868s] -- Installing: /home/alexander/moveit2_ws/install/moveit_ros_visualization/lib/libmoveit_planning_scene_rviz_plugin.so.2.9.0
[34.868s] -- Set runtime path of "/home/alexander/moveit2_ws/install/moveit_ros_visualization/lib/libmoveit_planning_scene_rviz_plugin.so.2.9.0" to ""
[34.868s] -- Up-to-date: /home/alexander/moveit2_ws/install/moveit_ros_visualization/lib/libmoveit_planning_scene_rviz_plugin.so
[34.868s] -- Installing: /home/alexander/moveit2_ws/install/moveit_ros_visualization/lib/libmoveit_planning_scene_rviz_plugin_core.so.2.9.0
[34.868s] -- Set runtime path of "/home/alexander/moveit2_ws/install/moveit_ros_visualization/lib/libmoveit_planning_scene_rviz_plugin_core.so.2.9.0" to ""
[34.868s] -- Up-to-date: /home/alexander/moveit2_ws/install/moveit_ros_visualization/lib/libmoveit_planning_scene_rviz_plugin_core.so
[34.868s] -- Installing: /home/alexander/moveit2_ws/install/moveit_ros_visualization/lib/libmoveit_robot_state_rviz_plugin.so.2.9.0
[34.869s] -- Set runtime path of "/home/alexander/moveit2_ws/install/moveit_ros_visualization/lib/libmoveit_robot_state_rviz_plugin.so.2.9.0" to ""
[34.869s] -- Up-to-date: /home/alexander/moveit2_ws/install/moveit_ros_visualization/lib/libmoveit_robot_state_rviz_plugin.so
[34.869s] -- Installing: /home/alexander/moveit2_ws/install/moveit_ros_visualization/lib/libmoveit_robot_state_rviz_plugin_core.so.2.9.0
[34.870s] -- Set runtime path of "/home/alexander/moveit2_ws/install/moveit_ros_visualization/lib/libmoveit_robot_state_rviz_plugin_core.so.2.9.0" to ""
[34.870s] -- Up-to-date: /home/alexander/moveit2_ws/install/moveit_ros_visualization/lib/libmoveit_robot_state_rviz_plugin_core.so
[34.870s] -- Installing: /home/alexander/moveit2_ws/install/moveit_ros_visualization/lib/libmoveit_rviz_plugin_render_tools.so.2.9.0
[34.871s] -- Set runtime path of "/home/alexander/moveit2_ws/install/moveit_ros_visualization/lib/libmoveit_rviz_plugin_render_tools.so.2.9.0" to ""
[34.871s] -- Up-to-date: /home/alexander/moveit2_ws/install/moveit_ros_visualization/lib/libmoveit_rviz_plugin_render_tools.so
[34.871s] -- Installing: /home/alexander/moveit2_ws/install/moveit_ros_visualization/lib/libmoveit_trajectory_rviz_plugin.so.2.9.0
[34.872s] -- Set runtime path of "/home/alexander/moveit2_ws/install/moveit_ros_visualization/lib/libmoveit_trajectory_rviz_plugin.so.2.9.0" to ""
[34.872s] -- Up-to-date: /home/alexander/moveit2_ws/install/moveit_ros_visualization/lib/libmoveit_trajectory_rviz_plugin.so
[34.872s] -- Installing: /home/alexander/moveit2_ws/install/moveit_ros_visualization/lib/libmoveit_trajectory_rviz_plugin_core.so.2.9.0
[34.872s] -- Set runtime path of "/home/alexander/moveit2_ws/install/moveit_ros_visualization/lib/libmoveit_trajectory_rviz_plugin_core.so.2.9.0" to ""
[34.872s] -- Up-to-date: /home/alexander/moveit2_ws/install/moveit_ros_visualization/lib/libmoveit_trajectory_rviz_plugin_core.so
[34.872s] -- Up-to-date: /home/alexander/moveit2_ws/install/moveit_ros_visualization/share/moveit_ros_visualization/environment/library_path.sh
[34.872s] -- Installing: /home/alexander/moveit2_ws/install/moveit_ros_visualization/share/moveit_ros_visualization/environment/library_path.dsv
[34.872s] -- Up-to-date: /home/alexander/moveit2_ws/install/moveit_ros_visualization/share/ament_index/resource_index/package_run_dependencies/moveit_ros_visualization
[34.872s] -- Installing: /home/alexander/moveit2_ws/install/moveit_ros_visualization/share/ament_index/resource_index/parent_prefix_path/moveit_ros_visualization
[34.872s] -- Up-to-date: /home/alexander/moveit2_ws/install/moveit_ros_visualization/share/moveit_ros_visualization/environment/ament_prefix_path.sh
[34.872s] -- Installing: /home/alexander/moveit2_ws/install/moveit_ros_visualization/share/moveit_ros_visualization/environment/ament_prefix_path.dsv
[34.873s] -- Up-to-date: /home/alexander/moveit2_ws/install/moveit_ros_visualization/share/moveit_ros_visualization/environment/path.sh
[34.873s] -- Installing: /home/alexander/moveit2_ws/install/moveit_ros_visualization/share/moveit_ros_visualization/environment/path.dsv
[34.873s] -- Up-to-date: /home/alexander/moveit2_ws/install/moveit_ros_visualization/share/moveit_ros_visualization/local_setup.bash
[34.873s] -- Up-to-date: /home/alexander/moveit2_ws/install/moveit_ros_visualization/share/moveit_ros_visualization/local_setup.sh
[34.873s] -- Up-to-date: /home/alexander/moveit2_ws/install/moveit_ros_visualization/share/moveit_ros_visualization/local_setup.zsh
[34.873s] -- Installing: /home/alexander/moveit2_ws/install/moveit_ros_visualization/share/moveit_ros_visualization/local_setup.dsv
[34.873s] -- Installing: /home/alexander/moveit2_ws/install/moveit_ros_visualization/share/moveit_ros_visualization/package.dsv
[34.873s] -- Up-to-date: /home/alexander/moveit2_ws/install/moveit_ros_visualization/share/ament_index/resource_index/packages/moveit_ros_visualization
[34.873s] -- Up-to-date: /home/alexander/moveit2_ws/install/moveit_ros_visualization/share/ament_index/resource_index/rviz_common__pluginlib__plugin/moveit_ros_visualization
[34.873s] -- Up-to-date: /home/alexander/moveit2_ws/install/moveit_ros_visualization/share/moveit_ros_visualization/cmake/moveit_ros_visualizationTargetsExport.cmake
[34.873s] -- Up-to-date: /home/alexander/moveit2_ws/install/moveit_ros_visualization/share/moveit_ros_visualization/cmake/moveit_ros_visualizationTargetsExport-release.cmake
[34.873s] -- Up-to-date: /home/alexander/moveit2_ws/install/moveit_ros_visualization/share/moveit_ros_visualization/cmake/ConfigExtras.cmake
[34.873s] -- Up-to-date: /home/alexander/moveit2_ws/install/moveit_ros_visualization/share/moveit_ros_visualization/cmake/ament_cmake_export_targets-extras.cmake
[34.873s] -- Up-to-date: /home/alexander/moveit2_ws/install/moveit_ros_visualization/share/moveit_ros_visualization/cmake/ament_cmake_export_dependencies-extras.cmake
[34.874s] -- Up-to-date: /home/alexander/moveit2_ws/install/moveit_ros_visualization/share/moveit_ros_visualization/cmake/moveit_ros_visualizationConfig.cmake
[34.874s] -- Up-to-date: /home/alexander/moveit2_ws/install/moveit_ros_visualization/share/moveit_ros_visualization/cmake/moveit_ros_visualizationConfig-version.cmake
[34.874s] -- Up-to-date: /home/alexander/moveit2_ws/install/moveit_ros_visualization/share/moveit_ros_visualization/package.xml
[34.883s] Invoked command in '/home/alexander/moveit2_ws/build/moveit_ros_visualization' returned '0': CMAKE_PREFIX_PATH=/home/alexander/moveit2_ws/install/moveit_ros_planning_interface:/home/alexander/moveit2_ws/install/moveit_ros_move_group:/home/alexander/moveit2_ws/install/moveit_ros_warehouse:/home/alexander/moveit2_ws/install/moveit_ros_robot_interaction:/home/alexander/moveit2_ws/install/moveit_kinematics:/home/alexander/moveit2_ws/install/moveit_ros_planning:/home/alexander/moveit2_ws/install/moveit_ros_occupancy_map_monitor:/home/alexander/moveit2_ws/install/moveit_core:/home/alexander/moveit2_ws/install/moveit_common:/home/alexander/moveit2_ws/install/pilz_industrial_motion_planner_testutils:/home/alexander/moveit2_ws/install/panda_moveit_config:/home/alexander/moveit2_ws/install/moveit_runtime:/home/alexander/moveit2_ws/install/moveit:/home/alexander/moveit2_ws/install/moveit_planners:/home/alexander/moveit2_ws/install/pilz_industrial_motion_planner:/home/alexander/moveit2_ws/install/moveit_ros_control_interface:/home/alexander/moveit2_ws/install/moveit_plugins:/home/alexander/moveit2_ws/install/moveit_simple_controller_manager:/home/alexander/moveit2_ws/install/moveit_setup_assistant:/home/alexander/moveit2_ws/install/moveit_setup_srdf_plugins:/home/alexander/moveit2_ws/install/moveit_setup_core_plugins:/home/alexander/moveit2_ws/install/moveit_setup_controllers:/home/alexander/moveit2_ws/install/moveit_setup_app_plugins:/home/alexander/moveit2_ws/install/moveit_setup_framework:/home/alexander/moveit2_ws/install/moveit_servo:/home/alexander/moveit2_ws/install/moveit_ros:/home/alexander/moveit2_ws/install/moveit_ros_visualization:/home/alexander/moveit2_ws/install/moveit_py:/home/alexander/moveit2_ws/install/moveit_hybrid_planning:/home/alexander/moveit2_ws/install/moveit_ros_benchmarks:/home/alexander/moveit2_ws/install/moveit_ros_perception:/home/alexander/moveit2_ws/install/moveit_resources_prbt_pg70_support:/home/alexander/moveit2_ws/install/moveit_resources_prbt_moveit_config:/home/alexander/moveit2_ws/install/moveit_planners_ompl:/home/alexander/moveit2_ws/install/moveit_resources_prbt_support:/home/alexander/moveit2_ws/install/moveit_resources_prbt_ikfast_manipulator_plugin:/home/alexander/moveit2_ws/install/moveit_planners_stomp:/home/alexander/moveit2_ws/install/moveit_planners_chomp:/home/alexander/moveit2_ws/install/chomp_motion_planner:/home/alexander/moveit2_ws/install/arduinobot_description:/home/alexander/moveit2_ws/install/moveit_configs_utils:/opt/ros/humble LD_LIBRARY_PATH=/home/alexander/moveit2_ws/install/moveit_ros_planning_interface/lib:/home/alexander/moveit2_ws/install/moveit_ros_move_group/lib:/home/alexander/moveit2_ws/install/moveit_ros_warehouse/lib:/home/alexander/moveit2_ws/install/moveit_ros_robot_interaction/lib:/home/alexander/moveit2_ws/install/moveit_kinematics/lib:/home/alexander/moveit2_ws/install/moveit_ros_planning/lib:/home/alexander/moveit2_ws/install/moveit_ros_occupancy_map_monitor/lib:/home/alexander/moveit2_ws/install/moveit_core/lib:/home/alexander/moveit2_ws/install/pilz_industrial_motion_planner_testutils/lib:/home/alexander/moveit2_ws/install/pilz_industrial_motion_planner/lib:/home/alexander/moveit2_ws/install/moveit_ros_control_interface/lib:/home/alexander/moveit2_ws/install/moveit_simple_controller_manager/lib:/home/alexander/moveit2_ws/install/moveit_setup_assistant/lib:/home/alexander/moveit2_ws/install/moveit_setup_srdf_plugins/lib:/home/alexander/moveit2_ws/install/moveit_setup_core_plugins/lib:/home/alexander/moveit2_ws/install/moveit_setup_controllers/lib:/home/alexander/moveit2_ws/install/moveit_setup_app_plugins/lib:/home/alexander/moveit2_ws/install/moveit_setup_framework/lib:/home/alexander/moveit2_ws/install/moveit_servo/lib:/home/alexander/moveit2_ws/install/moveit_ros_visualization/lib:/home/alexander/moveit2_ws/install/moveit_py/lib:/home/alexander/moveit2_ws/install/moveit_hybrid_planning/lib:/home/alexander/moveit2_ws/install/moveit_ros_benchmarks/lib:/home/alexander/moveit2_ws/install/moveit_ros_perception/lib:/home/alexander/moveit2_ws/install/moveit_planners_ompl/lib:/home/alexander/moveit2_ws/install/moveit_resources_prbt_ikfast_manipulator_plugin/lib:/home/alexander/moveit2_ws/install/moveit_planners_stomp/lib:/home/alexander/moveit2_ws/install/moveit_planners_chomp/lib:/home/alexander/moveit2_ws/install/chomp_motion_planner/lib:/opt/ros/humble/opt/rviz_ogre_vendor/lib:/opt/ros/humble/lib/x86_64-linux-gnu:/opt/ros/humble/lib /usr/bin/cmake --install /home/alexander/moveit2_ws/build/moveit_ros_visualization
