-- Found moveit_common: 2.9.0 (/home/alexander/moveit2_ws/install/moveit_common/share/moveit_common/cmake)
-- Found ament_cmake: 1.3.8 (/opt/ros/humble/share/ament_cmake/cmake)
-- Could NOT find libbfd (missing: LIBBFD_LIBRARY LIBBFD_INCLUDE_DIR) 
-- BACKWARD_HAS_UNWIND=1
-- BACKWARD_HAS_BACKTRACE=0
-- BACKWARD_HAS_BACKTRACE_SYMBOL=0
-- BACKWARD_HAS_DW=1
-- BACKWARD_HAS_BFD=0
-- Found Backward: /opt/ros/humble/share/backward_ros/cmake  
-- Found generate_parameter_library: 0.3.8 (/opt/ros/humble/share/generate_parameter_library/cmake)
-- Found parameter_traits: 0.3.8 (/opt/ros/humble/share/parameter_traits/cmake)
-- Found rosidl_generator_c: 3.1.5 (/opt/ros/humble/share/rosidl_generator_c/cmake)
-- Found rosidl_adapter: 3.1.5 (/opt/ros/humble/share/rosidl_adapter/cmake)
-- Found rosidl_generator_cpp: 3.1.5 (/opt/ros/humble/share/rosidl_generator_cpp/cmake)
-- Using all available rosidl_typesupport_c: rosidl_typesupport_fastrtps_c;rosidl_typesupport_introspection_c
-- Using all available rosidl_typesupport_cpp: rosidl_typesupport_fastrtps_cpp;rosidl_typesupport_introspection_cpp
-- Found rmw_implementation_cmake: 6.1.1 (/opt/ros/humble/share/rmw_implementation_cmake/cmake)
-- Found rmw_fastrtps_cpp: 6.2.6 (/opt/ros/humble/share/rmw_fastrtps_cpp/cmake)
-- Using RMW implementation 'rmw_fastrtps_cpp' as default
-- Found rclcpp_lifecycle: 16.0.8 (/opt/ros/humble/share/rclcpp_lifecycle/cmake)
-- Found moveit_core: 2.9.0 (/home/alexander/moveit2_ws/install/moveit_core/share/moveit_core/cmake)
-- Found Boost: /usr/lib/x86_64-linux-gnu/cmake/Boost-1.74.0/BoostConfig.cmake (found version "1.74.0") found components: chrono date_time filesystem iostreams program_options regex serialization system thread 
-- Found Boost: /usr/lib/x86_64-linux-gnu/cmake/Boost-1.74.0/BoostConfig.cmake (found version "1.74.0") found components: filesystem 
-- library: /usr/lib/x86_64-linux-gnu/libcurl.so
-- Ensuring Eigen3 include directory is part of orocos-kdl CMake target
-- Found ament_cmake_gtest: 1.3.8 (/opt/ros/humble/share/ament_cmake_gtest/cmake)
-- Found gtest sources under '/opt/ros/humble/src/gtest_vendor': C++ tests using 'Google Test' will be built
-- Configuring done
-- Generating done
-- Build files have been written to: /home/alexander/moveit2_ws/build/moveit_planners_stomp
[35m[1mConsolidate compiler generated dependencies of target gtest_main[0m
[35m[1mConsolidate compiler generated dependencies of target gtest[0m
[  8%] Built target stomp_moveit_parameters
[ 25%] Built target gtest_main
[ 41%] Built target gtest
[35m[1mConsolidate compiler generated dependencies of target test_noise_generator[0m
[35m[1mConsolidate compiler generated dependencies of target test_cost_functions[0m
[35m[1mConsolidate compiler generated dependencies of target stomp_moveit_plugin[0m
[ 58%] Built target test_noise_generator
[ 66%] [32m[1mLinking CXX shared library libstomp_moveit_plugin.so[0m
[ 75%] [32m[1mLinking CXX executable test_cost_functions[0m
[ 91%] Built target stomp_moveit_plugin
[100%] Built target test_cost_functions
-- Install configuration: "Release"
-- Up-to-date: /home/alexander/moveit2_ws/install/moveit_planners_stomp/include/stomp_moveit_parameters
-- Up-to-date: /home/alexander/moveit2_ws/install/moveit_planners_stomp/include/stomp_moveit_parameters/stomp_moveit_parameters.hpp
-- Up-to-date: /home/alexander/moveit2_ws/install/moveit_planners_stomp/share/moveit_planners_stomp/stomp_moveit_plugin_description.xml
-- Installing: /home/alexander/moveit2_ws/install/moveit_planners_stomp/lib/libstomp_moveit_plugin.so
-- Set runtime path of "/home/alexander/moveit2_ws/install/moveit_planners_stomp/lib/libstomp_moveit_plugin.so" to ""
-- Up-to-date: /home/alexander/moveit2_ws/install/moveit_planners_stomp/share/moveit_planners_stomp/environment/library_path.sh
-- Installing: /home/alexander/moveit2_ws/install/moveit_planners_stomp/share/moveit_planners_stomp/environment/library_path.dsv
-- Up-to-date: /home/alexander/moveit2_ws/install/moveit_planners_stomp/share/ament_index/resource_index/package_run_dependencies/moveit_planners_stomp
-- Installing: /home/alexander/moveit2_ws/install/moveit_planners_stomp/share/ament_index/resource_index/parent_prefix_path/moveit_planners_stomp
-- Up-to-date: /home/alexander/moveit2_ws/install/moveit_planners_stomp/share/moveit_planners_stomp/environment/ament_prefix_path.sh
-- Installing: /home/alexander/moveit2_ws/install/moveit_planners_stomp/share/moveit_planners_stomp/environment/ament_prefix_path.dsv
-- Up-to-date: /home/alexander/moveit2_ws/install/moveit_planners_stomp/share/moveit_planners_stomp/environment/path.sh
-- Installing: /home/alexander/moveit2_ws/install/moveit_planners_stomp/share/moveit_planners_stomp/environment/path.dsv
-- Up-to-date: /home/alexander/moveit2_ws/install/moveit_planners_stomp/share/moveit_planners_stomp/local_setup.bash
-- Up-to-date: /home/alexander/moveit2_ws/install/moveit_planners_stomp/share/moveit_planners_stomp/local_setup.sh
-- Up-to-date: /home/alexander/moveit2_ws/install/moveit_planners_stomp/share/moveit_planners_stomp/local_setup.zsh
-- Installing: /home/alexander/moveit2_ws/install/moveit_planners_stomp/share/moveit_planners_stomp/local_setup.dsv
-- Installing: /home/alexander/moveit2_ws/install/moveit_planners_stomp/share/moveit_planners_stomp/package.dsv
-- Up-to-date: /home/alexander/moveit2_ws/install/moveit_planners_stomp/share/ament_index/resource_index/packages/moveit_planners_stomp
-- Up-to-date: /home/alexander/moveit2_ws/install/moveit_planners_stomp/share/ament_index/resource_index/moveit_core__pluginlib__plugin/moveit_planners_stomp
-- Up-to-date: /home/alexander/moveit2_ws/install/moveit_planners_stomp/share/moveit_planners_stomp/cmake/moveit_planners_stompTargetsExport.cmake
-- Up-to-date: /home/alexander/moveit2_ws/install/moveit_planners_stomp/share/moveit_planners_stomp/cmake/moveit_planners_stompTargetsExport-release.cmake
-- Up-to-date: /home/alexander/moveit2_ws/install/moveit_planners_stomp/share/moveit_planners_stomp/cmake/ament_cmake_export_targets-extras.cmake
-- Up-to-date: /home/alexander/moveit2_ws/install/moveit_planners_stomp/share/moveit_planners_stomp/cmake/ament_cmake_export_dependencies-extras.cmake
-- Up-to-date: /home/alexander/moveit2_ws/install/moveit_planners_stomp/share/moveit_planners_stomp/cmake/moveit_planners_stompConfig.cmake
-- Up-to-date: /home/alexander/moveit2_ws/install/moveit_planners_stomp/share/moveit_planners_stomp/cmake/moveit_planners_stompConfig-version.cmake
-- Up-to-date: /home/alexander/moveit2_ws/install/moveit_planners_stomp/share/moveit_planners_stomp/package.xml
