[0.030s] Invoking command in '/home/alexander/moveit2_ws/build/moveit_ros_planning_interface': AMENT_PREFIX_PATH=/home/alexander/moveit2_ws/install/moveit_ros_move_group:/home/alexander/moveit2_ws/install/moveit_ros_warehouse:/home/alexander/moveit2_ws/install/moveit_kinematics:/home/alexander/moveit2_ws/install/moveit_ros_planning:/home/alexander/moveit2_ws/install/moveit_simple_controller_manager:/home/alexander/moveit2_ws/install/moveit_ros_occupancy_map_monitor:/home/alexander/moveit2_ws/install/moveit_core:/home/alexander/moveit2_ws/install/moveit_configs_utils:/home/alexander/moveit2_ws/install/moveit_common:${AMENT_PREFIX_PATH} CMAKE_PREFIX_PATH=/home/alexander/moveit2_ws/install/moveit_ros_move_group:/home/alexander/moveit2_ws/install/moveit_ros_warehouse:/home/alexander/moveit2_ws/install/moveit_kinematics:/home/alexander/moveit2_ws/install/moveit_ros_planning:/home/alexander/moveit2_ws/install/moveit_simple_controller_manager:/home/alexander/moveit2_ws/install/moveit_ros_occupancy_map_monitor:/home/alexander/moveit2_ws/install/moveit_core:/home/alexander/moveit2_ws/install/moveit_common:/opt/ros/humble LD_LIBRARY_PATH=/home/alexander/moveit2_ws/install/moveit_ros_move_group/lib:/home/alexander/moveit2_ws/install/moveit_ros_warehouse/lib:/home/alexander/moveit2_ws/install/moveit_kinematics/lib:/home/alexander/moveit2_ws/install/moveit_ros_planning/lib:/home/alexander/moveit2_ws/install/moveit_simple_controller_manager/lib:/home/alexander/moveit2_ws/install/moveit_ros_occupancy_map_monitor/lib:/home/alexander/moveit2_ws/install/moveit_core/lib:${LD_LIBRARY_PATH} PATH=/home/alexander/moveit2_ws/install/moveit_core/bin:${PATH} PYTHONPATH=/home/alexander/moveit2_ws/install/moveit_configs_utils/lib/python3.10/site-packages:${PYTHONPATH} /usr/bin/cmake --build /home/alexander/moveit2_ws/build/moveit_ros_planning_interface -- -j14 -l14
[0.122s] [35m[1mConsolidate compiler generated dependencies of target moveit_planning_scene_interface[0m
[0.123s] [35m[1mConsolidate compiler generated dependencies of target moveit_common_planning_interface_objects[0m
[0.182s] [ 33%] Built target moveit_planning_scene_interface
[0.192s] [ 66%] Built target moveit_common_planning_interface_objects
[0.213s] [35m[1mConsolidate compiler generated dependencies of target moveit_move_group_interface[0m
[0.249s] [100%] Built target moveit_move_group_interface
[0.267s] Invoked command in '/home/alexander/moveit2_ws/build/moveit_ros_planning_interface' returned '0': AMENT_PREFIX_PATH=/home/alexander/moveit2_ws/install/moveit_ros_move_group:/home/alexander/moveit2_ws/install/moveit_ros_warehouse:/home/alexander/moveit2_ws/install/moveit_kinematics:/home/alexander/moveit2_ws/install/moveit_ros_planning:/home/alexander/moveit2_ws/install/moveit_simple_controller_manager:/home/alexander/moveit2_ws/install/moveit_ros_occupancy_map_monitor:/home/alexander/moveit2_ws/install/moveit_core:/home/alexander/moveit2_ws/install/moveit_configs_utils:/home/alexander/moveit2_ws/install/moveit_common:${AMENT_PREFIX_PATH} CMAKE_PREFIX_PATH=/home/alexander/moveit2_ws/install/moveit_ros_move_group:/home/alexander/moveit2_ws/install/moveit_ros_warehouse:/home/alexander/moveit2_ws/install/moveit_kinematics:/home/alexander/moveit2_ws/install/moveit_ros_planning:/home/alexander/moveit2_ws/install/moveit_simple_controller_manager:/home/alexander/moveit2_ws/install/moveit_ros_occupancy_map_monitor:/home/alexander/moveit2_ws/install/moveit_core:/home/alexander/moveit2_ws/install/moveit_common:/opt/ros/humble LD_LIBRARY_PATH=/home/alexander/moveit2_ws/install/moveit_ros_move_group/lib:/home/alexander/moveit2_ws/install/moveit_ros_warehouse/lib:/home/alexander/moveit2_ws/install/moveit_kinematics/lib:/home/alexander/moveit2_ws/install/moveit_ros_planning/lib:/home/alexander/moveit2_ws/install/moveit_simple_controller_manager/lib:/home/alexander/moveit2_ws/install/moveit_ros_occupancy_map_monitor/lib:/home/alexander/moveit2_ws/install/moveit_core/lib:${LD_LIBRARY_PATH} PATH=/home/alexander/moveit2_ws/install/moveit_core/bin:${PATH} PYTHONPATH=/home/alexander/moveit2_ws/install/moveit_configs_utils/lib/python3.10/site-packages:${PYTHONPATH} /usr/bin/cmake --build /home/alexander/moveit2_ws/build/moveit_ros_planning_interface -- -j14 -l14
[0.290s] Invoking command in '/home/alexander/moveit2_ws/build/moveit_ros_planning_interface': AMENT_PREFIX_PATH=/home/alexander/moveit2_ws/install/moveit_ros_move_group:/home/alexander/moveit2_ws/install/moveit_ros_warehouse:/home/alexander/moveit2_ws/install/moveit_kinematics:/home/alexander/moveit2_ws/install/moveit_ros_planning:/home/alexander/moveit2_ws/install/moveit_simple_controller_manager:/home/alexander/moveit2_ws/install/moveit_ros_occupancy_map_monitor:/home/alexander/moveit2_ws/install/moveit_core:/home/alexander/moveit2_ws/install/moveit_configs_utils:/home/alexander/moveit2_ws/install/moveit_common:${AMENT_PREFIX_PATH} CMAKE_PREFIX_PATH=/home/alexander/moveit2_ws/install/moveit_ros_move_group:/home/alexander/moveit2_ws/install/moveit_ros_warehouse:/home/alexander/moveit2_ws/install/moveit_kinematics:/home/alexander/moveit2_ws/install/moveit_ros_planning:/home/alexander/moveit2_ws/install/moveit_simple_controller_manager:/home/alexander/moveit2_ws/install/moveit_ros_occupancy_map_monitor:/home/alexander/moveit2_ws/install/moveit_core:/home/alexander/moveit2_ws/install/moveit_common:/opt/ros/humble LD_LIBRARY_PATH=/home/alexander/moveit2_ws/install/moveit_ros_move_group/lib:/home/alexander/moveit2_ws/install/moveit_ros_warehouse/lib:/home/alexander/moveit2_ws/install/moveit_kinematics/lib:/home/alexander/moveit2_ws/install/moveit_ros_planning/lib:/home/alexander/moveit2_ws/install/moveit_simple_controller_manager/lib:/home/alexander/moveit2_ws/install/moveit_ros_occupancy_map_monitor/lib:/home/alexander/moveit2_ws/install/moveit_core/lib:${LD_LIBRARY_PATH} PATH=/home/alexander/moveit2_ws/install/moveit_core/bin:${PATH} PYTHONPATH=/home/alexander/moveit2_ws/install/moveit_configs_utils/lib/python3.10/site-packages:${PYTHONPATH} /usr/bin/cmake --install /home/alexander/moveit2_ws/build/moveit_ros_planning_interface
[0.306s] -- Install configuration: "Release"
[0.306s] -- Up-to-date: /home/alexander/moveit2_ws/install/moveit_ros_planning_interface/include/moveit_ros_planning_interface
[0.307s] -- Up-to-date: /home/alexander/moveit2_ws/install/moveit_ros_planning_interface/include/moveit_ros_planning_interface/moveit
[0.307s] -- Up-to-date: /home/alexander/moveit2_ws/install/moveit_ros_planning_interface/include/moveit_ros_planning_interface/moveit/common_planning_interface_objects
[0.307s] -- Up-to-date: /home/alexander/moveit2_ws/install/moveit_ros_planning_interface/include/moveit_ros_planning_interface/moveit/common_planning_interface_objects/common_objects.h
[0.308s] -- Up-to-date: /home/alexander/moveit2_ws/install/moveit_ros_planning_interface/include/moveit_ros_planning_interface
[0.308s] -- Up-to-date: /home/alexander/moveit2_ws/install/moveit_ros_planning_interface/include/moveit_ros_planning_interface/moveit
[0.308s] -- Up-to-date: /home/alexander/moveit2_ws/install/moveit_ros_planning_interface/include/moveit_ros_planning_interface/moveit/planning_scene_interface
[0.308s] -- Up-to-date: /home/alexander/moveit2_ws/install/moveit_ros_planning_interface/include/moveit_ros_planning_interface/moveit/planning_scene_interface/planning_scene_interface.h
[0.308s] -- Up-to-date: /home/alexander/moveit2_ws/install/moveit_ros_planning_interface/include/moveit_ros_planning_interface
[0.308s] -- Up-to-date: /home/alexander/moveit2_ws/install/moveit_ros_planning_interface/include/moveit_ros_planning_interface/moveit
[0.308s] -- Up-to-date: /home/alexander/moveit2_ws/install/moveit_ros_planning_interface/include/moveit_ros_planning_interface/moveit/move_group_interface
[0.309s] -- Up-to-date: /home/alexander/moveit2_ws/install/moveit_ros_planning_interface/include/moveit_ros_planning_interface/moveit/move_group_interface/move_group_interface.h
[0.309s] -- Up-to-date: /home/alexander/moveit2_ws/install/moveit_ros_planning_interface/include/moveit_ros_planning_interface/moveit_move_group_interface_export.h
[0.310s] -- Up-to-date: /home/alexander/moveit2_ws/install/moveit_ros_planning_interface/lib/libmoveit_common_planning_interface_objects.so.2.9.0
[0.310s] -- Up-to-date: /home/alexander/moveit2_ws/install/moveit_ros_planning_interface/lib/libmoveit_common_planning_interface_objects.so
[0.311s] -- Up-to-date: /home/alexander/moveit2_ws/install/moveit_ros_planning_interface/lib/libmoveit_planning_scene_interface.so.2.9.0
[0.311s] -- Up-to-date: /home/alexander/moveit2_ws/install/moveit_ros_planning_interface/lib/libmoveit_planning_scene_interface.so
[0.312s] -- Up-to-date: /home/alexander/moveit2_ws/install/moveit_ros_planning_interface/lib/libmoveit_move_group_interface.so.2.9.0
[0.312s] -- Up-to-date: /home/alexander/moveit2_ws/install/moveit_ros_planning_interface/lib/libmoveit_move_group_interface.so
[0.313s] -- Up-to-date: /home/alexander/moveit2_ws/install/moveit_ros_planning_interface/share/moveit_ros_planning_interface/environment/library_path.sh
[0.314s] -- Up-to-date: /home/alexander/moveit2_ws/install/moveit_ros_planning_interface/share/moveit_ros_planning_interface/environment/library_path.dsv
[0.314s] -- Up-to-date: /home/alexander/moveit2_ws/install/moveit_ros_planning_interface/share/ament_index/resource_index/package_run_dependencies/moveit_ros_planning_interface
[0.315s] -- Up-to-date: /home/alexander/moveit2_ws/install/moveit_ros_planning_interface/share/ament_index/resource_index/parent_prefix_path/moveit_ros_planning_interface
[0.315s] -- Up-to-date: /home/alexander/moveit2_ws/install/moveit_ros_planning_interface/share/moveit_ros_planning_interface/environment/ament_prefix_path.sh
[0.315s] -- Up-to-date: /home/alexander/moveit2_ws/install/moveit_ros_planning_interface/share/moveit_ros_planning_interface/environment/ament_prefix_path.dsv
[0.315s] -- Up-to-date: /home/alexander/moveit2_ws/install/moveit_ros_planning_interface/share/moveit_ros_planning_interface/environment/path.sh
[0.315s] -- Up-to-date: /home/alexander/moveit2_ws/install/moveit_ros_planning_interface/share/moveit_ros_planning_interface/environment/path.dsv
[0.315s] -- Up-to-date: /home/alexander/moveit2_ws/install/moveit_ros_planning_interface/share/moveit_ros_planning_interface/local_setup.bash
[0.315s] -- Up-to-date: /home/alexander/moveit2_ws/install/moveit_ros_planning_interface/share/moveit_ros_planning_interface/local_setup.sh
[0.315s] -- Up-to-date: /home/alexander/moveit2_ws/install/moveit_ros_planning_interface/share/moveit_ros_planning_interface/local_setup.zsh
[0.315s] -- Up-to-date: /home/alexander/moveit2_ws/install/moveit_ros_planning_interface/share/moveit_ros_planning_interface/local_setup.dsv
[0.315s] -- Installing: /home/alexander/moveit2_ws/install/moveit_ros_planning_interface/share/moveit_ros_planning_interface/package.dsv
[0.316s] -- Up-to-date: /home/alexander/moveit2_ws/install/moveit_ros_planning_interface/share/ament_index/resource_index/packages/moveit_ros_planning_interface
[0.317s] -- Up-to-date: /home/alexander/moveit2_ws/install/moveit_ros_planning_interface/share/moveit_ros_planning_interface/cmake/moveit_ros_planning_interfaceTargetsExport.cmake
[0.317s] -- Up-to-date: /home/alexander/moveit2_ws/install/moveit_ros_planning_interface/share/moveit_ros_planning_interface/cmake/moveit_ros_planning_interfaceTargetsExport-release.cmake
[0.317s] -- Up-to-date: /home/alexander/moveit2_ws/install/moveit_ros_planning_interface/share/moveit_ros_planning_interface/cmake/ConfigExtras.cmake
[0.317s] -- Up-to-date: /home/alexander/moveit2_ws/install/moveit_ros_planning_interface/share/moveit_ros_planning_interface/cmake/ament_cmake_export_targets-extras.cmake
[0.317s] -- Up-to-date: /home/alexander/moveit2_ws/install/moveit_ros_planning_interface/share/moveit_ros_planning_interface/cmake/ament_cmake_export_dependencies-extras.cmake
[0.317s] -- Up-to-date: /home/alexander/moveit2_ws/install/moveit_ros_planning_interface/share/moveit_ros_planning_interface/cmake/moveit_ros_planning_interfaceConfig.cmake
[0.317s] -- Up-to-date: /home/alexander/moveit2_ws/install/moveit_ros_planning_interface/share/moveit_ros_planning_interface/cmake/moveit_ros_planning_interfaceConfig-version.cmake
[0.317s] -- Up-to-date: /home/alexander/moveit2_ws/install/moveit_ros_planning_interface/share/moveit_ros_planning_interface/package.xml
[0.319s] Invoked command in '/home/alexander/moveit2_ws/build/moveit_ros_planning_interface' returned '0': AMENT_PREFIX_PATH=/home/alexander/moveit2_ws/install/moveit_ros_move_group:/home/alexander/moveit2_ws/install/moveit_ros_warehouse:/home/alexander/moveit2_ws/install/moveit_kinematics:/home/alexander/moveit2_ws/install/moveit_ros_planning:/home/alexander/moveit2_ws/install/moveit_simple_controller_manager:/home/alexander/moveit2_ws/install/moveit_ros_occupancy_map_monitor:/home/alexander/moveit2_ws/install/moveit_core:/home/alexander/moveit2_ws/install/moveit_configs_utils:/home/alexander/moveit2_ws/install/moveit_common:${AMENT_PREFIX_PATH} CMAKE_PREFIX_PATH=/home/alexander/moveit2_ws/install/moveit_ros_move_group:/home/alexander/moveit2_ws/install/moveit_ros_warehouse:/home/alexander/moveit2_ws/install/moveit_kinematics:/home/alexander/moveit2_ws/install/moveit_ros_planning:/home/alexander/moveit2_ws/install/moveit_simple_controller_manager:/home/alexander/moveit2_ws/install/moveit_ros_occupancy_map_monitor:/home/alexander/moveit2_ws/install/moveit_core:/home/alexander/moveit2_ws/install/moveit_common:/opt/ros/humble LD_LIBRARY_PATH=/home/alexander/moveit2_ws/install/moveit_ros_move_group/lib:/home/alexander/moveit2_ws/install/moveit_ros_warehouse/lib:/home/alexander/moveit2_ws/install/moveit_kinematics/lib:/home/alexander/moveit2_ws/install/moveit_ros_planning/lib:/home/alexander/moveit2_ws/install/moveit_simple_controller_manager/lib:/home/alexander/moveit2_ws/install/moveit_ros_occupancy_map_monitor/lib:/home/alexander/moveit2_ws/install/moveit_core/lib:${LD_LIBRARY_PATH} PATH=/home/alexander/moveit2_ws/install/moveit_core/bin:${PATH} PYTHONPATH=/home/alexander/moveit2_ws/install/moveit_configs_utils/lib/python3.10/site-packages:${PYTHONPATH} /usr/bin/cmake --install /home/alexander/moveit2_ws/build/moveit_ros_planning_interface
