-- Found ament_cmake: 1.3.8 (/opt/ros/humble/share/ament_cmake/cmake)
-- Configuring done
-- Generating done
-- Build files have been written to: /home/alexander/moveit2_ws/build/moveit
-- Install configuration: "Release"
-- Up-to-date: /home/alexander/moveit2_ws/install/moveit/share/ament_index/resource_index/package_run_dependencies/moveit
-- Installing: /home/alexander/moveit2_ws/install/moveit/share/ament_index/resource_index/parent_prefix_path/moveit
-- Up-to-date: /home/alexander/moveit2_ws/install/moveit/share/moveit/environment/ament_prefix_path.sh
-- Installing: /home/alexander/moveit2_ws/install/moveit/share/moveit/environment/ament_prefix_path.dsv
-- Up-to-date: /home/alexander/moveit2_ws/install/moveit/share/moveit/environment/path.sh
-- Installing: /home/alexander/moveit2_ws/install/moveit/share/moveit/environment/path.dsv
-- Up-to-date: /home/alexander/moveit2_ws/install/moveit/share/moveit/local_setup.bash
-- Up-to-date: /home/alexander/moveit2_ws/install/moveit/share/moveit/local_setup.sh
-- Up-to-date: /home/alexander/moveit2_ws/install/moveit/share/moveit/local_setup.zsh
-- Installing: /home/alexander/moveit2_ws/install/moveit/share/moveit/local_setup.dsv
-- Installing: /home/alexander/moveit2_ws/install/moveit/share/moveit/package.dsv
-- Up-to-date: /home/alexander/moveit2_ws/install/moveit/share/ament_index/resource_index/packages/moveit
-- Up-to-date: /home/alexander/moveit2_ws/install/moveit/share/moveit/cmake/moveitConfig.cmake
-- Up-to-date: /home/alexander/moveit2_ws/install/moveit/share/moveit/cmake/moveitConfig-version.cmake
-- Up-to-date: /home/alexander/moveit2_ws/install/moveit/share/moveit/package.xml
