-- Found ament_cmake: 1.3.8 (/opt/ros/humble/share/ament_cmake/cmake)
-- Configuring done
-- Generating done
-- Build files have been written to: /home/alexander/moveit2_ws/build/moveit_planners
-- Install configuration: "Release"
-- Up-to-date: /home/alexander/moveit2_ws/install/moveit_planners/share/ament_index/resource_index/package_run_dependencies/moveit_planners
-- Installing: /home/alexander/moveit2_ws/install/moveit_planners/share/ament_index/resource_index/parent_prefix_path/moveit_planners
-- Up-to-date: /home/alexander/moveit2_ws/install/moveit_planners/share/moveit_planners/environment/ament_prefix_path.sh
-- Installing: /home/alexander/moveit2_ws/install/moveit_planners/share/moveit_planners/environment/ament_prefix_path.dsv
-- Up-to-date: /home/alexander/moveit2_ws/install/moveit_planners/share/moveit_planners/environment/path.sh
-- Installing: /home/alexander/moveit2_ws/install/moveit_planners/share/moveit_planners/environment/path.dsv
-- Up-to-date: /home/alexander/moveit2_ws/install/moveit_planners/share/moveit_planners/local_setup.bash
-- Up-to-date: /home/alexander/moveit2_ws/install/moveit_planners/share/moveit_planners/local_setup.sh
-- Up-to-date: /home/alexander/moveit2_ws/install/moveit_planners/share/moveit_planners/local_setup.zsh
-- Installing: /home/alexander/moveit2_ws/install/moveit_planners/share/moveit_planners/local_setup.dsv
-- Installing: /home/alexander/moveit2_ws/install/moveit_planners/share/moveit_planners/package.dsv
-- Up-to-date: /home/alexander/moveit2_ws/install/moveit_planners/share/ament_index/resource_index/packages/moveit_planners
-- Up-to-date: /home/alexander/moveit2_ws/install/moveit_planners/share/moveit_planners/cmake/moveit_plannersConfig.cmake
-- Up-to-date: /home/alexander/moveit2_ws/install/moveit_planners/share/moveit_planners/cmake/moveit_plannersConfig-version.cmake
-- Up-to-date: /home/alexander/moveit2_ws/install/moveit_planners/share/moveit_planners/package.xml
