-- Found moveit_common: 2.9.0 (/home/alexander/moveit2_ws/install/moveit_common/share/moveit_common/cmake)
-- Found ament_cmake: 1.3.8 (/opt/ros/humble/share/ament_cmake/cmake)
-- Could NOT find libbfd (missing: LIBBFD_LIBRARY LIBBFD_INCLUDE_DIR) 
-- BACKWARD_HAS_UNWIND=1
-- BACKWARD_HAS_BACKTRACE=0
-- BACKWARD_HAS_BACKTRACE_SYMBOL=0
-- BACKWARD_HAS_DW=1
-- BACKWARD_HAS_BFD=0
-- Found Backward: /opt/ros/humble/share/backward_ros/cmake  
-- Found eigen3_cmake_module: 0.1.1 (/opt/ros/humble/share/eigen3_cmake_module/cmake)
-- Found generate_parameter_library: 0.3.8 (/opt/ros/humble/share/generate_parameter_library/cmake)
-- Found parameter_traits: 0.3.8 (/opt/ros/humble/share/parameter_traits/cmake)
-- Found rosidl_generator_c: 3.1.5 (/opt/ros/humble/share/rosidl_generator_c/cmake)
-- Found rosidl_adapter: 3.1.5 (/opt/ros/humble/share/rosidl_adapter/cmake)
-- Found rosidl_generator_cpp: 3.1.5 (/opt/ros/humble/share/rosidl_generator_cpp/cmake)
-- Using all available rosidl_typesupport_c: rosidl_typesupport_fastrtps_c;rosidl_typesupport_introspection_c
-- Using all available rosidl_typesupport_cpp: rosidl_typesupport_fastrtps_cpp;rosidl_typesupport_introspection_cpp
-- Found rmw_implementation_cmake: 6.1.1 (/opt/ros/humble/share/rmw_implementation_cmake/cmake)
-- Found rmw_fastrtps_cpp: 6.2.6 (/opt/ros/humble/share/rmw_fastrtps_cpp/cmake)
-- Using RMW implementation 'rmw_fastrtps_cpp' as default
-- Found rclcpp_lifecycle: 16.0.8 (/opt/ros/humble/share/rclcpp_lifecycle/cmake)
-- Found geometry_msgs: 4.2.3 (/opt/ros/humble/share/geometry_msgs/cmake)
-- Found moveit_core: 2.9.0 (/home/alexander/moveit2_ws/install/moveit_core/share/moveit_core/cmake)
-- Found Boost: /usr/lib/x86_64-linux-gnu/cmake/Boost-1.74.0/BoostConfig.cmake (found version "1.74.0") found components: chrono date_time filesystem iostreams program_options regex serialization system thread 
-- Found Boost: /usr/lib/x86_64-linux-gnu/cmake/Boost-1.74.0/BoostConfig.cmake (found version "1.74.0") found components: filesystem 
-- library: /usr/lib/x86_64-linux-gnu/libcurl.so
-- Ensuring Eigen3 include directory is part of orocos-kdl CMake target
-- Found moveit_ros_move_group: 2.9.0 (/home/alexander/moveit2_ws/install/moveit_ros_move_group/share/moveit_ros_move_group/cmake)
-- Found Boost: /usr/lib/x86_64-linux-gnu/cmake/Boost-1.74.0/BoostConfig.cmake (found version "1.74.0") found components: system filesystem date_time program_options thread 
-- Found Boost: /usr/lib/x86_64-linux-gnu/cmake/Boost-1.74.0/BoostConfig.cmake (found version "1.74.0") found components: system filesystem date_time program_options thread chrono 
-- Found tf2_eigen_kdl: 0.25.6 (/opt/ros/humble/share/tf2_eigen_kdl/cmake)
-- Found Boost: /usr/lib/x86_64-linux-gnu/cmake/Boost-1.74.0/BoostConfig.cmake (found version "1.74.0")  
-- Found ament_cmake_gtest: 1.3.8 (/opt/ros/humble/share/ament_cmake_gtest/cmake)
-- Found ament_cmake_gmock: 1.3.8 (/opt/ros/humble/share/ament_cmake_gmock/cmake)
-- Found ros_testing: 0.4.0 (/opt/ros/humble/share/ros_testing/cmake)
-- Found launch_testing_ament_cmake: 1.0.5 (/opt/ros/humble/share/launch_testing_ament_cmake/cmake)
-- Found python_cmake_module: 0.10.0 (/opt/ros/humble/share/python_cmake_module/cmake)
-- Using PYTHON_EXECUTABLE: /usr/bin/python3
-- Using PYTHON_INCLUDE_DIRS: /usr/include/python3.10
-- Using PYTHON_LIBRARIES: /usr/lib/x86_64-linux-gnu/libpython3.10.so
-- Found moveit_resources_prbt_support: 2.9.0 (/home/alexander/moveit2_ws/install/moveit_resources_prbt_support/share/moveit_resources_prbt_support/cmake)
-- Found moveit_resources_prbt_moveit_config: 2.9.0 (/home/alexander/moveit2_ws/install/moveit_resources_prbt_moveit_config/share/moveit_resources_prbt_moveit_config/cmake)
-- Found Boost: /usr/lib/x86_64-linux-gnu/cmake/Boost-1.74.0/BoostConfig.cmake (found version "1.74.0") found components: thread 
-- Found pilz_industrial_motion_planner_testutils: 2.9.0 (/home/alexander/moveit2_ws/install/pilz_industrial_motion_planner_testutils/share/pilz_industrial_motion_planner_testutils/cmake)
-- Found gtest sources under '/opt/ros/humble/src/gtest_vendor': C++ tests using 'Google Test' will be built
-- Found gmock sources under '/opt/ros/humble/src/gmock_vendor': C++ tests using 'Google Mock' will be built
-- Configuring done
-- Generating done
-- Build files have been written to: /home/alexander/moveit2_ws/build/pilz_industrial_motion_planner
[35m[1mConsolidate compiler generated dependencies of target gtest_main[0m
[35m[1mConsolidate compiler generated dependencies of target gtest[0m
[35m[1mConsolidate compiler generated dependencies of target gmock_main[0m
[35m[1mConsolidate compiler generated dependencies of target gmock[0m
[  3%] Built target gtest
[  3%] Built target cartesian_limits_parameters
[  6%] Built target gmock_main
[  8%] Built target gtest_main
[ 12%] Built target gmock
[35m[1mConsolidate compiler generated dependencies of target planning_context_loader_base[0m
[35m[1mConsolidate compiler generated dependencies of target trajectory_generation_common[0m
[35m[1mConsolidate compiler generated dependencies of target joint_limits_common[0m
[ 13%] [32mBuilding CXX object CMakeFiles/planning_context_loader_base.dir/src/planning_context_loader.cpp.o[0m
[ 15%] [32mBuilding CXX object CMakeFiles/joint_limits_common.dir/src/limits_container.cpp.o[0m
[ 16%] [32mBuilding CXX object CMakeFiles/joint_limits_common.dir/src/joint_limits_aggregator.cpp.o[0m
[ 17%] [32mBuilding CXX object CMakeFiles/joint_limits_common.dir/src/joint_limits_container.cpp.o[0m
[ 20%] [32mBuilding CXX object CMakeFiles/joint_limits_common.dir/src/joint_limits_validator.cpp.o[0m
[ 20%] [32mBuilding CXX object CMakeFiles/trajectory_generation_common.dir/src/trajectory_functions.cpp.o[0m
[ 21%] [32mBuilding CXX object CMakeFiles/trajectory_generation_common.dir/src/trajectory_generator.cpp.o[0m
[ 22%] [32mBuilding CXX object CMakeFiles/trajectory_generation_common.dir/src/trajectory_blender_transition_window.cpp.o[0m
[ 23%] [32m[1mLinking CXX shared library libplanning_context_loader_base.so[0m
[ 23%] Built target planning_context_loader_base
[ 25%] [32m[1mLinking CXX shared library libjoint_limits_common.so[0m
[ 25%] Built target joint_limits_common
[35m[1mConsolidate compiler generated dependencies of target unittest_joint_limit[0m
[35m[1mConsolidate compiler generated dependencies of target unittest_joint_limits_aggregator[0m
[35m[1mConsolidate compiler generated dependencies of target pilz_industrial_motion_planner[0m
[35m[1mConsolidate compiler generated dependencies of target unittest_joint_limits_container[0m
[35m[1mConsolidate compiler generated dependencies of target unittest_joint_limits_validator[0m
[ 26%] [32m[1mLinking CXX executable unittest_joint_limits_container[0m
[ 27%] [32m[1mLinking CXX executable unittest_joint_limit[0m
[ 28%] [32mBuilding CXX object CMakeFiles/pilz_industrial_motion_planner.dir/src/pilz_industrial_motion_planner.cpp.o[0m
[ 31%] [32m[1mLinking CXX executable unittest_joint_limits_validator[0m
[ 31%] [32m[1mLinking CXX executable unittest_joint_limits_aggregator[0m
[ 32%] Built target unittest_joint_limits_container
[ 33%] Built target unittest_joint_limits_validator
[ 35%] Built target unittest_joint_limit
[ 36%] Built target unittest_joint_limits_aggregator
[ 37%] [32m[1mLinking CXX shared library libtrajectory_generation_common.so[0m
[ 37%] Built target trajectory_generation_common
[35m[1mConsolidate compiler generated dependencies of target pilz_industrial_motion_planner_test_utils[0m
[35m[1mConsolidate compiler generated dependencies of target planning_context_loader_ptp[0m
[35m[1mConsolidate compiler generated dependencies of target planning_context_loader_circ[0m
[35m[1mConsolidate compiler generated dependencies of target command_list_manager[0m
[35m[1mConsolidate compiler generated dependencies of target planning_context_loader_lin[0m
[ 38%] [32mBuilding CXX object CMakeFiles/planning_context_loader_lin.dir/src/planning_context_loader_lin.cpp.o[0m
[ 40%] [32mBuilding CXX object CMakeFiles/planning_context_loader_ptp.dir/src/velocity_profile_atrap.cpp.o[0m
[ 41%] [32mBuilding CXX object CMakeFiles/planning_context_loader_ptp.dir/src/trajectory_generator_ptp.cpp.o[0m
[ 42%] [32mBuilding CXX object test/CMakeFiles/pilz_industrial_motion_planner_test_utils.dir/test_utils.cpp.o[0m
[ 43%] [32mBuilding CXX object CMakeFiles/planning_context_loader_circ.dir/src/planning_context_loader_circ.cpp.o[0m
[ 45%] [32mBuilding CXX object CMakeFiles/planning_context_loader_circ.dir/src/trajectory_generator_circ.cpp.o[0m
[ 46%] [32mBuilding CXX object CMakeFiles/planning_context_loader_lin.dir/src/velocity_profile_atrap.cpp.o[0m
[ 47%] [32mBuilding CXX object CMakeFiles/planning_context_loader_circ.dir/src/path_circle_generator.cpp.o[0m
[ 48%] [32mBuilding CXX object CMakeFiles/planning_context_loader_lin.dir/src/trajectory_generator_lin.cpp.o[0m
[ 50%] [32mBuilding CXX object CMakeFiles/command_list_manager.dir/src/plan_components_builder.cpp.o[0m
[ 51%] [32mBuilding CXX object CMakeFiles/command_list_manager.dir/src/command_list_manager.cpp.o[0m
[ 52%] [32mBuilding CXX object CMakeFiles/planning_context_loader_ptp.dir/src/planning_context_loader_ptp.cpp.o[0m
[ 53%] [32m[1mLinking CXX shared library libplanning_context_loader_lin.so[0m
[ 55%] [32m[1mLinking CXX shared library libplanning_context_loader_circ.so[0m
[ 56%] [32m[1mLinking CXX shared library libplanning_context_loader_ptp.so[0m
[ 56%] Built target planning_context_loader_lin
[ 56%] Built target planning_context_loader_circ
[ 56%] Built target planning_context_loader_ptp
[ 57%] [32m[1mLinking CXX shared library libcommand_list_manager.so[0m
[ 57%] Built target command_list_manager
[35m[1mConsolidate compiler generated dependencies of target sequence_capability[0m
[ 58%] [32mBuilding CXX object CMakeFiles/sequence_capability.dir/src/move_group_sequence_action.cpp.o[0m
[ 60%] [32mBuilding CXX object CMakeFiles/sequence_capability.dir/src/move_group_sequence_service.cpp.o[0m
[ 61%] [32m[1mLinking CXX shared library libpilz_industrial_motion_planner.so[0m
[ 61%] Built target pilz_industrial_motion_planner
[35m[1mConsolidate compiler generated dependencies of target unittest_pilz_industrial_motion_planner_direct[0m
[35m[1mConsolidate compiler generated dependencies of target unittest_velocity_profile_atrap[0m
[35m[1mConsolidate compiler generated dependencies of target unittest_pilz_industrial_motion_planner[0m
[35m[1mConsolidate compiler generated dependencies of target unittest_trajectory_generator[0m
[35m[1mConsolidate compiler generated dependencies of target unittest_get_solver_tip_frame[0m
[ 62%] [32m[1mLinking CXX executable unittest_velocity_profile_atrap[0m
[ 63%] [32m[1mLinking CXX executable unittest_pilz_industrial_motion_planner[0m
[ 65%] [32m[1mLinking CXX executable unittest_pilz_industrial_motion_planner_direct[0m
[ 66%] [32m[1mLinking CXX executable unittest_get_solver_tip_frame[0m
[ 67%] [32m[1mLinking CXX executable unittest_trajectory_generator[0m
[ 70%] Built target unittest_velocity_profile_atrap
[ 71%] Built target unittest_get_solver_tip_frame
[ 73%] Built target unittest_trajectory_generator
[ 75%] Built target unittest_pilz_industrial_motion_planner
[ 76%] Built target unittest_pilz_industrial_motion_planner_direct
[ 77%] [32m[1mLinking CXX static library libpilz_industrial_motion_planner_test_utils.a[0m
[ 77%] Built target pilz_industrial_motion_planner_test_utils
[35m[1mConsolidate compiler generated dependencies of target unittest_trajectory_functions[0m
[35m[1mConsolidate compiler generated dependencies of target unittest_planning_context[0m
[35m[1mConsolidate compiler generated dependencies of target unittest_trajectory_generator_common[0m
[35m[1mConsolidate compiler generated dependencies of target unittest_trajectory_generator_ptp[0m
[35m[1mConsolidate compiler generated dependencies of target unittest_trajectory_generator_lin[0m
[35m[1mConsolidate compiler generated dependencies of target unittest_planning_context_loaders[0m
[35m[1mConsolidate compiler generated dependencies of target unittest_trajectory_generator_circ[0m
[35m[1mConsolidate compiler generated dependencies of target unittest_trajectory_blender_transition_window[0m
[ 78%] [32m[1mLinking CXX executable unittest_trajectory_generator_ptp[0m
[ 81%] [32m[1mLinking CXX executable unittest_trajectory_generator_common[0m
[ 81%] [32m[1mLinking CXX executable unittest_trajectory_functions[0m
[ 82%] [32m[1mLinking CXX executable unittest_trajectory_generator_lin[0m
[ 83%] [32m[1mLinking CXX executable unittest_trajectory_generator_circ[0m
[ 85%] [32m[1mLinking CXX executable unittest_planning_context_loaders[0m
[ 86%] [32m[1mLinking CXX executable unittest_planning_context[0m
[ 87%] [32m[1mLinking CXX executable unittest_trajectory_blender_transition_window[0m
[ 88%] Built target unittest_trajectory_generator_ptp
[ 91%] Built target unittest_trajectory_generator_circ
[ 91%] Built target unittest_planning_context_loaders
[ 92%] Built target unittest_trajectory_functions
[ 95%] Built target unittest_trajectory_blender_transition_window
[ 96%] Built target unittest_trajectory_generator_lin
[ 97%] Built target unittest_planning_context
[ 98%] Built target unittest_trajectory_generator_common
[100%] [32m[1mLinking CXX shared library libsequence_capability.so[0m
[100%] Built target sequence_capability
-- Install configuration: "Release"
-- Up-to-date: /home/alexander/moveit2_ws/install/pilz_industrial_motion_planner/include/cartesian_limits_parameters
-- Up-to-date: /home/alexander/moveit2_ws/install/pilz_industrial_motion_planner/include/cartesian_limits_parameters/cartesian_limits_parameters.hpp
-- Up-to-date: /home/alexander/moveit2_ws/install/pilz_industrial_motion_planner/share/pilz_industrial_motion_planner/plugins/pilz_industrial_motion_planner_plugin_description.xml
-- Up-to-date: /home/alexander/moveit2_ws/install/pilz_industrial_motion_planner/share/pilz_industrial_motion_planner/plugins/sequence_capability_plugin_description.xml
-- Up-to-date: /home/alexander/moveit2_ws/install/pilz_industrial_motion_planner/share/pilz_industrial_motion_planner/plugins/planning_context_plugin_description.xml
-- Installing: /home/alexander/moveit2_ws/install/pilz_industrial_motion_planner/lib/libpilz_industrial_motion_planner.so
-- Set runtime path of "/home/alexander/moveit2_ws/install/pilz_industrial_motion_planner/lib/libpilz_industrial_motion_planner.so" to ""
-- Installing: /home/alexander/moveit2_ws/install/pilz_industrial_motion_planner/lib/libjoint_limits_common.so
-- Set runtime path of "/home/alexander/moveit2_ws/install/pilz_industrial_motion_planner/lib/libjoint_limits_common.so" to ""
-- Installing: /home/alexander/moveit2_ws/install/pilz_industrial_motion_planner/lib/libplanning_context_loader_base.so
-- Set runtime path of "/home/alexander/moveit2_ws/install/pilz_industrial_motion_planner/lib/libplanning_context_loader_base.so" to ""
-- Installing: /home/alexander/moveit2_ws/install/pilz_industrial_motion_planner/lib/libplanning_context_loader_ptp.so
-- Set runtime path of "/home/alexander/moveit2_ws/install/pilz_industrial_motion_planner/lib/libplanning_context_loader_ptp.so" to ""
-- Installing: /home/alexander/moveit2_ws/install/pilz_industrial_motion_planner/lib/libplanning_context_loader_lin.so
-- Set runtime path of "/home/alexander/moveit2_ws/install/pilz_industrial_motion_planner/lib/libplanning_context_loader_lin.so" to ""
-- Installing: /home/alexander/moveit2_ws/install/pilz_industrial_motion_planner/lib/libplanning_context_loader_circ.so
-- Set runtime path of "/home/alexander/moveit2_ws/install/pilz_industrial_motion_planner/lib/libplanning_context_loader_circ.so" to ""
-- Installing: /home/alexander/moveit2_ws/install/pilz_industrial_motion_planner/lib/libcommand_list_manager.so
-- Set runtime path of "/home/alexander/moveit2_ws/install/pilz_industrial_motion_planner/lib/libcommand_list_manager.so" to ""
-- Installing: /home/alexander/moveit2_ws/install/pilz_industrial_motion_planner/lib/libsequence_capability.so
-- Set runtime path of "/home/alexander/moveit2_ws/install/pilz_industrial_motion_planner/lib/libsequence_capability.so" to ""
-- Installing: /home/alexander/moveit2_ws/install/pilz_industrial_motion_planner/lib/libtrajectory_generation_common.so
-- Set runtime path of "/home/alexander/moveit2_ws/install/pilz_industrial_motion_planner/lib/libtrajectory_generation_common.so" to ""
-- Up-to-date: /home/alexander/moveit2_ws/install/pilz_industrial_motion_planner/include/pilz_industrial_motion_planner
-- Up-to-date: /home/alexander/moveit2_ws/install/pilz_industrial_motion_planner/include/pilz_industrial_motion_planner/joint_limits_copy
-- Up-to-date: /home/alexander/moveit2_ws/install/pilz_industrial_motion_planner/include/pilz_industrial_motion_planner/joint_limits_copy/joint_limits_rosparam.hpp
-- Up-to-date: /home/alexander/moveit2_ws/install/pilz_industrial_motion_planner/include/pilz_industrial_motion_planner/joint_limits_copy/joint_limits.hpp
-- Up-to-date: /home/alexander/moveit2_ws/install/pilz_industrial_motion_planner/include/pilz_industrial_motion_planner/pilz_industrial_motion_planner
-- Up-to-date: /home/alexander/moveit2_ws/install/pilz_industrial_motion_planner/include/pilz_industrial_motion_planner/pilz_industrial_motion_planner/joint_limits_interface_extension.h
-- Up-to-date: /home/alexander/moveit2_ws/install/pilz_industrial_motion_planner/include/pilz_industrial_motion_planner/pilz_industrial_motion_planner/trajectory_generator_circ.h
-- Up-to-date: /home/alexander/moveit2_ws/install/pilz_industrial_motion_planner/include/pilz_industrial_motion_planner/pilz_industrial_motion_planner/capability_names.h
-- Up-to-date: /home/alexander/moveit2_ws/install/pilz_industrial_motion_planner/include/pilz_industrial_motion_planner/pilz_industrial_motion_planner/trajectory_functions.h
-- Up-to-date: /home/alexander/moveit2_ws/install/pilz_industrial_motion_planner/include/pilz_industrial_motion_planner/pilz_industrial_motion_planner/limits_container.h
-- Up-to-date: /home/alexander/moveit2_ws/install/pilz_industrial_motion_planner/include/pilz_industrial_motion_planner/pilz_industrial_motion_planner/planning_exceptions.h
-- Up-to-date: /home/alexander/moveit2_ws/install/pilz_industrial_motion_planner/include/pilz_industrial_motion_planner/pilz_industrial_motion_planner/planning_context_circ.h
-- Up-to-date: /home/alexander/moveit2_ws/install/pilz_industrial_motion_planner/include/pilz_industrial_motion_planner/pilz_industrial_motion_planner/joint_limits_extension.h
-- Up-to-date: /home/alexander/moveit2_ws/install/pilz_industrial_motion_planner/include/pilz_industrial_motion_planner/pilz_industrial_motion_planner/cartesian_trajectory_point.h
-- Up-to-date: /home/alexander/moveit2_ws/install/pilz_industrial_motion_planner/include/pilz_industrial_motion_planner/pilz_industrial_motion_planner/planning_context_loader_lin.h
-- Up-to-date: /home/alexander/moveit2_ws/install/pilz_industrial_motion_planner/include/pilz_industrial_motion_planner/pilz_industrial_motion_planner/planning_context_loader_circ.h
-- Up-to-date: /home/alexander/moveit2_ws/install/pilz_industrial_motion_planner/include/pilz_industrial_motion_planner/pilz_industrial_motion_planner/trajectory_generator.h
-- Up-to-date: /home/alexander/moveit2_ws/install/pilz_industrial_motion_planner/include/pilz_industrial_motion_planner/pilz_industrial_motion_planner/trajectory_generator_lin.h
-- Up-to-date: /home/alexander/moveit2_ws/install/pilz_industrial_motion_planner/include/pilz_industrial_motion_planner/pilz_industrial_motion_planner/joint_limits_container.h
-- Up-to-date: /home/alexander/moveit2_ws/install/pilz_industrial_motion_planner/include/pilz_industrial_motion_planner/pilz_industrial_motion_planner/plan_components_builder.h
-- Up-to-date: /home/alexander/moveit2_ws/install/pilz_industrial_motion_planner/include/pilz_industrial_motion_planner/pilz_industrial_motion_planner/planning_context_loader.h
-- Up-to-date: /home/alexander/moveit2_ws/install/pilz_industrial_motion_planner/include/pilz_industrial_motion_planner/pilz_industrial_motion_planner/joint_limits_aggregator.h
-- Up-to-date: /home/alexander/moveit2_ws/install/pilz_industrial_motion_planner/include/pilz_industrial_motion_planner/pilz_industrial_motion_planner/tip_frame_getter.h
-- Up-to-date: /home/alexander/moveit2_ws/install/pilz_industrial_motion_planner/include/pilz_industrial_motion_planner/pilz_industrial_motion_planner/planning_context_lin.h
-- Up-to-date: /home/alexander/moveit2_ws/install/pilz_industrial_motion_planner/include/pilz_industrial_motion_planner/pilz_industrial_motion_planner/path_circle_generator.h
-- Up-to-date: /home/alexander/moveit2_ws/install/pilz_industrial_motion_planner/include/pilz_industrial_motion_planner/pilz_industrial_motion_planner/command_list_manager.h
-- Up-to-date: /home/alexander/moveit2_ws/install/pilz_industrial_motion_planner/include/pilz_industrial_motion_planner/pilz_industrial_motion_planner/move_group_sequence_service.h
-- Up-to-date: /home/alexander/moveit2_ws/install/pilz_industrial_motion_planner/include/pilz_industrial_motion_planner/pilz_industrial_motion_planner/move_group_sequence_action.h
-- Up-to-date: /home/alexander/moveit2_ws/install/pilz_industrial_motion_planner/include/pilz_industrial_motion_planner/pilz_industrial_motion_planner/pilz_industrial_motion_planner.h
-- Up-to-date: /home/alexander/moveit2_ws/install/pilz_industrial_motion_planner/include/pilz_industrial_motion_planner/pilz_industrial_motion_planner/velocity_profile_atrap.h
-- Up-to-date: /home/alexander/moveit2_ws/install/pilz_industrial_motion_planner/include/pilz_industrial_motion_planner/pilz_industrial_motion_planner/trajectory_blend_response.h
-- Up-to-date: /home/alexander/moveit2_ws/install/pilz_industrial_motion_planner/include/pilz_industrial_motion_planner/pilz_industrial_motion_planner/trajectory_generation_exceptions.h
-- Up-to-date: /home/alexander/moveit2_ws/install/pilz_industrial_motion_planner/include/pilz_industrial_motion_planner/pilz_industrial_motion_planner/planning_context_ptp.h
-- Up-to-date: /home/alexander/moveit2_ws/install/pilz_industrial_motion_planner/include/pilz_industrial_motion_planner/pilz_industrial_motion_planner/planning_context_loader_ptp.h
-- Up-to-date: /home/alexander/moveit2_ws/install/pilz_industrial_motion_planner/include/pilz_industrial_motion_planner/pilz_industrial_motion_planner/trajectory_blender_transition_window.h
-- Up-to-date: /home/alexander/moveit2_ws/install/pilz_industrial_motion_planner/include/pilz_industrial_motion_planner/pilz_industrial_motion_planner/trajectory_generator_ptp.h
-- Up-to-date: /home/alexander/moveit2_ws/install/pilz_industrial_motion_planner/include/pilz_industrial_motion_planner/pilz_industrial_motion_planner/trajectory_blend_request.h
-- Up-to-date: /home/alexander/moveit2_ws/install/pilz_industrial_motion_planner/include/pilz_industrial_motion_planner/pilz_industrial_motion_planner/trajectory_blender.h
-- Up-to-date: /home/alexander/moveit2_ws/install/pilz_industrial_motion_planner/include/pilz_industrial_motion_planner/pilz_industrial_motion_planner/joint_limits_validator.h
-- Up-to-date: /home/alexander/moveit2_ws/install/pilz_industrial_motion_planner/include/pilz_industrial_motion_planner/pilz_industrial_motion_planner/cartesian_trajectory.h
-- Up-to-date: /home/alexander/moveit2_ws/install/pilz_industrial_motion_planner/include/pilz_industrial_motion_planner/pilz_industrial_motion_planner/planning_context_base.h
-- Up-to-date: /home/alexander/moveit2_ws/install/pilz_industrial_motion_planner/share/pilz_industrial_motion_planner/environment/library_path.sh
-- Installing: /home/alexander/moveit2_ws/install/pilz_industrial_motion_planner/share/pilz_industrial_motion_planner/environment/library_path.dsv
-- Installing: /home/alexander/moveit2_ws/install/pilz_industrial_motion_planner/lib/pilz_industrial_motion_planner/unittest_pilz_industrial_motion_planner_direct
-- Set runtime path of "/home/alexander/moveit2_ws/install/pilz_industrial_motion_planner/lib/pilz_industrial_motion_planner/unittest_pilz_industrial_motion_planner_direct" to ""
-- Installing: /home/alexander/moveit2_ws/install/pilz_industrial_motion_planner/lib/pilz_industrial_motion_planner/unittest_velocity_profile_atrap
-- Set runtime path of "/home/alexander/moveit2_ws/install/pilz_industrial_motion_planner/lib/pilz_industrial_motion_planner/unittest_velocity_profile_atrap" to ""
-- Installing: /home/alexander/moveit2_ws/install/pilz_industrial_motion_planner/lib/pilz_industrial_motion_planner/unittest_trajectory_generator
-- Set runtime path of "/home/alexander/moveit2_ws/install/pilz_industrial_motion_planner/lib/pilz_industrial_motion_planner/unittest_trajectory_generator" to ""
-- Installing: /home/alexander/moveit2_ws/install/pilz_industrial_motion_planner/lib/pilz_industrial_motion_planner/unittest_trajectory_functions
-- Set runtime path of "/home/alexander/moveit2_ws/install/pilz_industrial_motion_planner/lib/pilz_industrial_motion_planner/unittest_trajectory_functions" to ""
-- Installing: /home/alexander/moveit2_ws/install/pilz_industrial_motion_planner/lib/pilz_industrial_motion_planner/unittest_trajectory_blender_transition_window
-- Set runtime path of "/home/alexander/moveit2_ws/install/pilz_industrial_motion_planner/lib/pilz_industrial_motion_planner/unittest_trajectory_blender_transition_window" to ""
-- Installing: /home/alexander/moveit2_ws/install/pilz_industrial_motion_planner/lib/pilz_industrial_motion_planner/unittest_trajectory_generator_common
-- Set runtime path of "/home/alexander/moveit2_ws/install/pilz_industrial_motion_planner/lib/pilz_industrial_motion_planner/unittest_trajectory_generator_common" to ""
-- Installing: /home/alexander/moveit2_ws/install/pilz_industrial_motion_planner/lib/pilz_industrial_motion_planner/unittest_trajectory_generator_circ
-- Set runtime path of "/home/alexander/moveit2_ws/install/pilz_industrial_motion_planner/lib/pilz_industrial_motion_planner/unittest_trajectory_generator_circ" to ""
-- Installing: /home/alexander/moveit2_ws/install/pilz_industrial_motion_planner/lib/pilz_industrial_motion_planner/unittest_trajectory_generator_lin
-- Set runtime path of "/home/alexander/moveit2_ws/install/pilz_industrial_motion_planner/lib/pilz_industrial_motion_planner/unittest_trajectory_generator_lin" to ""
-- Installing: /home/alexander/moveit2_ws/install/pilz_industrial_motion_planner/lib/pilz_industrial_motion_planner/unittest_trajectory_generator_ptp
-- Set runtime path of "/home/alexander/moveit2_ws/install/pilz_industrial_motion_planner/lib/pilz_industrial_motion_planner/unittest_trajectory_generator_ptp" to ""
-- Installing: /home/alexander/moveit2_ws/install/pilz_industrial_motion_planner/lib/pilz_industrial_motion_planner/unittest_pilz_industrial_motion_planner
-- Set runtime path of "/home/alexander/moveit2_ws/install/pilz_industrial_motion_planner/lib/pilz_industrial_motion_planner/unittest_pilz_industrial_motion_planner" to ""
-- Installing: /home/alexander/moveit2_ws/install/pilz_industrial_motion_planner/lib/pilz_industrial_motion_planner/unittest_joint_limit
-- Set runtime path of "/home/alexander/moveit2_ws/install/pilz_industrial_motion_planner/lib/pilz_industrial_motion_planner/unittest_joint_limit" to ""
-- Installing: /home/alexander/moveit2_ws/install/pilz_industrial_motion_planner/lib/pilz_industrial_motion_planner/unittest_joint_limits_aggregator
-- Set runtime path of "/home/alexander/moveit2_ws/install/pilz_industrial_motion_planner/lib/pilz_industrial_motion_planner/unittest_joint_limits_aggregator" to ""
-- Installing: /home/alexander/moveit2_ws/install/pilz_industrial_motion_planner/lib/pilz_industrial_motion_planner/unittest_joint_limits_container
-- Set runtime path of "/home/alexander/moveit2_ws/install/pilz_industrial_motion_planner/lib/pilz_industrial_motion_planner/unittest_joint_limits_container" to ""
-- Installing: /home/alexander/moveit2_ws/install/pilz_industrial_motion_planner/lib/pilz_industrial_motion_planner/unittest_joint_limits_validator
-- Set runtime path of "/home/alexander/moveit2_ws/install/pilz_industrial_motion_planner/lib/pilz_industrial_motion_planner/unittest_joint_limits_validator" to ""
-- Installing: /home/alexander/moveit2_ws/install/pilz_industrial_motion_planner/lib/pilz_industrial_motion_planner/unittest_planning_context_loaders
-- Set runtime path of "/home/alexander/moveit2_ws/install/pilz_industrial_motion_planner/lib/pilz_industrial_motion_planner/unittest_planning_context_loaders" to ""
-- Installing: /home/alexander/moveit2_ws/install/pilz_industrial_motion_planner/lib/pilz_industrial_motion_planner/unittest_planning_context
-- Set runtime path of "/home/alexander/moveit2_ws/install/pilz_industrial_motion_planner/lib/pilz_industrial_motion_planner/unittest_planning_context" to ""
-- Installing: /home/alexander/moveit2_ws/install/pilz_industrial_motion_planner/lib/pilz_industrial_motion_planner/unittest_get_solver_tip_frame
-- Set runtime path of "/home/alexander/moveit2_ws/install/pilz_industrial_motion_planner/lib/pilz_industrial_motion_planner/unittest_get_solver_tip_frame" to ""
-- Up-to-date: /home/alexander/moveit2_ws/install/pilz_industrial_motion_planner/share/pilz_industrial_motion_planner/config
-- Up-to-date: /home/alexander/moveit2_ws/install/pilz_industrial_motion_planner/share/pilz_industrial_motion_planner/config/unittest_trajectory_generator_circ.yaml
-- Up-to-date: /home/alexander/moveit2_ws/install/pilz_industrial_motion_planner/share/pilz_industrial_motion_planner/config/unittest_trajectory_blender_transition_window.yaml
-- Up-to-date: /home/alexander/moveit2_ws/install/pilz_industrial_motion_planner/share/pilz_industrial_motion_planner/config/unittest_trajectory_generator_ptp.yaml
-- Up-to-date: /home/alexander/moveit2_ws/install/pilz_industrial_motion_planner/share/pilz_industrial_motion_planner/config/unittest_joint_limit_config.yaml
-- Up-to-date: /home/alexander/moveit2_ws/install/pilz_industrial_motion_planner/share/pilz_industrial_motion_planner/config/unittest_trajectory_functions.yaml
-- Up-to-date: /home/alexander/moveit2_ws/install/pilz_industrial_motion_planner/share/pilz_industrial_motion_planner/config/unittest_joint_limits_aggregator.yaml
-- Up-to-date: /home/alexander/moveit2_ws/install/pilz_industrial_motion_planner/share/pilz_industrial_motion_planner/config/unittest_trajectory_generator_common.yaml
-- Up-to-date: /home/alexander/moveit2_ws/install/pilz_industrial_motion_planner/share/pilz_industrial_motion_planner/config/unittest_trajectory_generator_lin.yaml
-- Up-to-date: /home/alexander/moveit2_ws/install/pilz_industrial_motion_planner/share/pilz_industrial_motion_planner/launch
-- Up-to-date: /home/alexander/moveit2_ws/install/pilz_industrial_motion_planner/share/pilz_industrial_motion_planner/launch/unittest_joint_limits_aggregator.test.py
-- Up-to-date: /home/alexander/moveit2_ws/install/pilz_industrial_motion_planner/share/pilz_industrial_motion_planner/launch/unittest_trajectory_blender_transition_window.test.py
-- Up-to-date: /home/alexander/moveit2_ws/install/pilz_industrial_motion_planner/share/pilz_industrial_motion_planner/launch/unittest_trajectory_generator_ptp.test.py
-- Up-to-date: /home/alexander/moveit2_ws/install/pilz_industrial_motion_planner/share/pilz_industrial_motion_planner/launch/unittest_trajectory_generator_circ.test.py
-- Up-to-date: /home/alexander/moveit2_ws/install/pilz_industrial_motion_planner/share/pilz_industrial_motion_planner/launch/unittest_planning_context_loaders.test.py
-- Up-to-date: /home/alexander/moveit2_ws/install/pilz_industrial_motion_planner/share/pilz_industrial_motion_planner/launch/unittest_cartesian_limits_aggregator.test.py
-- Up-to-date: /home/alexander/moveit2_ws/install/pilz_industrial_motion_planner/share/pilz_industrial_motion_planner/launch/unittest_trajectory_generator_lin.test.py
-- Up-to-date: /home/alexander/moveit2_ws/install/pilz_industrial_motion_planner/share/pilz_industrial_motion_planner/launch/common_parameters.py
-- Up-to-date: /home/alexander/moveit2_ws/install/pilz_industrial_motion_planner/share/pilz_industrial_motion_planner/launch/unittest_planning_context.test.py
-- Up-to-date: /home/alexander/moveit2_ws/install/pilz_industrial_motion_planner/share/pilz_industrial_motion_planner/launch/unittest_pilz_industrial_motion_planner.test.py
-- Up-to-date: /home/alexander/moveit2_ws/install/pilz_industrial_motion_planner/share/pilz_industrial_motion_planner/launch/unittest_trajectory_functions.test.py
-- Up-to-date: /home/alexander/moveit2_ws/install/pilz_industrial_motion_planner/share/pilz_industrial_motion_planner/launch/unittest_trajectory_generator_common.test.py
-- Up-to-date: /home/alexander/moveit2_ws/install/pilz_industrial_motion_planner/share/pilz_industrial_motion_planner/launch/unittest_joint_limit.test.py
-- Up-to-date: /home/alexander/moveit2_ws/install/pilz_industrial_motion_planner/share/pilz_industrial_motion_planner/test_data
-- Up-to-date: /home/alexander/moveit2_ws/install/pilz_industrial_motion_planner/share/pilz_industrial_motion_planner/test_data/testpoints.py
-- Up-to-date: /home/alexander/moveit2_ws/install/pilz_industrial_motion_planner/share/pilz_industrial_motion_planner/test_data/frankaemika_panda
-- Up-to-date: /home/alexander/moveit2_ws/install/pilz_industrial_motion_planner/share/pilz_industrial_motion_planner/test_data/frankaemika_panda/testdata_sequence.xml
-- Up-to-date: /home/alexander/moveit2_ws/install/pilz_industrial_motion_planner/share/pilz_industrial_motion_planner/test_data/prbt
-- Up-to-date: /home/alexander/moveit2_ws/install/pilz_industrial_motion_planner/share/pilz_industrial_motion_planner/test_data/prbt/testdata_with_gripper.xml
-- Up-to-date: /home/alexander/moveit2_ws/install/pilz_industrial_motion_planner/share/pilz_industrial_motion_planner/test_data/prbt/testdata_sequence.xml
-- Up-to-date: /home/alexander/moveit2_ws/install/pilz_industrial_motion_planner/share/pilz_industrial_motion_planner/test_data/prbt/testdata_deprecated.xml
-- Up-to-date: /home/alexander/moveit2_ws/install/pilz_industrial_motion_planner/share/pilz_industrial_motion_planner/test_data/concept_testdata.png
-- Up-to-date: /home/alexander/moveit2_ws/install/pilz_industrial_motion_planner/share/pilz_industrial_motion_planner/test_data/concept_testdata.odp
-- Up-to-date: /home/alexander/moveit2_ws/install/pilz_industrial_motion_planner/share/ament_index/resource_index/package_run_dependencies/pilz_industrial_motion_planner
-- Installing: /home/alexander/moveit2_ws/install/pilz_industrial_motion_planner/share/ament_index/resource_index/parent_prefix_path/pilz_industrial_motion_planner
-- Up-to-date: /home/alexander/moveit2_ws/install/pilz_industrial_motion_planner/share/pilz_industrial_motion_planner/environment/ament_prefix_path.sh
-- Installing: /home/alexander/moveit2_ws/install/pilz_industrial_motion_planner/share/pilz_industrial_motion_planner/environment/ament_prefix_path.dsv
-- Up-to-date: /home/alexander/moveit2_ws/install/pilz_industrial_motion_planner/share/pilz_industrial_motion_planner/environment/path.sh
-- Installing: /home/alexander/moveit2_ws/install/pilz_industrial_motion_planner/share/pilz_industrial_motion_planner/environment/path.dsv
-- Up-to-date: /home/alexander/moveit2_ws/install/pilz_industrial_motion_planner/share/pilz_industrial_motion_planner/local_setup.bash
-- Up-to-date: /home/alexander/moveit2_ws/install/pilz_industrial_motion_planner/share/pilz_industrial_motion_planner/local_setup.sh
-- Up-to-date: /home/alexander/moveit2_ws/install/pilz_industrial_motion_planner/share/pilz_industrial_motion_planner/local_setup.zsh
-- Installing: /home/alexander/moveit2_ws/install/pilz_industrial_motion_planner/share/pilz_industrial_motion_planner/local_setup.dsv
-- Installing: /home/alexander/moveit2_ws/install/pilz_industrial_motion_planner/share/pilz_industrial_motion_planner/package.dsv
-- Up-to-date: /home/alexander/moveit2_ws/install/pilz_industrial_motion_planner/share/ament_index/resource_index/packages/pilz_industrial_motion_planner
-- Up-to-date: /home/alexander/moveit2_ws/install/pilz_industrial_motion_planner/share/ament_index/resource_index/moveit_core__pluginlib__plugin/pilz_industrial_motion_planner
-- Up-to-date: /home/alexander/moveit2_ws/install/pilz_industrial_motion_planner/share/ament_index/resource_index/moveit_ros_move_group__pluginlib__plugin/pilz_industrial_motion_planner
-- Up-to-date: /home/alexander/moveit2_ws/install/pilz_industrial_motion_planner/share/ament_index/resource_index/pilz_industrial_motion_planner__pluginlib__plugin/pilz_industrial_motion_planner
-- Up-to-date: /home/alexander/moveit2_ws/install/pilz_industrial_motion_planner/share/pilz_industrial_motion_planner/cmake/pilz_industrial_motion_plannerTargetsExport.cmake
-- Up-to-date: /home/alexander/moveit2_ws/install/pilz_industrial_motion_planner/share/pilz_industrial_motion_planner/cmake/pilz_industrial_motion_plannerTargetsExport-release.cmake
-- Up-to-date: /home/alexander/moveit2_ws/install/pilz_industrial_motion_planner/share/pilz_industrial_motion_planner/cmake/ament_cmake_export_include_directories-extras.cmake
-- Up-to-date: /home/alexander/moveit2_ws/install/pilz_industrial_motion_planner/share/pilz_industrial_motion_planner/cmake/ament_cmake_export_targets-extras.cmake
-- Up-to-date: /home/alexander/moveit2_ws/install/pilz_industrial_motion_planner/share/pilz_industrial_motion_planner/cmake/ament_cmake_export_dependencies-extras.cmake
-- Up-to-date: /home/alexander/moveit2_ws/install/pilz_industrial_motion_planner/share/pilz_industrial_motion_planner/cmake/pilz_industrial_motion_plannerConfig.cmake
-- Up-to-date: /home/alexander/moveit2_ws/install/pilz_industrial_motion_planner/share/pilz_industrial_motion_planner/cmake/pilz_industrial_motion_plannerConfig-version.cmake
-- Up-to-date: /home/alexander/moveit2_ws/install/pilz_industrial_motion_planner/share/pilz_industrial_motion_planner/package.xml
