[0.067s] Invoking command in '/home/alexander/moveit2_ws/build/moveit_plugins': AMENT_PREFIX_PATH=/home/alexander/moveit2_ws/install/moveit_simple_controller_manager:/home/alexander/moveit2_ws/install/moveit_core:/home/alexander/moveit2_ws/install/moveit_common:${AMENT_PREFIX_PATH} CMAKE_PREFIX_PATH=/home/alexander/moveit2_ws/install/moveit_simple_controller_manager:/home/alexander/moveit2_ws/install/moveit_core:/home/alexander/moveit2_ws/install/moveit_common:/opt/ros/humble LD_LIBRARY_PATH=/home/alexander/moveit2_ws/install/moveit_simple_controller_manager/lib:/home/alexander/moveit2_ws/install/moveit_core/lib:${LD_LIBRARY_PATH} PATH=/home/alexander/moveit2_ws/install/moveit_core/bin:${PATH} /usr/bin/cmake --build /home/alexander/moveit2_ws/build/moveit_plugins -- -j14 -l14
[0.108s] Invoked command in '/home/alexander/moveit2_ws/build/moveit_plugins' returned '0': AMENT_PREFIX_PATH=/home/alexander/moveit2_ws/install/moveit_simple_controller_manager:/home/alexander/moveit2_ws/install/moveit_core:/home/alexander/moveit2_ws/install/moveit_common:${AMENT_PREFIX_PATH} CMAKE_PREFIX_PATH=/home/alexander/moveit2_ws/install/moveit_simple_controller_manager:/home/alexander/moveit2_ws/install/moveit_core:/home/alexander/moveit2_ws/install/moveit_common:/opt/ros/humble LD_LIBRARY_PATH=/home/alexander/moveit2_ws/install/moveit_simple_controller_manager/lib:/home/alexander/moveit2_ws/install/moveit_core/lib:${LD_LIBRARY_PATH} PATH=/home/alexander/moveit2_ws/install/moveit_core/bin:${PATH} /usr/bin/cmake --build /home/alexander/moveit2_ws/build/moveit_plugins -- -j14 -l14
[0.142s] Invoking command in '/home/alexander/moveit2_ws/build/moveit_plugins': AMENT_PREFIX_PATH=/home/alexander/moveit2_ws/install/moveit_simple_controller_manager:/home/alexander/moveit2_ws/install/moveit_core:/home/alexander/moveit2_ws/install/moveit_common:${AMENT_PREFIX_PATH} CMAKE_PREFIX_PATH=/home/alexander/moveit2_ws/install/moveit_simple_controller_manager:/home/alexander/moveit2_ws/install/moveit_core:/home/alexander/moveit2_ws/install/moveit_common:/opt/ros/humble LD_LIBRARY_PATH=/home/alexander/moveit2_ws/install/moveit_simple_controller_manager/lib:/home/alexander/moveit2_ws/install/moveit_core/lib:${LD_LIBRARY_PATH} PATH=/home/alexander/moveit2_ws/install/moveit_core/bin:${PATH} /usr/bin/cmake --install /home/alexander/moveit2_ws/build/moveit_plugins
[0.158s] -- Install configuration: "Release"
[0.159s] -- Up-to-date: /home/alexander/moveit2_ws/install/moveit_plugins/share/ament_index/resource_index/package_run_dependencies/moveit_plugins
[0.159s] -- Up-to-date: /home/alexander/moveit2_ws/install/moveit_plugins/share/ament_index/resource_index/parent_prefix_path/moveit_plugins
[0.160s] -- Up-to-date: /home/alexander/moveit2_ws/install/moveit_plugins/share/moveit_plugins/environment/ament_prefix_path.sh
[0.160s] -- Up-to-date: /home/alexander/moveit2_ws/install/moveit_plugins/share/moveit_plugins/environment/ament_prefix_path.dsv
[0.160s] -- Up-to-date: /home/alexander/moveit2_ws/install/moveit_plugins/share/moveit_plugins/environment/path.sh
[0.160s] -- Up-to-date: /home/alexander/moveit2_ws/install/moveit_plugins/share/moveit_plugins/environment/path.dsv
[0.160s] -- Up-to-date: /home/alexander/moveit2_ws/install/moveit_plugins/share/moveit_plugins/local_setup.bash
[0.160s] -- Up-to-date: /home/alexander/moveit2_ws/install/moveit_plugins/share/moveit_plugins/local_setup.sh
[0.161s] -- Up-to-date: /home/alexander/moveit2_ws/install/moveit_plugins/share/moveit_plugins/local_setup.zsh
[0.161s] -- Up-to-date: /home/alexander/moveit2_ws/install/moveit_plugins/share/moveit_plugins/local_setup.dsv
[0.161s] -- Up-to-date: /home/alexander/moveit2_ws/install/moveit_plugins/share/moveit_plugins/package.dsv
[0.161s] -- Up-to-date: /home/alexander/moveit2_ws/install/moveit_plugins/share/ament_index/resource_index/packages/moveit_plugins
[0.161s] -- Up-to-date: /home/alexander/moveit2_ws/install/moveit_plugins/share/moveit_plugins/cmake/moveit_pluginsConfig.cmake
[0.162s] -- Up-to-date: /home/alexander/moveit2_ws/install/moveit_plugins/share/moveit_plugins/cmake/moveit_pluginsConfig-version.cmake
[0.162s] -- Up-to-date: /home/alexander/moveit2_ws/install/moveit_plugins/share/moveit_plugins/package.xml
[0.163s] Invoked command in '/home/alexander/moveit2_ws/build/moveit_plugins' returned '0': AMENT_PREFIX_PATH=/home/alexander/moveit2_ws/install/moveit_simple_controller_manager:/home/alexander/moveit2_ws/install/moveit_core:/home/alexander/moveit2_ws/install/moveit_common:${AMENT_PREFIX_PATH} CMAKE_PREFIX_PATH=/home/alexander/moveit2_ws/install/moveit_simple_controller_manager:/home/alexander/moveit2_ws/install/moveit_core:/home/alexander/moveit2_ws/install/moveit_common:/opt/ros/humble LD_LIBRARY_PATH=/home/alexander/moveit2_ws/install/moveit_simple_controller_manager/lib:/home/alexander/moveit2_ws/install/moveit_core/lib:${LD_LIBRARY_PATH} PATH=/home/alexander/moveit2_ws/install/moveit_core/bin:${PATH} /usr/bin/cmake --install /home/alexander/moveit2_ws/build/moveit_plugins
