-- Found ament_cmake: 1.3.8 (/opt/ros/humble/share/ament_cmake/cmake)
-- Configuring done
-- Generating done
-- Build files have been written to: /home/alexander/moveit2_ws/build/moveit_ros
-- Install configuration: "Release"
-- Up-to-date: /home/alexander/moveit2_ws/install/moveit_ros/share/ament_index/resource_index/package_run_dependencies/moveit_ros
-- Installing: /home/alexander/moveit2_ws/install/moveit_ros/share/ament_index/resource_index/parent_prefix_path/moveit_ros
-- Up-to-date: /home/alexander/moveit2_ws/install/moveit_ros/share/moveit_ros/environment/ament_prefix_path.sh
-- Installing: /home/alexander/moveit2_ws/install/moveit_ros/share/moveit_ros/environment/ament_prefix_path.dsv
-- Up-to-date: /home/alexander/moveit2_ws/install/moveit_ros/share/moveit_ros/environment/path.sh
-- Installing: /home/alexander/moveit2_ws/install/moveit_ros/share/moveit_ros/environment/path.dsv
-- Up-to-date: /home/alexander/moveit2_ws/install/moveit_ros/share/moveit_ros/local_setup.bash
-- Up-to-date: /home/alexander/moveit2_ws/install/moveit_ros/share/moveit_ros/local_setup.sh
-- Up-to-date: /home/alexander/moveit2_ws/install/moveit_ros/share/moveit_ros/local_setup.zsh
-- Installing: /home/alexander/moveit2_ws/install/moveit_ros/share/moveit_ros/local_setup.dsv
-- Installing: /home/alexander/moveit2_ws/install/moveit_ros/share/moveit_ros/package.dsv
-- Up-to-date: /home/alexander/moveit2_ws/install/moveit_ros/share/ament_index/resource_index/packages/moveit_ros
-- Up-to-date: /home/alexander/moveit2_ws/install/moveit_ros/share/moveit_ros/cmake/moveit_rosConfig.cmake
-- Up-to-date: /home/alexander/moveit2_ws/install/moveit_ros/share/moveit_ros/cmake/moveit_rosConfig-version.cmake
-- Up-to-date: /home/alexander/moveit2_ws/install/moveit_ros/share/moveit_ros/package.xml
