[0.009s] Invoking command in '/home/alexander/moveit2_ws/build/chomp_motion_planner': AMENT_PREFIX_PATH=/home/alexander/moveit2_ws/install/moveit_core:/home/alexander/moveit2_ws/install/moveit_common:${AMENT_PREFIX_PATH} CMAKE_PREFIX_PATH=/home/alexander/moveit2_ws/install/moveit_core:/home/alexander/moveit2_ws/install/moveit_common:/opt/ros/humble LD_LIBRARY_PATH=/home/alexander/moveit2_ws/install/moveit_core/lib:${LD_LIBRARY_PATH} PATH=/home/alexander/moveit2_ws/install/moveit_core/bin:${PATH} /usr/bin/cmake --build /home/alexander/moveit2_ws/build/chomp_motion_planner -- -j14 -l14
[0.077s] [100%] Built target chomp_motion_planner
[0.085s] Invoked command in '/home/alexander/moveit2_ws/build/chomp_motion_planner' returned '0': AMENT_PREFIX_PATH=/home/alexander/moveit2_ws/install/moveit_core:/home/alexander/moveit2_ws/install/moveit_common:${AMENT_PREFIX_PATH} CMAKE_PREFIX_PATH=/home/alexander/moveit2_ws/install/moveit_core:/home/alexander/moveit2_ws/install/moveit_common:/opt/ros/humble LD_LIBRARY_PATH=/home/alexander/moveit2_ws/install/moveit_core/lib:${LD_LIBRARY_PATH} PATH=/home/alexander/moveit2_ws/install/moveit_core/bin:${PATH} /usr/bin/cmake --build /home/alexander/moveit2_ws/build/chomp_motion_planner -- -j14 -l14
[0.110s] Invoking command in '/home/alexander/moveit2_ws/build/chomp_motion_planner': AMENT_PREFIX_PATH=/home/alexander/moveit2_ws/install/moveit_core:/home/alexander/moveit2_ws/install/moveit_common:${AMENT_PREFIX_PATH} CMAKE_PREFIX_PATH=/home/alexander/moveit2_ws/install/moveit_core:/home/alexander/moveit2_ws/install/moveit_common:/opt/ros/humble LD_LIBRARY_PATH=/home/alexander/moveit2_ws/install/moveit_core/lib:${LD_LIBRARY_PATH} PATH=/home/alexander/moveit2_ws/install/moveit_core/bin:${PATH} /usr/bin/cmake --install /home/alexander/moveit2_ws/build/chomp_motion_planner
[0.116s] -- Install configuration: "Release"
[0.116s] -- Up-to-date: /home/alexander/moveit2_ws/install/chomp_motion_planner/lib/libchomp_motion_planner.so.2.9.0
[0.116s] -- Up-to-date: /home/alexander/moveit2_ws/install/chomp_motion_planner/lib/libchomp_motion_planner.so
[0.116s] -- Up-to-date: /home/alexander/moveit2_ws/install/chomp_motion_planner/include/chomp_motion_planner
[0.116s] -- Up-to-date: /home/alexander/moveit2_ws/install/chomp_motion_planner/include/chomp_motion_planner/chomp_motion_planner
[0.116s] -- Up-to-date: /home/alexander/moveit2_ws/install/chomp_motion_planner/include/chomp_motion_planner/chomp_motion_planner/chomp_planner.h
[0.116s] -- Up-to-date: /home/alexander/moveit2_ws/install/chomp_motion_planner/include/chomp_motion_planner/chomp_motion_planner/chomp_utils.h
[0.116s] -- Up-to-date: /home/alexander/moveit2_ws/install/chomp_motion_planner/include/chomp_motion_planner/chomp_motion_planner/chomp_optimizer.h
[0.117s] -- Up-to-date: /home/alexander/moveit2_ws/install/chomp_motion_planner/include/chomp_motion_planner/chomp_motion_planner/chomp_parameters.h
[0.117s] -- Up-to-date: /home/alexander/moveit2_ws/install/chomp_motion_planner/include/chomp_motion_planner/chomp_motion_planner/chomp_trajectory.h
[0.117s] -- Up-to-date: /home/alexander/moveit2_ws/install/chomp_motion_planner/include/chomp_motion_planner/chomp_motion_planner/multivariate_gaussian.h
[0.117s] -- Up-to-date: /home/alexander/moveit2_ws/install/chomp_motion_planner/include/chomp_motion_planner/chomp_motion_planner/chomp_cost.h
[0.117s] -- Up-to-date: /home/alexander/moveit2_ws/install/chomp_motion_planner/share/chomp_motion_planner/environment/library_path.sh
[0.117s] -- Up-to-date: /home/alexander/moveit2_ws/install/chomp_motion_planner/share/chomp_motion_planner/environment/library_path.dsv
[0.117s] -- Up-to-date: /home/alexander/moveit2_ws/install/chomp_motion_planner/share/ament_index/resource_index/package_run_dependencies/chomp_motion_planner
[0.117s] -- Up-to-date: /home/alexander/moveit2_ws/install/chomp_motion_planner/share/ament_index/resource_index/parent_prefix_path/chomp_motion_planner
[0.117s] -- Up-to-date: /home/alexander/moveit2_ws/install/chomp_motion_planner/share/chomp_motion_planner/environment/ament_prefix_path.sh
[0.117s] -- Up-to-date: /home/alexander/moveit2_ws/install/chomp_motion_planner/share/chomp_motion_planner/environment/ament_prefix_path.dsv
[0.117s] -- Up-to-date: /home/alexander/moveit2_ws/install/chomp_motion_planner/share/chomp_motion_planner/environment/path.sh
[0.117s] -- Up-to-date: /home/alexander/moveit2_ws/install/chomp_motion_planner/share/chomp_motion_planner/environment/path.dsv
[0.118s] -- Up-to-date: /home/alexander/moveit2_ws/install/chomp_motion_planner/share/chomp_motion_planner/local_setup.bash
[0.118s] -- Up-to-date: /home/alexander/moveit2_ws/install/chomp_motion_planner/share/chomp_motion_planner/local_setup.sh
[0.118s] -- Up-to-date: /home/alexander/moveit2_ws/install/chomp_motion_planner/share/chomp_motion_planner/local_setup.zsh
[0.118s] -- Up-to-date: /home/alexander/moveit2_ws/install/chomp_motion_planner/share/chomp_motion_planner/local_setup.dsv
[0.118s] -- Installing: /home/alexander/moveit2_ws/install/chomp_motion_planner/share/chomp_motion_planner/package.dsv
[0.118s] -- Up-to-date: /home/alexander/moveit2_ws/install/chomp_motion_planner/share/ament_index/resource_index/packages/chomp_motion_planner
[0.118s] -- Up-to-date: /home/alexander/moveit2_ws/install/chomp_motion_planner/share/chomp_motion_planner/cmake/chomp_motion_plannerTargetsExport.cmake
[0.118s] -- Up-to-date: /home/alexander/moveit2_ws/install/chomp_motion_planner/share/chomp_motion_planner/cmake/chomp_motion_plannerTargetsExport-release.cmake
[0.118s] -- Up-to-date: /home/alexander/moveit2_ws/install/chomp_motion_planner/share/chomp_motion_planner/cmake/ament_cmake_export_targets-extras.cmake
[0.118s] -- Up-to-date: /home/alexander/moveit2_ws/install/chomp_motion_planner/share/chomp_motion_planner/cmake/chomp_motion_plannerConfig.cmake
[0.118s] -- Up-to-date: /home/alexander/moveit2_ws/install/chomp_motion_planner/share/chomp_motion_planner/cmake/chomp_motion_plannerConfig-version.cmake
[0.119s] -- Up-to-date: /home/alexander/moveit2_ws/install/chomp_motion_planner/share/chomp_motion_planner/package.xml
[0.120s] Invoked command in '/home/alexander/moveit2_ws/build/chomp_motion_planner' returned '0': AMENT_PREFIX_PATH=/home/alexander/moveit2_ws/install/moveit_core:/home/alexander/moveit2_ws/install/moveit_common:${AMENT_PREFIX_PATH} CMAKE_PREFIX_PATH=/home/alexander/moveit2_ws/install/moveit_core:/home/alexander/moveit2_ws/install/moveit_common:/opt/ros/humble LD_LIBRARY_PATH=/home/alexander/moveit2_ws/install/moveit_core/lib:${LD_LIBRARY_PATH} PATH=/home/alexander/moveit2_ws/install/moveit_core/bin:${PATH} /usr/bin/cmake --install /home/alexander/moveit2_ws/build/chomp_motion_planner
