[0.032s] Invoking command in '/home/alexander/moveit2_ws/build/moveit_planners_stomp': AMENT_PREFIX_PATH=/home/alexander/moveit2_ws/install/moveit_core:/home/alexander/moveit2_ws/install/moveit_common:${AMENT_PREFIX_PATH} CMAKE_PREFIX_PATH=/home/alexander/moveit2_ws/install/moveit_core:/home/alexander/moveit2_ws/install/moveit_common:/opt/ros/humble LD_LIBRARY_PATH=/home/alexander/moveit2_ws/install/moveit_core/lib:${LD_LIBRARY_PATH} PATH=/home/alexander/moveit2_ws/install/moveit_core/bin:${PATH} /usr/bin/cmake --build /home/alexander/moveit2_ws/build/moveit_planners_stomp -- -j14 -l14
[0.097s] [35m[1mConsolidate compiler generated dependencies of target gtest_main[0m
[0.097s] [35m[1mConsolidate compiler generated dependencies of target gtest[0m
[0.107s] [  8%] Built target stomp_moveit_parameters
[0.110s] [ 25%] Built target gtest_main
[0.110s] [ 41%] Built target gtest
[0.125s] [35m[1mConsolidate compiler generated dependencies of target test_noise_generator[0m
[0.125s] [35m[1mConsolidate compiler generated dependencies of target test_cost_functions[0m
[0.131s] [35m[1mConsolidate compiler generated dependencies of target stomp_moveit_plugin[0m
[0.143s] [ 58%] Built target test_noise_generator
[0.150s] [ 75%] Built target test_cost_functions
[0.159s] [100%] Built target stomp_moveit_plugin
[0.183s] Invoked command in '/home/alexander/moveit2_ws/build/moveit_planners_stomp' returned '0': AMENT_PREFIX_PATH=/home/alexander/moveit2_ws/install/moveit_core:/home/alexander/moveit2_ws/install/moveit_common:${AMENT_PREFIX_PATH} CMAKE_PREFIX_PATH=/home/alexander/moveit2_ws/install/moveit_core:/home/alexander/moveit2_ws/install/moveit_common:/opt/ros/humble LD_LIBRARY_PATH=/home/alexander/moveit2_ws/install/moveit_core/lib:${LD_LIBRARY_PATH} PATH=/home/alexander/moveit2_ws/install/moveit_core/bin:${PATH} /usr/bin/cmake --build /home/alexander/moveit2_ws/build/moveit_planners_stomp -- -j14 -l14
[0.221s] Invoking command in '/home/alexander/moveit2_ws/build/moveit_planners_stomp': AMENT_PREFIX_PATH=/home/alexander/moveit2_ws/install/moveit_core:/home/alexander/moveit2_ws/install/moveit_common:${AMENT_PREFIX_PATH} CMAKE_PREFIX_PATH=/home/alexander/moveit2_ws/install/moveit_core:/home/alexander/moveit2_ws/install/moveit_common:/opt/ros/humble LD_LIBRARY_PATH=/home/alexander/moveit2_ws/install/moveit_core/lib:${LD_LIBRARY_PATH} PATH=/home/alexander/moveit2_ws/install/moveit_core/bin:${PATH} /usr/bin/cmake --install /home/alexander/moveit2_ws/build/moveit_planners_stomp
[0.228s] -- Install configuration: "Release"
[0.228s] -- Up-to-date: /home/alexander/moveit2_ws/install/moveit_planners_stomp/include/stomp_moveit_parameters
[0.230s] -- Up-to-date: /home/alexander/moveit2_ws/install/moveit_planners_stomp/include/stomp_moveit_parameters/stomp_moveit_parameters.hpp
[0.230s] -- Up-to-date: /home/alexander/moveit2_ws/install/moveit_planners_stomp/share/moveit_planners_stomp/stomp_moveit_plugin_description.xml
[0.232s] -- Up-to-date: /home/alexander/moveit2_ws/install/moveit_planners_stomp/lib/libstomp_moveit_plugin.so
[0.233s] -- Up-to-date: /home/alexander/moveit2_ws/install/moveit_planners_stomp/share/moveit_planners_stomp/environment/library_path.sh
[0.233s] -- Up-to-date: /home/alexander/moveit2_ws/install/moveit_planners_stomp/share/moveit_planners_stomp/environment/library_path.dsv
[0.234s] -- Up-to-date: /home/alexander/moveit2_ws/install/moveit_planners_stomp/share/ament_index/resource_index/package_run_dependencies/moveit_planners_stomp
[0.234s] -- Up-to-date: /home/alexander/moveit2_ws/install/moveit_planners_stomp/share/ament_index/resource_index/parent_prefix_path/moveit_planners_stomp
[0.234s] -- Up-to-date: /home/alexander/moveit2_ws/install/moveit_planners_stomp/share/moveit_planners_stomp/environment/ament_prefix_path.sh
[0.234s] -- Up-to-date: /home/alexander/moveit2_ws/install/moveit_planners_stomp/share/moveit_planners_stomp/environment/ament_prefix_path.dsv
[0.235s] -- Up-to-date: /home/alexander/moveit2_ws/install/moveit_planners_stomp/share/moveit_planners_stomp/environment/path.sh
[0.235s] -- Up-to-date: /home/alexander/moveit2_ws/install/moveit_planners_stomp/share/moveit_planners_stomp/environment/path.dsv
[0.235s] -- Up-to-date: /home/alexander/moveit2_ws/install/moveit_planners_stomp/share/moveit_planners_stomp/local_setup.bash
[0.236s] -- Up-to-date: /home/alexander/moveit2_ws/install/moveit_planners_stomp/share/moveit_planners_stomp/local_setup.sh
[0.236s] -- Up-to-date: /home/alexander/moveit2_ws/install/moveit_planners_stomp/share/moveit_planners_stomp/local_setup.zsh
[0.236s] -- Up-to-date: /home/alexander/moveit2_ws/install/moveit_planners_stomp/share/moveit_planners_stomp/local_setup.dsv
[0.236s] -- Installing: /home/alexander/moveit2_ws/install/moveit_planners_stomp/share/moveit_planners_stomp/package.dsv
[0.237s] -- Up-to-date: /home/alexander/moveit2_ws/install/moveit_planners_stomp/share/ament_index/resource_index/packages/moveit_planners_stomp
[0.237s] -- Up-to-date: /home/alexander/moveit2_ws/install/moveit_planners_stomp/share/ament_index/resource_index/moveit_core__pluginlib__plugin/moveit_planners_stomp
[0.240s] -- Up-to-date: /home/alexander/moveit2_ws/install/moveit_planners_stomp/share/moveit_planners_stomp/cmake/moveit_planners_stompTargetsExport.cmake
[0.240s] -- Up-to-date: /home/alexander/moveit2_ws/install/moveit_planners_stomp/share/moveit_planners_stomp/cmake/moveit_planners_stompTargetsExport-release.cmake
[0.241s] -- Up-to-date: /home/alexander/moveit2_ws/install/moveit_planners_stomp/share/moveit_planners_stomp/cmake/ament_cmake_export_targets-extras.cmake
[0.241s] -- Up-to-date: /home/alexander/moveit2_ws/install/moveit_planners_stomp/share/moveit_planners_stomp/cmake/ament_cmake_export_dependencies-extras.cmake
[0.241s] -- Up-to-date: /home/alexander/moveit2_ws/install/moveit_planners_stomp/share/moveit_planners_stomp/cmake/moveit_planners_stompConfig.cmake
[0.241s] -- Up-to-date: /home/alexander/moveit2_ws/install/moveit_planners_stomp/share/moveit_planners_stomp/cmake/moveit_planners_stompConfig-version.cmake
[0.241s] -- Up-to-date: /home/alexander/moveit2_ws/install/moveit_planners_stomp/share/moveit_planners_stomp/package.xml
[0.249s] Invoked command in '/home/alexander/moveit2_ws/build/moveit_planners_stomp' returned '0': AMENT_PREFIX_PATH=/home/alexander/moveit2_ws/install/moveit_core:/home/alexander/moveit2_ws/install/moveit_common:${AMENT_PREFIX_PATH} CMAKE_PREFIX_PATH=/home/alexander/moveit2_ws/install/moveit_core:/home/alexander/moveit2_ws/install/moveit_common:/opt/ros/humble LD_LIBRARY_PATH=/home/alexander/moveit2_ws/install/moveit_core/lib:${LD_LIBRARY_PATH} PATH=/home/alexander/moveit2_ws/install/moveit_core/bin:${PATH} /usr/bin/cmake --install /home/alexander/moveit2_ws/build/moveit_planners_stomp
