[0.016s] Invoking command in '/home/alexander/moveit2_ws/build/moveit_ros_robot_interaction': AMENT_PREFIX_PATH=/home/alexander/moveit2_ws/install/moveit_ros_planning:/home/alexander/moveit2_ws/install/moveit_ros_occupancy_map_monitor:/home/alexander/moveit2_ws/install/moveit_core:/home/alexander/moveit2_ws/install/moveit_common:${AMENT_PREFIX_PATH} CMAKE_PREFIX_PATH=/home/alexander/moveit2_ws/install/moveit_ros_planning:/home/alexander/moveit2_ws/install/moveit_ros_occupancy_map_monitor:/home/alexander/moveit2_ws/install/moveit_core:/home/alexander/moveit2_ws/install/moveit_common:/opt/ros/humble LD_LIBRARY_PATH=/home/alexander/moveit2_ws/install/moveit_ros_planning/lib:/home/alexander/moveit2_ws/install/moveit_ros_occupancy_map_monitor/lib:/home/alexander/moveit2_ws/install/moveit_core/lib:${LD_LIBRARY_PATH} PATH=/home/alexander/moveit2_ws/install/moveit_core/bin:${PATH} /usr/bin/cmake --build /home/alexander/moveit2_ws/build/moveit_ros_robot_interaction -- -j14 -l14
[0.059s] [ 15%] Built target gtest
[0.059s] [ 30%] Built target gtest_main
[0.068s] [ 84%] Built target moveit_robot_interaction
[0.091s] [100%] Built target locked_robot_state_test
[0.108s] Invoked command in '/home/alexander/moveit2_ws/build/moveit_ros_robot_interaction' returned '0': AMENT_PREFIX_PATH=/home/alexander/moveit2_ws/install/moveit_ros_planning:/home/alexander/moveit2_ws/install/moveit_ros_occupancy_map_monitor:/home/alexander/moveit2_ws/install/moveit_core:/home/alexander/moveit2_ws/install/moveit_common:${AMENT_PREFIX_PATH} CMAKE_PREFIX_PATH=/home/alexander/moveit2_ws/install/moveit_ros_planning:/home/alexander/moveit2_ws/install/moveit_ros_occupancy_map_monitor:/home/alexander/moveit2_ws/install/moveit_core:/home/alexander/moveit2_ws/install/moveit_common:/opt/ros/humble LD_LIBRARY_PATH=/home/alexander/moveit2_ws/install/moveit_ros_planning/lib:/home/alexander/moveit2_ws/install/moveit_ros_occupancy_map_monitor/lib:/home/alexander/moveit2_ws/install/moveit_core/lib:${LD_LIBRARY_PATH} PATH=/home/alexander/moveit2_ws/install/moveit_core/bin:${PATH} /usr/bin/cmake --build /home/alexander/moveit2_ws/build/moveit_ros_robot_interaction -- -j14 -l14
[0.148s] Invoking command in '/home/alexander/moveit2_ws/build/moveit_ros_robot_interaction': AMENT_PREFIX_PATH=/home/alexander/moveit2_ws/install/moveit_ros_planning:/home/alexander/moveit2_ws/install/moveit_ros_occupancy_map_monitor:/home/alexander/moveit2_ws/install/moveit_core:/home/alexander/moveit2_ws/install/moveit_common:${AMENT_PREFIX_PATH} CMAKE_PREFIX_PATH=/home/alexander/moveit2_ws/install/moveit_ros_planning:/home/alexander/moveit2_ws/install/moveit_ros_occupancy_map_monitor:/home/alexander/moveit2_ws/install/moveit_core:/home/alexander/moveit2_ws/install/moveit_common:/opt/ros/humble LD_LIBRARY_PATH=/home/alexander/moveit2_ws/install/moveit_ros_planning/lib:/home/alexander/moveit2_ws/install/moveit_ros_occupancy_map_monitor/lib:/home/alexander/moveit2_ws/install/moveit_core/lib:${LD_LIBRARY_PATH} PATH=/home/alexander/moveit2_ws/install/moveit_core/bin:${PATH} /usr/bin/cmake --install /home/alexander/moveit2_ws/build/moveit_ros_robot_interaction
[0.153s] -- Install configuration: "Release"
[0.154s] -- Up-to-date: /home/alexander/moveit2_ws/install/moveit_ros_robot_interaction/lib/libmoveit_robot_interaction.so.2.9.0
[0.154s] -- Up-to-date: /home/alexander/moveit2_ws/install/moveit_ros_robot_interaction/lib/libmoveit_robot_interaction.so
[0.154s] -- Up-to-date: /home/alexander/moveit2_ws/install/moveit_ros_robot_interaction/include/moveit_ros_robot_interaction
[0.154s] -- Up-to-date: /home/alexander/moveit2_ws/install/moveit_ros_robot_interaction/include/moveit_ros_robot_interaction/moveit
[0.154s] -- Up-to-date: /home/alexander/moveit2_ws/install/moveit_ros_robot_interaction/include/moveit_ros_robot_interaction/moveit/robot_interaction
[0.154s] -- Up-to-date: /home/alexander/moveit2_ws/install/moveit_ros_robot_interaction/include/moveit_ros_robot_interaction/moveit/robot_interaction/interaction_handler.h
[0.154s] -- Up-to-date: /home/alexander/moveit2_ws/install/moveit_ros_robot_interaction/include/moveit_ros_robot_interaction/moveit/robot_interaction/kinematic_options_map.h
[0.154s] -- Up-to-date: /home/alexander/moveit2_ws/install/moveit_ros_robot_interaction/include/moveit_ros_robot_interaction/moveit/robot_interaction/locked_robot_state.h
[0.154s] -- Up-to-date: /home/alexander/moveit2_ws/install/moveit_ros_robot_interaction/include/moveit_ros_robot_interaction/moveit/robot_interaction/robot_interaction.h
[0.154s] -- Up-to-date: /home/alexander/moveit2_ws/install/moveit_ros_robot_interaction/include/moveit_ros_robot_interaction/moveit/robot_interaction/interactive_marker_helpers.h
[0.155s] -- Up-to-date: /home/alexander/moveit2_ws/install/moveit_ros_robot_interaction/include/moveit_ros_robot_interaction/moveit/robot_interaction/interaction.h
[0.155s] -- Up-to-date: /home/alexander/moveit2_ws/install/moveit_ros_robot_interaction/include/moveit_ros_robot_interaction/moveit/robot_interaction/kinematic_options.h
[0.155s] -- Up-to-date: /home/alexander/moveit2_ws/install/moveit_ros_robot_interaction/include/moveit_ros_robot_interaction/moveit_robot_interaction_export.h
[0.155s] -- Up-to-date: /home/alexander/moveit2_ws/install/moveit_ros_robot_interaction/share/moveit_ros_robot_interaction/resources
[0.155s] -- Up-to-date: /home/alexander/moveit2_ws/install/moveit_ros_robot_interaction/share/moveit_ros_robot_interaction/resources/access-denied.dae
[0.155s] -- Up-to-date: /home/alexander/moveit2_ws/install/moveit_ros_robot_interaction/share/moveit_ros_robot_interaction/resources/access-denied.stl
[0.155s] -- Up-to-date: /home/alexander/moveit2_ws/install/moveit_ros_robot_interaction/share/moveit_ros_robot_interaction/environment/library_path.sh
[0.155s] -- Up-to-date: /home/alexander/moveit2_ws/install/moveit_ros_robot_interaction/share/moveit_ros_robot_interaction/environment/library_path.dsv
[0.155s] -- Up-to-date: /home/alexander/moveit2_ws/install/moveit_ros_robot_interaction/share/ament_index/resource_index/package_run_dependencies/moveit_ros_robot_interaction
[0.155s] -- Up-to-date: /home/alexander/moveit2_ws/install/moveit_ros_robot_interaction/share/ament_index/resource_index/parent_prefix_path/moveit_ros_robot_interaction
[0.155s] -- Up-to-date: /home/alexander/moveit2_ws/install/moveit_ros_robot_interaction/share/moveit_ros_robot_interaction/environment/ament_prefix_path.sh
[0.155s] -- Up-to-date: /home/alexander/moveit2_ws/install/moveit_ros_robot_interaction/share/moveit_ros_robot_interaction/environment/ament_prefix_path.dsv
[0.155s] -- Up-to-date: /home/alexander/moveit2_ws/install/moveit_ros_robot_interaction/share/moveit_ros_robot_interaction/environment/path.sh
[0.155s] -- Up-to-date: /home/alexander/moveit2_ws/install/moveit_ros_robot_interaction/share/moveit_ros_robot_interaction/environment/path.dsv
[0.155s] -- Up-to-date: /home/alexander/moveit2_ws/install/moveit_ros_robot_interaction/share/moveit_ros_robot_interaction/local_setup.bash
[0.155s] -- Up-to-date: /home/alexander/moveit2_ws/install/moveit_ros_robot_interaction/share/moveit_ros_robot_interaction/local_setup.sh
[0.156s] -- Up-to-date: /home/alexander/moveit2_ws/install/moveit_ros_robot_interaction/share/moveit_ros_robot_interaction/local_setup.zsh
[0.156s] -- Up-to-date: /home/alexander/moveit2_ws/install/moveit_ros_robot_interaction/share/moveit_ros_robot_interaction/local_setup.dsv
[0.156s] -- Installing: /home/alexander/moveit2_ws/install/moveit_ros_robot_interaction/share/moveit_ros_robot_interaction/package.dsv
[0.156s] -- Up-to-date: /home/alexander/moveit2_ws/install/moveit_ros_robot_interaction/share/ament_index/resource_index/packages/moveit_ros_robot_interaction
[0.156s] -- Up-to-date: /home/alexander/moveit2_ws/install/moveit_ros_robot_interaction/share/moveit_ros_robot_interaction/cmake/moveit_ros_robot_interactionTargetsExport.cmake
[0.156s] -- Up-to-date: /home/alexander/moveit2_ws/install/moveit_ros_robot_interaction/share/moveit_ros_robot_interaction/cmake/moveit_ros_robot_interactionTargetsExport-release.cmake
[0.156s] -- Up-to-date: /home/alexander/moveit2_ws/install/moveit_ros_robot_interaction/share/moveit_ros_robot_interaction/cmake/ament_cmake_export_targets-extras.cmake
[0.156s] -- Up-to-date: /home/alexander/moveit2_ws/install/moveit_ros_robot_interaction/share/moveit_ros_robot_interaction/cmake/ament_cmake_export_dependencies-extras.cmake
[0.156s] -- Up-to-date: /home/alexander/moveit2_ws/install/moveit_ros_robot_interaction/share/moveit_ros_robot_interaction/cmake/moveit_ros_robot_interactionConfig.cmake
[0.156s] -- Up-to-date: /home/alexander/moveit2_ws/install/moveit_ros_robot_interaction/share/moveit_ros_robot_interaction/cmake/moveit_ros_robot_interactionConfig-version.cmake
[0.156s] -- Up-to-date: /home/alexander/moveit2_ws/install/moveit_ros_robot_interaction/share/moveit_ros_robot_interaction/package.xml
[0.157s] Invoked command in '/home/alexander/moveit2_ws/build/moveit_ros_robot_interaction' returned '0': AMENT_PREFIX_PATH=/home/alexander/moveit2_ws/install/moveit_ros_planning:/home/alexander/moveit2_ws/install/moveit_ros_occupancy_map_monitor:/home/alexander/moveit2_ws/install/moveit_core:/home/alexander/moveit2_ws/install/moveit_common:${AMENT_PREFIX_PATH} CMAKE_PREFIX_PATH=/home/alexander/moveit2_ws/install/moveit_ros_planning:/home/alexander/moveit2_ws/install/moveit_ros_occupancy_map_monitor:/home/alexander/moveit2_ws/install/moveit_core:/home/alexander/moveit2_ws/install/moveit_common:/opt/ros/humble LD_LIBRARY_PATH=/home/alexander/moveit2_ws/install/moveit_ros_planning/lib:/home/alexander/moveit2_ws/install/moveit_ros_occupancy_map_monitor/lib:/home/alexander/moveit2_ws/install/moveit_core/lib:${LD_LIBRARY_PATH} PATH=/home/alexander/moveit2_ws/install/moveit_core/bin:${PATH} /usr/bin/cmake --install /home/alexander/moveit2_ws/build/moveit_ros_robot_interaction
