[0.041s] Invoking command in '/home/alexander/moveit2_ws/build/moveit_servo': AMENT_PREFIX_PATH=/home/alexander/moveit2_ws/install/moveit_ros_planning_interface:/home/alexander/moveit2_ws/install/moveit_ros_move_group:/home/alexander/moveit2_ws/install/moveit_ros_warehouse:/home/alexander/moveit2_ws/install/moveit_kinematics:/home/alexander/moveit2_ws/install/moveit_ros_planning:/home/alexander/moveit2_ws/install/moveit_ros_occupancy_map_monitor:/home/alexander/moveit2_ws/install/moveit_core:/home/alexander/moveit2_ws/install/moveit_configs_utils:/home/alexander/moveit2_ws/install/moveit_common:${AMENT_PREFIX_PATH} CMAKE_PREFIX_PATH=/home/alexander/moveit2_ws/install/moveit_ros_planning_interface:/home/alexander/moveit2_ws/install/moveit_ros_move_group:/home/alexander/moveit2_ws/install/moveit_ros_warehouse:/home/alexander/moveit2_ws/install/moveit_kinematics:/home/alexander/moveit2_ws/install/moveit_ros_planning:/home/alexander/moveit2_ws/install/moveit_ros_occupancy_map_monitor:/home/alexander/moveit2_ws/install/moveit_core:/home/alexander/moveit2_ws/install/moveit_common:/opt/ros/humble LD_LIBRARY_PATH=/home/alexander/moveit2_ws/install/moveit_ros_planning_interface/lib:/home/alexander/moveit2_ws/install/moveit_ros_move_group/lib:/home/alexander/moveit2_ws/install/moveit_ros_warehouse/lib:/home/alexander/moveit2_ws/install/moveit_kinematics/lib:/home/alexander/moveit2_ws/install/moveit_ros_planning/lib:/home/alexander/moveit2_ws/install/moveit_ros_occupancy_map_monitor/lib:/home/alexander/moveit2_ws/install/moveit_core/lib:${LD_LIBRARY_PATH} PATH=/home/alexander/moveit2_ws/install/moveit_core/bin:${PATH} PYTHONPATH=/home/alexander/moveit2_ws/install/moveit_configs_utils/lib/python3.10/site-packages:${PYTHONPATH} /usr/bin/cmake --build /home/alexander/moveit2_ws/build/moveit_servo -- -j14 -l14
[0.183s] [35m[1mConsolidate compiler generated dependencies of target gtest_main[0m
[0.190s] [35m[1mConsolidate compiler generated dependencies of target gtest[0m
[0.190s] [35m[1mConsolidate compiler generated dependencies of target servo_keyboard_input[0m
[0.210s] [35m[1mConsolidate compiler generated dependencies of target servo_node[0m
[0.233s] [  3%] Built target moveit_servo_lib_parameters
[0.254s] [ 10%] Built target gtest
[0.254s] [ 17%] Built target gtest_main
[0.267s] [ 25%] Built target servo_keyboard_input
[0.268s] [ 32%] Built target servo_node
[0.313s] [35m[1mConsolidate compiler generated dependencies of target moveit_servo_ros_integration_test[0m
[0.334s] [35m[1mConsolidate compiler generated dependencies of target moveit_servo_lib_cpp[0m
[0.363s] [ 39%] Built target moveit_servo_ros_integration_test
[0.436s] [ 57%] Built target moveit_servo_lib_cpp
[0.508s] [35m[1mConsolidate compiler generated dependencies of target demo_pose[0m
[0.519s] [35m[1mConsolidate compiler generated dependencies of target demo_joint_jog[0m
[0.519s] [35m[1mConsolidate compiler generated dependencies of target moveit_servo_cpp_integration_test[0m
[0.527s] [35m[1mConsolidate compiler generated dependencies of target moveit_servo_lib_ros[0m
[0.527s] [35m[1mConsolidate compiler generated dependencies of target demo_twist[0m
[0.530s] [35m[1mConsolidate compiler generated dependencies of target moveit_servo_utils_test[0m
[0.603s] [ 64%] Built target demo_joint_jog
[0.603s] [ 71%] Built target demo_pose
[0.603s] [ 78%] Built target moveit_servo_lib_ros
[0.609s] [ 85%] Built target moveit_servo_cpp_integration_test
[0.615s] [ 92%] Built target demo_twist
[0.615s] [100%] Built target moveit_servo_utils_test
[0.642s] Invoked command in '/home/alexander/moveit2_ws/build/moveit_servo' returned '0': AMENT_PREFIX_PATH=/home/alexander/moveit2_ws/install/moveit_ros_planning_interface:/home/alexander/moveit2_ws/install/moveit_ros_move_group:/home/alexander/moveit2_ws/install/moveit_ros_warehouse:/home/alexander/moveit2_ws/install/moveit_kinematics:/home/alexander/moveit2_ws/install/moveit_ros_planning:/home/alexander/moveit2_ws/install/moveit_ros_occupancy_map_monitor:/home/alexander/moveit2_ws/install/moveit_core:/home/alexander/moveit2_ws/install/moveit_configs_utils:/home/alexander/moveit2_ws/install/moveit_common:${AMENT_PREFIX_PATH} CMAKE_PREFIX_PATH=/home/alexander/moveit2_ws/install/moveit_ros_planning_interface:/home/alexander/moveit2_ws/install/moveit_ros_move_group:/home/alexander/moveit2_ws/install/moveit_ros_warehouse:/home/alexander/moveit2_ws/install/moveit_kinematics:/home/alexander/moveit2_ws/install/moveit_ros_planning:/home/alexander/moveit2_ws/install/moveit_ros_occupancy_map_monitor:/home/alexander/moveit2_ws/install/moveit_core:/home/alexander/moveit2_ws/install/moveit_common:/opt/ros/humble LD_LIBRARY_PATH=/home/alexander/moveit2_ws/install/moveit_ros_planning_interface/lib:/home/alexander/moveit2_ws/install/moveit_ros_move_group/lib:/home/alexander/moveit2_ws/install/moveit_ros_warehouse/lib:/home/alexander/moveit2_ws/install/moveit_kinematics/lib:/home/alexander/moveit2_ws/install/moveit_ros_planning/lib:/home/alexander/moveit2_ws/install/moveit_ros_occupancy_map_monitor/lib:/home/alexander/moveit2_ws/install/moveit_core/lib:${LD_LIBRARY_PATH} PATH=/home/alexander/moveit2_ws/install/moveit_core/bin:${PATH} PYTHONPATH=/home/alexander/moveit2_ws/install/moveit_configs_utils/lib/python3.10/site-packages:${PYTHONPATH} /usr/bin/cmake --build /home/alexander/moveit2_ws/build/moveit_servo -- -j14 -l14
[0.804s] Invoking command in '/home/alexander/moveit2_ws/build/moveit_servo': AMENT_PREFIX_PATH=/home/alexander/moveit2_ws/install/moveit_ros_planning_interface:/home/alexander/moveit2_ws/install/moveit_ros_move_group:/home/alexander/moveit2_ws/install/moveit_ros_warehouse:/home/alexander/moveit2_ws/install/moveit_kinematics:/home/alexander/moveit2_ws/install/moveit_ros_planning:/home/alexander/moveit2_ws/install/moveit_ros_occupancy_map_monitor:/home/alexander/moveit2_ws/install/moveit_core:/home/alexander/moveit2_ws/install/moveit_configs_utils:/home/alexander/moveit2_ws/install/moveit_common:${AMENT_PREFIX_PATH} CMAKE_PREFIX_PATH=/home/alexander/moveit2_ws/install/moveit_ros_planning_interface:/home/alexander/moveit2_ws/install/moveit_ros_move_group:/home/alexander/moveit2_ws/install/moveit_ros_warehouse:/home/alexander/moveit2_ws/install/moveit_kinematics:/home/alexander/moveit2_ws/install/moveit_ros_planning:/home/alexander/moveit2_ws/install/moveit_ros_occupancy_map_monitor:/home/alexander/moveit2_ws/install/moveit_core:/home/alexander/moveit2_ws/install/moveit_common:/opt/ros/humble LD_LIBRARY_PATH=/home/alexander/moveit2_ws/install/moveit_ros_planning_interface/lib:/home/alexander/moveit2_ws/install/moveit_ros_move_group/lib:/home/alexander/moveit2_ws/install/moveit_ros_warehouse/lib:/home/alexander/moveit2_ws/install/moveit_kinematics/lib:/home/alexander/moveit2_ws/install/moveit_ros_planning/lib:/home/alexander/moveit2_ws/install/moveit_ros_occupancy_map_monitor/lib:/home/alexander/moveit2_ws/install/moveit_core/lib:${LD_LIBRARY_PATH} PATH=/home/alexander/moveit2_ws/install/moveit_core/bin:${PATH} PYTHONPATH=/home/alexander/moveit2_ws/install/moveit_configs_utils/lib/python3.10/site-packages:${PYTHONPATH} /usr/bin/cmake --install /home/alexander/moveit2_ws/build/moveit_servo
[0.812s] -- Install configuration: "Release"
[0.821s] -- Up-to-date: /home/alexander/moveit2_ws/install/moveit_servo/include/moveit_servo_lib_parameters
[0.821s] -- Up-to-date: /home/alexander/moveit2_ws/install/moveit_servo/include/moveit_servo_lib_parameters/moveit_servo_lib_parameters.hpp
[0.823s] -- Up-to-date: /home/alexander/moveit2_ws/install/moveit_servo/lib/moveit_servo/servo_node
[0.861s] -- Up-to-date: /home/alexander/moveit2_ws/install/moveit_servo/lib/libmoveit_servo_lib_cpp.so.2.9.0
[0.861s] -- Up-to-date: /home/alexander/moveit2_ws/install/moveit_servo/lib/libmoveit_servo_lib_cpp.so
[0.861s] -- Up-to-date: /home/alexander/moveit2_ws/install/moveit_servo/lib/libmoveit_servo_lib_ros.so.2.9.0
[0.861s] -- Up-to-date: /home/alexander/moveit2_ws/install/moveit_servo/lib/libmoveit_servo_lib_ros.so
[0.887s] -- Up-to-date: /home/alexander/moveit2_ws/install/moveit_servo/lib/moveit_servo/demo_joint_jog
[0.894s] -- Up-to-date: /home/alexander/moveit2_ws/install/moveit_servo/lib/moveit_servo/demo_twist
[0.895s] -- Up-to-date: /home/alexander/moveit2_ws/install/moveit_servo/lib/moveit_servo/demo_pose
[0.905s] -- Up-to-date: /home/alexander/moveit2_ws/install/moveit_servo/lib/moveit_servo/servo_node
[0.913s] -- Up-to-date: /home/alexander/moveit2_ws/install/moveit_servo/lib/moveit_servo/servo_keyboard_input
[0.913s] -- Up-to-date: /home/alexander/moveit2_ws/install/moveit_servo/include/moveit_servo
[0.913s] -- Up-to-date: /home/alexander/moveit2_ws/install/moveit_servo/include/moveit_servo/moveit_servo
[0.913s] -- Up-to-date: /home/alexander/moveit2_ws/install/moveit_servo/include/moveit_servo/moveit_servo/utils
[0.913s] -- Up-to-date: /home/alexander/moveit2_ws/install/moveit_servo/include/moveit_servo/moveit_servo/utils/common.hpp
[0.913s] -- Up-to-date: /home/alexander/moveit2_ws/install/moveit_servo/include/moveit_servo/moveit_servo/utils/command.hpp
[0.914s] -- Up-to-date: /home/alexander/moveit2_ws/install/moveit_servo/include/moveit_servo/moveit_servo/utils/datatypes.hpp
[0.915s] -- Up-to-date: /home/alexander/moveit2_ws/install/moveit_servo/include/moveit_servo/moveit_servo/collision_monitor.hpp
[0.915s] -- Up-to-date: /home/alexander/moveit2_ws/install/moveit_servo/include/moveit_servo/moveit_servo/servo.hpp
[0.915s] -- Up-to-date: /home/alexander/moveit2_ws/install/moveit_servo/include/moveit_servo/moveit_servo/servo_node.hpp
[0.915s] -- Up-to-date: /home/alexander/moveit2_ws/install/moveit_servo/share/moveit_servo/launch
[0.915s] -- Up-to-date: /home/alexander/moveit2_ws/install/moveit_servo/share/moveit_servo/launch/demo_joint_jog.launch.py
[0.915s] -- Up-to-date: /home/alexander/moveit2_ws/install/moveit_servo/share/moveit_servo/launch/demo_pose.launch.py
[0.915s] -- Up-to-date: /home/alexander/moveit2_ws/install/moveit_servo/share/moveit_servo/launch/demo_twist.launch.py
[0.916s] -- Up-to-date: /home/alexander/moveit2_ws/install/moveit_servo/share/moveit_servo/launch/demo_ros_api.launch.py
[0.916s] -- Up-to-date: /home/alexander/moveit2_ws/install/moveit_servo/share/moveit_servo/config
[0.916s] -- Up-to-date: /home/alexander/moveit2_ws/install/moveit_servo/share/moveit_servo/config/servo_parameters.yaml
[0.916s] -- Up-to-date: /home/alexander/moveit2_ws/install/moveit_servo/share/moveit_servo/config/demo_rviz_config_ros.rviz
[0.916s] -- Up-to-date: /home/alexander/moveit2_ws/install/moveit_servo/share/moveit_servo/config/demo_rviz_config.rviz
[0.916s] -- Up-to-date: /home/alexander/moveit2_ws/install/moveit_servo/share/moveit_servo/config/test_config_panda.yaml
[0.916s] -- Up-to-date: /home/alexander/moveit2_ws/install/moveit_servo/share/moveit_servo/config/panda_simulated_config.yaml
[0.916s] -- Up-to-date: /home/alexander/moveit2_ws/install/moveit_servo/share/moveit_servo/environment/library_path.sh
[0.917s] -- Up-to-date: /home/alexander/moveit2_ws/install/moveit_servo/share/moveit_servo/environment/library_path.dsv
[0.917s] -- Up-to-date: /home/alexander/moveit2_ws/install/moveit_servo/share/ament_index/resource_index/package_run_dependencies/moveit_servo
[0.917s] -- Up-to-date: /home/alexander/moveit2_ws/install/moveit_servo/share/ament_index/resource_index/parent_prefix_path/moveit_servo
[0.917s] -- Up-to-date: /home/alexander/moveit2_ws/install/moveit_servo/share/moveit_servo/environment/ament_prefix_path.sh
[0.917s] -- Up-to-date: /home/alexander/moveit2_ws/install/moveit_servo/share/moveit_servo/environment/ament_prefix_path.dsv
[0.917s] -- Up-to-date: /home/alexander/moveit2_ws/install/moveit_servo/share/moveit_servo/environment/path.sh
[0.917s] -- Up-to-date: /home/alexander/moveit2_ws/install/moveit_servo/share/moveit_servo/environment/path.dsv
[0.917s] -- Up-to-date: /home/alexander/moveit2_ws/install/moveit_servo/share/moveit_servo/local_setup.bash
[0.917s] -- Up-to-date: /home/alexander/moveit2_ws/install/moveit_servo/share/moveit_servo/local_setup.sh
[0.918s] -- Up-to-date: /home/alexander/moveit2_ws/install/moveit_servo/share/moveit_servo/local_setup.zsh
[0.918s] -- Up-to-date: /home/alexander/moveit2_ws/install/moveit_servo/share/moveit_servo/local_setup.dsv
[0.918s] -- Installing: /home/alexander/moveit2_ws/install/moveit_servo/share/moveit_servo/package.dsv
[0.918s] -- Up-to-date: /home/alexander/moveit2_ws/install/moveit_servo/share/ament_index/resource_index/packages/moveit_servo
[0.918s] -- Up-to-date: /home/alexander/moveit2_ws/install/moveit_servo/share/ament_index/resource_index/rclcpp_components/moveit_servo
[0.919s] -- Up-to-date: /home/alexander/moveit2_ws/install/moveit_servo/share/moveit_servo/cmake/moveit_servoTargetsExport.cmake
[0.920s] -- Up-to-date: /home/alexander/moveit2_ws/install/moveit_servo/share/moveit_servo/cmake/moveit_servoTargetsExport-release.cmake
[0.920s] -- Up-to-date: /home/alexander/moveit2_ws/install/moveit_servo/share/moveit_servo/cmake/ament_cmake_export_targets-extras.cmake
[0.920s] -- Up-to-date: /home/alexander/moveit2_ws/install/moveit_servo/share/moveit_servo/cmake/ament_cmake_export_dependencies-extras.cmake
[0.920s] -- Up-to-date: /home/alexander/moveit2_ws/install/moveit_servo/share/moveit_servo/cmake/moveit_servoConfig.cmake
[0.920s] -- Up-to-date: /home/alexander/moveit2_ws/install/moveit_servo/share/moveit_servo/cmake/moveit_servoConfig-version.cmake
[0.920s] -- Up-to-date: /home/alexander/moveit2_ws/install/moveit_servo/share/moveit_servo/package.xml
[0.923s] Invoked command in '/home/alexander/moveit2_ws/build/moveit_servo' returned '0': AMENT_PREFIX_PATH=/home/alexander/moveit2_ws/install/moveit_ros_planning_interface:/home/alexander/moveit2_ws/install/moveit_ros_move_group:/home/alexander/moveit2_ws/install/moveit_ros_warehouse:/home/alexander/moveit2_ws/install/moveit_kinematics:/home/alexander/moveit2_ws/install/moveit_ros_planning:/home/alexander/moveit2_ws/install/moveit_ros_occupancy_map_monitor:/home/alexander/moveit2_ws/install/moveit_core:/home/alexander/moveit2_ws/install/moveit_configs_utils:/home/alexander/moveit2_ws/install/moveit_common:${AMENT_PREFIX_PATH} CMAKE_PREFIX_PATH=/home/alexander/moveit2_ws/install/moveit_ros_planning_interface:/home/alexander/moveit2_ws/install/moveit_ros_move_group:/home/alexander/moveit2_ws/install/moveit_ros_warehouse:/home/alexander/moveit2_ws/install/moveit_kinematics:/home/alexander/moveit2_ws/install/moveit_ros_planning:/home/alexander/moveit2_ws/install/moveit_ros_occupancy_map_monitor:/home/alexander/moveit2_ws/install/moveit_core:/home/alexander/moveit2_ws/install/moveit_common:/opt/ros/humble LD_LIBRARY_PATH=/home/alexander/moveit2_ws/install/moveit_ros_planning_interface/lib:/home/alexander/moveit2_ws/install/moveit_ros_move_group/lib:/home/alexander/moveit2_ws/install/moveit_ros_warehouse/lib:/home/alexander/moveit2_ws/install/moveit_kinematics/lib:/home/alexander/moveit2_ws/install/moveit_ros_planning/lib:/home/alexander/moveit2_ws/install/moveit_ros_occupancy_map_monitor/lib:/home/alexander/moveit2_ws/install/moveit_core/lib:${LD_LIBRARY_PATH} PATH=/home/alexander/moveit2_ws/install/moveit_core/bin:${PATH} PYTHONPATH=/home/alexander/moveit2_ws/install/moveit_configs_utils/lib/python3.10/site-packages:${PYTHONPATH} /usr/bin/cmake --install /home/alexander/moveit2_ws/build/moveit_servo
