[0.028s] Invoking command in '/home/alexander/moveit2_ws/build/moveit_ros_perception': CMAKE_PREFIX_PATH=/home/alexander/moveit2_ws/install/moveit_ros_planning:/home/alexander/moveit2_ws/install/moveit_ros_occupancy_map_monitor:/home/alexander/moveit2_ws/install/moveit_core:/home/alexander/moveit2_ws/install/moveit_common:/home/alexander/moveit2_ws/install/pilz_industrial_motion_planner_testutils:/home/alexander/moveit2_ws/install/panda_moveit_config:/home/alexander/moveit2_ws/install/moveit_runtime:/home/alexander/moveit2_ws/install/moveit:/home/alexander/moveit2_ws/install/moveit_planners:/home/alexander/moveit2_ws/install/pilz_industrial_motion_planner:/home/alexander/moveit2_ws/install/moveit_ros_control_interface:/home/alexander/moveit2_ws/install/moveit_plugins:/home/alexander/moveit2_ws/install/moveit_simple_controller_manager:/home/alexander/moveit2_ws/install/moveit_setup_assistant:/home/alexander/moveit2_ws/install/moveit_setup_srdf_plugins:/home/alexander/moveit2_ws/install/moveit_setup_core_plugins:/home/alexander/moveit2_ws/install/moveit_setup_controllers:/home/alexander/moveit2_ws/install/moveit_setup_app_plugins:/home/alexander/moveit2_ws/install/moveit_setup_framework:/home/alexander/moveit2_ws/install/moveit_servo:/home/alexander/moveit2_ws/install/moveit_ros:/home/alexander/moveit2_ws/install/moveit_ros_visualization:/home/alexander/moveit2_ws/install/moveit_py:/home/alexander/moveit2_ws/install/moveit_hybrid_planning:/home/alexander/moveit2_ws/install/moveit_ros_planning_interface:/home/alexander/moveit2_ws/install/moveit_ros_benchmarks:/home/alexander/moveit2_ws/install/moveit_ros_warehouse:/home/alexander/moveit2_ws/install/moveit_ros_robot_interaction:/home/alexander/moveit2_ws/install/moveit_ros_perception:/home/alexander/moveit2_ws/install/moveit_resources_prbt_pg70_support:/home/alexander/moveit2_ws/install/moveit_resources_prbt_moveit_config:/home/alexander/moveit2_ws/install/moveit_ros_move_group:/home/alexander/moveit2_ws/install/moveit_planners_ompl:/home/alexander/moveit2_ws/install/moveit_kinematics:/home/alexander/moveit2_ws/install/moveit_resources_prbt_support:/home/alexander/moveit2_ws/install/moveit_resources_prbt_ikfast_manipulator_plugin:/home/alexander/moveit2_ws/install/moveit_planners_stomp:/home/alexander/moveit2_ws/install/moveit_planners_chomp:/home/alexander/moveit2_ws/install/chomp_motion_planner:/home/alexander/moveit2_ws/install/arduinobot_description:/home/alexander/moveit2_ws/install/moveit_configs_utils:/opt/ros/humble LD_LIBRARY_PATH=/home/alexander/moveit2_ws/install/moveit_ros_planning/lib:/home/alexander/moveit2_ws/install/moveit_ros_occupancy_map_monitor/lib:/home/alexander/moveit2_ws/install/moveit_core/lib:/home/alexander/moveit2_ws/install/pilz_industrial_motion_planner_testutils/lib:/home/alexander/moveit2_ws/install/pilz_industrial_motion_planner/lib:/home/alexander/moveit2_ws/install/moveit_ros_control_interface/lib:/home/alexander/moveit2_ws/install/moveit_simple_controller_manager/lib:/home/alexander/moveit2_ws/install/moveit_setup_assistant/lib:/home/alexander/moveit2_ws/install/moveit_setup_srdf_plugins/lib:/home/alexander/moveit2_ws/install/moveit_setup_core_plugins/lib:/home/alexander/moveit2_ws/install/moveit_setup_controllers/lib:/home/alexander/moveit2_ws/install/moveit_setup_app_plugins/lib:/home/alexander/moveit2_ws/install/moveit_setup_framework/lib:/home/alexander/moveit2_ws/install/moveit_servo/lib:/home/alexander/moveit2_ws/install/moveit_ros_visualization/lib:/home/alexander/moveit2_ws/install/moveit_py/lib:/home/alexander/moveit2_ws/install/moveit_hybrid_planning/lib:/home/alexander/moveit2_ws/install/moveit_ros_planning_interface/lib:/home/alexander/moveit2_ws/install/moveit_ros_benchmarks/lib:/home/alexander/moveit2_ws/install/moveit_ros_warehouse/lib:/home/alexander/moveit2_ws/install/moveit_ros_robot_interaction/lib:/home/alexander/moveit2_ws/install/moveit_ros_perception/lib:/home/alexander/moveit2_ws/install/moveit_ros_move_group/lib:/home/alexander/moveit2_ws/install/moveit_planners_ompl/lib:/home/alexander/moveit2_ws/install/moveit_kinematics/lib:/home/alexander/moveit2_ws/install/moveit_resources_prbt_ikfast_manipulator_plugin/lib:/home/alexander/moveit2_ws/install/moveit_planners_stomp/lib:/home/alexander/moveit2_ws/install/moveit_planners_chomp/lib:/home/alexander/moveit2_ws/install/chomp_motion_planner/lib:/opt/ros/humble/opt/rviz_ogre_vendor/lib:/opt/ros/humble/lib/x86_64-linux-gnu:/opt/ros/humble/lib /usr/bin/cmake /home/alexander/moveit2_ws/src/moveit2-main/moveit_ros/perception -DCMAKE_INSTALL_PREFIX=/home/alexander/moveit2_ws/install/moveit_ros_perception
[0.043s] -- Found moveit_common: 2.9.0 (/home/alexander/moveit2_ws/install/moveit_common/share/moveit_common/cmake)
[0.045s] -- Found ament_cmake: 1.3.8 (/opt/ros/humble/share/ament_cmake/cmake)
[0.272s] -- Could NOT find libbfd (missing: LIBBFD_LIBRARY LIBBFD_INCLUDE_DIR) 
[0.272s] -- BACKWARD_HAS_UNWIND=1
[0.273s] -- BACKWARD_HAS_BACKTRACE=0
[0.273s] -- BACKWARD_HAS_BACKTRACE_SYMBOL=0
[0.273s] -- BACKWARD_HAS_DW=1
[0.273s] -- BACKWARD_HAS_BFD=0
[0.273s] -- Found Backward: /opt/ros/humble/share/backward_ros/cmake  
[0.328s] -- Checking for module 'glut'
[0.330s] --   No package 'glut' found
[0.332s] -- Found cv_bridge: 3.2.1 (/opt/ros/humble/share/cv_bridge/cmake)
[0.366s] -- Found rosidl_generator_c: 3.1.5 (/opt/ros/humble/share/rosidl_generator_c/cmake)
[0.368s] -- Found rosidl_adapter: 3.1.5 (/opt/ros/humble/share/rosidl_adapter/cmake)
[0.372s] -- Found rosidl_generator_cpp: 3.1.5 (/opt/ros/humble/share/rosidl_generator_cpp/cmake)
[0.381s] -- Using all available rosidl_typesupport_c: rosidl_typesupport_fastrtps_c;rosidl_typesupport_introspection_c
[0.395s] -- Using all available rosidl_typesupport_cpp: rosidl_typesupport_fastrtps_cpp;rosidl_typesupport_introspection_cpp
[0.564s] -- Found moveit_core: 2.9.0 (/home/alexander/moveit2_ws/install/moveit_core/share/moveit_core/cmake)
[0.576s] -- Found Boost: /usr/lib/x86_64-linux-gnu/cmake/Boost-1.74.0/BoostConfig.cmake (found version "1.74.0") found components: chrono date_time filesystem iostreams program_options regex serialization system thread 
[0.598s] -- Found parameter_traits: 0.3.8 (/opt/ros/humble/share/parameter_traits/cmake)
[0.637s] -- Found rmw_implementation_cmake: 6.1.1 (/opt/ros/humble/share/rmw_implementation_cmake/cmake)
[0.639s] -- Found rmw_fastrtps_cpp: 6.2.6 (/opt/ros/humble/share/rmw_fastrtps_cpp/cmake)
[0.739s] -- Using RMW implementation 'rmw_fastrtps_cpp' as default
[0.835s] -- Found rclcpp_lifecycle: 16.0.8 (/opt/ros/humble/share/rclcpp_lifecycle/cmake)
[0.862s] -- Found Boost: /usr/lib/x86_64-linux-gnu/cmake/Boost-1.74.0/BoostConfig.cmake (found version "1.74.0") found components: filesystem 
[0.896s] -- library: /usr/lib/x86_64-linux-gnu/libcurl.so
[1.033s] -- Ensuring Eigen3 include directory is part of orocos-kdl CMake target
[1.805s] -- Found image_transport: 3.1.9 (/opt/ros/humble/share/image_transport/cmake)
[1.815s] -- Found moveit_ros_occupancy_map_monitor: 2.9.0 (/home/alexander/moveit2_ws/install/moveit_ros_occupancy_map_monitor/share/moveit_ros_occupancy_map_monitor/cmake)
[1.964s] -- Found Boost: /usr/lib/x86_64-linux-gnu/cmake/Boost-1.74.0/BoostConfig.cmake (found version "1.74.0") found components: thread 
[2.066s] -- Configuring done
[2.170s] -- Generating done
[2.172s] -- Build files have been written to: /home/alexander/moveit2_ws/build/moveit_ros_perception
[2.190s] Invoked command in '/home/alexander/moveit2_ws/build/moveit_ros_perception' returned '0': CMAKE_PREFIX_PATH=/home/alexander/moveit2_ws/install/moveit_ros_planning:/home/alexander/moveit2_ws/install/moveit_ros_occupancy_map_monitor:/home/alexander/moveit2_ws/install/moveit_core:/home/alexander/moveit2_ws/install/moveit_common:/home/alexander/moveit2_ws/install/pilz_industrial_motion_planner_testutils:/home/alexander/moveit2_ws/install/panda_moveit_config:/home/alexander/moveit2_ws/install/moveit_runtime:/home/alexander/moveit2_ws/install/moveit:/home/alexander/moveit2_ws/install/moveit_planners:/home/alexander/moveit2_ws/install/pilz_industrial_motion_planner:/home/alexander/moveit2_ws/install/moveit_ros_control_interface:/home/alexander/moveit2_ws/install/moveit_plugins:/home/alexander/moveit2_ws/install/moveit_simple_controller_manager:/home/alexander/moveit2_ws/install/moveit_setup_assistant:/home/alexander/moveit2_ws/install/moveit_setup_srdf_plugins:/home/alexander/moveit2_ws/install/moveit_setup_core_plugins:/home/alexander/moveit2_ws/install/moveit_setup_controllers:/home/alexander/moveit2_ws/install/moveit_setup_app_plugins:/home/alexander/moveit2_ws/install/moveit_setup_framework:/home/alexander/moveit2_ws/install/moveit_servo:/home/alexander/moveit2_ws/install/moveit_ros:/home/alexander/moveit2_ws/install/moveit_ros_visualization:/home/alexander/moveit2_ws/install/moveit_py:/home/alexander/moveit2_ws/install/moveit_hybrid_planning:/home/alexander/moveit2_ws/install/moveit_ros_planning_interface:/home/alexander/moveit2_ws/install/moveit_ros_benchmarks:/home/alexander/moveit2_ws/install/moveit_ros_warehouse:/home/alexander/moveit2_ws/install/moveit_ros_robot_interaction:/home/alexander/moveit2_ws/install/moveit_ros_perception:/home/alexander/moveit2_ws/install/moveit_resources_prbt_pg70_support:/home/alexander/moveit2_ws/install/moveit_resources_prbt_moveit_config:/home/alexander/moveit2_ws/install/moveit_ros_move_group:/home/alexander/moveit2_ws/install/moveit_planners_ompl:/home/alexander/moveit2_ws/install/moveit_kinematics:/home/alexander/moveit2_ws/install/moveit_resources_prbt_support:/home/alexander/moveit2_ws/install/moveit_resources_prbt_ikfast_manipulator_plugin:/home/alexander/moveit2_ws/install/moveit_planners_stomp:/home/alexander/moveit2_ws/install/moveit_planners_chomp:/home/alexander/moveit2_ws/install/chomp_motion_planner:/home/alexander/moveit2_ws/install/arduinobot_description:/home/alexander/moveit2_ws/install/moveit_configs_utils:/opt/ros/humble LD_LIBRARY_PATH=/home/alexander/moveit2_ws/install/moveit_ros_planning/lib:/home/alexander/moveit2_ws/install/moveit_ros_occupancy_map_monitor/lib:/home/alexander/moveit2_ws/install/moveit_core/lib:/home/alexander/moveit2_ws/install/pilz_industrial_motion_planner_testutils/lib:/home/alexander/moveit2_ws/install/pilz_industrial_motion_planner/lib:/home/alexander/moveit2_ws/install/moveit_ros_control_interface/lib:/home/alexander/moveit2_ws/install/moveit_simple_controller_manager/lib:/home/alexander/moveit2_ws/install/moveit_setup_assistant/lib:/home/alexander/moveit2_ws/install/moveit_setup_srdf_plugins/lib:/home/alexander/moveit2_ws/install/moveit_setup_core_plugins/lib:/home/alexander/moveit2_ws/install/moveit_setup_controllers/lib:/home/alexander/moveit2_ws/install/moveit_setup_app_plugins/lib:/home/alexander/moveit2_ws/install/moveit_setup_framework/lib:/home/alexander/moveit2_ws/install/moveit_servo/lib:/home/alexander/moveit2_ws/install/moveit_ros_visualization/lib:/home/alexander/moveit2_ws/install/moveit_py/lib:/home/alexander/moveit2_ws/install/moveit_hybrid_planning/lib:/home/alexander/moveit2_ws/install/moveit_ros_planning_interface/lib:/home/alexander/moveit2_ws/install/moveit_ros_benchmarks/lib:/home/alexander/moveit2_ws/install/moveit_ros_warehouse/lib:/home/alexander/moveit2_ws/install/moveit_ros_robot_interaction/lib:/home/alexander/moveit2_ws/install/moveit_ros_perception/lib:/home/alexander/moveit2_ws/install/moveit_ros_move_group/lib:/home/alexander/moveit2_ws/install/moveit_planners_ompl/lib:/home/alexander/moveit2_ws/install/moveit_kinematics/lib:/home/alexander/moveit2_ws/install/moveit_resources_prbt_ikfast_manipulator_plugin/lib:/home/alexander/moveit2_ws/install/moveit_planners_stomp/lib:/home/alexander/moveit2_ws/install/moveit_planners_chomp/lib:/home/alexander/moveit2_ws/install/chomp_motion_planner/lib:/opt/ros/humble/opt/rviz_ogre_vendor/lib:/opt/ros/humble/lib/x86_64-linux-gnu:/opt/ros/humble/lib /usr/bin/cmake /home/alexander/moveit2_ws/src/moveit2-main/moveit_ros/perception -DCMAKE_INSTALL_PREFIX=/home/alexander/moveit2_ws/install/moveit_ros_perception
[2.191s] Invoking command in '/home/alexander/moveit2_ws/build/moveit_ros_perception': CMAKE_PREFIX_PATH=/home/alexander/moveit2_ws/install/moveit_ros_planning:/home/alexander/moveit2_ws/install/moveit_ros_occupancy_map_monitor:/home/alexander/moveit2_ws/install/moveit_core:/home/alexander/moveit2_ws/install/moveit_common:/home/alexander/moveit2_ws/install/pilz_industrial_motion_planner_testutils:/home/alexander/moveit2_ws/install/panda_moveit_config:/home/alexander/moveit2_ws/install/moveit_runtime:/home/alexander/moveit2_ws/install/moveit:/home/alexander/moveit2_ws/install/moveit_planners:/home/alexander/moveit2_ws/install/pilz_industrial_motion_planner:/home/alexander/moveit2_ws/install/moveit_ros_control_interface:/home/alexander/moveit2_ws/install/moveit_plugins:/home/alexander/moveit2_ws/install/moveit_simple_controller_manager:/home/alexander/moveit2_ws/install/moveit_setup_assistant:/home/alexander/moveit2_ws/install/moveit_setup_srdf_plugins:/home/alexander/moveit2_ws/install/moveit_setup_core_plugins:/home/alexander/moveit2_ws/install/moveit_setup_controllers:/home/alexander/moveit2_ws/install/moveit_setup_app_plugins:/home/alexander/moveit2_ws/install/moveit_setup_framework:/home/alexander/moveit2_ws/install/moveit_servo:/home/alexander/moveit2_ws/install/moveit_ros:/home/alexander/moveit2_ws/install/moveit_ros_visualization:/home/alexander/moveit2_ws/install/moveit_py:/home/alexander/moveit2_ws/install/moveit_hybrid_planning:/home/alexander/moveit2_ws/install/moveit_ros_planning_interface:/home/alexander/moveit2_ws/install/moveit_ros_benchmarks:/home/alexander/moveit2_ws/install/moveit_ros_warehouse:/home/alexander/moveit2_ws/install/moveit_ros_robot_interaction:/home/alexander/moveit2_ws/install/moveit_ros_perception:/home/alexander/moveit2_ws/install/moveit_resources_prbt_pg70_support:/home/alexander/moveit2_ws/install/moveit_resources_prbt_moveit_config:/home/alexander/moveit2_ws/install/moveit_ros_move_group:/home/alexander/moveit2_ws/install/moveit_planners_ompl:/home/alexander/moveit2_ws/install/moveit_kinematics:/home/alexander/moveit2_ws/install/moveit_resources_prbt_support:/home/alexander/moveit2_ws/install/moveit_resources_prbt_ikfast_manipulator_plugin:/home/alexander/moveit2_ws/install/moveit_planners_stomp:/home/alexander/moveit2_ws/install/moveit_planners_chomp:/home/alexander/moveit2_ws/install/chomp_motion_planner:/home/alexander/moveit2_ws/install/arduinobot_description:/home/alexander/moveit2_ws/install/moveit_configs_utils:/opt/ros/humble LD_LIBRARY_PATH=/home/alexander/moveit2_ws/install/moveit_ros_planning/lib:/home/alexander/moveit2_ws/install/moveit_ros_occupancy_map_monitor/lib:/home/alexander/moveit2_ws/install/moveit_core/lib:/home/alexander/moveit2_ws/install/pilz_industrial_motion_planner_testutils/lib:/home/alexander/moveit2_ws/install/pilz_industrial_motion_planner/lib:/home/alexander/moveit2_ws/install/moveit_ros_control_interface/lib:/home/alexander/moveit2_ws/install/moveit_simple_controller_manager/lib:/home/alexander/moveit2_ws/install/moveit_setup_assistant/lib:/home/alexander/moveit2_ws/install/moveit_setup_srdf_plugins/lib:/home/alexander/moveit2_ws/install/moveit_setup_core_plugins/lib:/home/alexander/moveit2_ws/install/moveit_setup_controllers/lib:/home/alexander/moveit2_ws/install/moveit_setup_app_plugins/lib:/home/alexander/moveit2_ws/install/moveit_setup_framework/lib:/home/alexander/moveit2_ws/install/moveit_servo/lib:/home/alexander/moveit2_ws/install/moveit_ros_visualization/lib:/home/alexander/moveit2_ws/install/moveit_py/lib:/home/alexander/moveit2_ws/install/moveit_hybrid_planning/lib:/home/alexander/moveit2_ws/install/moveit_ros_planning_interface/lib:/home/alexander/moveit2_ws/install/moveit_ros_benchmarks/lib:/home/alexander/moveit2_ws/install/moveit_ros_warehouse/lib:/home/alexander/moveit2_ws/install/moveit_ros_robot_interaction/lib:/home/alexander/moveit2_ws/install/moveit_ros_perception/lib:/home/alexander/moveit2_ws/install/moveit_ros_move_group/lib:/home/alexander/moveit2_ws/install/moveit_planners_ompl/lib:/home/alexander/moveit2_ws/install/moveit_kinematics/lib:/home/alexander/moveit2_ws/install/moveit_resources_prbt_ikfast_manipulator_plugin/lib:/home/alexander/moveit2_ws/install/moveit_planners_stomp/lib:/home/alexander/moveit2_ws/install/moveit_planners_chomp/lib:/home/alexander/moveit2_ws/install/chomp_motion_planner/lib:/opt/ros/humble/opt/rviz_ogre_vendor/lib:/opt/ros/humble/lib/x86_64-linux-gnu:/opt/ros/humble/lib /usr/bin/cmake --build /home/alexander/moveit2_ws/build/moveit_ros_perception -- -j14 -l14
[2.239s] [35m[1mConsolidate compiler generated dependencies of target moveit_lazy_free_space_updater[0m
[2.242s] [35m[1mConsolidate compiler generated dependencies of target moveit_semantic_world[0m
[2.242s] [35m[1mConsolidate compiler generated dependencies of target moveit_mesh_filter[0m
[2.242s] [35m[1mConsolidate compiler generated dependencies of target moveit_point_containment_filter[0m
[2.260s] [  5%] [32m[1mLinking CXX shared library libmoveit_lazy_free_space_updater.so[0m
[2.267s] [ 10%] [32m[1mLinking CXX shared library libmoveit_point_containment_filter.so[0m
[2.270s] [ 20%] [32mBuilding CXX object semantic_world/CMakeFiles/moveit_semantic_world.dir/src/semantic_world.cpp.o[0m
[2.270s] [ 20%] [32m[1mLinking CXX shared library libmoveit_mesh_filter.so[0m
[2.436s] [ 25%] Built target moveit_point_containment_filter
[2.455s] [35m[1mConsolidate compiler generated dependencies of target moveit_pointcloud_octomap_updater_core[0m
[2.467s] [ 30%] Built target moveit_lazy_free_space_updater
[2.481s] [ 35%] [32m[1mLinking CXX shared library libmoveit_pointcloud_octomap_updater_core.so[0m
[2.522s] [ 60%] Built target moveit_mesh_filter
[2.535s] [35m[1mConsolidate compiler generated dependencies of target moveit_depth_image_octomap_updater_core[0m
[2.560s] [ 65%] [32m[1mLinking CXX shared library libmoveit_depth_image_octomap_updater_core.so[0m
[2.746s] [ 70%] Built target moveit_pointcloud_octomap_updater_core
[2.748s] [ 75%] Built target moveit_depth_image_octomap_updater_core
[2.757s] [35m[1mConsolidate compiler generated dependencies of target moveit_pointcloud_octomap_updater[0m
[2.758s] [35m[1mConsolidate compiler generated dependencies of target moveit_depth_image_octomap_updater[0m
[2.777s] [ 80%] [32m[1mLinking CXX shared library libmoveit_pointcloud_octomap_updater.so[0m
[2.777s] [ 85%] [32m[1mLinking CXX shared library libmoveit_depth_image_octomap_updater.so[0m
[2.924s] [ 90%] Built target moveit_depth_image_octomap_updater
[2.943s] [ 95%] Built target moveit_pointcloud_octomap_updater
[18.987s] [100%] [32m[1mLinking CXX shared library libmoveit_semantic_world.so[0m
[19.192s] [100%] Built target moveit_semantic_world
[19.203s] Invoked command in '/home/alexander/moveit2_ws/build/moveit_ros_perception' returned '0': CMAKE_PREFIX_PATH=/home/alexander/moveit2_ws/install/moveit_ros_planning:/home/alexander/moveit2_ws/install/moveit_ros_occupancy_map_monitor:/home/alexander/moveit2_ws/install/moveit_core:/home/alexander/moveit2_ws/install/moveit_common:/home/alexander/moveit2_ws/install/pilz_industrial_motion_planner_testutils:/home/alexander/moveit2_ws/install/panda_moveit_config:/home/alexander/moveit2_ws/install/moveit_runtime:/home/alexander/moveit2_ws/install/moveit:/home/alexander/moveit2_ws/install/moveit_planners:/home/alexander/moveit2_ws/install/pilz_industrial_motion_planner:/home/alexander/moveit2_ws/install/moveit_ros_control_interface:/home/alexander/moveit2_ws/install/moveit_plugins:/home/alexander/moveit2_ws/install/moveit_simple_controller_manager:/home/alexander/moveit2_ws/install/moveit_setup_assistant:/home/alexander/moveit2_ws/install/moveit_setup_srdf_plugins:/home/alexander/moveit2_ws/install/moveit_setup_core_plugins:/home/alexander/moveit2_ws/install/moveit_setup_controllers:/home/alexander/moveit2_ws/install/moveit_setup_app_plugins:/home/alexander/moveit2_ws/install/moveit_setup_framework:/home/alexander/moveit2_ws/install/moveit_servo:/home/alexander/moveit2_ws/install/moveit_ros:/home/alexander/moveit2_ws/install/moveit_ros_visualization:/home/alexander/moveit2_ws/install/moveit_py:/home/alexander/moveit2_ws/install/moveit_hybrid_planning:/home/alexander/moveit2_ws/install/moveit_ros_planning_interface:/home/alexander/moveit2_ws/install/moveit_ros_benchmarks:/home/alexander/moveit2_ws/install/moveit_ros_warehouse:/home/alexander/moveit2_ws/install/moveit_ros_robot_interaction:/home/alexander/moveit2_ws/install/moveit_ros_perception:/home/alexander/moveit2_ws/install/moveit_resources_prbt_pg70_support:/home/alexander/moveit2_ws/install/moveit_resources_prbt_moveit_config:/home/alexander/moveit2_ws/install/moveit_ros_move_group:/home/alexander/moveit2_ws/install/moveit_planners_ompl:/home/alexander/moveit2_ws/install/moveit_kinematics:/home/alexander/moveit2_ws/install/moveit_resources_prbt_support:/home/alexander/moveit2_ws/install/moveit_resources_prbt_ikfast_manipulator_plugin:/home/alexander/moveit2_ws/install/moveit_planners_stomp:/home/alexander/moveit2_ws/install/moveit_planners_chomp:/home/alexander/moveit2_ws/install/chomp_motion_planner:/home/alexander/moveit2_ws/install/arduinobot_description:/home/alexander/moveit2_ws/install/moveit_configs_utils:/opt/ros/humble LD_LIBRARY_PATH=/home/alexander/moveit2_ws/install/moveit_ros_planning/lib:/home/alexander/moveit2_ws/install/moveit_ros_occupancy_map_monitor/lib:/home/alexander/moveit2_ws/install/moveit_core/lib:/home/alexander/moveit2_ws/install/pilz_industrial_motion_planner_testutils/lib:/home/alexander/moveit2_ws/install/pilz_industrial_motion_planner/lib:/home/alexander/moveit2_ws/install/moveit_ros_control_interface/lib:/home/alexander/moveit2_ws/install/moveit_simple_controller_manager/lib:/home/alexander/moveit2_ws/install/moveit_setup_assistant/lib:/home/alexander/moveit2_ws/install/moveit_setup_srdf_plugins/lib:/home/alexander/moveit2_ws/install/moveit_setup_core_plugins/lib:/home/alexander/moveit2_ws/install/moveit_setup_controllers/lib:/home/alexander/moveit2_ws/install/moveit_setup_app_plugins/lib:/home/alexander/moveit2_ws/install/moveit_setup_framework/lib:/home/alexander/moveit2_ws/install/moveit_servo/lib:/home/alexander/moveit2_ws/install/moveit_ros_visualization/lib:/home/alexander/moveit2_ws/install/moveit_py/lib:/home/alexander/moveit2_ws/install/moveit_hybrid_planning/lib:/home/alexander/moveit2_ws/install/moveit_ros_planning_interface/lib:/home/alexander/moveit2_ws/install/moveit_ros_benchmarks/lib:/home/alexander/moveit2_ws/install/moveit_ros_warehouse/lib:/home/alexander/moveit2_ws/install/moveit_ros_robot_interaction/lib:/home/alexander/moveit2_ws/install/moveit_ros_perception/lib:/home/alexander/moveit2_ws/install/moveit_ros_move_group/lib:/home/alexander/moveit2_ws/install/moveit_planners_ompl/lib:/home/alexander/moveit2_ws/install/moveit_kinematics/lib:/home/alexander/moveit2_ws/install/moveit_resources_prbt_ikfast_manipulator_plugin/lib:/home/alexander/moveit2_ws/install/moveit_planners_stomp/lib:/home/alexander/moveit2_ws/install/moveit_planners_chomp/lib:/home/alexander/moveit2_ws/install/chomp_motion_planner/lib:/opt/ros/humble/opt/rviz_ogre_vendor/lib:/opt/ros/humble/lib/x86_64-linux-gnu:/opt/ros/humble/lib /usr/bin/cmake --build /home/alexander/moveit2_ws/build/moveit_ros_perception -- -j14 -l14
[19.236s] Invoking command in '/home/alexander/moveit2_ws/build/moveit_ros_perception': CMAKE_PREFIX_PATH=/home/alexander/moveit2_ws/install/moveit_ros_planning:/home/alexander/moveit2_ws/install/moveit_ros_occupancy_map_monitor:/home/alexander/moveit2_ws/install/moveit_core:/home/alexander/moveit2_ws/install/moveit_common:/home/alexander/moveit2_ws/install/pilz_industrial_motion_planner_testutils:/home/alexander/moveit2_ws/install/panda_moveit_config:/home/alexander/moveit2_ws/install/moveit_runtime:/home/alexander/moveit2_ws/install/moveit:/home/alexander/moveit2_ws/install/moveit_planners:/home/alexander/moveit2_ws/install/pilz_industrial_motion_planner:/home/alexander/moveit2_ws/install/moveit_ros_control_interface:/home/alexander/moveit2_ws/install/moveit_plugins:/home/alexander/moveit2_ws/install/moveit_simple_controller_manager:/home/alexander/moveit2_ws/install/moveit_setup_assistant:/home/alexander/moveit2_ws/install/moveit_setup_srdf_plugins:/home/alexander/moveit2_ws/install/moveit_setup_core_plugins:/home/alexander/moveit2_ws/install/moveit_setup_controllers:/home/alexander/moveit2_ws/install/moveit_setup_app_plugins:/home/alexander/moveit2_ws/install/moveit_setup_framework:/home/alexander/moveit2_ws/install/moveit_servo:/home/alexander/moveit2_ws/install/moveit_ros:/home/alexander/moveit2_ws/install/moveit_ros_visualization:/home/alexander/moveit2_ws/install/moveit_py:/home/alexander/moveit2_ws/install/moveit_hybrid_planning:/home/alexander/moveit2_ws/install/moveit_ros_planning_interface:/home/alexander/moveit2_ws/install/moveit_ros_benchmarks:/home/alexander/moveit2_ws/install/moveit_ros_warehouse:/home/alexander/moveit2_ws/install/moveit_ros_robot_interaction:/home/alexander/moveit2_ws/install/moveit_ros_perception:/home/alexander/moveit2_ws/install/moveit_resources_prbt_pg70_support:/home/alexander/moveit2_ws/install/moveit_resources_prbt_moveit_config:/home/alexander/moveit2_ws/install/moveit_ros_move_group:/home/alexander/moveit2_ws/install/moveit_planners_ompl:/home/alexander/moveit2_ws/install/moveit_kinematics:/home/alexander/moveit2_ws/install/moveit_resources_prbt_support:/home/alexander/moveit2_ws/install/moveit_resources_prbt_ikfast_manipulator_plugin:/home/alexander/moveit2_ws/install/moveit_planners_stomp:/home/alexander/moveit2_ws/install/moveit_planners_chomp:/home/alexander/moveit2_ws/install/chomp_motion_planner:/home/alexander/moveit2_ws/install/arduinobot_description:/home/alexander/moveit2_ws/install/moveit_configs_utils:/opt/ros/humble LD_LIBRARY_PATH=/home/alexander/moveit2_ws/install/moveit_ros_planning/lib:/home/alexander/moveit2_ws/install/moveit_ros_occupancy_map_monitor/lib:/home/alexander/moveit2_ws/install/moveit_core/lib:/home/alexander/moveit2_ws/install/pilz_industrial_motion_planner_testutils/lib:/home/alexander/moveit2_ws/install/pilz_industrial_motion_planner/lib:/home/alexander/moveit2_ws/install/moveit_ros_control_interface/lib:/home/alexander/moveit2_ws/install/moveit_simple_controller_manager/lib:/home/alexander/moveit2_ws/install/moveit_setup_assistant/lib:/home/alexander/moveit2_ws/install/moveit_setup_srdf_plugins/lib:/home/alexander/moveit2_ws/install/moveit_setup_core_plugins/lib:/home/alexander/moveit2_ws/install/moveit_setup_controllers/lib:/home/alexander/moveit2_ws/install/moveit_setup_app_plugins/lib:/home/alexander/moveit2_ws/install/moveit_setup_framework/lib:/home/alexander/moveit2_ws/install/moveit_servo/lib:/home/alexander/moveit2_ws/install/moveit_ros_visualization/lib:/home/alexander/moveit2_ws/install/moveit_py/lib:/home/alexander/moveit2_ws/install/moveit_hybrid_planning/lib:/home/alexander/moveit2_ws/install/moveit_ros_planning_interface/lib:/home/alexander/moveit2_ws/install/moveit_ros_benchmarks/lib:/home/alexander/moveit2_ws/install/moveit_ros_warehouse/lib:/home/alexander/moveit2_ws/install/moveit_ros_robot_interaction/lib:/home/alexander/moveit2_ws/install/moveit_ros_perception/lib:/home/alexander/moveit2_ws/install/moveit_ros_move_group/lib:/home/alexander/moveit2_ws/install/moveit_planners_ompl/lib:/home/alexander/moveit2_ws/install/moveit_kinematics/lib:/home/alexander/moveit2_ws/install/moveit_resources_prbt_ikfast_manipulator_plugin/lib:/home/alexander/moveit2_ws/install/moveit_planners_stomp/lib:/home/alexander/moveit2_ws/install/moveit_planners_chomp/lib:/home/alexander/moveit2_ws/install/chomp_motion_planner/lib:/opt/ros/humble/opt/rviz_ogre_vendor/lib:/opt/ros/humble/lib/x86_64-linux-gnu:/opt/ros/humble/lib /usr/bin/cmake --install /home/alexander/moveit2_ws/build/moveit_ros_perception
[19.245s] -- Install configuration: "Release"
[19.246s] -- Up-to-date: /home/alexander/moveit2_ws/install/moveit_ros_perception/include/moveit_ros_perception
[19.246s] -- Up-to-date: /home/alexander/moveit2_ws/install/moveit_ros_perception/include/moveit_ros_perception/moveit
[19.246s] -- Up-to-date: /home/alexander/moveit2_ws/install/moveit_ros_perception/include/moveit_ros_perception/moveit/lazy_free_space_updater
[19.246s] -- Up-to-date: /home/alexander/moveit2_ws/install/moveit_ros_perception/include/moveit_ros_perception/moveit/lazy_free_space_updater/lazy_free_space_updater.h
[19.246s] -- Up-to-date: /home/alexander/moveit2_ws/install/moveit_ros_perception/include/moveit_ros_perception
[19.246s] -- Up-to-date: /home/alexander/moveit2_ws/install/moveit_ros_perception/include/moveit_ros_perception/moveit
[19.246s] -- Up-to-date: /home/alexander/moveit2_ws/install/moveit_ros_perception/include/moveit_ros_perception/moveit/point_containment_filter
[19.246s] -- Up-to-date: /home/alexander/moveit2_ws/install/moveit_ros_perception/include/moveit_ros_perception/moveit/point_containment_filter/shape_mask.h
[19.246s] -- Up-to-date: /home/alexander/moveit2_ws/install/moveit_ros_perception/include/moveit_ros_perception
[19.246s] -- Up-to-date: /home/alexander/moveit2_ws/install/moveit_ros_perception/include/moveit_ros_perception/moveit
[19.246s] -- Up-to-date: /home/alexander/moveit2_ws/install/moveit_ros_perception/include/moveit_ros_perception/moveit/pointcloud_octomap_updater
[19.246s] -- Up-to-date: /home/alexander/moveit2_ws/install/moveit_ros_perception/include/moveit_ros_perception/moveit/pointcloud_octomap_updater/pointcloud_octomap_updater.h
[19.246s] -- Up-to-date: /home/alexander/moveit2_ws/install/moveit_ros_perception/include/moveit_ros_perception
[19.246s] -- Up-to-date: /home/alexander/moveit2_ws/install/moveit_ros_perception/include/moveit_ros_perception/moveit
[19.246s] -- Up-to-date: /home/alexander/moveit2_ws/install/moveit_ros_perception/include/moveit_ros_perception/moveit/mesh_filter
[19.246s] -- Up-to-date: /home/alexander/moveit2_ws/install/moveit_ros_perception/include/moveit_ros_perception/moveit/mesh_filter/stereo_camera_model.h
[19.246s] -- Up-to-date: /home/alexander/moveit2_ws/install/moveit_ros_perception/include/moveit_ros_perception/moveit/mesh_filter/mesh_filter_base.h
[19.246s] -- Up-to-date: /home/alexander/moveit2_ws/install/moveit_ros_perception/include/moveit_ros_perception/moveit/mesh_filter/filter_job.h
[19.246s] -- Up-to-date: /home/alexander/moveit2_ws/install/moveit_ros_perception/include/moveit_ros_perception/moveit/mesh_filter/sensor_model.h
[19.246s] -- Up-to-date: /home/alexander/moveit2_ws/install/moveit_ros_perception/include/moveit_ros_perception/moveit/mesh_filter/gl_mesh.h
[19.246s] -- Up-to-date: /home/alexander/moveit2_ws/install/moveit_ros_perception/include/moveit_ros_perception/moveit/mesh_filter/gl_renderer.h
[19.247s] -- Up-to-date: /home/alexander/moveit2_ws/install/moveit_ros_perception/include/moveit_ros_perception/moveit/mesh_filter/depth_self_filter_nodelet.h
[19.247s] -- Up-to-date: /home/alexander/moveit2_ws/install/moveit_ros_perception/include/moveit_ros_perception/moveit/mesh_filter/transform_provider.h
[19.247s] -- Up-to-date: /home/alexander/moveit2_ws/install/moveit_ros_perception/include/moveit_ros_perception/moveit/mesh_filter/mesh_filter.h
[19.247s] -- Up-to-date: /home/alexander/moveit2_ws/install/moveit_ros_perception/include/moveit_ros_perception/moveit_mesh_filter_export.h
[19.247s] -- Up-to-date: /home/alexander/moveit2_ws/install/moveit_ros_perception/include/moveit_ros_perception
[19.247s] -- Up-to-date: /home/alexander/moveit2_ws/install/moveit_ros_perception/include/moveit_ros_perception/moveit
[19.247s] -- Up-to-date: /home/alexander/moveit2_ws/install/moveit_ros_perception/include/moveit_ros_perception/moveit/depth_image_octomap_updater
[19.247s] -- Up-to-date: /home/alexander/moveit2_ws/install/moveit_ros_perception/include/moveit_ros_perception/moveit/depth_image_octomap_updater/depth_image_octomap_updater.h
[19.247s] -- Up-to-date: /home/alexander/moveit2_ws/install/moveit_ros_perception/include/moveit_ros_perception
[19.247s] -- Up-to-date: /home/alexander/moveit2_ws/install/moveit_ros_perception/include/moveit_ros_perception/moveit
[19.247s] -- Up-to-date: /home/alexander/moveit2_ws/install/moveit_ros_perception/include/moveit_ros_perception/moveit/semantic_world
[19.247s] -- Up-to-date: /home/alexander/moveit2_ws/install/moveit_ros_perception/include/moveit_ros_perception/moveit/semantic_world/semantic_world.h
[19.247s] -- Installing: /home/alexander/moveit2_ws/install/moveit_ros_perception/lib/libmoveit_depth_image_octomap_updater.so.2.9.0
[19.247s] -- Set runtime path of "/home/alexander/moveit2_ws/install/moveit_ros_perception/lib/libmoveit_depth_image_octomap_updater.so.2.9.0" to ""
[19.247s] -- Up-to-date: /home/alexander/moveit2_ws/install/moveit_ros_perception/lib/libmoveit_depth_image_octomap_updater.so
[19.247s] -- Installing: /home/alexander/moveit2_ws/install/moveit_ros_perception/lib/libmoveit_depth_image_octomap_updater_core.so.2.9.0
[19.247s] -- Set runtime path of "/home/alexander/moveit2_ws/install/moveit_ros_perception/lib/libmoveit_depth_image_octomap_updater_core.so.2.9.0" to ""
[19.247s] -- Up-to-date: /home/alexander/moveit2_ws/install/moveit_ros_perception/lib/libmoveit_depth_image_octomap_updater_core.so
[19.247s] -- Installing: /home/alexander/moveit2_ws/install/moveit_ros_perception/lib/libmoveit_lazy_free_space_updater.so.2.9.0
[19.247s] -- Set runtime path of "/home/alexander/moveit2_ws/install/moveit_ros_perception/lib/libmoveit_lazy_free_space_updater.so.2.9.0" to ""
[19.247s] -- Up-to-date: /home/alexander/moveit2_ws/install/moveit_ros_perception/lib/libmoveit_lazy_free_space_updater.so
[19.247s] -- Installing: /home/alexander/moveit2_ws/install/moveit_ros_perception/lib/libmoveit_mesh_filter.so.2.9.0
[19.248s] -- Set runtime path of "/home/alexander/moveit2_ws/install/moveit_ros_perception/lib/libmoveit_mesh_filter.so.2.9.0" to ""
[19.248s] -- Up-to-date: /home/alexander/moveit2_ws/install/moveit_ros_perception/lib/libmoveit_mesh_filter.so
[19.248s] -- Installing: /home/alexander/moveit2_ws/install/moveit_ros_perception/lib/libmoveit_point_containment_filter.so.2.9.0
[19.248s] -- Set runtime path of "/home/alexander/moveit2_ws/install/moveit_ros_perception/lib/libmoveit_point_containment_filter.so.2.9.0" to ""
[19.248s] -- Up-to-date: /home/alexander/moveit2_ws/install/moveit_ros_perception/lib/libmoveit_point_containment_filter.so
[19.248s] -- Installing: /home/alexander/moveit2_ws/install/moveit_ros_perception/lib/libmoveit_pointcloud_octomap_updater.so.2.9.0
[19.248s] -- Set runtime path of "/home/alexander/moveit2_ws/install/moveit_ros_perception/lib/libmoveit_pointcloud_octomap_updater.so.2.9.0" to ""
[19.248s] -- Up-to-date: /home/alexander/moveit2_ws/install/moveit_ros_perception/lib/libmoveit_pointcloud_octomap_updater.so
[19.248s] -- Installing: /home/alexander/moveit2_ws/install/moveit_ros_perception/lib/libmoveit_pointcloud_octomap_updater_core.so.2.9.0
[19.250s] -- Set runtime path of "/home/alexander/moveit2_ws/install/moveit_ros_perception/lib/libmoveit_pointcloud_octomap_updater_core.so.2.9.0" to ""
[19.250s] -- Up-to-date: /home/alexander/moveit2_ws/install/moveit_ros_perception/lib/libmoveit_pointcloud_octomap_updater_core.so
[19.250s] -- Installing: /home/alexander/moveit2_ws/install/moveit_ros_perception/lib/libmoveit_semantic_world.so.2.9.0
[19.251s] -- Set runtime path of "/home/alexander/moveit2_ws/install/moveit_ros_perception/lib/libmoveit_semantic_world.so.2.9.0" to ""
[19.251s] -- Up-to-date: /home/alexander/moveit2_ws/install/moveit_ros_perception/lib/libmoveit_semantic_world.so
[19.251s] -- Up-to-date: /home/alexander/moveit2_ws/install/moveit_ros_perception/share/moveit_ros_perception/environment/library_path.sh
[19.251s] -- Installing: /home/alexander/moveit2_ws/install/moveit_ros_perception/share/moveit_ros_perception/environment/library_path.dsv
[19.251s] -- Up-to-date: /home/alexander/moveit2_ws/install/moveit_ros_perception/share/moveit_ros_perception/pointcloud_octomap_updater_plugin_description.xml
[19.251s] -- Up-to-date: /home/alexander/moveit2_ws/install/moveit_ros_perception/share/moveit_ros_perception/depth_image_octomap_updater_plugin_description.xml
[19.251s] -- Up-to-date: /home/alexander/moveit2_ws/install/moveit_ros_perception/share/ament_index/resource_index/package_run_dependencies/moveit_ros_perception
[19.251s] -- Installing: /home/alexander/moveit2_ws/install/moveit_ros_perception/share/ament_index/resource_index/parent_prefix_path/moveit_ros_perception
[19.251s] -- Up-to-date: /home/alexander/moveit2_ws/install/moveit_ros_perception/share/moveit_ros_perception/environment/ament_prefix_path.sh
[19.251s] -- Installing: /home/alexander/moveit2_ws/install/moveit_ros_perception/share/moveit_ros_perception/environment/ament_prefix_path.dsv
[19.251s] -- Up-to-date: /home/alexander/moveit2_ws/install/moveit_ros_perception/share/moveit_ros_perception/environment/path.sh
[19.252s] -- Installing: /home/alexander/moveit2_ws/install/moveit_ros_perception/share/moveit_ros_perception/environment/path.dsv
[19.252s] -- Up-to-date: /home/alexander/moveit2_ws/install/moveit_ros_perception/share/moveit_ros_perception/local_setup.bash
[19.252s] -- Up-to-date: /home/alexander/moveit2_ws/install/moveit_ros_perception/share/moveit_ros_perception/local_setup.sh
[19.252s] -- Up-to-date: /home/alexander/moveit2_ws/install/moveit_ros_perception/share/moveit_ros_perception/local_setup.zsh
[19.252s] -- Installing: /home/alexander/moveit2_ws/install/moveit_ros_perception/share/moveit_ros_perception/local_setup.dsv
[19.252s] -- Installing: /home/alexander/moveit2_ws/install/moveit_ros_perception/share/moveit_ros_perception/package.dsv
[19.252s] -- Up-to-date: /home/alexander/moveit2_ws/install/moveit_ros_perception/share/ament_index/resource_index/packages/moveit_ros_perception
[19.252s] -- Up-to-date: /home/alexander/moveit2_ws/install/moveit_ros_perception/share/ament_index/resource_index/moveit_ros_occupancy_map_monitor__pluginlib__plugin/moveit_ros_perception
[19.252s] -- Up-to-date: /home/alexander/moveit2_ws/install/moveit_ros_perception/share/moveit_ros_perception/cmake/moveit_ros_perceptionTargetsExport.cmake
[19.252s] -- Up-to-date: /home/alexander/moveit2_ws/install/moveit_ros_perception/share/moveit_ros_perception/cmake/moveit_ros_perceptionTargetsExport-release.cmake
[19.252s] -- Up-to-date: /home/alexander/moveit2_ws/install/moveit_ros_perception/share/moveit_ros_perception/cmake/ConfigExtras.cmake
[19.252s] -- Up-to-date: /home/alexander/moveit2_ws/install/moveit_ros_perception/share/moveit_ros_perception/cmake/ament_cmake_export_targets-extras.cmake
[19.252s] -- Up-to-date: /home/alexander/moveit2_ws/install/moveit_ros_perception/share/moveit_ros_perception/cmake/ament_cmake_export_dependencies-extras.cmake
[19.252s] -- Up-to-date: /home/alexander/moveit2_ws/install/moveit_ros_perception/share/moveit_ros_perception/cmake/moveit_ros_perceptionConfig.cmake
[19.252s] -- Up-to-date: /home/alexander/moveit2_ws/install/moveit_ros_perception/share/moveit_ros_perception/cmake/moveit_ros_perceptionConfig-version.cmake
[19.252s] -- Up-to-date: /home/alexander/moveit2_ws/install/moveit_ros_perception/share/moveit_ros_perception/package.xml
[19.254s] Invoked command in '/home/alexander/moveit2_ws/build/moveit_ros_perception' returned '0': CMAKE_PREFIX_PATH=/home/alexander/moveit2_ws/install/moveit_ros_planning:/home/alexander/moveit2_ws/install/moveit_ros_occupancy_map_monitor:/home/alexander/moveit2_ws/install/moveit_core:/home/alexander/moveit2_ws/install/moveit_common:/home/alexander/moveit2_ws/install/pilz_industrial_motion_planner_testutils:/home/alexander/moveit2_ws/install/panda_moveit_config:/home/alexander/moveit2_ws/install/moveit_runtime:/home/alexander/moveit2_ws/install/moveit:/home/alexander/moveit2_ws/install/moveit_planners:/home/alexander/moveit2_ws/install/pilz_industrial_motion_planner:/home/alexander/moveit2_ws/install/moveit_ros_control_interface:/home/alexander/moveit2_ws/install/moveit_plugins:/home/alexander/moveit2_ws/install/moveit_simple_controller_manager:/home/alexander/moveit2_ws/install/moveit_setup_assistant:/home/alexander/moveit2_ws/install/moveit_setup_srdf_plugins:/home/alexander/moveit2_ws/install/moveit_setup_core_plugins:/home/alexander/moveit2_ws/install/moveit_setup_controllers:/home/alexander/moveit2_ws/install/moveit_setup_app_plugins:/home/alexander/moveit2_ws/install/moveit_setup_framework:/home/alexander/moveit2_ws/install/moveit_servo:/home/alexander/moveit2_ws/install/moveit_ros:/home/alexander/moveit2_ws/install/moveit_ros_visualization:/home/alexander/moveit2_ws/install/moveit_py:/home/alexander/moveit2_ws/install/moveit_hybrid_planning:/home/alexander/moveit2_ws/install/moveit_ros_planning_interface:/home/alexander/moveit2_ws/install/moveit_ros_benchmarks:/home/alexander/moveit2_ws/install/moveit_ros_warehouse:/home/alexander/moveit2_ws/install/moveit_ros_robot_interaction:/home/alexander/moveit2_ws/install/moveit_ros_perception:/home/alexander/moveit2_ws/install/moveit_resources_prbt_pg70_support:/home/alexander/moveit2_ws/install/moveit_resources_prbt_moveit_config:/home/alexander/moveit2_ws/install/moveit_ros_move_group:/home/alexander/moveit2_ws/install/moveit_planners_ompl:/home/alexander/moveit2_ws/install/moveit_kinematics:/home/alexander/moveit2_ws/install/moveit_resources_prbt_support:/home/alexander/moveit2_ws/install/moveit_resources_prbt_ikfast_manipulator_plugin:/home/alexander/moveit2_ws/install/moveit_planners_stomp:/home/alexander/moveit2_ws/install/moveit_planners_chomp:/home/alexander/moveit2_ws/install/chomp_motion_planner:/home/alexander/moveit2_ws/install/arduinobot_description:/home/alexander/moveit2_ws/install/moveit_configs_utils:/opt/ros/humble LD_LIBRARY_PATH=/home/alexander/moveit2_ws/install/moveit_ros_planning/lib:/home/alexander/moveit2_ws/install/moveit_ros_occupancy_map_monitor/lib:/home/alexander/moveit2_ws/install/moveit_core/lib:/home/alexander/moveit2_ws/install/pilz_industrial_motion_planner_testutils/lib:/home/alexander/moveit2_ws/install/pilz_industrial_motion_planner/lib:/home/alexander/moveit2_ws/install/moveit_ros_control_interface/lib:/home/alexander/moveit2_ws/install/moveit_simple_controller_manager/lib:/home/alexander/moveit2_ws/install/moveit_setup_assistant/lib:/home/alexander/moveit2_ws/install/moveit_setup_srdf_plugins/lib:/home/alexander/moveit2_ws/install/moveit_setup_core_plugins/lib:/home/alexander/moveit2_ws/install/moveit_setup_controllers/lib:/home/alexander/moveit2_ws/install/moveit_setup_app_plugins/lib:/home/alexander/moveit2_ws/install/moveit_setup_framework/lib:/home/alexander/moveit2_ws/install/moveit_servo/lib:/home/alexander/moveit2_ws/install/moveit_ros_visualization/lib:/home/alexander/moveit2_ws/install/moveit_py/lib:/home/alexander/moveit2_ws/install/moveit_hybrid_planning/lib:/home/alexander/moveit2_ws/install/moveit_ros_planning_interface/lib:/home/alexander/moveit2_ws/install/moveit_ros_benchmarks/lib:/home/alexander/moveit2_ws/install/moveit_ros_warehouse/lib:/home/alexander/moveit2_ws/install/moveit_ros_robot_interaction/lib:/home/alexander/moveit2_ws/install/moveit_ros_perception/lib:/home/alexander/moveit2_ws/install/moveit_ros_move_group/lib:/home/alexander/moveit2_ws/install/moveit_planners_ompl/lib:/home/alexander/moveit2_ws/install/moveit_kinematics/lib:/home/alexander/moveit2_ws/install/moveit_resources_prbt_ikfast_manipulator_plugin/lib:/home/alexander/moveit2_ws/install/moveit_planners_stomp/lib:/home/alexander/moveit2_ws/install/moveit_planners_chomp/lib:/home/alexander/moveit2_ws/install/chomp_motion_planner/lib:/opt/ros/humble/opt/rviz_ogre_vendor/lib:/opt/ros/humble/lib/x86_64-linux-gnu:/opt/ros/humble/lib /usr/bin/cmake --install /home/alexander/moveit2_ws/build/moveit_ros_perception
