[0.069s] Invoking command in '/home/alexander/moveit2_ws/build/moveit_ros_control_interface': AMENT_PREFIX_PATH=/home/alexander/moveit2_ws/install/moveit_simple_controller_manager:/home/alexander/moveit2_ws/install/moveit_core:/home/alexander/moveit2_ws/install/moveit_common:${AMENT_PREFIX_PATH} CMAKE_PREFIX_PATH=/home/alexander/moveit2_ws/install/moveit_simple_controller_manager:/home/alexander/moveit2_ws/install/moveit_core:/home/alexander/moveit2_ws/install/moveit_common:/opt/ros/humble LD_LIBRARY_PATH=/home/alexander/moveit2_ws/install/moveit_simple_controller_manager/lib:/home/alexander/moveit2_ws/install/moveit_core/lib:${LD_LIBRARY_PATH} PATH=/home/alexander/moveit2_ws/install/moveit_core/bin:${PATH} /usr/bin/cmake --build /home/alexander/moveit2_ws/build/moveit_ros_control_interface -- -j14 -l14
[0.132s] [35m[1mConsolidate compiler generated dependencies of target moveit_ros_control_interface_gripper_plugin[0m
[0.132s] [35m[1mConsolidate compiler generated dependencies of target moveit_ros_control_interface_trajectory_plugin[0m
[0.132s] [35m[1mConsolidate compiler generated dependencies of target moveit_ros_control_interface_empty_plugin[0m
[0.132s] [35m[1mConsolidate compiler generated dependencies of target moveit_ros_control_interface_plugin[0m
[0.158s] [ 25%] Built target moveit_ros_control_interface_empty_plugin
[0.158s] [ 50%] Built target moveit_ros_control_interface_gripper_plugin
[0.159s] [ 75%] Built target moveit_ros_control_interface_trajectory_plugin
[0.168s] [100%] Built target moveit_ros_control_interface_plugin
[0.187s] Invoked command in '/home/alexander/moveit2_ws/build/moveit_ros_control_interface' returned '0': AMENT_PREFIX_PATH=/home/alexander/moveit2_ws/install/moveit_simple_controller_manager:/home/alexander/moveit2_ws/install/moveit_core:/home/alexander/moveit2_ws/install/moveit_common:${AMENT_PREFIX_PATH} CMAKE_PREFIX_PATH=/home/alexander/moveit2_ws/install/moveit_simple_controller_manager:/home/alexander/moveit2_ws/install/moveit_core:/home/alexander/moveit2_ws/install/moveit_common:/opt/ros/humble LD_LIBRARY_PATH=/home/alexander/moveit2_ws/install/moveit_simple_controller_manager/lib:/home/alexander/moveit2_ws/install/moveit_core/lib:${LD_LIBRARY_PATH} PATH=/home/alexander/moveit2_ws/install/moveit_core/bin:${PATH} /usr/bin/cmake --build /home/alexander/moveit2_ws/build/moveit_ros_control_interface -- -j14 -l14
[0.237s] Invoking command in '/home/alexander/moveit2_ws/build/moveit_ros_control_interface': AMENT_PREFIX_PATH=/home/alexander/moveit2_ws/install/moveit_simple_controller_manager:/home/alexander/moveit2_ws/install/moveit_core:/home/alexander/moveit2_ws/install/moveit_common:${AMENT_PREFIX_PATH} CMAKE_PREFIX_PATH=/home/alexander/moveit2_ws/install/moveit_simple_controller_manager:/home/alexander/moveit2_ws/install/moveit_core:/home/alexander/moveit2_ws/install/moveit_common:/opt/ros/humble LD_LIBRARY_PATH=/home/alexander/moveit2_ws/install/moveit_simple_controller_manager/lib:/home/alexander/moveit2_ws/install/moveit_core/lib:${LD_LIBRARY_PATH} PATH=/home/alexander/moveit2_ws/install/moveit_core/bin:${PATH} /usr/bin/cmake --install /home/alexander/moveit2_ws/build/moveit_ros_control_interface
[0.246s] -- Install configuration: "Release"
[0.248s] -- Up-to-date: /home/alexander/moveit2_ws/install/moveit_ros_control_interface/lib/libmoveit_ros_control_interface_plugin.so.2.9.0
[0.248s] -- Up-to-date: /home/alexander/moveit2_ws/install/moveit_ros_control_interface/lib/libmoveit_ros_control_interface_plugin.so
[0.251s] -- Up-to-date: /home/alexander/moveit2_ws/install/moveit_ros_control_interface/lib/libmoveit_ros_control_interface_trajectory_plugin.so.2.9.0
[0.251s] -- Up-to-date: /home/alexander/moveit2_ws/install/moveit_ros_control_interface/lib/libmoveit_ros_control_interface_trajectory_plugin.so
[0.252s] -- Up-to-date: /home/alexander/moveit2_ws/install/moveit_ros_control_interface/lib/libmoveit_ros_control_interface_gripper_plugin.so.2.9.0
[0.252s] -- Up-to-date: /home/alexander/moveit2_ws/install/moveit_ros_control_interface/lib/libmoveit_ros_control_interface_gripper_plugin.so
[0.253s] -- Up-to-date: /home/alexander/moveit2_ws/install/moveit_ros_control_interface/lib/libmoveit_ros_control_interface_empty_plugin.so.2.9.0
[0.254s] -- Up-to-date: /home/alexander/moveit2_ws/install/moveit_ros_control_interface/lib/libmoveit_ros_control_interface_empty_plugin.so
[0.254s] -- Up-to-date: /home/alexander/moveit2_ws/install/moveit_ros_control_interface/include/moveit_ros_control_interface
[0.254s] -- Up-to-date: /home/alexander/moveit2_ws/install/moveit_ros_control_interface/include/moveit_ros_control_interface/moveit_ros_control_interface
[0.254s] -- Up-to-date: /home/alexander/moveit2_ws/install/moveit_ros_control_interface/include/moveit_ros_control_interface/moveit_ros_control_interface/ControllerHandle.h
[0.256s] -- Up-to-date: /home/alexander/moveit2_ws/install/moveit_ros_control_interface/share/moveit_ros_control_interface/moveit_core_plugins.xml
[0.256s] -- Up-to-date: /home/alexander/moveit2_ws/install/moveit_ros_control_interface/share/moveit_ros_control_interface/moveit_ros_control_interface_plugins.xml
[0.257s] -- Up-to-date: /home/alexander/moveit2_ws/install/moveit_ros_control_interface/share/moveit_ros_control_interface/environment/library_path.sh
[0.257s] -- Up-to-date: /home/alexander/moveit2_ws/install/moveit_ros_control_interface/share/moveit_ros_control_interface/environment/library_path.dsv
[0.258s] -- Up-to-date: /home/alexander/moveit2_ws/install/moveit_ros_control_interface/share/ament_index/resource_index/package_run_dependencies/moveit_ros_control_interface
[0.258s] -- Up-to-date: /home/alexander/moveit2_ws/install/moveit_ros_control_interface/share/ament_index/resource_index/parent_prefix_path/moveit_ros_control_interface
[0.259s] -- Up-to-date: /home/alexander/moveit2_ws/install/moveit_ros_control_interface/share/moveit_ros_control_interface/environment/ament_prefix_path.sh
[0.259s] -- Up-to-date: /home/alexander/moveit2_ws/install/moveit_ros_control_interface/share/moveit_ros_control_interface/environment/ament_prefix_path.dsv
[0.259s] -- Up-to-date: /home/alexander/moveit2_ws/install/moveit_ros_control_interface/share/moveit_ros_control_interface/environment/path.sh
[0.259s] -- Up-to-date: /home/alexander/moveit2_ws/install/moveit_ros_control_interface/share/moveit_ros_control_interface/environment/path.dsv
[0.259s] -- Up-to-date: /home/alexander/moveit2_ws/install/moveit_ros_control_interface/share/moveit_ros_control_interface/local_setup.bash
[0.259s] -- Up-to-date: /home/alexander/moveit2_ws/install/moveit_ros_control_interface/share/moveit_ros_control_interface/local_setup.sh
[0.259s] -- Up-to-date: /home/alexander/moveit2_ws/install/moveit_ros_control_interface/share/moveit_ros_control_interface/local_setup.zsh
[0.259s] -- Up-to-date: /home/alexander/moveit2_ws/install/moveit_ros_control_interface/share/moveit_ros_control_interface/local_setup.dsv
[0.259s] -- Installing: /home/alexander/moveit2_ws/install/moveit_ros_control_interface/share/moveit_ros_control_interface/package.dsv
[0.260s] -- Up-to-date: /home/alexander/moveit2_ws/install/moveit_ros_control_interface/share/ament_index/resource_index/packages/moveit_ros_control_interface
[0.260s] -- Up-to-date: /home/alexander/moveit2_ws/install/moveit_ros_control_interface/share/ament_index/resource_index/moveit_core__pluginlib__plugin/moveit_ros_control_interface
[0.261s] -- Up-to-date: /home/alexander/moveit2_ws/install/moveit_ros_control_interface/share/ament_index/resource_index/moveit_ros_control_interface__pluginlib__plugin/moveit_ros_control_interface
[0.264s] -- Up-to-date: /home/alexander/moveit2_ws/install/moveit_ros_control_interface/share/moveit_ros_control_interface/cmake/moveit_ros_control_interfaceTargetsExport.cmake
[0.264s] -- Up-to-date: /home/alexander/moveit2_ws/install/moveit_ros_control_interface/share/moveit_ros_control_interface/cmake/moveit_ros_control_interfaceTargetsExport-release.cmake
[0.264s] -- Up-to-date: /home/alexander/moveit2_ws/install/moveit_ros_control_interface/share/moveit_ros_control_interface/cmake/ConfigExtras.cmake
[0.264s] -- Up-to-date: /home/alexander/moveit2_ws/install/moveit_ros_control_interface/share/moveit_ros_control_interface/cmake/ament_cmake_export_targets-extras.cmake
[0.264s] -- Up-to-date: /home/alexander/moveit2_ws/install/moveit_ros_control_interface/share/moveit_ros_control_interface/cmake/ament_cmake_export_dependencies-extras.cmake
[0.264s] -- Up-to-date: /home/alexander/moveit2_ws/install/moveit_ros_control_interface/share/moveit_ros_control_interface/cmake/moveit_ros_control_interfaceConfig.cmake
[0.264s] -- Up-to-date: /home/alexander/moveit2_ws/install/moveit_ros_control_interface/share/moveit_ros_control_interface/cmake/moveit_ros_control_interfaceConfig-version.cmake
[0.265s] -- Up-to-date: /home/alexander/moveit2_ws/install/moveit_ros_control_interface/share/moveit_ros_control_interface/package.xml
[0.266s] Invoked command in '/home/alexander/moveit2_ws/build/moveit_ros_control_interface' returned '0': AMENT_PREFIX_PATH=/home/alexander/moveit2_ws/install/moveit_simple_controller_manager:/home/alexander/moveit2_ws/install/moveit_core:/home/alexander/moveit2_ws/install/moveit_common:${AMENT_PREFIX_PATH} CMAKE_PREFIX_PATH=/home/alexander/moveit2_ws/install/moveit_simple_controller_manager:/home/alexander/moveit2_ws/install/moveit_core:/home/alexander/moveit2_ws/install/moveit_common:/opt/ros/humble LD_LIBRARY_PATH=/home/alexander/moveit2_ws/install/moveit_simple_controller_manager/lib:/home/alexander/moveit2_ws/install/moveit_core/lib:${LD_LIBRARY_PATH} PATH=/home/alexander/moveit2_ws/install/moveit_core/bin:${PATH} /usr/bin/cmake --install /home/alexander/moveit2_ws/build/moveit_ros_control_interface
