[0.682s] Invoking command in '/home/alexander/moveit2_ws/src/moveit2-main/moveit_configs_utils': PYTHONPATH=/home/alexander/moveit2_ws/build/moveit_configs_utils/prefix_override:/home/alexander/moveit2_ws/install/moveit_configs_utils/lib/python3.10/site-packages:${PYTHONPATH} /usr/bin/python3 -W ignore:setup.py install is deprecated setup.py egg_info --egg-base ../../../build/moveit_configs_utils build --build-base /home/alexander/moveit2_ws/build/moveit_configs_utils/build install --record /home/alexander/moveit2_ws/build/moveit_configs_utils/install.log --single-version-externally-managed install_data
[0.969s] running egg_info
[0.970s] creating ../../../build/moveit_configs_utils/moveit_configs_utils.egg-info
[0.970s] writing ../../../build/moveit_configs_utils/moveit_configs_utils.egg-info/PKG-INFO
[0.970s] writing dependency_links to ../../../build/moveit_configs_utils/moveit_configs_utils.egg-info/dependency_links.txt
[0.970s] writing entry points to ../../../build/moveit_configs_utils/moveit_configs_utils.egg-info/entry_points.txt
[0.970s] writing requirements to ../../../build/moveit_configs_utils/moveit_configs_utils.egg-info/requires.txt
[0.970s] writing top-level names to ../../../build/moveit_configs_utils/moveit_configs_utils.egg-info/top_level.txt
[0.971s] writing manifest file '../../../build/moveit_configs_utils/moveit_configs_utils.egg-info/SOURCES.txt'
[0.974s] reading manifest file '../../../build/moveit_configs_utils/moveit_configs_utils.egg-info/SOURCES.txt'
[0.975s] writing manifest file '../../../build/moveit_configs_utils/moveit_configs_utils.egg-info/SOURCES.txt'
[0.975s] running build
[0.975s] running build_py
[0.975s] creating /home/alexander/moveit2_ws/build/moveit_configs_utils/build
[0.976s] creating /home/alexander/moveit2_ws/build/moveit_configs_utils/build/lib
[0.976s] creating /home/alexander/moveit2_ws/build/moveit_configs_utils/build/lib/moveit_configs_utils
[0.976s] copying moveit_configs_utils/launches.py -> /home/alexander/moveit2_ws/build/moveit_configs_utils/build/lib/moveit_configs_utils
[0.976s] copying moveit_configs_utils/__init__.py -> /home/alexander/moveit2_ws/build/moveit_configs_utils/build/lib/moveit_configs_utils
[0.976s] copying moveit_configs_utils/moveit_configs_builder.py -> /home/alexander/moveit2_ws/build/moveit_configs_utils/build/lib/moveit_configs_utils
[0.976s] copying moveit_configs_utils/launch_utils.py -> /home/alexander/moveit2_ws/build/moveit_configs_utils/build/lib/moveit_configs_utils
[0.976s] creating /home/alexander/moveit2_ws/build/moveit_configs_utils/build/lib/moveit_configs_utils/substitutions
[0.976s] copying moveit_configs_utils/substitutions/xacro.py -> /home/alexander/moveit2_ws/build/moveit_configs_utils/build/lib/moveit_configs_utils/substitutions
[0.976s] copying moveit_configs_utils/substitutions/__init__.py -> /home/alexander/moveit2_ws/build/moveit_configs_utils/build/lib/moveit_configs_utils/substitutions
[0.976s] running install
[0.976s] running install_lib
[0.977s] creating /home/alexander/moveit2_ws/install/moveit_configs_utils/lib/python3.10/site-packages/moveit_configs_utils
[0.977s] copying /home/alexander/moveit2_ws/build/moveit_configs_utils/build/lib/moveit_configs_utils/launches.py -> /home/alexander/moveit2_ws/install/moveit_configs_utils/lib/python3.10/site-packages/moveit_configs_utils
[0.977s] copying /home/alexander/moveit2_ws/build/moveit_configs_utils/build/lib/moveit_configs_utils/__init__.py -> /home/alexander/moveit2_ws/install/moveit_configs_utils/lib/python3.10/site-packages/moveit_configs_utils
[0.977s] copying /home/alexander/moveit2_ws/build/moveit_configs_utils/build/lib/moveit_configs_utils/moveit_configs_builder.py -> /home/alexander/moveit2_ws/install/moveit_configs_utils/lib/python3.10/site-packages/moveit_configs_utils
[0.977s] copying /home/alexander/moveit2_ws/build/moveit_configs_utils/build/lib/moveit_configs_utils/launch_utils.py -> /home/alexander/moveit2_ws/install/moveit_configs_utils/lib/python3.10/site-packages/moveit_configs_utils
[0.977s] creating /home/alexander/moveit2_ws/install/moveit_configs_utils/lib/python3.10/site-packages/moveit_configs_utils/substitutions
[0.977s] copying /home/alexander/moveit2_ws/build/moveit_configs_utils/build/lib/moveit_configs_utils/substitutions/xacro.py -> /home/alexander/moveit2_ws/install/moveit_configs_utils/lib/python3.10/site-packages/moveit_configs_utils/substitutions
[0.977s] copying /home/alexander/moveit2_ws/build/moveit_configs_utils/build/lib/moveit_configs_utils/substitutions/__init__.py -> /home/alexander/moveit2_ws/install/moveit_configs_utils/lib/python3.10/site-packages/moveit_configs_utils/substitutions
[0.978s] byte-compiling /home/alexander/moveit2_ws/install/moveit_configs_utils/lib/python3.10/site-packages/moveit_configs_utils/launches.py to launches.cpython-310.pyc
[0.979s] byte-compiling /home/alexander/moveit2_ws/install/moveit_configs_utils/lib/python3.10/site-packages/moveit_configs_utils/__init__.py to __init__.cpython-310.pyc
[0.979s] byte-compiling /home/alexander/moveit2_ws/install/moveit_configs_utils/lib/python3.10/site-packages/moveit_configs_utils/moveit_configs_builder.py to moveit_configs_builder.cpython-310.pyc
[0.983s] byte-compiling /home/alexander/moveit2_ws/install/moveit_configs_utils/lib/python3.10/site-packages/moveit_configs_utils/launch_utils.py to launch_utils.cpython-310.pyc
[0.983s] byte-compiling /home/alexander/moveit2_ws/install/moveit_configs_utils/lib/python3.10/site-packages/moveit_configs_utils/substitutions/xacro.py to xacro.cpython-310.pyc
[0.983s] byte-compiling /home/alexander/moveit2_ws/install/moveit_configs_utils/lib/python3.10/site-packages/moveit_configs_utils/substitutions/__init__.py to __init__.cpython-310.pyc
[0.983s] running install_data
[0.983s] creating /home/alexander/moveit2_ws/install/moveit_configs_utils/share/ament_index
[0.983s] creating /home/alexander/moveit2_ws/install/moveit_configs_utils/share/ament_index/resource_index
[0.983s] creating /home/alexander/moveit2_ws/install/moveit_configs_utils/share/ament_index/resource_index/packages
[0.983s] copying resource/moveit_configs_utils -> /home/alexander/moveit2_ws/install/moveit_configs_utils/share/ament_index/resource_index/packages
[0.983s] copying package.xml -> /home/alexander/moveit2_ws/install/moveit_configs_utils/share/moveit_configs_utils
[0.983s] creating /home/alexander/moveit2_ws/install/moveit_configs_utils/share/moveit_configs_utils/default_configs
[0.983s] copying default_configs/ompl_defaults.yaml -> /home/alexander/moveit2_ws/install/moveit_configs_utils/share/moveit_configs_utils/default_configs
[0.983s] copying default_configs/chomp_planning.yaml -> /home/alexander/moveit2_ws/install/moveit_configs_utils/share/moveit_configs_utils/default_configs
[0.983s] copying default_configs/pilz_industrial_motion_planner_planning.yaml -> /home/alexander/moveit2_ws/install/moveit_configs_utils/share/moveit_configs_utils/default_configs
[0.983s] copying default_configs/stomp_planning.yaml -> /home/alexander/moveit2_ws/install/moveit_configs_utils/share/moveit_configs_utils/default_configs
[0.983s] copying default_configs/ompl_planning.yaml -> /home/alexander/moveit2_ws/install/moveit_configs_utils/share/moveit_configs_utils/default_configs
[0.990s] running install_egg_info
[0.991s] Copying ../../../build/moveit_configs_utils/moveit_configs_utils.egg-info to /home/alexander/moveit2_ws/install/moveit_configs_utils/lib/python3.10/site-packages/moveit_configs_utils-2.9.0-py3.10.egg-info
[0.992s] running install_scripts
[1.017s] writing list of installed files to '/home/alexander/moveit2_ws/build/moveit_configs_utils/install.log'
[1.049s] Invoked command in '/home/alexander/moveit2_ws/src/moveit2-main/moveit_configs_utils' returned '0': PYTHONPATH=/home/alexander/moveit2_ws/build/moveit_configs_utils/prefix_override:/home/alexander/moveit2_ws/install/moveit_configs_utils/lib/python3.10/site-packages:${PYTHONPATH} /usr/bin/python3 -W ignore:setup.py install is deprecated setup.py egg_info --egg-base ../../../build/moveit_configs_utils build --build-base /home/alexander/moveit2_ws/build/moveit_configs_utils/build install --record /home/alexander/moveit2_ws/build/moveit_configs_utils/install.log --single-version-externally-managed install_data
