[0.012s] Invoking command in '/home/alexander/moveit2_ws/build/moveit_ros_planning': AMENT_PREFIX_PATH=/home/alexander/moveit2_ws/install/moveit_ros_occupancy_map_monitor:/home/alexander/moveit2_ws/install/moveit_core:/home/alexander/moveit2_ws/install/moveit_configs_utils:/home/alexander/moveit2_ws/install/moveit_common:${AMENT_PREFIX_PATH} CMAKE_PREFIX_PATH=/home/alexander/moveit2_ws/install/moveit_ros_occupancy_map_monitor:/home/alexander/moveit2_ws/install/moveit_core:/home/alexander/moveit2_ws/install/moveit_common:/opt/ros/humble LD_LIBRARY_PATH=/home/alexander/moveit2_ws/install/moveit_ros_occupancy_map_monitor/lib:/home/alexander/moveit2_ws/install/moveit_core/lib:${LD_LIBRARY_PATH} PATH=/home/alexander/moveit2_ws/install/moveit_core/bin:${PATH} PYTHONPATH=/home/alexander/moveit2_ws/install/moveit_configs_utils/lib/python3.10/site-packages:${PYTHONPATH} /usr/bin/cmake --build /home/alexander/moveit2_ws/build/moveit_ros_planning -- -j14 -l14
[0.064s] [  2%] Built target gtest_main
[0.064s] [  3%] Built target kinematics_parameters
[0.066s] [  4%] Built target planning_pipeline_parameters
[0.066s] [  7%] Built target gtest
[0.067s] [  8%] Built target default_request_adapter_parameters
[0.069s] [ 12%] Built target gmock_main
[0.069s] [ 12%] Built target default_response_adapter_parameters
[0.074s] [ 14%] Built target srdf_publisher
[0.074s] [ 18%] Built target gmock
[0.076s] [ 20%] Built target srdf_publisher_node
[0.076s] [ 24%] Built target moveit_rdf_loader
[0.077s] [ 26%] Built target moveit_collision_plugin_loader
[0.081s] [ 28%] Built target moveit_pipeline_test_plugins
[0.108s] [ 31%] Built target moveit_kinematics_plugin_loader
[0.108s] [ 33%] Built target moveit_planning_pipeline
[0.108s] [ 36%] Built target moveit_constraint_sampler_manager_loader
[0.115s] [ 43%] Built target moveit_default_planning_request_adapter_plugins
[0.115s] [ 49%] Built target moveit_default_planning_response_adapter_plugins
[0.133s] [ 51%] Built target moveit_robot_model_loader
[0.136s] [ 54%] Built target moveit_planning_pipeline_test
[0.137s] [ 60%] Built target moveit_planning_pipeline_interfaces
[0.157s] [ 62%] Built target moveit_print_planning_model_info
[0.173s] [ 69%] Built target moveit_planning_scene_monitor
[0.214s] [ 72%] Built target moveit_publish_scene_from_text
[0.214s] [ 74%] Built target moveit_print_planning_scene_info
[0.214s] [ 77%] Built target moveit_visualize_robot_collision_volume
[0.214s] [ 79%] Built target planning_scene_monitor_test
[0.215s] [ 81%] Built target moveit_display_random_state
[0.219s] [ 84%] Built target current_state_monitor_tests
[0.219s] [ 86%] Built target trajectory_monitor_tests
[0.220s] [ 89%] Built target moveit_trajectory_execution_manager
[0.220s] [ 91%] Built target moveit_evaluate_collision_checking_speed
[0.220s] [ 93%] Built target demo_scene
[0.249s] [ 96%] Built target moveit_plan_execution
[0.250s] [100%] Built target moveit_cpp
[0.260s] Invoked command in '/home/alexander/moveit2_ws/build/moveit_ros_planning' returned '0': AMENT_PREFIX_PATH=/home/alexander/moveit2_ws/install/moveit_ros_occupancy_map_monitor:/home/alexander/moveit2_ws/install/moveit_core:/home/alexander/moveit2_ws/install/moveit_configs_utils:/home/alexander/moveit2_ws/install/moveit_common:${AMENT_PREFIX_PATH} CMAKE_PREFIX_PATH=/home/alexander/moveit2_ws/install/moveit_ros_occupancy_map_monitor:/home/alexander/moveit2_ws/install/moveit_core:/home/alexander/moveit2_ws/install/moveit_common:/opt/ros/humble LD_LIBRARY_PATH=/home/alexander/moveit2_ws/install/moveit_ros_occupancy_map_monitor/lib:/home/alexander/moveit2_ws/install/moveit_core/lib:${LD_LIBRARY_PATH} PATH=/home/alexander/moveit2_ws/install/moveit_core/bin:${PATH} PYTHONPATH=/home/alexander/moveit2_ws/install/moveit_configs_utils/lib/python3.10/site-packages:${PYTHONPATH} /usr/bin/cmake --build /home/alexander/moveit2_ws/build/moveit_ros_planning -- -j14 -l14
[0.309s] Invoking command in '/home/alexander/moveit2_ws/build/moveit_ros_planning': AMENT_PREFIX_PATH=/home/alexander/moveit2_ws/install/moveit_ros_occupancy_map_monitor:/home/alexander/moveit2_ws/install/moveit_core:/home/alexander/moveit2_ws/install/moveit_configs_utils:/home/alexander/moveit2_ws/install/moveit_common:${AMENT_PREFIX_PATH} CMAKE_PREFIX_PATH=/home/alexander/moveit2_ws/install/moveit_ros_occupancy_map_monitor:/home/alexander/moveit2_ws/install/moveit_core:/home/alexander/moveit2_ws/install/moveit_common:/opt/ros/humble LD_LIBRARY_PATH=/home/alexander/moveit2_ws/install/moveit_ros_occupancy_map_monitor/lib:/home/alexander/moveit2_ws/install/moveit_core/lib:${LD_LIBRARY_PATH} PATH=/home/alexander/moveit2_ws/install/moveit_core/bin:${PATH} PYTHONPATH=/home/alexander/moveit2_ws/install/moveit_configs_utils/lib/python3.10/site-packages:${PYTHONPATH} /usr/bin/cmake --install /home/alexander/moveit2_ws/build/moveit_ros_planning
[0.314s] -- Install configuration: "Release"
[0.315s] -- Up-to-date: /home/alexander/moveit2_ws/install/moveit_ros_planning/include/moveit_ros_planning
[0.315s] -- Up-to-date: /home/alexander/moveit2_ws/install/moveit_ros_planning/include/moveit_ros_planning/moveit
[0.315s] -- Up-to-date: /home/alexander/moveit2_ws/install/moveit_ros_planning/include/moveit_ros_planning/moveit/collision_plugin_loader
[0.315s] -- Up-to-date: /home/alexander/moveit2_ws/install/moveit_ros_planning/include/moveit_ros_planning/moveit/collision_plugin_loader/collision_plugin_loader.h
[0.316s] -- Up-to-date: /home/alexander/moveit2_ws/install/moveit_ros_planning/include/moveit_ros_planning
[0.316s] -- Up-to-date: /home/alexander/moveit2_ws/install/moveit_ros_planning/include/moveit_ros_planning/moveit
[0.316s] -- Up-to-date: /home/alexander/moveit2_ws/install/moveit_ros_planning/include/moveit_ros_planning/moveit/constraint_sampler_manager_loader
[0.316s] -- Up-to-date: /home/alexander/moveit2_ws/install/moveit_ros_planning/include/moveit_ros_planning/moveit/constraint_sampler_manager_loader/constraint_sampler_manager_loader.h
[0.316s] -- Up-to-date: /home/alexander/moveit2_ws/install/moveit_ros_planning/include/kinematics_parameters
[0.316s] -- Up-to-date: /home/alexander/moveit2_ws/install/moveit_ros_planning/include/kinematics_parameters/kinematics_parameters.hpp
[0.316s] -- Up-to-date: /home/alexander/moveit2_ws/install/moveit_ros_planning/include/moveit_ros_planning
[0.316s] -- Up-to-date: /home/alexander/moveit2_ws/install/moveit_ros_planning/include/moveit_ros_planning/moveit
[0.316s] -- Up-to-date: /home/alexander/moveit2_ws/install/moveit_ros_planning/include/moveit_ros_planning/moveit/kinematics_plugin_loader
[0.316s] -- Up-to-date: /home/alexander/moveit2_ws/install/moveit_ros_planning/include/moveit_ros_planning/moveit/kinematics_plugin_loader/kinematics_plugin_loader.h
[0.316s] -- Up-to-date: /home/alexander/moveit2_ws/install/moveit_ros_planning/include/moveit_ros_planning
[0.316s] -- Up-to-date: /home/alexander/moveit2_ws/install/moveit_ros_planning/include/moveit_ros_planning/moveit
[0.316s] -- Up-to-date: /home/alexander/moveit2_ws/install/moveit_ros_planning/include/moveit_ros_planning/moveit/moveit_cpp
[0.316s] -- Up-to-date: /home/alexander/moveit2_ws/install/moveit_ros_planning/include/moveit_ros_planning/moveit/moveit_cpp/planning_component.h
[0.316s] -- Up-to-date: /home/alexander/moveit2_ws/install/moveit_ros_planning/include/moveit_ros_planning/moveit/moveit_cpp/moveit_cpp.h
[0.316s] -- Up-to-date: /home/alexander/moveit2_ws/install/moveit_ros_planning/include/moveit_ros_planning
[0.316s] -- Up-to-date: /home/alexander/moveit2_ws/install/moveit_ros_planning/include/moveit_ros_planning/moveit
[0.316s] -- Up-to-date: /home/alexander/moveit2_ws/install/moveit_ros_planning/include/moveit_ros_planning/moveit/plan_execution
[0.316s] -- Up-to-date: /home/alexander/moveit2_ws/install/moveit_ros_planning/include/moveit_ros_planning/moveit/plan_execution/plan_execution.h
[0.316s] -- Up-to-date: /home/alexander/moveit2_ws/install/moveit_ros_planning/include/moveit_ros_planning/moveit/plan_execution/plan_representation.h
[0.316s] -- Up-to-date: /home/alexander/moveit2_ws/install/moveit_ros_planning/lib/moveit_ros_planning/moveit_print_planning_model_info
[0.316s] -- Up-to-date: /home/alexander/moveit2_ws/install/moveit_ros_planning/lib/moveit_ros_planning/moveit_print_planning_scene_info
[0.316s] -- Up-to-date: /home/alexander/moveit2_ws/install/moveit_ros_planning/lib/moveit_ros_planning/moveit_display_random_state
[0.316s] -- Up-to-date: /home/alexander/moveit2_ws/install/moveit_ros_planning/lib/moveit_ros_planning/moveit_visualize_robot_collision_volume
[0.316s] -- Up-to-date: /home/alexander/moveit2_ws/install/moveit_ros_planning/lib/moveit_ros_planning/moveit_evaluate_collision_checking_speed
[0.317s] -- Up-to-date: /home/alexander/moveit2_ws/install/moveit_ros_planning/lib/moveit_ros_planning/moveit_publish_scene_from_text
[0.317s] -- Up-to-date: /home/alexander/moveit2_ws/install/moveit_ros_planning/include/moveit_ros_planning
[0.317s] -- Up-to-date: /home/alexander/moveit2_ws/install/moveit_ros_planning/include/moveit_ros_planning/moveit
[0.317s] -- Up-to-date: /home/alexander/moveit2_ws/install/moveit_ros_planning/include/moveit_ros_planning/moveit/planning_pipeline_interfaces
[0.317s] -- Up-to-date: /home/alexander/moveit2_ws/install/moveit_ros_planning/include/moveit_ros_planning/moveit/planning_pipeline_interfaces/stopping_criterion_functions.hpp
[0.317s] -- Up-to-date: /home/alexander/moveit2_ws/install/moveit_ros_planning/include/moveit_ros_planning/moveit/planning_pipeline_interfaces/plan_responses_container.hpp
[0.317s] -- Up-to-date: /home/alexander/moveit2_ws/install/moveit_ros_planning/include/moveit_ros_planning/moveit/planning_pipeline_interfaces/planning_pipeline_interfaces.hpp
[0.317s] -- Up-to-date: /home/alexander/moveit2_ws/install/moveit_ros_planning/include/moveit_ros_planning/moveit/planning_pipeline_interfaces/solution_selection_functions.hpp
[0.317s] -- Up-to-date: /home/alexander/moveit2_ws/install/moveit_ros_planning/include/moveit_ros_planning/moveit_planning_pipeline_interfaces_export.h
[0.317s] -- Up-to-date: /home/alexander/moveit2_ws/install/moveit_ros_planning/include/planning_pipeline_parameters
[0.317s] -- Up-to-date: /home/alexander/moveit2_ws/install/moveit_ros_planning/include/planning_pipeline_parameters/planning_pipeline_parameters.hpp
[0.317s] -- Up-to-date: /home/alexander/moveit2_ws/install/moveit_ros_planning/lib/libmoveit_pipeline_test_plugins.so.2.9.0
[0.317s] -- Up-to-date: /home/alexander/moveit2_ws/install/moveit_ros_planning/lib/libmoveit_pipeline_test_plugins.so
[0.317s] -- Up-to-date: /home/alexander/moveit2_ws/install/moveit_ros_planning/include/moveit_ros_planning
[0.317s] -- Up-to-date: /home/alexander/moveit2_ws/install/moveit_ros_planning/include/moveit_ros_planning/moveit
[0.317s] -- Up-to-date: /home/alexander/moveit2_ws/install/moveit_ros_planning/include/moveit_ros_planning/moveit/planning_pipeline
[0.318s] -- Up-to-date: /home/alexander/moveit2_ws/install/moveit_ros_planning/include/moveit_ros_planning/moveit/planning_pipeline/planning_pipeline.h
[0.318s] -- Up-to-date: /home/alexander/moveit2_ws/install/moveit_ros_planning/include/moveit_ros_planning/moveit_planning_pipeline_export.h
[0.318s] -- Up-to-date: /home/alexander/moveit2_ws/install/moveit_ros_planning/include/default_request_adapter_parameters
[0.318s] -- Up-to-date: /home/alexander/moveit2_ws/install/moveit_ros_planning/include/default_request_adapter_parameters/default_request_adapter_parameters.hpp
[0.318s] -- Up-to-date: /home/alexander/moveit2_ws/install/moveit_ros_planning/include/default_response_adapter_parameters
[0.318s] -- Up-to-date: /home/alexander/moveit2_ws/install/moveit_ros_planning/include/default_response_adapter_parameters/default_response_adapter_parameters.hpp
[0.318s] -- Up-to-date: /home/alexander/moveit2_ws/install/moveit_ros_planning/lib/moveit_ros_planning/demo_scene
[0.318s] -- Up-to-date: /home/alexander/moveit2_ws/install/moveit_ros_planning/include/moveit_ros_planning
[0.318s] -- Up-to-date: /home/alexander/moveit2_ws/install/moveit_ros_planning/include/moveit_ros_planning/moveit
[0.318s] -- Up-to-date: /home/alexander/moveit2_ws/install/moveit_ros_planning/include/moveit_ros_planning/moveit/planning_scene_monitor
[0.319s] -- Up-to-date: /home/alexander/moveit2_ws/install/moveit_ros_planning/include/moveit_ros_planning/moveit/planning_scene_monitor/trajectory_monitor.h
[0.319s] -- Up-to-date: /home/alexander/moveit2_ws/install/moveit_ros_planning/include/moveit_ros_planning/moveit/planning_scene_monitor/trajectory_monitor_middleware_handle.hpp
[0.319s] -- Up-to-date: /home/alexander/moveit2_ws/install/moveit_ros_planning/include/moveit_ros_planning/moveit/planning_scene_monitor/planning_scene_monitor.h
[0.319s] -- Up-to-date: /home/alexander/moveit2_ws/install/moveit_ros_planning/include/moveit_ros_planning/moveit/planning_scene_monitor/current_state_monitor_middleware_handle.hpp
[0.319s] -- Up-to-date: /home/alexander/moveit2_ws/install/moveit_ros_planning/include/moveit_ros_planning/moveit/planning_scene_monitor/current_state_monitor.h
[0.319s] -- Up-to-date: /home/alexander/moveit2_ws/install/moveit_ros_planning/include/moveit_ros_planning/moveit_planning_scene_monitor_export.h
[0.319s] -- Up-to-date: /home/alexander/moveit2_ws/install/moveit_ros_planning/include/moveit_ros_planning
[0.319s] -- Up-to-date: /home/alexander/moveit2_ws/install/moveit_ros_planning/include/moveit_ros_planning/moveit
[0.319s] -- Up-to-date: /home/alexander/moveit2_ws/install/moveit_ros_planning/include/moveit_ros_planning/moveit/rdf_loader
[0.319s] -- Up-to-date: /home/alexander/moveit2_ws/install/moveit_ros_planning/include/moveit_ros_planning/moveit/rdf_loader/rdf_loader.h
[0.319s] -- Up-to-date: /home/alexander/moveit2_ws/install/moveit_ros_planning/include/moveit_ros_planning/moveit/rdf_loader/synchronized_string_parameter.h
[0.319s] -- Up-to-date: /home/alexander/moveit2_ws/install/moveit_ros_planning/share/moveit_ros_planning/rdf_loader/test/data
[0.319s] -- Up-to-date: /home/alexander/moveit2_ws/install/moveit_ros_planning/share/moveit_ros_planning/rdf_loader/test/data/gonzo.srdf
[0.319s] -- Up-to-date: /home/alexander/moveit2_ws/install/moveit_ros_planning/share/moveit_ros_planning/rdf_loader/test/data/gonzo.urdf
[0.320s] -- Up-to-date: /home/alexander/moveit2_ws/install/moveit_ros_planning/share/moveit_ros_planning/rdf_loader/test/data/kermit.srdf
[0.320s] -- Up-to-date: /home/alexander/moveit2_ws/install/moveit_ros_planning/share/moveit_ros_planning/rdf_loader/test/data/kermit.urdf
[0.320s] -- Up-to-date: /home/alexander/moveit2_ws/install/moveit_ros_planning/share/moveit_ros_planning/rdf_loader/test/data/robin.srdf.xacro
[0.320s] -- Up-to-date: /home/alexander/moveit2_ws/install/moveit_ros_planning/share/moveit_ros_planning/rdf_loader/test/launch
[0.320s] -- Up-to-date: /home/alexander/moveit2_ws/install/moveit_ros_planning/share/moveit_ros_planning/rdf_loader/test/launch/test_rdf_integration.test.py
[0.320s] -- Up-to-date: /home/alexander/moveit2_ws/install/moveit_ros_planning/include/moveit_ros_planning
[0.320s] -- Up-to-date: /home/alexander/moveit2_ws/install/moveit_ros_planning/include/moveit_ros_planning/moveit
[0.320s] -- Up-to-date: /home/alexander/moveit2_ws/install/moveit_ros_planning/include/moveit_ros_planning/moveit/robot_model_loader
[0.320s] -- Up-to-date: /home/alexander/moveit2_ws/install/moveit_ros_planning/include/moveit_ros_planning/moveit/robot_model_loader/robot_model_loader.h
[0.320s] -- Up-to-date: /home/alexander/moveit2_ws/install/moveit_ros_planning/include/moveit_ros_planning
[0.320s] -- Up-to-date: /home/alexander/moveit2_ws/install/moveit_ros_planning/include/moveit_ros_planning/moveit
[0.320s] -- Up-to-date: /home/alexander/moveit2_ws/install/moveit_ros_planning/include/moveit_ros_planning/moveit/trajectory_execution_manager
[0.320s] -- Up-to-date: /home/alexander/moveit2_ws/install/moveit_ros_planning/include/moveit_ros_planning/moveit/trajectory_execution_manager/trajectory_execution_manager.h
[0.321s] -- Up-to-date: /home/alexander/moveit2_ws/install/moveit_ros_planning/include/moveit_ros_planning/moveit_trajectory_execution_manager_export.h
[0.322s] -- Up-to-date: /home/alexander/moveit2_ws/install/moveit_ros_planning/lib/libmoveit_collision_plugin_loader.so.2.9.0
[0.322s] -- Up-to-date: /home/alexander/moveit2_ws/install/moveit_ros_planning/lib/libmoveit_collision_plugin_loader.so
[0.322s] -- Up-to-date: /home/alexander/moveit2_ws/install/moveit_ros_planning/lib/libmoveit_constraint_sampler_manager_loader.so.2.9.0
[0.322s] -- Up-to-date: /home/alexander/moveit2_ws/install/moveit_ros_planning/lib/libmoveit_constraint_sampler_manager_loader.so
[0.322s] -- Up-to-date: /home/alexander/moveit2_ws/install/moveit_ros_planning/lib/libmoveit_cpp.so.2.9.0
[0.322s] -- Up-to-date: /home/alexander/moveit2_ws/install/moveit_ros_planning/lib/libmoveit_cpp.so
[0.322s] -- Up-to-date: /home/alexander/moveit2_ws/install/moveit_ros_planning/lib/libmoveit_default_planning_request_adapter_plugins.so.2.9.0
[0.322s] -- Up-to-date: /home/alexander/moveit2_ws/install/moveit_ros_planning/lib/libmoveit_default_planning_request_adapter_plugins.so
[0.322s] -- Up-to-date: /home/alexander/moveit2_ws/install/moveit_ros_planning/lib/libmoveit_default_planning_response_adapter_plugins.so.2.9.0
[0.322s] -- Up-to-date: /home/alexander/moveit2_ws/install/moveit_ros_planning/lib/libmoveit_default_planning_response_adapter_plugins.so
[0.322s] -- Up-to-date: /home/alexander/moveit2_ws/install/moveit_ros_planning/lib/libmoveit_kinematics_plugin_loader.so.2.9.0
[0.322s] -- Up-to-date: /home/alexander/moveit2_ws/install/moveit_ros_planning/lib/libmoveit_kinematics_plugin_loader.so
[0.322s] -- Up-to-date: /home/alexander/moveit2_ws/install/moveit_ros_planning/lib/libmoveit_plan_execution.so.2.9.0
[0.322s] -- Up-to-date: /home/alexander/moveit2_ws/install/moveit_ros_planning/lib/libmoveit_plan_execution.so
[0.322s] -- Up-to-date: /home/alexander/moveit2_ws/install/moveit_ros_planning/lib/libmoveit_planning_pipeline.so.2.9.0
[0.322s] -- Up-to-date: /home/alexander/moveit2_ws/install/moveit_ros_planning/lib/libmoveit_planning_pipeline.so
[0.322s] -- Up-to-date: /home/alexander/moveit2_ws/install/moveit_ros_planning/lib/libmoveit_planning_pipeline_interfaces.so.2.9.0
[0.322s] -- Up-to-date: /home/alexander/moveit2_ws/install/moveit_ros_planning/lib/libmoveit_planning_pipeline_interfaces.so
[0.322s] -- Up-to-date: /home/alexander/moveit2_ws/install/moveit_ros_planning/lib/libmoveit_planning_scene_monitor.so.2.9.0
[0.322s] -- Up-to-date: /home/alexander/moveit2_ws/install/moveit_ros_planning/lib/libmoveit_planning_scene_monitor.so
[0.322s] -- Up-to-date: /home/alexander/moveit2_ws/install/moveit_ros_planning/lib/libmoveit_rdf_loader.so.2.9.0
[0.322s] -- Up-to-date: /home/alexander/moveit2_ws/install/moveit_ros_planning/lib/libmoveit_rdf_loader.so
[0.322s] -- Up-to-date: /home/alexander/moveit2_ws/install/moveit_ros_planning/lib/libmoveit_robot_model_loader.so.2.9.0
[0.322s] -- Up-to-date: /home/alexander/moveit2_ws/install/moveit_ros_planning/lib/libmoveit_robot_model_loader.so
[0.323s] -- Up-to-date: /home/alexander/moveit2_ws/install/moveit_ros_planning/lib/libmoveit_trajectory_execution_manager.so.2.9.0
[0.323s] -- Up-to-date: /home/alexander/moveit2_ws/install/moveit_ros_planning/lib/libmoveit_trajectory_execution_manager.so
[0.323s] -- Up-to-date: /home/alexander/moveit2_ws/install/moveit_ros_planning/lib/libsrdf_publisher_node.so
[0.323s] -- Up-to-date: /home/alexander/moveit2_ws/install/moveit_ros_planning/share/moveit_ros_planning/environment/library_path.sh
[0.323s] -- Up-to-date: /home/alexander/moveit2_ws/install/moveit_ros_planning/share/moveit_ros_planning/environment/library_path.dsv
[0.323s] -- Up-to-date: /home/alexander/moveit2_ws/install/moveit_ros_planning/lib/moveit_ros_planning/srdf_publisher
[0.323s] -- Up-to-date: /home/alexander/moveit2_ws/install/moveit_ros_planning/share/moveit_ros_planning/default_request_adapters_plugin_description.xml
[0.323s] -- Up-to-date: /home/alexander/moveit2_ws/install/moveit_ros_planning/share/moveit_ros_planning/default_response_adapters_plugin_description.xml
[0.323s] -- Up-to-date: /home/alexander/moveit2_ws/install/moveit_ros_planning/share/moveit_ros_planning/planning_pipeline_test_plugins_description.xml
[0.323s] -- Up-to-date: /home/alexander/moveit2_ws/install/moveit_ros_planning/share/ament_index/resource_index/package_run_dependencies/moveit_ros_planning
[0.323s] -- Up-to-date: /home/alexander/moveit2_ws/install/moveit_ros_planning/share/ament_index/resource_index/parent_prefix_path/moveit_ros_planning
[0.323s] -- Up-to-date: /home/alexander/moveit2_ws/install/moveit_ros_planning/share/moveit_ros_planning/environment/ament_prefix_path.sh
[0.323s] -- Up-to-date: /home/alexander/moveit2_ws/install/moveit_ros_planning/share/moveit_ros_planning/environment/ament_prefix_path.dsv
[0.323s] -- Up-to-date: /home/alexander/moveit2_ws/install/moveit_ros_planning/share/moveit_ros_planning/environment/path.sh
[0.323s] -- Up-to-date: /home/alexander/moveit2_ws/install/moveit_ros_planning/share/moveit_ros_planning/environment/path.dsv
[0.323s] -- Up-to-date: /home/alexander/moveit2_ws/install/moveit_ros_planning/share/moveit_ros_planning/local_setup.bash
[0.323s] -- Up-to-date: /home/alexander/moveit2_ws/install/moveit_ros_planning/share/moveit_ros_planning/local_setup.sh
[0.323s] -- Up-to-date: /home/alexander/moveit2_ws/install/moveit_ros_planning/share/moveit_ros_planning/local_setup.zsh
[0.323s] -- Up-to-date: /home/alexander/moveit2_ws/install/moveit_ros_planning/share/moveit_ros_planning/local_setup.dsv
[0.323s] -- Installing: /home/alexander/moveit2_ws/install/moveit_ros_planning/share/moveit_ros_planning/package.dsv
[0.323s] -- Up-to-date: /home/alexander/moveit2_ws/install/moveit_ros_planning/share/ament_index/resource_index/packages/moveit_ros_planning
[0.324s] -- Up-to-date: /home/alexander/moveit2_ws/install/moveit_ros_planning/share/ament_index/resource_index/moveit_core__pluginlib__plugin/moveit_ros_planning
[0.324s] -- Up-to-date: /home/alexander/moveit2_ws/install/moveit_ros_planning/share/moveit_ros_planning/cmake/moveit_ros_planningTargetsExport.cmake
[0.324s] -- Up-to-date: /home/alexander/moveit2_ws/install/moveit_ros_planning/share/moveit_ros_planning/cmake/moveit_ros_planningTargetsExport-release.cmake
[0.324s] -- Up-to-date: /home/alexander/moveit2_ws/install/moveit_ros_planning/share/ament_index/resource_index/rclcpp_components/moveit_ros_planning
[0.324s] -- Up-to-date: /home/alexander/moveit2_ws/install/moveit_ros_planning/share/moveit_ros_planning/cmake/ConfigExtras.cmake
[0.324s] -- Up-to-date: /home/alexander/moveit2_ws/install/moveit_ros_planning/share/moveit_ros_planning/cmake/ament_cmake_export_targets-extras.cmake
[0.324s] -- Up-to-date: /home/alexander/moveit2_ws/install/moveit_ros_planning/share/moveit_ros_planning/cmake/ament_cmake_export_dependencies-extras.cmake
[0.324s] -- Up-to-date: /home/alexander/moveit2_ws/install/moveit_ros_planning/share/moveit_ros_planning/cmake/moveit_ros_planningConfig.cmake
[0.324s] -- Up-to-date: /home/alexander/moveit2_ws/install/moveit_ros_planning/share/moveit_ros_planning/cmake/moveit_ros_planningConfig-version.cmake
[0.324s] -- Up-to-date: /home/alexander/moveit2_ws/install/moveit_ros_planning/share/moveit_ros_planning/package.xml
[0.325s] Invoked command in '/home/alexander/moveit2_ws/build/moveit_ros_planning' returned '0': AMENT_PREFIX_PATH=/home/alexander/moveit2_ws/install/moveit_ros_occupancy_map_monitor:/home/alexander/moveit2_ws/install/moveit_core:/home/alexander/moveit2_ws/install/moveit_configs_utils:/home/alexander/moveit2_ws/install/moveit_common:${AMENT_PREFIX_PATH} CMAKE_PREFIX_PATH=/home/alexander/moveit2_ws/install/moveit_ros_occupancy_map_monitor:/home/alexander/moveit2_ws/install/moveit_core:/home/alexander/moveit2_ws/install/moveit_common:/opt/ros/humble LD_LIBRARY_PATH=/home/alexander/moveit2_ws/install/moveit_ros_occupancy_map_monitor/lib:/home/alexander/moveit2_ws/install/moveit_core/lib:${LD_LIBRARY_PATH} PATH=/home/alexander/moveit2_ws/install/moveit_core/bin:${PATH} PYTHONPATH=/home/alexander/moveit2_ws/install/moveit_configs_utils/lib/python3.10/site-packages:${PYTHONPATH} /usr/bin/cmake --install /home/alexander/moveit2_ws/build/moveit_ros_planning
