[0.041s] Invoking command in '/home/alexander/moveit2_ws/build/moveit_py': CMAKE_PREFIX_PATH=/home/alexander/moveit2_ws/install/moveit_ros_planning_interface:/home/alexander/moveit2_ws/install/moveit_ros_move_group:/home/alexander/moveit2_ws/install/moveit_ros_warehouse:/home/alexander/moveit2_ws/install/moveit_kinematics:/home/alexander/moveit2_ws/install/moveit_ros_planning:/home/alexander/moveit2_ws/install/moveit_ros_occupancy_map_monitor:/home/alexander/moveit2_ws/install/moveit_core:/home/alexander/moveit2_ws/install/moveit_common:/home/alexander/moveit2_ws/install/pilz_industrial_motion_planner_testutils:/home/alexander/moveit2_ws/install/panda_moveit_config:/home/alexander/moveit2_ws/install/moveit_runtime:/home/alexander/moveit2_ws/install/moveit:/home/alexander/moveit2_ws/install/moveit_planners:/home/alexander/moveit2_ws/install/pilz_industrial_motion_planner:/home/alexander/moveit2_ws/install/moveit_ros_control_interface:/home/alexander/moveit2_ws/install/moveit_plugins:/home/alexander/moveit2_ws/install/moveit_simple_controller_manager:/home/alexander/moveit2_ws/install/moveit_setup_assistant:/home/alexander/moveit2_ws/install/moveit_setup_srdf_plugins:/home/alexander/moveit2_ws/install/moveit_setup_core_plugins:/home/alexander/moveit2_ws/install/moveit_setup_controllers:/home/alexander/moveit2_ws/install/moveit_setup_app_plugins:/home/alexander/moveit2_ws/install/moveit_setup_framework:/home/alexander/moveit2_ws/install/moveit_servo:/home/alexander/moveit2_ws/install/moveit_ros:/home/alexander/moveit2_ws/install/moveit_ros_visualization:/home/alexander/moveit2_ws/install/moveit_py:/home/alexander/moveit2_ws/install/moveit_hybrid_planning:/home/alexander/moveit2_ws/install/moveit_ros_benchmarks:/home/alexander/moveit2_ws/install/moveit_ros_robot_interaction:/home/alexander/moveit2_ws/install/moveit_ros_perception:/home/alexander/moveit2_ws/install/moveit_resources_prbt_pg70_support:/home/alexander/moveit2_ws/install/moveit_resources_prbt_moveit_config:/home/alexander/moveit2_ws/install/moveit_planners_ompl:/home/alexander/moveit2_ws/install/moveit_resources_prbt_support:/home/alexander/moveit2_ws/install/moveit_resources_prbt_ikfast_manipulator_plugin:/home/alexander/moveit2_ws/install/moveit_planners_stomp:/home/alexander/moveit2_ws/install/moveit_planners_chomp:/home/alexander/moveit2_ws/install/chomp_motion_planner:/home/alexander/moveit2_ws/install/arduinobot_description:/home/alexander/moveit2_ws/install/moveit_configs_utils:/opt/ros/humble LD_LIBRARY_PATH=/home/alexander/moveit2_ws/install/moveit_ros_planning_interface/lib:/home/alexander/moveit2_ws/install/moveit_ros_move_group/lib:/home/alexander/moveit2_ws/install/moveit_ros_warehouse/lib:/home/alexander/moveit2_ws/install/moveit_kinematics/lib:/home/alexander/moveit2_ws/install/moveit_ros_planning/lib:/home/alexander/moveit2_ws/install/moveit_ros_occupancy_map_monitor/lib:/home/alexander/moveit2_ws/install/moveit_core/lib:/home/alexander/moveit2_ws/install/pilz_industrial_motion_planner_testutils/lib:/home/alexander/moveit2_ws/install/pilz_industrial_motion_planner/lib:/home/alexander/moveit2_ws/install/moveit_ros_control_interface/lib:/home/alexander/moveit2_ws/install/moveit_simple_controller_manager/lib:/home/alexander/moveit2_ws/install/moveit_setup_assistant/lib:/home/alexander/moveit2_ws/install/moveit_setup_srdf_plugins/lib:/home/alexander/moveit2_ws/install/moveit_setup_core_plugins/lib:/home/alexander/moveit2_ws/install/moveit_setup_controllers/lib:/home/alexander/moveit2_ws/install/moveit_setup_app_plugins/lib:/home/alexander/moveit2_ws/install/moveit_setup_framework/lib:/home/alexander/moveit2_ws/install/moveit_servo/lib:/home/alexander/moveit2_ws/install/moveit_ros_visualization/lib:/home/alexander/moveit2_ws/install/moveit_py/lib:/home/alexander/moveit2_ws/install/moveit_hybrid_planning/lib:/home/alexander/moveit2_ws/install/moveit_ros_benchmarks/lib:/home/alexander/moveit2_ws/install/moveit_ros_robot_interaction/lib:/home/alexander/moveit2_ws/install/moveit_ros_perception/lib:/home/alexander/moveit2_ws/install/moveit_planners_ompl/lib:/home/alexander/moveit2_ws/install/moveit_resources_prbt_ikfast_manipulator_plugin/lib:/home/alexander/moveit2_ws/install/moveit_planners_stomp/lib:/home/alexander/moveit2_ws/install/moveit_planners_chomp/lib:/home/alexander/moveit2_ws/install/chomp_motion_planner/lib:/opt/ros/humble/opt/rviz_ogre_vendor/lib:/opt/ros/humble/lib/x86_64-linux-gnu:/opt/ros/humble/lib /usr/bin/cmake /home/alexander/moveit2_ws/src/moveit2-main/moveit_py -DCMAKE_INSTALL_PREFIX=/home/alexander/moveit2_ws/install/moveit_py
[0.051s] -- Found ament_cmake: 1.3.8 (/opt/ros/humble/share/ament_cmake/cmake)
[0.103s] -- Found Python3: /usr/bin/python3 (found version "3.10.12") found components: Interpreter 
[0.167s] -- Found rclcpp: 16.0.8 (/opt/ros/humble/share/rclcpp/cmake)
[0.191s] -- Found rosidl_generator_c: 3.1.5 (/opt/ros/humble/share/rosidl_generator_c/cmake)
[0.192s] -- Found rosidl_adapter: 3.1.5 (/opt/ros/humble/share/rosidl_adapter/cmake)
[0.196s] -- Found rosidl_generator_cpp: 3.1.5 (/opt/ros/humble/share/rosidl_generator_cpp/cmake)
[0.205s] -- Using all available rosidl_typesupport_c: rosidl_typesupport_fastrtps_c;rosidl_typesupport_introspection_c
[0.215s] -- Using all available rosidl_typesupport_cpp: rosidl_typesupport_fastrtps_cpp;rosidl_typesupport_introspection_cpp
[0.277s] -- Found rmw_implementation_cmake: 6.1.1 (/opt/ros/humble/share/rmw_implementation_cmake/cmake)
[0.279s] -- Found rmw_fastrtps_cpp: 6.2.6 (/opt/ros/humble/share/rmw_fastrtps_cpp/cmake)
[0.382s] -- Using RMW implementation 'rmw_fastrtps_cpp' as default
[0.483s] -- Found rclpy: 3.3.12 (/opt/ros/humble/share/rclpy/cmake)
[0.483s] -- Found geometry_msgs: 4.2.3 (/opt/ros/humble/share/geometry_msgs/cmake)
[0.510s] -- Found moveit_ros_planning: 2.9.0 (/home/alexander/moveit2_ws/install/moveit_ros_planning/share/moveit_ros_planning/cmake)
[0.519s] -- Found Boost: /usr/lib/x86_64-linux-gnu/cmake/Boost-1.74.0/BoostConfig.cmake (found version "1.74.0") found components: system filesystem date_time program_options thread chrono 
[0.523s] -- Found parameter_traits: 0.3.8 (/opt/ros/humble/share/parameter_traits/cmake)
[0.536s] -- Found rclcpp_lifecycle: 16.0.8 (/opt/ros/humble/share/rclcpp_lifecycle/cmake)
[0.574s] -- Found Boost: /usr/lib/x86_64-linux-gnu/cmake/Boost-1.74.0/BoostConfig.cmake (found version "1.74.0") found components: chrono date_time filesystem iostreams program_options regex serialization system thread 
[0.591s] -- Found Boost: /usr/lib/x86_64-linux-gnu/cmake/Boost-1.74.0/BoostConfig.cmake (found version "1.74.0") found components: filesystem 
[0.622s] -- library: /usr/lib/x86_64-linux-gnu/libcurl.so
[0.830s] -- Ensuring Eigen3 include directory is part of orocos-kdl CMake target
[2.024s] -- Found moveit_ros_planning_interface: 2.9.0 (/home/alexander/moveit2_ws/install/moveit_ros_planning_interface/share/moveit_ros_planning_interface/cmake)
[2.028s] -- Found Boost: /usr/lib/x86_64-linux-gnu/cmake/Boost-1.74.0/BoostConfig.cmake (found version "1.74.0") found components: date_time filesystem program_options system thread 
[2.185s] -- Found Boost: /usr/lib/x86_64-linux-gnu/cmake/Boost-1.74.0/BoostConfig.cmake (found version "1.74.0") found components: thread system filesystem regex date_time program_options 
[2.367s] -- Found Boost: /usr/lib/x86_64-linux-gnu/cmake/Boost-1.74.0/BoostConfig.cmake (found version "1.74.0") found components: system filesystem date_time program_options thread 
[2.620s] -- Found Python3: /usr/bin/python3 (found version "3.10.12") found components: Interpreter Development Development.Module Development.Embed 
[2.624s] -- Found pybind11_vendor: 2.4.2 (/opt/ros/humble/share/pybind11_vendor/cmake)
[2.628s] -- Found pybind11: /usr/include (found version "2.9.1")
[2.684s] -- Found ament_cmake_pytest: 1.3.8 (/opt/ros/humble/share/ament_cmake_pytest/cmake)
[3.305s] -- Configuring done
[3.343s] -- Generating done
[3.344s] -- Build files have been written to: /home/alexander/moveit2_ws/build/moveit_py
[3.358s] Invoked command in '/home/alexander/moveit2_ws/build/moveit_py' returned '0': CMAKE_PREFIX_PATH=/home/alexander/moveit2_ws/install/moveit_ros_planning_interface:/home/alexander/moveit2_ws/install/moveit_ros_move_group:/home/alexander/moveit2_ws/install/moveit_ros_warehouse:/home/alexander/moveit2_ws/install/moveit_kinematics:/home/alexander/moveit2_ws/install/moveit_ros_planning:/home/alexander/moveit2_ws/install/moveit_ros_occupancy_map_monitor:/home/alexander/moveit2_ws/install/moveit_core:/home/alexander/moveit2_ws/install/moveit_common:/home/alexander/moveit2_ws/install/pilz_industrial_motion_planner_testutils:/home/alexander/moveit2_ws/install/panda_moveit_config:/home/alexander/moveit2_ws/install/moveit_runtime:/home/alexander/moveit2_ws/install/moveit:/home/alexander/moveit2_ws/install/moveit_planners:/home/alexander/moveit2_ws/install/pilz_industrial_motion_planner:/home/alexander/moveit2_ws/install/moveit_ros_control_interface:/home/alexander/moveit2_ws/install/moveit_plugins:/home/alexander/moveit2_ws/install/moveit_simple_controller_manager:/home/alexander/moveit2_ws/install/moveit_setup_assistant:/home/alexander/moveit2_ws/install/moveit_setup_srdf_plugins:/home/alexander/moveit2_ws/install/moveit_setup_core_plugins:/home/alexander/moveit2_ws/install/moveit_setup_controllers:/home/alexander/moveit2_ws/install/moveit_setup_app_plugins:/home/alexander/moveit2_ws/install/moveit_setup_framework:/home/alexander/moveit2_ws/install/moveit_servo:/home/alexander/moveit2_ws/install/moveit_ros:/home/alexander/moveit2_ws/install/moveit_ros_visualization:/home/alexander/moveit2_ws/install/moveit_py:/home/alexander/moveit2_ws/install/moveit_hybrid_planning:/home/alexander/moveit2_ws/install/moveit_ros_benchmarks:/home/alexander/moveit2_ws/install/moveit_ros_robot_interaction:/home/alexander/moveit2_ws/install/moveit_ros_perception:/home/alexander/moveit2_ws/install/moveit_resources_prbt_pg70_support:/home/alexander/moveit2_ws/install/moveit_resources_prbt_moveit_config:/home/alexander/moveit2_ws/install/moveit_planners_ompl:/home/alexander/moveit2_ws/install/moveit_resources_prbt_support:/home/alexander/moveit2_ws/install/moveit_resources_prbt_ikfast_manipulator_plugin:/home/alexander/moveit2_ws/install/moveit_planners_stomp:/home/alexander/moveit2_ws/install/moveit_planners_chomp:/home/alexander/moveit2_ws/install/chomp_motion_planner:/home/alexander/moveit2_ws/install/arduinobot_description:/home/alexander/moveit2_ws/install/moveit_configs_utils:/opt/ros/humble LD_LIBRARY_PATH=/home/alexander/moveit2_ws/install/moveit_ros_planning_interface/lib:/home/alexander/moveit2_ws/install/moveit_ros_move_group/lib:/home/alexander/moveit2_ws/install/moveit_ros_warehouse/lib:/home/alexander/moveit2_ws/install/moveit_kinematics/lib:/home/alexander/moveit2_ws/install/moveit_ros_planning/lib:/home/alexander/moveit2_ws/install/moveit_ros_occupancy_map_monitor/lib:/home/alexander/moveit2_ws/install/moveit_core/lib:/home/alexander/moveit2_ws/install/pilz_industrial_motion_planner_testutils/lib:/home/alexander/moveit2_ws/install/pilz_industrial_motion_planner/lib:/home/alexander/moveit2_ws/install/moveit_ros_control_interface/lib:/home/alexander/moveit2_ws/install/moveit_simple_controller_manager/lib:/home/alexander/moveit2_ws/install/moveit_setup_assistant/lib:/home/alexander/moveit2_ws/install/moveit_setup_srdf_plugins/lib:/home/alexander/moveit2_ws/install/moveit_setup_core_plugins/lib:/home/alexander/moveit2_ws/install/moveit_setup_controllers/lib:/home/alexander/moveit2_ws/install/moveit_setup_app_plugins/lib:/home/alexander/moveit2_ws/install/moveit_setup_framework/lib:/home/alexander/moveit2_ws/install/moveit_servo/lib:/home/alexander/moveit2_ws/install/moveit_ros_visualization/lib:/home/alexander/moveit2_ws/install/moveit_py/lib:/home/alexander/moveit2_ws/install/moveit_hybrid_planning/lib:/home/alexander/moveit2_ws/install/moveit_ros_benchmarks/lib:/home/alexander/moveit2_ws/install/moveit_ros_robot_interaction/lib:/home/alexander/moveit2_ws/install/moveit_ros_perception/lib:/home/alexander/moveit2_ws/install/moveit_planners_ompl/lib:/home/alexander/moveit2_ws/install/moveit_resources_prbt_ikfast_manipulator_plugin/lib:/home/alexander/moveit2_ws/install/moveit_planners_stomp/lib:/home/alexander/moveit2_ws/install/moveit_planners_chomp/lib:/home/alexander/moveit2_ws/install/chomp_motion_planner/lib:/opt/ros/humble/opt/rviz_ogre_vendor/lib:/opt/ros/humble/lib/x86_64-linux-gnu:/opt/ros/humble/lib /usr/bin/cmake /home/alexander/moveit2_ws/src/moveit2-main/moveit_py -DCMAKE_INSTALL_PREFIX=/home/alexander/moveit2_ws/install/moveit_py
[3.360s] Invoking command in '/home/alexander/moveit2_ws/build/moveit_py': CMAKE_PREFIX_PATH=/home/alexander/moveit2_ws/install/moveit_ros_planning_interface:/home/alexander/moveit2_ws/install/moveit_ros_move_group:/home/alexander/moveit2_ws/install/moveit_ros_warehouse:/home/alexander/moveit2_ws/install/moveit_kinematics:/home/alexander/moveit2_ws/install/moveit_ros_planning:/home/alexander/moveit2_ws/install/moveit_ros_occupancy_map_monitor:/home/alexander/moveit2_ws/install/moveit_core:/home/alexander/moveit2_ws/install/moveit_common:/home/alexander/moveit2_ws/install/pilz_industrial_motion_planner_testutils:/home/alexander/moveit2_ws/install/panda_moveit_config:/home/alexander/moveit2_ws/install/moveit_runtime:/home/alexander/moveit2_ws/install/moveit:/home/alexander/moveit2_ws/install/moveit_planners:/home/alexander/moveit2_ws/install/pilz_industrial_motion_planner:/home/alexander/moveit2_ws/install/moveit_ros_control_interface:/home/alexander/moveit2_ws/install/moveit_plugins:/home/alexander/moveit2_ws/install/moveit_simple_controller_manager:/home/alexander/moveit2_ws/install/moveit_setup_assistant:/home/alexander/moveit2_ws/install/moveit_setup_srdf_plugins:/home/alexander/moveit2_ws/install/moveit_setup_core_plugins:/home/alexander/moveit2_ws/install/moveit_setup_controllers:/home/alexander/moveit2_ws/install/moveit_setup_app_plugins:/home/alexander/moveit2_ws/install/moveit_setup_framework:/home/alexander/moveit2_ws/install/moveit_servo:/home/alexander/moveit2_ws/install/moveit_ros:/home/alexander/moveit2_ws/install/moveit_ros_visualization:/home/alexander/moveit2_ws/install/moveit_py:/home/alexander/moveit2_ws/install/moveit_hybrid_planning:/home/alexander/moveit2_ws/install/moveit_ros_benchmarks:/home/alexander/moveit2_ws/install/moveit_ros_robot_interaction:/home/alexander/moveit2_ws/install/moveit_ros_perception:/home/alexander/moveit2_ws/install/moveit_resources_prbt_pg70_support:/home/alexander/moveit2_ws/install/moveit_resources_prbt_moveit_config:/home/alexander/moveit2_ws/install/moveit_planners_ompl:/home/alexander/moveit2_ws/install/moveit_resources_prbt_support:/home/alexander/moveit2_ws/install/moveit_resources_prbt_ikfast_manipulator_plugin:/home/alexander/moveit2_ws/install/moveit_planners_stomp:/home/alexander/moveit2_ws/install/moveit_planners_chomp:/home/alexander/moveit2_ws/install/chomp_motion_planner:/home/alexander/moveit2_ws/install/arduinobot_description:/home/alexander/moveit2_ws/install/moveit_configs_utils:/opt/ros/humble LD_LIBRARY_PATH=/home/alexander/moveit2_ws/install/moveit_ros_planning_interface/lib:/home/alexander/moveit2_ws/install/moveit_ros_move_group/lib:/home/alexander/moveit2_ws/install/moveit_ros_warehouse/lib:/home/alexander/moveit2_ws/install/moveit_kinematics/lib:/home/alexander/moveit2_ws/install/moveit_ros_planning/lib:/home/alexander/moveit2_ws/install/moveit_ros_occupancy_map_monitor/lib:/home/alexander/moveit2_ws/install/moveit_core/lib:/home/alexander/moveit2_ws/install/pilz_industrial_motion_planner_testutils/lib:/home/alexander/moveit2_ws/install/pilz_industrial_motion_planner/lib:/home/alexander/moveit2_ws/install/moveit_ros_control_interface/lib:/home/alexander/moveit2_ws/install/moveit_simple_controller_manager/lib:/home/alexander/moveit2_ws/install/moveit_setup_assistant/lib:/home/alexander/moveit2_ws/install/moveit_setup_srdf_plugins/lib:/home/alexander/moveit2_ws/install/moveit_setup_core_plugins/lib:/home/alexander/moveit2_ws/install/moveit_setup_controllers/lib:/home/alexander/moveit2_ws/install/moveit_setup_app_plugins/lib:/home/alexander/moveit2_ws/install/moveit_setup_framework/lib:/home/alexander/moveit2_ws/install/moveit_servo/lib:/home/alexander/moveit2_ws/install/moveit_ros_visualization/lib:/home/alexander/moveit2_ws/install/moveit_py/lib:/home/alexander/moveit2_ws/install/moveit_hybrid_planning/lib:/home/alexander/moveit2_ws/install/moveit_ros_benchmarks/lib:/home/alexander/moveit2_ws/install/moveit_ros_robot_interaction/lib:/home/alexander/moveit2_ws/install/moveit_ros_perception/lib:/home/alexander/moveit2_ws/install/moveit_planners_ompl/lib:/home/alexander/moveit2_ws/install/moveit_resources_prbt_ikfast_manipulator_plugin/lib:/home/alexander/moveit2_ws/install/moveit_planners_stomp/lib:/home/alexander/moveit2_ws/install/moveit_planners_chomp/lib:/home/alexander/moveit2_ws/install/chomp_motion_planner/lib:/opt/ros/humble/opt/rviz_ogre_vendor/lib:/opt/ros/humble/lib/x86_64-linux-gnu:/opt/ros/humble/lib /usr/bin/cmake --build /home/alexander/moveit2_ws/build/moveit_py -- -j14 -l14
[3.401s] [35m[1mConsolidate compiler generated dependencies of target moveit_py_utils[0m
[3.426s] [  8%] [32mBuilding CXX object src/moveit/moveit_py_utils/CMakeFiles/moveit_py_utils.dir/src/ros_msg_typecasters.cpp.o[0m
[3.426s] [  8%] [32mBuilding CXX object src/moveit/moveit_py_utils/CMakeFiles/moveit_py_utils.dir/src/copy_ros_msg.cpp.o[0m
[3.426s] [  0%] Built target ament_cmake_python_copy_moveit
[3.604s] running egg_info
[3.604s] writing moveit.egg-info/PKG-INFO
[3.604s] writing dependency_links to moveit.egg-info/dependency_links.txt
[3.605s] writing top-level names to moveit.egg-info/top_level.txt
[3.606s] reading manifest file 'moveit.egg-info/SOURCES.txt'
[3.606s] writing manifest file 'moveit.egg-info/SOURCES.txt'
[3.637s] [  8%] Built target ament_cmake_python_build_moveit_egg
[8.044s] [ 12%] [32m[1mLinking CXX shared library libmoveit_py_utils.so[0m
[8.554s] [ 12%] Built target moveit_py_utils
[8.575s] [35m[1mConsolidate compiler generated dependencies of target planning[0m
[8.577s] [35m[1mConsolidate compiler generated dependencies of target core[0m
[8.626s] [ 16%] [32m[1mLinking CXX shared module test_moveit/planning.cpython-310-x86_64-linux-gnu.so[0m
[8.645s] [ 20%] [32m[1mLinking CXX shared module test_moveit/core.cpython-310-x86_64-linux-gnu.so[0m
[8.956s] [01m[K/usr/include/pybind11/stl.h:172:49:[m[K [01;36m[Knote: [m[Ktype ‘[01m[Kstruct type_caster[m[K’ itself violates the C++ One Definition Rule
[8.956s]   172 | template <typename Type, typename Alloc> struct type_caster<std::vector<Type, Alloc>>
[8.956s]       |                                                 [01;36m[K^[m[K
[8.956s] [01m[K/usr/include/pybind11/cast.h:33:56:[m[K [01;36m[Knote: [m[Kthe incompatible type is defined here
[8.956s]    33 | template <typename type, typename SFINAE = void> class type_caster : public type_caster_base<type> { };
[8.956s]       |                                                        [01;36m[K^[m[K
[9.262s] lto-wrapper: warning: using serial compilation of 7 LTRANS jobs
[9.451s] lto-wrapper: warning: using serial compilation of 9 LTRANS jobs
[14.088s] [ 41%] Built target planning
[15.934s] [100%] Built target core
[15.946s] Invoked command in '/home/alexander/moveit2_ws/build/moveit_py' returned '0': CMAKE_PREFIX_PATH=/home/alexander/moveit2_ws/install/moveit_ros_planning_interface:/home/alexander/moveit2_ws/install/moveit_ros_move_group:/home/alexander/moveit2_ws/install/moveit_ros_warehouse:/home/alexander/moveit2_ws/install/moveit_kinematics:/home/alexander/moveit2_ws/install/moveit_ros_planning:/home/alexander/moveit2_ws/install/moveit_ros_occupancy_map_monitor:/home/alexander/moveit2_ws/install/moveit_core:/home/alexander/moveit2_ws/install/moveit_common:/home/alexander/moveit2_ws/install/pilz_industrial_motion_planner_testutils:/home/alexander/moveit2_ws/install/panda_moveit_config:/home/alexander/moveit2_ws/install/moveit_runtime:/home/alexander/moveit2_ws/install/moveit:/home/alexander/moveit2_ws/install/moveit_planners:/home/alexander/moveit2_ws/install/pilz_industrial_motion_planner:/home/alexander/moveit2_ws/install/moveit_ros_control_interface:/home/alexander/moveit2_ws/install/moveit_plugins:/home/alexander/moveit2_ws/install/moveit_simple_controller_manager:/home/alexander/moveit2_ws/install/moveit_setup_assistant:/home/alexander/moveit2_ws/install/moveit_setup_srdf_plugins:/home/alexander/moveit2_ws/install/moveit_setup_core_plugins:/home/alexander/moveit2_ws/install/moveit_setup_controllers:/home/alexander/moveit2_ws/install/moveit_setup_app_plugins:/home/alexander/moveit2_ws/install/moveit_setup_framework:/home/alexander/moveit2_ws/install/moveit_servo:/home/alexander/moveit2_ws/install/moveit_ros:/home/alexander/moveit2_ws/install/moveit_ros_visualization:/home/alexander/moveit2_ws/install/moveit_py:/home/alexander/moveit2_ws/install/moveit_hybrid_planning:/home/alexander/moveit2_ws/install/moveit_ros_benchmarks:/home/alexander/moveit2_ws/install/moveit_ros_robot_interaction:/home/alexander/moveit2_ws/install/moveit_ros_perception:/home/alexander/moveit2_ws/install/moveit_resources_prbt_pg70_support:/home/alexander/moveit2_ws/install/moveit_resources_prbt_moveit_config:/home/alexander/moveit2_ws/install/moveit_planners_ompl:/home/alexander/moveit2_ws/install/moveit_resources_prbt_support:/home/alexander/moveit2_ws/install/moveit_resources_prbt_ikfast_manipulator_plugin:/home/alexander/moveit2_ws/install/moveit_planners_stomp:/home/alexander/moveit2_ws/install/moveit_planners_chomp:/home/alexander/moveit2_ws/install/chomp_motion_planner:/home/alexander/moveit2_ws/install/arduinobot_description:/home/alexander/moveit2_ws/install/moveit_configs_utils:/opt/ros/humble LD_LIBRARY_PATH=/home/alexander/moveit2_ws/install/moveit_ros_planning_interface/lib:/home/alexander/moveit2_ws/install/moveit_ros_move_group/lib:/home/alexander/moveit2_ws/install/moveit_ros_warehouse/lib:/home/alexander/moveit2_ws/install/moveit_kinematics/lib:/home/alexander/moveit2_ws/install/moveit_ros_planning/lib:/home/alexander/moveit2_ws/install/moveit_ros_occupancy_map_monitor/lib:/home/alexander/moveit2_ws/install/moveit_core/lib:/home/alexander/moveit2_ws/install/pilz_industrial_motion_planner_testutils/lib:/home/alexander/moveit2_ws/install/pilz_industrial_motion_planner/lib:/home/alexander/moveit2_ws/install/moveit_ros_control_interface/lib:/home/alexander/moveit2_ws/install/moveit_simple_controller_manager/lib:/home/alexander/moveit2_ws/install/moveit_setup_assistant/lib:/home/alexander/moveit2_ws/install/moveit_setup_srdf_plugins/lib:/home/alexander/moveit2_ws/install/moveit_setup_core_plugins/lib:/home/alexander/moveit2_ws/install/moveit_setup_controllers/lib:/home/alexander/moveit2_ws/install/moveit_setup_app_plugins/lib:/home/alexander/moveit2_ws/install/moveit_setup_framework/lib:/home/alexander/moveit2_ws/install/moveit_servo/lib:/home/alexander/moveit2_ws/install/moveit_ros_visualization/lib:/home/alexander/moveit2_ws/install/moveit_py/lib:/home/alexander/moveit2_ws/install/moveit_hybrid_planning/lib:/home/alexander/moveit2_ws/install/moveit_ros_benchmarks/lib:/home/alexander/moveit2_ws/install/moveit_ros_robot_interaction/lib:/home/alexander/moveit2_ws/install/moveit_ros_perception/lib:/home/alexander/moveit2_ws/install/moveit_planners_ompl/lib:/home/alexander/moveit2_ws/install/moveit_resources_prbt_ikfast_manipulator_plugin/lib:/home/alexander/moveit2_ws/install/moveit_planners_stomp/lib:/home/alexander/moveit2_ws/install/moveit_planners_chomp/lib:/home/alexander/moveit2_ws/install/chomp_motion_planner/lib:/opt/ros/humble/opt/rviz_ogre_vendor/lib:/opt/ros/humble/lib/x86_64-linux-gnu:/opt/ros/humble/lib /usr/bin/cmake --build /home/alexander/moveit2_ws/build/moveit_py -- -j14 -l14
[16.038s] Invoking command in '/home/alexander/moveit2_ws/build/moveit_py': CMAKE_PREFIX_PATH=/home/alexander/moveit2_ws/install/moveit_ros_planning_interface:/home/alexander/moveit2_ws/install/moveit_ros_move_group:/home/alexander/moveit2_ws/install/moveit_ros_warehouse:/home/alexander/moveit2_ws/install/moveit_kinematics:/home/alexander/moveit2_ws/install/moveit_ros_planning:/home/alexander/moveit2_ws/install/moveit_ros_occupancy_map_monitor:/home/alexander/moveit2_ws/install/moveit_core:/home/alexander/moveit2_ws/install/moveit_common:/home/alexander/moveit2_ws/install/pilz_industrial_motion_planner_testutils:/home/alexander/moveit2_ws/install/panda_moveit_config:/home/alexander/moveit2_ws/install/moveit_runtime:/home/alexander/moveit2_ws/install/moveit:/home/alexander/moveit2_ws/install/moveit_planners:/home/alexander/moveit2_ws/install/pilz_industrial_motion_planner:/home/alexander/moveit2_ws/install/moveit_ros_control_interface:/home/alexander/moveit2_ws/install/moveit_plugins:/home/alexander/moveit2_ws/install/moveit_simple_controller_manager:/home/alexander/moveit2_ws/install/moveit_setup_assistant:/home/alexander/moveit2_ws/install/moveit_setup_srdf_plugins:/home/alexander/moveit2_ws/install/moveit_setup_core_plugins:/home/alexander/moveit2_ws/install/moveit_setup_controllers:/home/alexander/moveit2_ws/install/moveit_setup_app_plugins:/home/alexander/moveit2_ws/install/moveit_setup_framework:/home/alexander/moveit2_ws/install/moveit_servo:/home/alexander/moveit2_ws/install/moveit_ros:/home/alexander/moveit2_ws/install/moveit_ros_visualization:/home/alexander/moveit2_ws/install/moveit_py:/home/alexander/moveit2_ws/install/moveit_hybrid_planning:/home/alexander/moveit2_ws/install/moveit_ros_benchmarks:/home/alexander/moveit2_ws/install/moveit_ros_robot_interaction:/home/alexander/moveit2_ws/install/moveit_ros_perception:/home/alexander/moveit2_ws/install/moveit_resources_prbt_pg70_support:/home/alexander/moveit2_ws/install/moveit_resources_prbt_moveit_config:/home/alexander/moveit2_ws/install/moveit_planners_ompl:/home/alexander/moveit2_ws/install/moveit_resources_prbt_support:/home/alexander/moveit2_ws/install/moveit_resources_prbt_ikfast_manipulator_plugin:/home/alexander/moveit2_ws/install/moveit_planners_stomp:/home/alexander/moveit2_ws/install/moveit_planners_chomp:/home/alexander/moveit2_ws/install/chomp_motion_planner:/home/alexander/moveit2_ws/install/arduinobot_description:/home/alexander/moveit2_ws/install/moveit_configs_utils:/opt/ros/humble LD_LIBRARY_PATH=/home/alexander/moveit2_ws/install/moveit_ros_planning_interface/lib:/home/alexander/moveit2_ws/install/moveit_ros_move_group/lib:/home/alexander/moveit2_ws/install/moveit_ros_warehouse/lib:/home/alexander/moveit2_ws/install/moveit_kinematics/lib:/home/alexander/moveit2_ws/install/moveit_ros_planning/lib:/home/alexander/moveit2_ws/install/moveit_ros_occupancy_map_monitor/lib:/home/alexander/moveit2_ws/install/moveit_core/lib:/home/alexander/moveit2_ws/install/pilz_industrial_motion_planner_testutils/lib:/home/alexander/moveit2_ws/install/pilz_industrial_motion_planner/lib:/home/alexander/moveit2_ws/install/moveit_ros_control_interface/lib:/home/alexander/moveit2_ws/install/moveit_simple_controller_manager/lib:/home/alexander/moveit2_ws/install/moveit_setup_assistant/lib:/home/alexander/moveit2_ws/install/moveit_setup_srdf_plugins/lib:/home/alexander/moveit2_ws/install/moveit_setup_core_plugins/lib:/home/alexander/moveit2_ws/install/moveit_setup_controllers/lib:/home/alexander/moveit2_ws/install/moveit_setup_app_plugins/lib:/home/alexander/moveit2_ws/install/moveit_setup_framework/lib:/home/alexander/moveit2_ws/install/moveit_servo/lib:/home/alexander/moveit2_ws/install/moveit_ros_visualization/lib:/home/alexander/moveit2_ws/install/moveit_py/lib:/home/alexander/moveit2_ws/install/moveit_hybrid_planning/lib:/home/alexander/moveit2_ws/install/moveit_ros_benchmarks/lib:/home/alexander/moveit2_ws/install/moveit_ros_robot_interaction/lib:/home/alexander/moveit2_ws/install/moveit_ros_perception/lib:/home/alexander/moveit2_ws/install/moveit_planners_ompl/lib:/home/alexander/moveit2_ws/install/moveit_resources_prbt_ikfast_manipulator_plugin/lib:/home/alexander/moveit2_ws/install/moveit_planners_stomp/lib:/home/alexander/moveit2_ws/install/moveit_planners_chomp/lib:/home/alexander/moveit2_ws/install/chomp_motion_planner/lib:/opt/ros/humble/opt/rviz_ogre_vendor/lib:/opt/ros/humble/lib/x86_64-linux-gnu:/opt/ros/humble/lib /usr/bin/cmake --install /home/alexander/moveit2_ws/build/moveit_py
[16.045s] -- Install configuration: "Release"
[16.045s] -- Up-to-date: /home/alexander/moveit2_ws/install/moveit_py/share/moveit_py/environment/pythonpath.sh
[16.045s] -- Installing: /home/alexander/moveit2_ws/install/moveit_py/share/moveit_py/environment/pythonpath.dsv
[16.045s] -- Up-to-date: /home/alexander/moveit2_ws/install/moveit_py/local/lib/python3.10/dist-packages/moveit-2.9.0-py3.10.egg-info
[16.045s] -- Installing: /home/alexander/moveit2_ws/install/moveit_py/local/lib/python3.10/dist-packages/moveit-2.9.0-py3.10.egg-info/top_level.txt
[16.045s] -- Installing: /home/alexander/moveit2_ws/install/moveit_py/local/lib/python3.10/dist-packages/moveit-2.9.0-py3.10.egg-info/SOURCES.txt
[16.046s] -- Installing: /home/alexander/moveit2_ws/install/moveit_py/local/lib/python3.10/dist-packages/moveit-2.9.0-py3.10.egg-info/dependency_links.txt
[16.046s] -- Installing: /home/alexander/moveit2_ws/install/moveit_py/local/lib/python3.10/dist-packages/moveit-2.9.0-py3.10.egg-info/PKG-INFO
[16.046s] -- Up-to-date: /home/alexander/moveit2_ws/install/moveit_py/local/lib/python3.10/dist-packages/moveit
[16.046s] -- Up-to-date: /home/alexander/moveit2_ws/install/moveit_py/local/lib/python3.10/dist-packages/moveit/README.md
[16.046s] -- Up-to-date: /home/alexander/moveit2_ws/install/moveit_py/local/lib/python3.10/dist-packages/moveit/core
[16.046s] -- Up-to-date: /home/alexander/moveit2_ws/install/moveit_py/local/lib/python3.10/dist-packages/moveit/core/controller_manager.pyi
[16.046s] -- Up-to-date: /home/alexander/moveit2_ws/install/moveit_py/local/lib/python3.10/dist-packages/moveit/core/kinematic_constraints.pyi
[16.046s] -- Up-to-date: /home/alexander/moveit2_ws/install/moveit_py/local/lib/python3.10/dist-packages/moveit/core/robot_state.pyi
[16.046s] -- Up-to-date: /home/alexander/moveit2_ws/install/moveit_py/local/lib/python3.10/dist-packages/moveit/core/planning_interface.pyi
[16.046s] -- Up-to-date: /home/alexander/moveit2_ws/install/moveit_py/local/lib/python3.10/dist-packages/moveit/core/robot_trajectory.pyi
[16.046s] -- Up-to-date: /home/alexander/moveit2_ws/install/moveit_py/local/lib/python3.10/dist-packages/moveit/core/robot_model.pyi
[16.046s] -- Up-to-date: /home/alexander/moveit2_ws/install/moveit_py/local/lib/python3.10/dist-packages/moveit/core/planning_scene.pyi
[16.046s] -- Up-to-date: /home/alexander/moveit2_ws/install/moveit_py/local/lib/python3.10/dist-packages/moveit/core/__init__.pyi
[16.046s] -- Up-to-date: /home/alexander/moveit2_ws/install/moveit_py/local/lib/python3.10/dist-packages/moveit/core/collision_detection.pyi
[16.046s] -- Up-to-date: /home/alexander/moveit2_ws/install/moveit_py/local/lib/python3.10/dist-packages/moveit/__init__.py
[16.046s] -- Up-to-date: /home/alexander/moveit2_ws/install/moveit_py/local/lib/python3.10/dist-packages/moveit/utils.py
[16.046s] -- Up-to-date: /home/alexander/moveit2_ws/install/moveit_py/local/lib/python3.10/dist-packages/moveit/planning.pyi
[16.046s] -- Up-to-date: /home/alexander/moveit2_ws/install/moveit_py/local/lib/python3.10/dist-packages/moveit/utils.pyi
[16.047s] -- Up-to-date: /home/alexander/moveit2_ws/install/moveit_py/local/lib/python3.10/dist-packages/moveit/policies
[16.047s] -- Up-to-date: /home/alexander/moveit2_ws/install/moveit_py/local/lib/python3.10/dist-packages/moveit/policies/policy.py
[16.047s] -- Up-to-date: /home/alexander/moveit2_ws/install/moveit_py/local/lib/python3.10/dist-packages/moveit/policies/policy.pyi
[16.047s] -- Up-to-date: /home/alexander/moveit2_ws/install/moveit_py/local/lib/python3.10/dist-packages/moveit/policies/__init__.py
[16.047s] -- Up-to-date: /home/alexander/moveit2_ws/install/moveit_py/local/lib/python3.10/dist-packages/moveit/policies/__init__.pyi
[16.047s] -- Up-to-date: /home/alexander/moveit2_ws/install/moveit_py/local/lib/python3.10/dist-packages/moveit/py.typed
[16.047s] -- Up-to-date: /home/alexander/moveit2_ws/install/moveit_py/local/lib/python3.10/dist-packages/moveit/servo_client
[16.047s] -- Up-to-date: /home/alexander/moveit2_ws/install/moveit_py/local/lib/python3.10/dist-packages/moveit/servo_client/teleop.pyi
[16.047s] -- Up-to-date: /home/alexander/moveit2_ws/install/moveit_py/local/lib/python3.10/dist-packages/moveit/servo_client/README.md
[16.047s] -- Up-to-date: /home/alexander/moveit2_ws/install/moveit_py/local/lib/python3.10/dist-packages/moveit/servo_client/devices
[16.047s] -- Up-to-date: /home/alexander/moveit2_ws/install/moveit_py/local/lib/python3.10/dist-packages/moveit/servo_client/devices/ps4_dualshock.py
[16.047s] -- Up-to-date: /home/alexander/moveit2_ws/install/moveit_py/local/lib/python3.10/dist-packages/moveit/servo_client/devices/__init__.py
[16.047s] -- Up-to-date: /home/alexander/moveit2_ws/install/moveit_py/local/lib/python3.10/dist-packages/moveit/servo_client/devices/__init__.pyi
[16.047s] -- Up-to-date: /home/alexander/moveit2_ws/install/moveit_py/local/lib/python3.10/dist-packages/moveit/servo_client/devices/ps4_dualshock.pyi
[16.047s] -- Up-to-date: /home/alexander/moveit2_ws/install/moveit_py/local/lib/python3.10/dist-packages/moveit/servo_client/__init__.py
[16.047s] -- Up-to-date: /home/alexander/moveit2_ws/install/moveit_py/local/lib/python3.10/dist-packages/moveit/servo_client/__init__.pyi
[16.047s] -- Up-to-date: /home/alexander/moveit2_ws/install/moveit_py/local/lib/python3.10/dist-packages/moveit/servo_client/teleop.py
[16.072s] Listing '/home/alexander/moveit2_ws/install/moveit_py/local/lib/python3.10/dist-packages/moveit'...
[16.072s] Listing '/home/alexander/moveit2_ws/install/moveit_py/local/lib/python3.10/dist-packages/moveit/core'...
[16.072s] Listing '/home/alexander/moveit2_ws/install/moveit_py/local/lib/python3.10/dist-packages/moveit/policies'...
[16.072s] Listing '/home/alexander/moveit2_ws/install/moveit_py/local/lib/python3.10/dist-packages/moveit/servo_client'...
[16.072s] Listing '/home/alexander/moveit2_ws/install/moveit_py/local/lib/python3.10/dist-packages/moveit/servo_client/devices'...
[16.075s] -- Installing: /home/alexander/moveit2_ws/install/moveit_py/local/lib/python3.10/dist-packages/moveit/core.cpython-310-x86_64-linux-gnu.so
[16.077s] -- Set runtime path of "/home/alexander/moveit2_ws/install/moveit_py/local/lib/python3.10/dist-packages/moveit/core.cpython-310-x86_64-linux-gnu.so" to ""
[16.077s] -- Installing: /home/alexander/moveit2_ws/install/moveit_py/local/lib/python3.10/dist-packages/moveit/planning.cpython-310-x86_64-linux-gnu.so
[16.077s] -- Set runtime path of "/home/alexander/moveit2_ws/install/moveit_py/local/lib/python3.10/dist-packages/moveit/planning.cpython-310-x86_64-linux-gnu.so" to ""
[16.077s] -- Up-to-date: /home/alexander/moveit2_ws/install/moveit_py/share/moveit_py/environment/library_path.sh
[16.077s] -- Installing: /home/alexander/moveit2_ws/install/moveit_py/share/moveit_py/environment/library_path.dsv
[16.078s] -- Up-to-date: /home/alexander/moveit2_ws/install/moveit_py/share/ament_index/resource_index/package_run_dependencies/moveit_py
[16.078s] -- Installing: /home/alexander/moveit2_ws/install/moveit_py/share/ament_index/resource_index/parent_prefix_path/moveit_py
[16.078s] -- Up-to-date: /home/alexander/moveit2_ws/install/moveit_py/share/moveit_py/environment/ament_prefix_path.sh
[16.078s] -- Installing: /home/alexander/moveit2_ws/install/moveit_py/share/moveit_py/environment/ament_prefix_path.dsv
[16.078s] -- Up-to-date: /home/alexander/moveit2_ws/install/moveit_py/share/moveit_py/environment/path.sh
[16.078s] -- Installing: /home/alexander/moveit2_ws/install/moveit_py/share/moveit_py/environment/path.dsv
[16.079s] -- Up-to-date: /home/alexander/moveit2_ws/install/moveit_py/share/moveit_py/local_setup.bash
[16.079s] -- Up-to-date: /home/alexander/moveit2_ws/install/moveit_py/share/moveit_py/local_setup.sh
[16.079s] -- Up-to-date: /home/alexander/moveit2_ws/install/moveit_py/share/moveit_py/local_setup.zsh
[16.079s] -- Installing: /home/alexander/moveit2_ws/install/moveit_py/share/moveit_py/local_setup.dsv
[16.079s] -- Installing: /home/alexander/moveit2_ws/install/moveit_py/share/moveit_py/package.dsv
[16.080s] -- Up-to-date: /home/alexander/moveit2_ws/install/moveit_py/share/ament_index/resource_index/packages/moveit_py
[16.080s] -- Up-to-date: /home/alexander/moveit2_ws/install/moveit_py/share/moveit_py/cmake/moveit_py_utilsTargetsExport.cmake
[16.080s] -- Up-to-date: /home/alexander/moveit2_ws/install/moveit_py/share/moveit_py/cmake/moveit_py_utilsTargetsExport-release.cmake
[16.080s] -- Up-to-date: /home/alexander/moveit2_ws/install/moveit_py/share/moveit_py/cmake/ament_cmake_export_targets-extras.cmake
[16.081s] -- Up-to-date: /home/alexander/moveit2_ws/install/moveit_py/share/moveit_py/cmake/ament_cmake_export_dependencies-extras.cmake
[16.081s] -- Up-to-date: /home/alexander/moveit2_ws/install/moveit_py/share/moveit_py/cmake/moveit_pyConfig.cmake
[16.081s] -- Up-to-date: /home/alexander/moveit2_ws/install/moveit_py/share/moveit_py/cmake/moveit_pyConfig-version.cmake
[16.081s] -- Up-to-date: /home/alexander/moveit2_ws/install/moveit_py/share/moveit_py/package.xml
[16.081s] -- Installing: /home/alexander/moveit2_ws/install/moveit_py/lib/libmoveit_py_utils.so.
[16.081s] -- Set runtime path of "/home/alexander/moveit2_ws/install/moveit_py/lib/libmoveit_py_utils.so." to ""
[16.081s] -- Up-to-date: /home/alexander/moveit2_ws/install/moveit_py/lib/libmoveit_py_utils.so
[16.082s] -- Up-to-date: /home/alexander/moveit2_ws/install/moveit_py/include/moveit_py
[16.082s] -- Up-to-date: /home/alexander/moveit2_ws/install/moveit_py/include/moveit_py/moveit_py
[16.082s] -- Up-to-date: /home/alexander/moveit2_ws/install/moveit_py/include/moveit_py/moveit_py/moveit_py_utils
[16.082s] -- Up-to-date: /home/alexander/moveit2_ws/install/moveit_py/include/moveit_py/moveit_py/moveit_py_utils/copy_ros_msg.h
[16.082s] -- Up-to-date: /home/alexander/moveit2_ws/install/moveit_py/include/moveit_py/moveit_py/moveit_py_utils/ros_msg_typecasters.h
[16.084s] Invoked command in '/home/alexander/moveit2_ws/build/moveit_py' returned '0': CMAKE_PREFIX_PATH=/home/alexander/moveit2_ws/install/moveit_ros_planning_interface:/home/alexander/moveit2_ws/install/moveit_ros_move_group:/home/alexander/moveit2_ws/install/moveit_ros_warehouse:/home/alexander/moveit2_ws/install/moveit_kinematics:/home/alexander/moveit2_ws/install/moveit_ros_planning:/home/alexander/moveit2_ws/install/moveit_ros_occupancy_map_monitor:/home/alexander/moveit2_ws/install/moveit_core:/home/alexander/moveit2_ws/install/moveit_common:/home/alexander/moveit2_ws/install/pilz_industrial_motion_planner_testutils:/home/alexander/moveit2_ws/install/panda_moveit_config:/home/alexander/moveit2_ws/install/moveit_runtime:/home/alexander/moveit2_ws/install/moveit:/home/alexander/moveit2_ws/install/moveit_planners:/home/alexander/moveit2_ws/install/pilz_industrial_motion_planner:/home/alexander/moveit2_ws/install/moveit_ros_control_interface:/home/alexander/moveit2_ws/install/moveit_plugins:/home/alexander/moveit2_ws/install/moveit_simple_controller_manager:/home/alexander/moveit2_ws/install/moveit_setup_assistant:/home/alexander/moveit2_ws/install/moveit_setup_srdf_plugins:/home/alexander/moveit2_ws/install/moveit_setup_core_plugins:/home/alexander/moveit2_ws/install/moveit_setup_controllers:/home/alexander/moveit2_ws/install/moveit_setup_app_plugins:/home/alexander/moveit2_ws/install/moveit_setup_framework:/home/alexander/moveit2_ws/install/moveit_servo:/home/alexander/moveit2_ws/install/moveit_ros:/home/alexander/moveit2_ws/install/moveit_ros_visualization:/home/alexander/moveit2_ws/install/moveit_py:/home/alexander/moveit2_ws/install/moveit_hybrid_planning:/home/alexander/moveit2_ws/install/moveit_ros_benchmarks:/home/alexander/moveit2_ws/install/moveit_ros_robot_interaction:/home/alexander/moveit2_ws/install/moveit_ros_perception:/home/alexander/moveit2_ws/install/moveit_resources_prbt_pg70_support:/home/alexander/moveit2_ws/install/moveit_resources_prbt_moveit_config:/home/alexander/moveit2_ws/install/moveit_planners_ompl:/home/alexander/moveit2_ws/install/moveit_resources_prbt_support:/home/alexander/moveit2_ws/install/moveit_resources_prbt_ikfast_manipulator_plugin:/home/alexander/moveit2_ws/install/moveit_planners_stomp:/home/alexander/moveit2_ws/install/moveit_planners_chomp:/home/alexander/moveit2_ws/install/chomp_motion_planner:/home/alexander/moveit2_ws/install/arduinobot_description:/home/alexander/moveit2_ws/install/moveit_configs_utils:/opt/ros/humble LD_LIBRARY_PATH=/home/alexander/moveit2_ws/install/moveit_ros_planning_interface/lib:/home/alexander/moveit2_ws/install/moveit_ros_move_group/lib:/home/alexander/moveit2_ws/install/moveit_ros_warehouse/lib:/home/alexander/moveit2_ws/install/moveit_kinematics/lib:/home/alexander/moveit2_ws/install/moveit_ros_planning/lib:/home/alexander/moveit2_ws/install/moveit_ros_occupancy_map_monitor/lib:/home/alexander/moveit2_ws/install/moveit_core/lib:/home/alexander/moveit2_ws/install/pilz_industrial_motion_planner_testutils/lib:/home/alexander/moveit2_ws/install/pilz_industrial_motion_planner/lib:/home/alexander/moveit2_ws/install/moveit_ros_control_interface/lib:/home/alexander/moveit2_ws/install/moveit_simple_controller_manager/lib:/home/alexander/moveit2_ws/install/moveit_setup_assistant/lib:/home/alexander/moveit2_ws/install/moveit_setup_srdf_plugins/lib:/home/alexander/moveit2_ws/install/moveit_setup_core_plugins/lib:/home/alexander/moveit2_ws/install/moveit_setup_controllers/lib:/home/alexander/moveit2_ws/install/moveit_setup_app_plugins/lib:/home/alexander/moveit2_ws/install/moveit_setup_framework/lib:/home/alexander/moveit2_ws/install/moveit_servo/lib:/home/alexander/moveit2_ws/install/moveit_ros_visualization/lib:/home/alexander/moveit2_ws/install/moveit_py/lib:/home/alexander/moveit2_ws/install/moveit_hybrid_planning/lib:/home/alexander/moveit2_ws/install/moveit_ros_benchmarks/lib:/home/alexander/moveit2_ws/install/moveit_ros_robot_interaction/lib:/home/alexander/moveit2_ws/install/moveit_ros_perception/lib:/home/alexander/moveit2_ws/install/moveit_planners_ompl/lib:/home/alexander/moveit2_ws/install/moveit_resources_prbt_ikfast_manipulator_plugin/lib:/home/alexander/moveit2_ws/install/moveit_planners_stomp/lib:/home/alexander/moveit2_ws/install/moveit_planners_chomp/lib:/home/alexander/moveit2_ws/install/chomp_motion_planner/lib:/opt/ros/humble/opt/rviz_ogre_vendor/lib:/opt/ros/humble/lib/x86_64-linux-gnu:/opt/ros/humble/lib /usr/bin/cmake --install /home/alexander/moveit2_ws/build/moveit_py
