[0.021s] Invoking command in '/home/alexander/moveit2_ws/build/moveit_planners_ompl': AMENT_PREFIX_PATH=/home/alexander/moveit2_ws/install/moveit_ros_planning:/home/alexander/moveit2_ws/install/moveit_ros_occupancy_map_monitor:/home/alexander/moveit2_ws/install/moveit_core:/home/alexander/moveit2_ws/install/moveit_common:${AMENT_PREFIX_PATH} CMAKE_PREFIX_PATH=/home/alexander/moveit2_ws/install/moveit_ros_planning:/home/alexander/moveit2_ws/install/moveit_ros_occupancy_map_monitor:/home/alexander/moveit2_ws/install/moveit_core:/home/alexander/moveit2_ws/install/moveit_common:/opt/ros/humble LD_LIBRARY_PATH=/home/alexander/moveit2_ws/install/moveit_ros_planning/lib:/home/alexander/moveit2_ws/install/moveit_ros_occupancy_map_monitor/lib:/home/alexander/moveit2_ws/install/moveit_core/lib:${LD_LIBRARY_PATH} PATH=/home/alexander/moveit2_ws/install/moveit_core/bin:${PATH} /usr/bin/cmake --build /home/alexander/moveit2_ws/build/moveit_planners_ompl -- -j14 -l14
[0.120s] [35m[1mConsolidate compiler generated dependencies of target gtest_main[0m
[0.121s] [35m[1mConsolidate compiler generated dependencies of target gtest[0m
[0.191s] [  5%] Built target gtest_main
[0.205s] [ 10%] Built target gtest
[0.235s] [35m[1mConsolidate compiler generated dependencies of target moveit_ompl_interface[0m
[0.401s] [ 60%] Built target moveit_ompl_interface
[0.415s] [35m[1mConsolidate compiler generated dependencies of target moveit_ompl_planner_plugin[0m
[0.416s] [35m[1mConsolidate compiler generated dependencies of target moveit_generate_state_database[0m
[0.416s] [35m[1mConsolidate compiler generated dependencies of target test_planning_context_manager[0m
[0.417s] [35m[1mConsolidate compiler generated dependencies of target test_state_validity_checker[0m
[0.417s] [35m[1mConsolidate compiler generated dependencies of target test_constrained_planning_state_space[0m
[0.417s] [35m[1mConsolidate compiler generated dependencies of target test_state_space[0m
[0.420s] [35m[1mConsolidate compiler generated dependencies of target test_constrained_state_validity_checker[0m
[0.421s] [35m[1mConsolidate compiler generated dependencies of target test_threadsafe_state_storage[0m
[0.441s] [ 65%] Built target test_constrained_planning_state_space
[0.441s] [ 70%] Built target test_threadsafe_state_storage
[0.441s] [ 75%] Built target test_state_space
[0.441s] [ 80%] Built target moveit_ompl_planner_plugin
[0.453s] [ 85%] Built target test_state_validity_checker
[0.454s] [ 90%] Built target test_planning_context_manager
[0.456s] [ 95%] Built target moveit_generate_state_database
[0.461s] [100%] Built target test_constrained_state_validity_checker
[0.504s] Invoked command in '/home/alexander/moveit2_ws/build/moveit_planners_ompl' returned '0': AMENT_PREFIX_PATH=/home/alexander/moveit2_ws/install/moveit_ros_planning:/home/alexander/moveit2_ws/install/moveit_ros_occupancy_map_monitor:/home/alexander/moveit2_ws/install/moveit_core:/home/alexander/moveit2_ws/install/moveit_common:${AMENT_PREFIX_PATH} CMAKE_PREFIX_PATH=/home/alexander/moveit2_ws/install/moveit_ros_planning:/home/alexander/moveit2_ws/install/moveit_ros_occupancy_map_monitor:/home/alexander/moveit2_ws/install/moveit_core:/home/alexander/moveit2_ws/install/moveit_common:/opt/ros/humble LD_LIBRARY_PATH=/home/alexander/moveit2_ws/install/moveit_ros_planning/lib:/home/alexander/moveit2_ws/install/moveit_ros_occupancy_map_monitor/lib:/home/alexander/moveit2_ws/install/moveit_core/lib:${LD_LIBRARY_PATH} PATH=/home/alexander/moveit2_ws/install/moveit_core/bin:${PATH} /usr/bin/cmake --build /home/alexander/moveit2_ws/build/moveit_planners_ompl -- -j14 -l14
[0.544s] Invoking command in '/home/alexander/moveit2_ws/build/moveit_planners_ompl': AMENT_PREFIX_PATH=/home/alexander/moveit2_ws/install/moveit_ros_planning:/home/alexander/moveit2_ws/install/moveit_ros_occupancy_map_monitor:/home/alexander/moveit2_ws/install/moveit_core:/home/alexander/moveit2_ws/install/moveit_common:${AMENT_PREFIX_PATH} CMAKE_PREFIX_PATH=/home/alexander/moveit2_ws/install/moveit_ros_planning:/home/alexander/moveit2_ws/install/moveit_ros_occupancy_map_monitor:/home/alexander/moveit2_ws/install/moveit_core:/home/alexander/moveit2_ws/install/moveit_common:/opt/ros/humble LD_LIBRARY_PATH=/home/alexander/moveit2_ws/install/moveit_ros_planning/lib:/home/alexander/moveit2_ws/install/moveit_ros_occupancy_map_monitor/lib:/home/alexander/moveit2_ws/install/moveit_core/lib:${LD_LIBRARY_PATH} PATH=/home/alexander/moveit2_ws/install/moveit_core/bin:${PATH} /usr/bin/cmake --install /home/alexander/moveit2_ws/build/moveit_planners_ompl
[0.551s] -- Install configuration: "Release"
[0.552s] -- Up-to-date: /home/alexander/moveit2_ws/install/moveit_planners_ompl/lib/moveit_planners_ompl/generate_state_database
[0.555s] -- Up-to-date: /home/alexander/moveit2_ws/install/moveit_planners_ompl/include/moveit_planners
[0.562s] -- Up-to-date: /home/alexander/moveit2_ws/install/moveit_planners_ompl/include/moveit_planners/moveit
[0.562s] -- Up-to-date: /home/alexander/moveit2_ws/install/moveit_planners_ompl/include/moveit_planners/moveit/ompl_interface
[0.562s] -- Up-to-date: /home/alexander/moveit2_ws/install/moveit_planners_ompl/include/moveit_planners/moveit/ompl_interface/planning_context_manager.h
[0.562s] -- Up-to-date: /home/alexander/moveit2_ws/install/moveit_planners_ompl/include/moveit_planners/moveit/ompl_interface/detail
[0.562s] -- Up-to-date: /home/alexander/moveit2_ws/install/moveit_planners_ompl/include/moveit_planners/moveit/ompl_interface/detail/ompl_constraints.h
[0.562s] -- Up-to-date: /home/alexander/moveit2_ws/install/moveit_planners_ompl/include/moveit_planners/moveit/ompl_interface/detail/constrained_sampler.h
[0.562s] -- Up-to-date: /home/alexander/moveit2_ws/install/moveit_planners_ompl/include/moveit_planners/moveit/ompl_interface/detail/constraints_library.h
[0.562s] -- Up-to-date: /home/alexander/moveit2_ws/install/moveit_planners_ompl/include/moveit_planners/moveit/ompl_interface/detail/projection_evaluators.h
[0.563s] -- Up-to-date: /home/alexander/moveit2_ws/install/moveit_planners_ompl/include/moveit_planners/moveit/ompl_interface/detail/goal_union.h
[0.564s] -- Up-to-date: /home/alexander/moveit2_ws/install/moveit_planners_ompl/include/moveit_planners/moveit/ompl_interface/detail/constraint_approximations.h
[0.564s] -- Up-to-date: /home/alexander/moveit2_ws/install/moveit_planners_ompl/include/moveit_planners/moveit/ompl_interface/detail/state_validity_checker.h
[0.564s] -- Up-to-date: /home/alexander/moveit2_ws/install/moveit_planners_ompl/include/moveit_planners/moveit/ompl_interface/detail/constrained_goal_sampler.h
[0.564s] -- Up-to-date: /home/alexander/moveit2_ws/install/moveit_planners_ompl/include/moveit_planners/moveit/ompl_interface/detail/threadsafe_state_storage.h
[0.564s] -- Up-to-date: /home/alexander/moveit2_ws/install/moveit_planners_ompl/include/moveit_planners/moveit/ompl_interface/ompl_interface.h
[0.564s] -- Up-to-date: /home/alexander/moveit2_ws/install/moveit_planners_ompl/include/moveit_planners/moveit/ompl_interface/model_based_planning_context.h
[0.564s] -- Up-to-date: /home/alexander/moveit2_ws/install/moveit_planners_ompl/include/moveit_planners/moveit/ompl_interface/parameterization
[0.564s] -- Up-to-date: /home/alexander/moveit2_ws/install/moveit_planners_ompl/include/moveit_planners/moveit/ompl_interface/parameterization/model_based_state_space.h
[0.564s] -- Up-to-date: /home/alexander/moveit2_ws/install/moveit_planners_ompl/include/moveit_planners/moveit/ompl_interface/parameterization/work_space
[0.564s] -- Up-to-date: /home/alexander/moveit2_ws/install/moveit_planners_ompl/include/moveit_planners/moveit/ompl_interface/parameterization/work_space/pose_model_state_space.h
[0.564s] -- Up-to-date: /home/alexander/moveit2_ws/install/moveit_planners_ompl/include/moveit_planners/moveit/ompl_interface/parameterization/work_space/pose_model_state_space_factory.h
[0.564s] -- Up-to-date: /home/alexander/moveit2_ws/install/moveit_planners_ompl/include/moveit_planners/moveit/ompl_interface/parameterization/model_based_state_space_factory.h
[0.564s] -- Up-to-date: /home/alexander/moveit2_ws/install/moveit_planners_ompl/include/moveit_planners/moveit/ompl_interface/parameterization/joint_space
[0.564s] -- Up-to-date: /home/alexander/moveit2_ws/install/moveit_planners_ompl/include/moveit_planners/moveit/ompl_interface/parameterization/joint_space/constrained_planning_state_space_factory.h
[0.565s] -- Up-to-date: /home/alexander/moveit2_ws/install/moveit_planners_ompl/include/moveit_planners/moveit/ompl_interface/parameterization/joint_space/joint_model_state_space_factory.h
[0.565s] -- Up-to-date: /home/alexander/moveit2_ws/install/moveit_planners_ompl/include/moveit_planners/moveit/ompl_interface/parameterization/joint_space/constrained_planning_state_space.h
[0.565s] -- Up-to-date: /home/alexander/moveit2_ws/install/moveit_planners_ompl/include/moveit_planners/moveit/ompl_interface/parameterization/joint_space/joint_model_state_space.h
[0.570s] -- Up-to-date: /home/alexander/moveit2_ws/install/moveit_planners_ompl/lib/libmoveit_ompl_interface.so.2.9.0
[0.570s] -- Up-to-date: /home/alexander/moveit2_ws/install/moveit_planners_ompl/lib/libmoveit_ompl_interface.so
[0.571s] -- Up-to-date: /home/alexander/moveit2_ws/install/moveit_planners_ompl/lib/libmoveit_ompl_planner_plugin.so.2.9.0
[0.571s] -- Up-to-date: /home/alexander/moveit2_ws/install/moveit_planners_ompl/lib/libmoveit_ompl_planner_plugin.so
[0.572s] -- Up-to-date: /home/alexander/moveit2_ws/install/moveit_planners_ompl/share/moveit_planners_ompl/environment/library_path.sh
[0.572s] -- Up-to-date: /home/alexander/moveit2_ws/install/moveit_planners_ompl/share/moveit_planners_ompl/environment/library_path.dsv
[0.573s] -- Up-to-date: /home/alexander/moveit2_ws/install/moveit_planners_ompl/share/moveit_planners_ompl/ompl_interface_plugin_description.xml
[0.573s] -- Up-to-date: /home/alexander/moveit2_ws/install/moveit_planners_ompl/share/ament_index/resource_index/package_run_dependencies/moveit_planners_ompl
[0.573s] -- Up-to-date: /home/alexander/moveit2_ws/install/moveit_planners_ompl/share/ament_index/resource_index/parent_prefix_path/moveit_planners_ompl
[0.573s] -- Up-to-date: /home/alexander/moveit2_ws/install/moveit_planners_ompl/share/moveit_planners_ompl/environment/ament_prefix_path.sh
[0.573s] -- Up-to-date: /home/alexander/moveit2_ws/install/moveit_planners_ompl/share/moveit_planners_ompl/environment/ament_prefix_path.dsv
[0.573s] -- Up-to-date: /home/alexander/moveit2_ws/install/moveit_planners_ompl/share/moveit_planners_ompl/environment/path.sh
[0.573s] -- Up-to-date: /home/alexander/moveit2_ws/install/moveit_planners_ompl/share/moveit_planners_ompl/environment/path.dsv
[0.573s] -- Up-to-date: /home/alexander/moveit2_ws/install/moveit_planners_ompl/share/moveit_planners_ompl/local_setup.bash
[0.573s] -- Up-to-date: /home/alexander/moveit2_ws/install/moveit_planners_ompl/share/moveit_planners_ompl/local_setup.sh
[0.573s] -- Up-to-date: /home/alexander/moveit2_ws/install/moveit_planners_ompl/share/moveit_planners_ompl/local_setup.zsh
[0.573s] -- Up-to-date: /home/alexander/moveit2_ws/install/moveit_planners_ompl/share/moveit_planners_ompl/local_setup.dsv
[0.573s] -- Installing: /home/alexander/moveit2_ws/install/moveit_planners_ompl/share/moveit_planners_ompl/package.dsv
[0.574s] -- Up-to-date: /home/alexander/moveit2_ws/install/moveit_planners_ompl/share/ament_index/resource_index/packages/moveit_planners_ompl
[0.574s] -- Up-to-date: /home/alexander/moveit2_ws/install/moveit_planners_ompl/share/ament_index/resource_index/moveit_core__pluginlib__plugin/moveit_planners_ompl
[0.579s] -- Up-to-date: /home/alexander/moveit2_ws/install/moveit_planners_ompl/share/moveit_planners_ompl/cmake/moveit_planners_omplTargetsExport.cmake
[0.579s] -- Up-to-date: /home/alexander/moveit2_ws/install/moveit_planners_ompl/share/moveit_planners_ompl/cmake/moveit_planners_omplTargetsExport-release.cmake
[0.580s] -- Up-to-date: /home/alexander/moveit2_ws/install/moveit_planners_ompl/share/moveit_planners_ompl/cmake/ament_cmake_export_targets-extras.cmake
[0.580s] -- Up-to-date: /home/alexander/moveit2_ws/install/moveit_planners_ompl/share/moveit_planners_ompl/cmake/ament_cmake_export_dependencies-extras.cmake
[0.580s] -- Up-to-date: /home/alexander/moveit2_ws/install/moveit_planners_ompl/share/moveit_planners_ompl/cmake/moveit_planners_omplConfig.cmake
[0.580s] -- Up-to-date: /home/alexander/moveit2_ws/install/moveit_planners_ompl/share/moveit_planners_ompl/cmake/moveit_planners_omplConfig-version.cmake
[0.580s] -- Up-to-date: /home/alexander/moveit2_ws/install/moveit_planners_ompl/share/moveit_planners_ompl/package.xml
[0.593s] Invoked command in '/home/alexander/moveit2_ws/build/moveit_planners_ompl' returned '0': AMENT_PREFIX_PATH=/home/alexander/moveit2_ws/install/moveit_ros_planning:/home/alexander/moveit2_ws/install/moveit_ros_occupancy_map_monitor:/home/alexander/moveit2_ws/install/moveit_core:/home/alexander/moveit2_ws/install/moveit_common:${AMENT_PREFIX_PATH} CMAKE_PREFIX_PATH=/home/alexander/moveit2_ws/install/moveit_ros_planning:/home/alexander/moveit2_ws/install/moveit_ros_occupancy_map_monitor:/home/alexander/moveit2_ws/install/moveit_core:/home/alexander/moveit2_ws/install/moveit_common:/opt/ros/humble LD_LIBRARY_PATH=/home/alexander/moveit2_ws/install/moveit_ros_planning/lib:/home/alexander/moveit2_ws/install/moveit_ros_occupancy_map_monitor/lib:/home/alexander/moveit2_ws/install/moveit_core/lib:${LD_LIBRARY_PATH} PATH=/home/alexander/moveit2_ws/install/moveit_core/bin:${PATH} /usr/bin/cmake --install /home/alexander/moveit2_ws/build/moveit_planners_ompl
